imagenes_ventas/09182022_102546_sneaker7_[2015.56-22].jpg
imagenes_ventas/05072022_030805_sandal5_[3205.54-22].jpg
imagenes_ventas/04222022_062854_coat4_[2227.56-0].jpg
imagenes_ventas/12232022_075744_trouser1_[4822.12-22].jpg
imagenes_ventas/06242022_143802_trouser1_[4010.66-22].jpg
imagenes_ventas/04202022_173529_sandal5_[2414.33-22].jpg
imagenes_ventas/06252022_195004_sandal5_[2486.64-0].jpg
imagenes_ventas/08282022_004830_bag8_[3583.61-10].jpg
imagenes_ventas/12302022_015414_trouser1_[4976.4-10].jpg
imagenes_ventas/12242022_083146_ankle_boots9_[1175.93-22].jpg
imagenes_ventas/04262022_205724_shirt6_[4124.88-10].jpg
imagenes_ventas/12132022_180743_sneaker7_[4782.08-22].jpg
imagenes_ventas/04042022_133731_bag8_[3395.51-0].jpg
imagenes_ventas/10312022_145430_pullover2_[2186.86-22].jpg
imagenes_ventas/12042022_122149_sneaker7_[1128.33-0].jpg
imagenes_ventas/04072022_184707_sandal5_[4646.52-10].jpg
imagenes_ventas/11032022_131110_shirt6_[820.94-0].jpg
imagenes_ventas/03072022_203533_sandal5_[3500.15-0].jpg
imagenes_ventas/02122022_071541_ankle_boots9_[4220.95-0].jpg
imagenes_ventas/03222022_032110_coat4_[1863.69-0].jpg
imagenes_ventas/12182022_164620_ankle_boots9_[1552.42-10].jpg
imagenes_ventas/04142022_071114_t_shirt0_[3247.66-22].jpg
imagenes_ventas/08042022_112322_t_shirt0_[1319.03-22].jpg
imagenes_ventas/08022022_035203_shirt6_[4413.01-22].jpg
imagenes_ventas/01172022_204148_dress3_[567.95-22].jpg
imagenes_ventas/09112022_021016_dress3_[3698.34-10].jpg
imagenes_ventas/07302022_015208_sneaker7_[1327.4-0].jpg
imagenes_ventas/06232022_144946_shirt6_[2772.83-10].jpg
imagenes_ventas/04302022_055809_ankle_boots9_[3321.4-0].jpg
imagenes_ventas/04202022_194536_sandal5_[3346.99-22].jpg
imagenes_ventas/08012022_145744_t_shirt0_[4401.68-0].jpg
imagenes_ventas/08272022_230743_trouser1_[3777.01-10].jpg
imagenes_ventas/05212022_095433_sneaker7_[1282.44-0].jpg
imagenes_ventas/06192022_155640_ankle_boots9_[2945.91-22].jpg
imagenes_ventas/12282022_061008_shirt6_[4792.43-22].jpg
imagenes_ventas/11212022_182020_ankle_boots9_[3962.83-10].jpg
imagenes_ventas/12052022_035818_sandal5_[109.31-0].jpg
imagenes_ventas/04072022_101515_sandal5_[983.23-0].jpg
imagenes_ventas/10102022_111449_ankle_boots9_[3650.05-22].jpg
imagenes_ventas/08082022_171936_dress3_[2104.03-10].jpg
imagenes_ventas/08252022_060925_dress3_[4281.77-0].jpg
imagenes_ventas/07172022_083326_sandal5_[2184.59-10].jpg
imagenes_ventas/10132022_193622_dress3_[343.09-10].jpg
imagenes_ventas/03052022_014929_sandal5_[575.25-0].jpg
imagenes_ventas/07162022_231410_bag8_[2563.19-10].jpg
imagenes_ventas/01242022_155741_dress3_[982.77-10].jpg
imagenes_ventas/03052022_075701_t_shirt0_[3358.77-0].jpg
imagenes_ventas/01142022_075506_sandal5_[4572.58-10].jpg
imagenes_ventas/06222022_195702_shirt6_[548.43-22].jpg
imagenes_ventas/04202022_035353_dress3_[1304.86-10].jpg
imagenes_ventas/05312022_093714_dress3_[450.42-10].jpg
imagenes_ventas/07302022_154440_sneaker7_[1235.61-22].jpg
imagenes_ventas/01042022_095303_coat4_[3241.21-0].jpg
imagenes_ventas/03252022_030651_sandal5_[3502.43-0].jpg
imagenes_ventas/02132022_160429_ankle_boots9_[3278.02-22].jpg
imagenes_ventas/03262022_141858_ankle_boots9_[4269.21-10].jpg
imagenes_ventas/04142022_030345_ankle_boots9_[42.26-22].jpg
imagenes_ventas/06162022_214415_dress3_[721.99-0].jpg
imagenes_ventas/10112022_180931_trouser1_[4810.51-22].jpg
imagenes_ventas/06102022_163940_dress3_[3210.85-22].jpg
imagenes_ventas/04212022_074142_t_shirt0_[2035.83-10].jpg
imagenes_ventas/02012022_100842_coat4_[4713.75-22].jpg
imagenes_ventas/02012022_171628_ankle_boots9_[4060.56-10].jpg
imagenes_ventas/06242022_041846_sandal5_[4700.84-22].jpg
imagenes_ventas/11282022_194536_t_shirt0_[2103.04-22].jpg
imagenes_ventas/07042022_130316_shirt6_[732.28-22].jpg
imagenes_ventas/04272022_035126_ankle_boots9_[4444.12-22].jpg
imagenes_ventas/06092022_223743_t_shirt0_[4824.02-22].jpg
imagenes_ventas/08172022_204407_dress3_[4866.51-22].jpg
imagenes_ventas/12282022_223551_bag8_[479.04-10].jpg
imagenes_ventas/01072022_103312_coat4_[4045.63-10].jpg
imagenes_ventas/04082022_192918_shirt6_[4332.11-22].jpg
imagenes_ventas/07012022_210759_pullover2_[3890.2-10].jpg
imagenes_ventas/09112022_233419_ankle_boots9_[1375.55-22].jpg
imagenes_ventas/11032022_092040_trouser1_[1593.25-10].jpg
imagenes_ventas/04292022_190850_shirt6_[3060.61-0].jpg
imagenes_ventas/08192022_220221_ankle_boots9_[4157.24-0].jpg
imagenes_ventas/09232022_212216_pullover2_[4056.73-10].jpg
imagenes_ventas/09242022_021347_sneaker7_[4757.08-10].jpg
imagenes_ventas/06302022_063931_bag8_[4016.41-22].jpg
imagenes_ventas/08292022_162305_trouser1_[89.78-22].jpg
imagenes_ventas/09192022_093956_trouser1_[694.06-0].jpg
imagenes_ventas/06132022_131601_dress3_[3675.96-0].jpg
imagenes_ventas/11202022_111617_dress3_[2090.03-22].jpg
imagenes_ventas/10252022_002730_dress3_[4983.45-0].jpg
imagenes_ventas/09102022_014900_trouser1_[1460.9-10].jpg
imagenes_ventas/10242022_045309_sneaker7_[4970.92-22].jpg
imagenes_ventas/10282022_130042_coat4_[2906.44-22].jpg
imagenes_ventas/01022023_073324_t_shirt0_[591.84-22].jpg
imagenes_ventas/07092022_115011_bag8_[1094.78-10].jpg
imagenes_ventas/05072022_063704_sneaker7_[4964.85-10].jpg
imagenes_ventas/03132022_144853_ankle_boots9_[831.39-22].jpg
imagenes_ventas/05182022_091012_shirt6_[869.42-0].jpg
imagenes_ventas/08162022_034520_shirt6_[3038.16-0].jpg
imagenes_ventas/10082022_053131_t_shirt0_[2586.01-10].jpg
imagenes_ventas/08292022_062029_ankle_boots9_[1066.02-10].jpg
imagenes_ventas/02142022_195249_dress3_[3568.2-0].jpg
imagenes_ventas/06042022_010239_bag8_[3868.12-0].jpg
imagenes_ventas/01272022_170443_t_shirt0_[4306.79-22].jpg
imagenes_ventas/01282022_050312_shirt6_[1046.57-22].jpg
imagenes_ventas/09292022_101236_coat4_[2999.27-0].jpg
imagenes_ventas/02212022_004628_ankle_boots9_[2302.73-22].jpg
imagenes_ventas/01182022_040046_bag8_[1167.47-22].jpg
imagenes_ventas/01052023_092111_coat4_[30.02-0].jpg
imagenes_ventas/08302022_214831_sandal5_[2203.32-10].jpg
imagenes_ventas/08012022_160328_sneaker7_[3140.05-22].jpg
imagenes_ventas/05152022_212738_sneaker7_[1261.87-10].jpg
imagenes_ventas/01292022_191914_ankle_boots9_[3565.14-22].jpg
imagenes_ventas/06252022_070018_shirt6_[877.89-0].jpg
imagenes_ventas/05042022_140044_trouser1_[2066.07-0].jpg
imagenes_ventas/03032022_175055_t_shirt0_[1345.33-10].jpg
imagenes_ventas/10092022_114450_t_shirt0_[62.84-0].jpg
imagenes_ventas/09262022_193535_dress3_[2187.01-10].jpg
imagenes_ventas/07282022_070740_sandal5_[1034.32-22].jpg
imagenes_ventas/02032022_020400_trouser1_[3491.41-0].jpg
imagenes_ventas/05072022_182812_sneaker7_[3455.01-22].jpg
imagenes_ventas/06152022_103622_pullover2_[1270.26-0].jpg
imagenes_ventas/05262022_220533_pullover2_[2678.2-22].jpg
imagenes_ventas/11122022_071902_ankle_boots9_[782.83-0].jpg
imagenes_ventas/08112022_083427_bag8_[659.35-0].jpg
imagenes_ventas/12132022_032501_coat4_[2809.51-10].jpg
imagenes_ventas/05062022_233324_coat4_[1519.68-0].jpg
imagenes_ventas/11172022_151515_dress3_[2063.92-0].jpg
imagenes_ventas/11252022_235755_dress3_[4186.79-22].jpg
imagenes_ventas/04012022_221908_shirt6_[4229.28-22].jpg
imagenes_ventas/01082022_005611_t_shirt0_[506.05-22].jpg
imagenes_ventas/11032022_144541_trouser1_[1149.54-0].jpg
imagenes_ventas/05232022_104901_dress3_[1793.76-0].jpg
imagenes_ventas/09232022_093206_trouser1_[1850.34-10].jpg
imagenes_ventas/01082023_003243_trouser1_[2498.13-0].jpg
imagenes_ventas/09182022_073224_pullover2_[3872.07-0].jpg
imagenes_ventas/09242022_192516_coat4_[1185.08-0].jpg
imagenes_ventas/05242022_214129_t_shirt0_[4460.59-22].jpg
imagenes_ventas/09092022_063747_sandal5_[4022.47-0].jpg
imagenes_ventas/01132022_101343_pullover2_[1595.92-10].jpg
imagenes_ventas/04262022_123906_ankle_boots9_[3366.87-0].jpg
imagenes_ventas/05092022_082710_sneaker7_[1383.4-10].jpg
imagenes_ventas/07252022_154443_t_shirt0_[2792.86-22].jpg
imagenes_ventas/02232022_124802_ankle_boots9_[1286.57-10].jpg
imagenes_ventas/04262022_111901_pullover2_[3256.17-22].jpg
imagenes_ventas/08142022_120140_sandal5_[4108.18-10].jpg
imagenes_ventas/10112022_181022_trouser1_[4973.28-10].jpg
imagenes_ventas/02192022_215134_t_shirt0_[2494.48-22].jpg
imagenes_ventas/06212022_235020_t_shirt0_[4487.55-0].jpg
imagenes_ventas/03032022_070223_coat4_[4563.55-0].jpg
imagenes_ventas/02272022_201136_shirt6_[2202.36-10].jpg
imagenes_ventas/06242022_222704_trouser1_[3605.59-0].jpg
imagenes_ventas/08212022_104752_pullover2_[646.8-10].jpg
imagenes_ventas/10162022_010125_shirt6_[875.22-22].jpg
imagenes_ventas/03222022_184946_ankle_boots9_[4959.48-0].jpg
imagenes_ventas/02072022_120055_sandal5_[333.9-22].jpg
imagenes_ventas/06182022_000908_pullover2_[4563.27-0].jpg
imagenes_ventas/10052022_000138_bag8_[3298.69-22].jpg
imagenes_ventas/06172022_022136_shirt6_[2253.37-10].jpg
imagenes_ventas/02212022_115759_sandal5_[2870.41-0].jpg
imagenes_ventas/07192022_200707_trouser1_[3065.93-22].jpg
imagenes_ventas/01012023_215920_coat4_[2723.6-10].jpg
imagenes_ventas/12012022_005055_sandal5_[952.68-10].jpg
imagenes_ventas/10032022_051601_sneaker7_[1780.86-22].jpg
imagenes_ventas/02222022_231735_dress3_[3370.74-0].jpg
imagenes_ventas/06152022_004444_dress3_[2615.54-22].jpg
imagenes_ventas/06112022_165740_ankle_boots9_[3278.94-22].jpg
imagenes_ventas/03122022_031514_ankle_boots9_[2892.13-22].jpg
imagenes_ventas/12122022_094341_sneaker7_[1606.02-22].jpg
imagenes_ventas/03202022_174501_bag8_[1355.7-0].jpg
imagenes_ventas/12252022_022540_sandal5_[540.72-10].jpg
imagenes_ventas/12132022_235738_shirt6_[3085.22-10].jpg
imagenes_ventas/10202022_203615_sneaker7_[1086.51-0].jpg
imagenes_ventas/04292022_170506_sneaker7_[3719.33-10].jpg
imagenes_ventas/03042022_214129_dress3_[4479.85-10].jpg
imagenes_ventas/03242022_191717_ankle_boots9_[1467.75-22].jpg
imagenes_ventas/11052022_091700_sandal5_[3253.52-22].jpg
imagenes_ventas/01032023_202405_trouser1_[2148.69-10].jpg
imagenes_ventas/11062022_164012_pullover2_[4310.27-22].jpg
imagenes_ventas/06122022_151754_dress3_[1739.23-10].jpg
imagenes_ventas/06102022_064554_sneaker7_[3256.15-10].jpg
imagenes_ventas/01262022_205120_dress3_[1408.46-22].jpg
imagenes_ventas/11292022_112359_shirt6_[3209.36-0].jpg
imagenes_ventas/03242022_071823_ankle_boots9_[3001.8-0].jpg
imagenes_ventas/07242022_103716_sneaker7_[3085.87-22].jpg
imagenes_ventas/01242022_045832_ankle_boots9_[3403.73-10].jpg
imagenes_ventas/04032022_010952_pullover2_[1194.55-10].jpg
imagenes_ventas/11232022_103324_sandal5_[2764.28-0].jpg
imagenes_ventas/01072022_165217_dress3_[3624.27-22].jpg
imagenes_ventas/01012022_125903_shirt6_[4209.64-0].jpg
imagenes_ventas/09222022_181710_coat4_[2906.79-0].jpg
imagenes_ventas/05052022_024026_shirt6_[3720.66-22].jpg
imagenes_ventas/08182022_061725_trouser1_[1573.81-22].jpg
imagenes_ventas/05032022_152832_bag8_[927.77-0].jpg
imagenes_ventas/01172022_042449_bag8_[3121.2-10].jpg
imagenes_ventas/03102022_230031_sandal5_[2368.09-0].jpg
imagenes_ventas/03022022_201539_pullover2_[3928.76-22].jpg
imagenes_ventas/06182022_040225_sandal5_[104.05-0].jpg
imagenes_ventas/08182022_190734_t_shirt0_[1589.89-10].jpg
imagenes_ventas/10202022_122950_pullover2_[489.65-22].jpg
imagenes_ventas/05262022_192948_trouser1_[1377.57-22].jpg
imagenes_ventas/05142022_002942_shirt6_[156.49-0].jpg
imagenes_ventas/03282022_071447_t_shirt0_[857.7-22].jpg
imagenes_ventas/12302022_204459_bag8_[3987.47-0].jpg
imagenes_ventas/10242022_044026_ankle_boots9_[4160.94-10].jpg
imagenes_ventas/12232022_172157_bag8_[3416.3-0].jpg
imagenes_ventas/06082022_202710_sandal5_[4801.9-0].jpg
imagenes_ventas/11242022_055734_dress3_[3617.43-22].jpg
imagenes_ventas/11052022_185758_shirt6_[2387.45-22].jpg
imagenes_ventas/01102023_225654_coat4_[405.72-10].jpg
imagenes_ventas/05052022_140207_shirt6_[3280.44-22].jpg
imagenes_ventas/06042022_194908_dress3_[2083.47-0].jpg
imagenes_ventas/03102022_231426_shirt6_[3294.25-10].jpg
imagenes_ventas/12282022_084010_coat4_[3128.71-10].jpg
imagenes_ventas/12222022_063559_dress3_[3785.41-0].jpg
imagenes_ventas/01132022_235758_t_shirt0_[2227.53-0].jpg
imagenes_ventas/12232022_002659_trouser1_[2243.79-10].jpg
imagenes_ventas/01092023_235013_bag8_[4733.26-22].jpg
imagenes_ventas/12162022_172416_bag8_[1262.03-22].jpg
imagenes_ventas/03182022_075541_dress3_[4849.53-22].jpg
imagenes_ventas/02162022_161642_coat4_[819.24-10].jpg
imagenes_ventas/03162022_083415_bag8_[4562.38-22].jpg
imagenes_ventas/09142022_153211_t_shirt0_[477.42-10].jpg
imagenes_ventas/05102022_172923_pullover2_[1835.3-10].jpg
imagenes_ventas/11232022_184635_bag8_[1487.35-0].jpg
imagenes_ventas/09102022_161850_bag8_[1805.45-10].jpg
imagenes_ventas/09132022_001016_bag8_[2560.18-22].jpg
imagenes_ventas/01122022_143923_pullover2_[1514.38-22].jpg
imagenes_ventas/02022022_010813_trouser1_[4992.23-10].jpg
imagenes_ventas/05112022_153016_sneaker7_[2570.74-0].jpg
imagenes_ventas/04232022_113705_bag8_[1738.18-10].jpg
imagenes_ventas/08052022_180326_sandal5_[3439.71-22].jpg
imagenes_ventas/06072022_025828_pullover2_[2713.22-22].jpg
imagenes_ventas/08162022_064722_shirt6_[593.81-0].jpg
imagenes_ventas/06302022_211539_ankle_boots9_[4936.35-10].jpg
imagenes_ventas/03082022_013217_coat4_[4978.73-0].jpg
imagenes_ventas/07162022_233921_sneaker7_[88.23-10].jpg
imagenes_ventas/12062022_212737_dress3_[3456.34-0].jpg
imagenes_ventas/03222022_090246_coat4_[879.37-10].jpg
imagenes_ventas/01022023_151158_sandal5_[3420.92-22].jpg
imagenes_ventas/09112022_233126_t_shirt0_[2094.65-10].jpg
imagenes_ventas/03212022_055802_shirt6_[3164.57-0].jpg
imagenes_ventas/01252022_190501_trouser1_[2167.68-22].jpg
imagenes_ventas/08152022_170653_pullover2_[2785.57-0].jpg
imagenes_ventas/02172022_174321_ankle_boots9_[386.79-22].jpg
imagenes_ventas/04212022_101833_trouser1_[2533.85-0].jpg
imagenes_ventas/08242022_150747_trouser1_[547.93-22].jpg
imagenes_ventas/11132022_130620_ankle_boots9_[3847.23-10].jpg
imagenes_ventas/12262022_124558_sneaker7_[2358.93-0].jpg
imagenes_ventas/10262022_153751_ankle_boots9_[1523.07-0].jpg
imagenes_ventas/06132022_005726_bag8_[2299.64-10].jpg
imagenes_ventas/12202022_161101_dress3_[2278.91-22].jpg
imagenes_ventas/02072022_214628_shirt6_[3680.9-22].jpg
imagenes_ventas/06292022_194648_ankle_boots9_[4861.48-22].jpg
imagenes_ventas/10032022_110404_sneaker7_[3366.39-22].jpg
imagenes_ventas/04022022_044648_trouser1_[3080.78-22].jpg
imagenes_ventas/07142022_052135_ankle_boots9_[2910.37-0].jpg
imagenes_ventas/01052023_080237_sandal5_[4641.57-0].jpg
imagenes_ventas/01302022_012214_coat4_[884.71-0].jpg
imagenes_ventas/05302022_221501_bag8_[4639.18-10].jpg
imagenes_ventas/08242022_045813_coat4_[2163.1-0].jpg
imagenes_ventas/02072022_015438_ankle_boots9_[2300.53-0].jpg
imagenes_ventas/10082022_133416_bag8_[3733.89-0].jpg
imagenes_ventas/11132022_120511_t_shirt0_[4594.06-10].jpg
imagenes_ventas/09302022_153329_trouser1_[1692.45-22].jpg
imagenes_ventas/09272022_102630_sneaker7_[3389.83-0].jpg
imagenes_ventas/12162022_040530_dress3_[103.3-22].jpg
imagenes_ventas/10252022_031845_t_shirt0_[1407.49-22].jpg
imagenes_ventas/08012022_193154_coat4_[2454.11-22].jpg
imagenes_ventas/02232022_130020_sneaker7_[3151.53-22].jpg
imagenes_ventas/06162022_182302_trouser1_[1075.24-10].jpg
imagenes_ventas/05112022_174538_dress3_[2777.5-0].jpg
imagenes_ventas/09022022_022539_t_shirt0_[2107.03-22].jpg
imagenes_ventas/06192022_232205_coat4_[1947.95-22].jpg
imagenes_ventas/03122022_210748_shirt6_[785.14-0].jpg
imagenes_ventas/05312022_033913_ankle_boots9_[3297.1-22].jpg
imagenes_ventas/11012022_120735_t_shirt0_[960.92-22].jpg
imagenes_ventas/01072022_182529_sandal5_[4777.93-10].jpg
imagenes_ventas/08212022_151316_ankle_boots9_[1179.1-22].jpg
imagenes_ventas/10232022_100649_ankle_boots9_[3411.65-22].jpg
imagenes_ventas/11172022_174527_sandal5_[606.23-22].jpg
imagenes_ventas/05082022_233222_pullover2_[4031.43-22].jpg
imagenes_ventas/03062022_221740_dress3_[3723.74-22].jpg
imagenes_ventas/11252022_221309_t_shirt0_[4776.79-10].jpg
imagenes_ventas/10222022_101143_coat4_[3654.84-22].jpg
imagenes_ventas/01052023_031759_pullover2_[2268.92-0].jpg
imagenes_ventas/12112022_225723_coat4_[4135.85-22].jpg
imagenes_ventas/09182022_144005_shirt6_[2068.79-10].jpg
imagenes_ventas/05112022_093812_coat4_[3957.62-10].jpg
imagenes_ventas/09052022_222629_t_shirt0_[737.14-0].jpg
imagenes_ventas/03172022_141347_sneaker7_[1291.94-0].jpg
imagenes_ventas/07272022_034839_ankle_boots9_[4317.24-22].jpg
imagenes_ventas/04012022_151640_dress3_[361.98-10].jpg
imagenes_ventas/12192022_085530_dress3_[1316.51-0].jpg
imagenes_ventas/07162022_214551_trouser1_[2166.72-0].jpg
imagenes_ventas/02182022_062235_dress3_[4632.05-22].jpg
imagenes_ventas/07232022_210534_sandal5_[4515.92-0].jpg
imagenes_ventas/07142022_014628_dress3_[4114.07-22].jpg
imagenes_ventas/12302022_124836_coat4_[1218.96-10].jpg
imagenes_ventas/01102022_064415_pullover2_[4921.01-0].jpg
imagenes_ventas/06132022_173123_sandal5_[497.76-22].jpg
imagenes_ventas/09222022_094015_ankle_boots9_[2995.31-10].jpg
imagenes_ventas/11012022_153344_dress3_[978.78-10].jpg
imagenes_ventas/04092022_221442_sandal5_[4862.02-10].jpg
imagenes_ventas/07012022_135232_shirt6_[1475.74-10].jpg
imagenes_ventas/05032022_233454_t_shirt0_[3005.56-0].jpg
imagenes_ventas/09132022_094845_ankle_boots9_[442.46-0].jpg
imagenes_ventas/03022022_072818_ankle_boots9_[1493.12-22].jpg
imagenes_ventas/11232022_205129_ankle_boots9_[4889.48-22].jpg
imagenes_ventas/10062022_221608_sneaker7_[4971.34-0].jpg
imagenes_ventas/03082022_141246_sandal5_[3887.34-22].jpg
imagenes_ventas/03232022_212304_sandal5_[1546.78-0].jpg
imagenes_ventas/12032022_070110_ankle_boots9_[1866.86-10].jpg
imagenes_ventas/03222022_142829_sandal5_[3322.76-0].jpg
imagenes_ventas/06042022_125406_shirt6_[3729.38-10].jpg
imagenes_ventas/01032023_212450_shirt6_[1348.35-22].jpg
imagenes_ventas/06292022_204429_pullover2_[1099.51-10].jpg
imagenes_ventas/04212022_221445_t_shirt0_[2850.51-0].jpg
imagenes_ventas/06012022_144331_coat4_[3636.7-10].jpg
imagenes_ventas/12242022_050924_ankle_boots9_[1260.82-0].jpg
imagenes_ventas/08302022_072327_sneaker7_[996.85-0].jpg
imagenes_ventas/04292022_044934_sneaker7_[2086.82-22].jpg
imagenes_ventas/05022022_103023_sandal5_[2244.55-10].jpg
imagenes_ventas/08182022_083807_sneaker7_[379.73-10].jpg
imagenes_ventas/01242022_185840_trouser1_[3586.82-0].jpg
imagenes_ventas/02142022_035807_sandal5_[2551.18-10].jpg
imagenes_ventas/03112022_032647_coat4_[4676.39-0].jpg
imagenes_ventas/02232022_064410_bag8_[775.94-10].jpg
imagenes_ventas/12142022_090038_sandal5_[360.81-22].jpg
imagenes_ventas/11232022_210533_dress3_[2453.41-0].jpg
imagenes_ventas/05072022_032926_sneaker7_[3426.33-22].jpg
imagenes_ventas/01112023_021943_dress3_[764.87-0].jpg
imagenes_ventas/04012022_121552_bag8_[2898.14-10].jpg
imagenes_ventas/03072022_173242_pullover2_[1783.95-22].jpg
imagenes_ventas/09152022_014930_coat4_[4591.32-0].jpg
imagenes_ventas/04022022_175256_sandal5_[4449.37-10].jpg
imagenes_ventas/08102022_184727_ankle_boots9_[2312.75-22].jpg
imagenes_ventas/01042022_200331_sneaker7_[2327.84-0].jpg
imagenes_ventas/05052022_093640_dress3_[1592.98-10].jpg
imagenes_ventas/04012022_011313_coat4_[176.43-10].jpg
imagenes_ventas/07282022_224730_shirt6_[2617.58-0].jpg
imagenes_ventas/01282022_023354_sandal5_[1890.18-22].jpg
imagenes_ventas/02072022_005258_trouser1_[114.65-22].jpg
imagenes_ventas/10142022_112132_t_shirt0_[1485.11-0].jpg
imagenes_ventas/06262022_010900_bag8_[3038.79-10].jpg
imagenes_ventas/02132022_050824_sandal5_[4033.29-0].jpg
imagenes_ventas/10052022_045212_ankle_boots9_[4014.7-22].jpg
imagenes_ventas/02082022_023732_pullover2_[4044.0-10].jpg
imagenes_ventas/05212022_162734_pullover2_[720.21-0].jpg
imagenes_ventas/12032022_103206_t_shirt0_[1871.35-22].jpg
imagenes_ventas/05242022_132643_t_shirt0_[1715.85-22].jpg
imagenes_ventas/08052022_085804_pullover2_[953.57-0].jpg
imagenes_ventas/01102023_161954_bag8_[3742.79-22].jpg
imagenes_ventas/09102022_140322_sandal5_[2020.06-10].jpg
imagenes_ventas/06262022_083424_dress3_[245.37-0].jpg
imagenes_ventas/08162022_032843_ankle_boots9_[340.28-22].jpg
imagenes_ventas/06172022_151217_shirt6_[2841.94-0].jpg
imagenes_ventas/09242022_103028_ankle_boots9_[3367.4-0].jpg
imagenes_ventas/07102022_063220_sandal5_[43.9-22].jpg
imagenes_ventas/03242022_054531_shirt6_[289.55-22].jpg
imagenes_ventas/02082022_044052_pullover2_[4088.12-0].jpg
imagenes_ventas/07052022_085704_sneaker7_[1706.25-0].jpg
imagenes_ventas/05072022_163400_sandal5_[1751.51-0].jpg
imagenes_ventas/11082022_064904_trouser1_[2208.19-10].jpg
imagenes_ventas/11122022_045335_ankle_boots9_[101.83-10].jpg
imagenes_ventas/02012022_053139_trouser1_[2871.22-10].jpg
imagenes_ventas/01072022_044513_trouser1_[4079.89-0].jpg
imagenes_ventas/05262022_113250_ankle_boots9_[1694.02-0].jpg
imagenes_ventas/06082022_140058_t_shirt0_[3216.8-0].jpg
imagenes_ventas/09302022_080855_shirt6_[95.43-22].jpg
imagenes_ventas/09102022_143045_pullover2_[4980.18-10].jpg
imagenes_ventas/03202022_173837_ankle_boots9_[4557.38-22].jpg
imagenes_ventas/04172022_203130_ankle_boots9_[2656.95-10].jpg
imagenes_ventas/11232022_065314_t_shirt0_[2676.98-22].jpg
imagenes_ventas/06162022_115239_pullover2_[180.21-0].jpg
imagenes_ventas/08152022_105601_coat4_[2066.01-0].jpg
imagenes_ventas/04252022_043918_dress3_[3823.86-10].jpg
imagenes_ventas/03212022_135019_sneaker7_[2227.06-10].jpg
imagenes_ventas/07152022_213548_t_shirt0_[2274.39-10].jpg
imagenes_ventas/08152022_130548_sandal5_[2275.15-22].jpg
imagenes_ventas/02082022_092355_pullover2_[1671.48-10].jpg
imagenes_ventas/09112022_234735_pullover2_[4061.43-10].jpg
imagenes_ventas/07162022_033929_coat4_[3707.91-22].jpg
imagenes_ventas/04252022_204408_shirt6_[3627.43-10].jpg
imagenes_ventas/07032022_102741_trouser1_[293.63-10].jpg
imagenes_ventas/06272022_115633_shirt6_[1294.59-22].jpg
imagenes_ventas/12062022_084413_sneaker7_[608.72-10].jpg
imagenes_ventas/04122022_153927_trouser1_[2959.32-22].jpg
imagenes_ventas/09222022_082544_dress3_[3280.84-0].jpg
imagenes_ventas/03232022_233630_sneaker7_[809.34-0].jpg
imagenes_ventas/05192022_181806_pullover2_[2103.53-10].jpg
imagenes_ventas/06162022_025705_ankle_boots9_[3118.32-10].jpg
imagenes_ventas/08212022_165623_shirt6_[1250.93-0].jpg
imagenes_ventas/01212022_121219_sneaker7_[4066.16-22].jpg
imagenes_ventas/06162022_161056_bag8_[1788.05-0].jpg
imagenes_ventas/11062022_061223_shirt6_[2332.14-22].jpg
imagenes_ventas/01042022_070406_ankle_boots9_[3013.86-22].jpg
imagenes_ventas/04152022_073238_bag8_[4591.45-22].jpg
imagenes_ventas/06092022_095800_trouser1_[1558.18-0].jpg
imagenes_ventas/10082022_145044_trouser1_[2938.49-22].jpg
imagenes_ventas/11252022_073925_sneaker7_[4976.27-22].jpg
imagenes_ventas/03212022_131253_bag8_[1690.02-0].jpg
imagenes_ventas/12242022_164002_sandal5_[3054.23-22].jpg
imagenes_ventas/04122022_012935_ankle_boots9_[1908.39-22].jpg
imagenes_ventas/12292022_234152_shirt6_[2524.34-10].jpg
imagenes_ventas/05222022_040359_sneaker7_[2104.2-22].jpg
imagenes_ventas/10232022_032144_t_shirt0_[1915.97-0].jpg
imagenes_ventas/01072022_110851_t_shirt0_[1306.94-10].jpg
imagenes_ventas/11202022_141514_sandal5_[4883.79-0].jpg
imagenes_ventas/02202022_035211_sneaker7_[967.81-0].jpg
imagenes_ventas/03292022_191151_sandal5_[1268.85-10].jpg
imagenes_ventas/10072022_062342_ankle_boots9_[3250.43-22].jpg
imagenes_ventas/12202022_185549_trouser1_[3517.13-0].jpg
imagenes_ventas/08042022_074726_ankle_boots9_[2077.49-0].jpg
imagenes_ventas/07212022_151630_dress3_[1488.36-22].jpg
imagenes_ventas/11112022_032303_coat4_[3772.67-10].jpg
imagenes_ventas/12112022_070421_pullover2_[2999.98-0].jpg
imagenes_ventas/09262022_041353_shirt6_[35.47-0].jpg
imagenes_ventas/12272022_040908_bag8_[2161.23-10].jpg
imagenes_ventas/01102023_083830_dress3_[3186.62-0].jpg
imagenes_ventas/06022022_190916_pullover2_[1550.16-10].jpg
imagenes_ventas/11072022_054511_ankle_boots9_[3576.35-0].jpg
imagenes_ventas/05042022_051001_coat4_[4036.08-10].jpg
imagenes_ventas/09062022_001313_bag8_[1184.75-0].jpg
imagenes_ventas/12252022_154436_trouser1_[3122.99-0].jpg
imagenes_ventas/12262022_171731_shirt6_[3430.1-22].jpg
imagenes_ventas/01112022_070627_dress3_[3352.18-22].jpg
imagenes_ventas/06242022_024802_sandal5_[2512.4-0].jpg
imagenes_ventas/09162022_195211_t_shirt0_[2172.27-10].jpg
imagenes_ventas/11222022_043121_trouser1_[3045.88-10].jpg
imagenes_ventas/01022023_233648_ankle_boots9_[4935.77-0].jpg
imagenes_ventas/06032022_232147_shirt6_[1601.23-22].jpg
imagenes_ventas/07252022_014509_pullover2_[4814.22-10].jpg
imagenes_ventas/04052022_133538_t_shirt0_[2169.39-10].jpg
imagenes_ventas/03132022_121637_ankle_boots9_[1552.61-22].jpg
imagenes_ventas/09302022_204846_sandal5_[2576.57-22].jpg
imagenes_ventas/06262022_074725_sandal5_[1471.83-10].jpg
imagenes_ventas/12292022_063232_coat4_[1838.09-0].jpg
imagenes_ventas/05172022_195700_bag8_[4101.11-0].jpg
imagenes_ventas/06102022_230253_sandal5_[4490.54-22].jpg
imagenes_ventas/12082022_111903_sneaker7_[1656.45-0].jpg
imagenes_ventas/09092022_215938_shirt6_[1782.26-10].jpg
imagenes_ventas/08122022_175106_ankle_boots9_[4436.74-10].jpg
imagenes_ventas/01102022_170650_bag8_[4790.16-22].jpg
imagenes_ventas/10302022_034704_coat4_[2020.16-0].jpg
imagenes_ventas/10152022_144058_coat4_[3974.53-22].jpg
imagenes_ventas/02222022_010205_bag8_[744.06-22].jpg
imagenes_ventas/10292022_042420_dress3_[2980.6-0].jpg
imagenes_ventas/04212022_001714_pullover2_[2034.26-0].jpg
imagenes_ventas/01102022_015504_ankle_boots9_[2514.16-22].jpg
imagenes_ventas/01292022_021101_coat4_[4777.92-10].jpg
imagenes_ventas/01082022_035015_pullover2_[546.48-22].jpg
imagenes_ventas/01112022_123923_ankle_boots9_[4402.41-0].jpg
imagenes_ventas/10012022_045925_ankle_boots9_[3386.5-0].jpg
imagenes_ventas/11032022_234238_bag8_[1766.7-22].jpg
imagenes_ventas/11232022_112624_ankle_boots9_[1155.18-22].jpg
imagenes_ventas/09292022_085133_sneaker7_[879.53-10].jpg
imagenes_ventas/01012023_062409_dress3_[89.42-22].jpg
imagenes_ventas/04032022_231050_ankle_boots9_[1496.21-10].jpg
imagenes_ventas/05032022_030351_sandal5_[2469.83-0].jpg
imagenes_ventas/05182022_210357_sneaker7_[2489.14-0].jpg
imagenes_ventas/03302022_110955_coat4_[1886.23-22].jpg
imagenes_ventas/10232022_034330_ankle_boots9_[4788.7-0].jpg
imagenes_ventas/04272022_065703_t_shirt0_[673.63-10].jpg
imagenes_ventas/01262022_073223_sandal5_[3118.94-22].jpg
imagenes_ventas/10312022_071319_sneaker7_[3398.82-0].jpg
imagenes_ventas/09252022_032527_sandal5_[2554.22-22].jpg
imagenes_ventas/01042023_151228_shirt6_[4855.5-10].jpg
imagenes_ventas/05222022_234225_bag8_[1305.51-22].jpg
imagenes_ventas/09052022_181047_coat4_[3390.96-0].jpg
imagenes_ventas/07292022_173833_sneaker7_[1348.66-22].jpg
imagenes_ventas/06202022_132602_ankle_boots9_[2438.52-22].jpg
imagenes_ventas/10192022_202936_coat4_[759.28-22].jpg
imagenes_ventas/12292022_224702_sneaker7_[2129.29-10].jpg
imagenes_ventas/01112023_034317_dress3_[1240.41-22].jpg
imagenes_ventas/04152022_012001_pullover2_[2215.9-0].jpg
imagenes_ventas/12012022_163834_pullover2_[162.6-10].jpg
imagenes_ventas/11012022_150347_pullover2_[1571.77-10].jpg
imagenes_ventas/04132022_100057_coat4_[1309.03-0].jpg
imagenes_ventas/10192022_011925_dress3_[113.35-10].jpg
imagenes_ventas/07262022_180703_t_shirt0_[416.38-10].jpg
imagenes_ventas/10272022_011540_trouser1_[2227.49-0].jpg
imagenes_ventas/04132022_165735_sneaker7_[2389.3-0].jpg
imagenes_ventas/02152022_115545_pullover2_[3432.39-0].jpg
imagenes_ventas/09242022_023407_bag8_[468.25-10].jpg
imagenes_ventas/10052022_221253_shirt6_[4910.39-22].jpg
imagenes_ventas/10062022_044848_dress3_[194.67-10].jpg
imagenes_ventas/06172022_192327_ankle_boots9_[132.51-22].jpg
imagenes_ventas/03272022_175946_sneaker7_[3322.26-10].jpg
imagenes_ventas/09112022_222031_bag8_[4482.6-22].jpg
imagenes_ventas/07092022_031709_t_shirt0_[4038.2-22].jpg
imagenes_ventas/07192022_131800_sandal5_[1716.14-0].jpg
imagenes_ventas/12082022_172907_dress3_[2225.36-10].jpg
imagenes_ventas/01282022_194839_trouser1_[2167.22-0].jpg
imagenes_ventas/10282022_173531_shirt6_[942.65-22].jpg
imagenes_ventas/03152022_041138_sneaker7_[2579.91-0].jpg
imagenes_ventas/12122022_081638_coat4_[1522.99-10].jpg
imagenes_ventas/02072022_130552_dress3_[2948.36-10].jpg
imagenes_ventas/10142022_175158_sneaker7_[3330.6-10].jpg
imagenes_ventas/06262022_080121_ankle_boots9_[848.88-10].jpg
imagenes_ventas/04152022_080409_trouser1_[2585.73-10].jpg
imagenes_ventas/03282022_001210_sandal5_[1273.28-10].jpg
imagenes_ventas/01152022_040550_pullover2_[1136.74-22].jpg
imagenes_ventas/03312022_164948_trouser1_[3388.24-10].jpg
imagenes_ventas/01042022_175724_bag8_[3066.71-10].jpg
imagenes_ventas/04222022_015915_coat4_[3198.97-0].jpg
imagenes_ventas/04262022_122055_t_shirt0_[2870.58-0].jpg
imagenes_ventas/10302022_103723_sandal5_[418.93-22].jpg
imagenes_ventas/12252022_204315_sneaker7_[1635.7-10].jpg
imagenes_ventas/07202022_222423_sandal5_[3586.58-10].jpg
imagenes_ventas/02142022_192411_pullover2_[1541.58-22].jpg
imagenes_ventas/04262022_094034_t_shirt0_[4555.11-0].jpg
imagenes_ventas/03192022_062528_coat4_[1866.63-0].jpg
imagenes_ventas/02252022_062914_dress3_[4239.87-0].jpg
imagenes_ventas/04302022_101749_ankle_boots9_[2028.43-0].jpg
imagenes_ventas/03082022_171522_trouser1_[1016.32-10].jpg
imagenes_ventas/01012023_044534_t_shirt0_[4882.86-0].jpg
imagenes_ventas/10302022_111431_shirt6_[4443.47-10].jpg
imagenes_ventas/12312022_035726_ankle_boots9_[3763.24-10].jpg
imagenes_ventas/07052022_085309_ankle_boots9_[833.47-0].jpg
imagenes_ventas/04212022_200900_t_shirt0_[4305.72-10].jpg
imagenes_ventas/03032022_034851_ankle_boots9_[3053.32-0].jpg
imagenes_ventas/03132022_170601_sneaker7_[2027.5-10].jpg
imagenes_ventas/09042022_185908_trouser1_[2812.43-22].jpg
imagenes_ventas/05022022_195418_t_shirt0_[1047.09-0].jpg
imagenes_ventas/05212022_122115_ankle_boots9_[1063.35-10].jpg
imagenes_ventas/03182022_190801_dress3_[974.72-22].jpg
imagenes_ventas/06302022_232215_trouser1_[2102.24-0].jpg
imagenes_ventas/08122022_101908_t_shirt0_[4642.45-22].jpg
imagenes_ventas/04012022_045814_ankle_boots9_[1691.06-10].jpg
imagenes_ventas/09242022_215000_dress3_[789.83-22].jpg
imagenes_ventas/02212022_225548_t_shirt0_[1468.18-22].jpg
imagenes_ventas/11012022_181856_t_shirt0_[4565.1-10].jpg
imagenes_ventas/10042022_135007_trouser1_[1972.85-10].jpg
imagenes_ventas/12252022_132723_sandal5_[4446.65-0].jpg
imagenes_ventas/01072023_061740_shirt6_[4980.83-22].jpg
imagenes_ventas/10092022_040434_dress3_[4042.75-10].jpg
imagenes_ventas/07242022_135216_sandal5_[1546.55-22].jpg
imagenes_ventas/09022022_065038_sandal5_[2772.6-22].jpg
imagenes_ventas/04242022_063621_shirt6_[4660.31-0].jpg
imagenes_ventas/02132022_043716_coat4_[3612.3-22].jpg
imagenes_ventas/12302022_180219_dress3_[1857.31-22].jpg
imagenes_ventas/05252022_085135_shirt6_[4434.0-22].jpg
imagenes_ventas/04012022_074249_t_shirt0_[1402.02-10].jpg
imagenes_ventas/01152022_121141_trouser1_[287.69-22].jpg
imagenes_ventas/02232022_194449_ankle_boots9_[4975.5-10].jpg
imagenes_ventas/03022022_104033_sandal5_[1272.22-10].jpg
imagenes_ventas/07192022_155515_sandal5_[2087.32-0].jpg
imagenes_ventas/11252022_083622_coat4_[1363.93-22].jpg
imagenes_ventas/08152022_191314_coat4_[3417.12-0].jpg
imagenes_ventas/01102022_195523_dress3_[3018.3-10].jpg
imagenes_ventas/02232022_171844_ankle_boots9_[4038.39-0].jpg
imagenes_ventas/06052022_211901_ankle_boots9_[3879.72-22].jpg
imagenes_ventas/07122022_232259_dress3_[4632.63-10].jpg
imagenes_ventas/12282022_165940_dress3_[248.84-10].jpg
imagenes_ventas/09192022_161330_t_shirt0_[2806.38-0].jpg
imagenes_ventas/01032023_214501_coat4_[818.27-10].jpg
imagenes_ventas/05192022_140406_sneaker7_[1655.24-0].jpg
imagenes_ventas/04022022_163309_coat4_[3914.16-22].jpg
imagenes_ventas/12082022_174704_bag8_[4130.6-0].jpg
imagenes_ventas/11242022_200500_bag8_[275.9-0].jpg
imagenes_ventas/03202022_163200_bag8_[1068.55-0].jpg
imagenes_ventas/01112023_175140_coat4_[3857.97-10].jpg
imagenes_ventas/07242022_173246_sneaker7_[4167.66-22].jpg
imagenes_ventas/07202022_141018_t_shirt0_[925.36-22].jpg
imagenes_ventas/12302022_232140_dress3_[1981.75-0].jpg
imagenes_ventas/07182022_135339_sandal5_[2502.93-10].jpg
imagenes_ventas/08312022_022603_dress3_[4308.44-10].jpg
imagenes_ventas/10112022_014634_trouser1_[2881.78-10].jpg
imagenes_ventas/04092022_171812_shirt6_[887.73-0].jpg
imagenes_ventas/02092022_100018_dress3_[3074.16-0].jpg
imagenes_ventas/03222022_105542_shirt6_[2651.41-0].jpg
imagenes_ventas/01032022_051650_pullover2_[1143.95-10].jpg
imagenes_ventas/12132022_125637_sandal5_[4063.66-10].jpg
imagenes_ventas/12062022_123331_coat4_[4024.67-10].jpg
imagenes_ventas/06062022_002641_ankle_boots9_[4299.31-22].jpg
imagenes_ventas/05102022_190414_trouser1_[1601.6-0].jpg
imagenes_ventas/05232022_141204_bag8_[3091.99-10].jpg
imagenes_ventas/06182022_193203_sandal5_[4717.8-10].jpg
imagenes_ventas/10062022_195713_bag8_[2577.91-0].jpg
imagenes_ventas/03312022_005205_coat4_[2985.89-22].jpg
imagenes_ventas/07092022_014112_sneaker7_[719.07-10].jpg
imagenes_ventas/10212022_200112_sandal5_[2359.95-10].jpg
imagenes_ventas/09302022_151627_ankle_boots9_[4226.26-0].jpg
imagenes_ventas/07052022_071528_trouser1_[4335.36-22].jpg
imagenes_ventas/06052022_140643_bag8_[3755.12-22].jpg
imagenes_ventas/07312022_063030_bag8_[3310.76-10].jpg
imagenes_ventas/11062022_123844_shirt6_[4389.57-22].jpg
imagenes_ventas/05122022_090952_bag8_[213.9-22].jpg
imagenes_ventas/06182022_011406_dress3_[4620.15-10].jpg
imagenes_ventas/09252022_185624_t_shirt0_[3637.75-10].jpg
imagenes_ventas/05152022_175134_t_shirt0_[3620.25-0].jpg
imagenes_ventas/01262022_124540_trouser1_[228.08-10].jpg
imagenes_ventas/01052022_013824_trouser1_[4109.9-22].jpg
imagenes_ventas/10012022_054408_trouser1_[737.03-0].jpg
imagenes_ventas/01052023_212527_ankle_boots9_[625.88-0].jpg
imagenes_ventas/10102022_075432_trouser1_[1436.42-0].jpg
imagenes_ventas/08252022_042029_shirt6_[1466.27-22].jpg
imagenes_ventas/10162022_220905_trouser1_[653.32-10].jpg
imagenes_ventas/09282022_034552_bag8_[821.64-10].jpg
imagenes_ventas/09262022_061323_sneaker7_[3165.03-10].jpg
imagenes_ventas/11182022_230222_coat4_[332.72-0].jpg
imagenes_ventas/08072022_140007_sandal5_[1578.47-10].jpg
imagenes_ventas/08142022_080117_trouser1_[642.72-10].jpg
imagenes_ventas/11082022_181549_pullover2_[1217.21-0].jpg
imagenes_ventas/11022022_211656_sandal5_[3441.64-10].jpg
imagenes_ventas/11072022_131310_ankle_boots9_[3559.68-22].jpg
imagenes_ventas/05012022_034757_coat4_[2843.06-0].jpg
imagenes_ventas/09132022_115520_shirt6_[4213.46-22].jpg
imagenes_ventas/08082022_182437_coat4_[3380.57-0].jpg
imagenes_ventas/09262022_071755_trouser1_[749.51-0].jpg
imagenes_ventas/11192022_211044_ankle_boots9_[212.96-10].jpg
imagenes_ventas/06162022_143548_sandal5_[3173.83-0].jpg
imagenes_ventas/04132022_053759_dress3_[1679.42-10].jpg
imagenes_ventas/06252022_122318_sandal5_[999.64-22].jpg
imagenes_ventas/04032022_140919_shirt6_[1033.24-0].jpg
imagenes_ventas/04122022_022608_bag8_[656.58-22].jpg
imagenes_ventas/04012022_071855_coat4_[2413.21-22].jpg
imagenes_ventas/06302022_105431_coat4_[2218.64-22].jpg
imagenes_ventas/02162022_094819_trouser1_[819.37-22].jpg
imagenes_ventas/09112022_090922_coat4_[4449.79-10].jpg
imagenes_ventas/08212022_164230_coat4_[1564.63-0].jpg
imagenes_ventas/02182022_185816_sandal5_[190.87-0].jpg
imagenes_ventas/04152022_115450_dress3_[4546.66-0].jpg
imagenes_ventas/05212022_224337_shirt6_[2280.96-0].jpg
imagenes_ventas/02132022_152156_coat4_[3213.67-0].jpg
imagenes_ventas/09202022_125550_bag8_[2430.83-22].jpg
imagenes_ventas/12042022_070004_pullover2_[763.88-10].jpg
imagenes_ventas/09182022_153435_t_shirt0_[1826.22-0].jpg
imagenes_ventas/08112022_024625_dress3_[4258.44-22].jpg
imagenes_ventas/04102022_114407_coat4_[3748.46-0].jpg
imagenes_ventas/09152022_043836_sneaker7_[4485.19-22].jpg
imagenes_ventas/05232022_083810_sandal5_[871.97-10].jpg
imagenes_ventas/08222022_140636_pullover2_[4290.28-0].jpg
imagenes_ventas/04222022_194649_dress3_[2689.33-10].jpg
imagenes_ventas/11012022_155404_bag8_[3032.53-10].jpg
imagenes_ventas/10232022_044615_bag8_[746.53-0].jpg
imagenes_ventas/11242022_183405_ankle_boots9_[908.24-22].jpg
imagenes_ventas/01292022_063156_bag8_[2459.35-0].jpg
imagenes_ventas/02042022_025331_dress3_[463.87-10].jpg
imagenes_ventas/10162022_065221_pullover2_[347.1-10].jpg
imagenes_ventas/07272022_205102_t_shirt0_[790.94-22].jpg
imagenes_ventas/01282022_194951_bag8_[3887.27-10].jpg
imagenes_ventas/04202022_070942_sneaker7_[2712.89-22].jpg
imagenes_ventas/03282022_205750_dress3_[89.06-0].jpg
imagenes_ventas/07222022_001126_t_shirt0_[1979.78-22].jpg
imagenes_ventas/08272022_224114_sneaker7_[4213.68-22].jpg
imagenes_ventas/11112022_223052_sneaker7_[3273.3-22].jpg
imagenes_ventas/05272022_185748_shirt6_[281.71-0].jpg
imagenes_ventas/10042022_100711_coat4_[467.14-22].jpg
imagenes_ventas/11042022_143757_sneaker7_[96.93-0].jpg
imagenes_ventas/01152022_091450_bag8_[257.12-10].jpg
imagenes_ventas/01092022_213610_t_shirt0_[749.45-10].jpg
imagenes_ventas/07202022_015343_sneaker7_[4355.32-22].jpg
imagenes_ventas/04112022_134253_trouser1_[1669.83-10].jpg
imagenes_ventas/05222022_173943_ankle_boots9_[3681.65-0].jpg
imagenes_ventas/12172022_001949_trouser1_[1884.38-22].jpg
imagenes_ventas/12162022_170839_dress3_[4403.7-10].jpg
imagenes_ventas/03272022_185740_ankle_boots9_[469.46-0].jpg
imagenes_ventas/04282022_100048_coat4_[1396.1-10].jpg
imagenes_ventas/07062022_040240_pullover2_[484.32-10].jpg
imagenes_ventas/01212022_224944_pullover2_[603.75-22].jpg
imagenes_ventas/06082022_093754_trouser1_[2624.01-10].jpg
imagenes_ventas/02052022_132629_pullover2_[1552.35-22].jpg
imagenes_ventas/04112022_021929_sandal5_[2204.94-0].jpg
imagenes_ventas/09252022_134625_dress3_[4991.96-22].jpg
imagenes_ventas/06142022_212924_shirt6_[3118.8-0].jpg
imagenes_ventas/10192022_234729_shirt6_[2491.57-10].jpg
imagenes_ventas/10132022_171211_pullover2_[4167.71-10].jpg
imagenes_ventas/08192022_034001_shirt6_[1401.88-22].jpg
imagenes_ventas/12302022_211801_sneaker7_[1651.35-0].jpg
imagenes_ventas/09052022_203348_sneaker7_[408.85-22].jpg
imagenes_ventas/02282022_222022_shirt6_[1744.17-22].jpg
imagenes_ventas/08112022_053947_sandal5_[4809.57-10].jpg
imagenes_ventas/06092022_174450_bag8_[651.4-22].jpg
imagenes_ventas/03132022_045648_sneaker7_[4317.33-0].jpg
imagenes_ventas/05032022_052911_pullover2_[1459.36-10].jpg
imagenes_ventas/02242022_025257_t_shirt0_[3438.71-22].jpg
imagenes_ventas/04102022_071359_coat4_[1036.53-0].jpg
imagenes_ventas/09202022_230227_ankle_boots9_[826.53-10].jpg
imagenes_ventas/07172022_191647_ankle_boots9_[4152.3-10].jpg
imagenes_ventas/02062022_021213_sandal5_[2233.55-10].jpg
imagenes_ventas/07232022_004416_sandal5_[3167.53-22].jpg
imagenes_ventas/01012023_041832_coat4_[4354.21-0].jpg
imagenes_ventas/09202022_194046_sandal5_[4498.81-22].jpg
imagenes_ventas/01112023_032825_trouser1_[4690.67-10].jpg
imagenes_ventas/08162022_091649_ankle_boots9_[4293.78-0].jpg
imagenes_ventas/07222022_034034_ankle_boots9_[2592.23-22].jpg
imagenes_ventas/10312022_163140_bag8_[1983.93-10].jpg
imagenes_ventas/11132022_172631_ankle_boots9_[3702.57-10].jpg
imagenes_ventas/03132022_113225_sandal5_[1159.92-22].jpg
imagenes_ventas/10012022_004215_coat4_[1010.97-10].jpg
imagenes_ventas/10292022_021759_ankle_boots9_[4151.02-22].jpg
imagenes_ventas/11042022_000110_shirt6_[3461.19-0].jpg
imagenes_ventas/09182022_224413_shirt6_[1042.57-22].jpg
imagenes_ventas/10072022_103702_sneaker7_[1531.05-10].jpg
imagenes_ventas/11142022_163107_sneaker7_[4185.82-0].jpg
imagenes_ventas/08252022_221325_sneaker7_[1672.44-10].jpg
imagenes_ventas/01212022_121625_sneaker7_[4404.59-22].jpg
imagenes_ventas/01222022_185332_coat4_[1585.06-0].jpg
imagenes_ventas/08022022_013306_pullover2_[92.23-22].jpg
imagenes_ventas/07282022_233619_ankle_boots9_[3290.62-22].jpg
imagenes_ventas/01192022_053607_coat4_[4764.23-10].jpg
imagenes_ventas/02222022_091554_coat4_[246.69-22].jpg
imagenes_ventas/11092022_202412_sneaker7_[3692.77-10].jpg
imagenes_ventas/02212022_155334_dress3_[1794.62-0].jpg
imagenes_ventas/05052022_093608_coat4_[3421.38-0].jpg
imagenes_ventas/08042022_201442_pullover2_[4240.05-22].jpg
imagenes_ventas/04292022_083159_dress3_[4630.94-0].jpg
imagenes_ventas/07082022_111346_shirt6_[2580.9-0].jpg
imagenes_ventas/06112022_150328_bag8_[107.45-10].jpg
imagenes_ventas/02052022_005434_shirt6_[3392.16-10].jpg
imagenes_ventas/11232022_023536_bag8_[114.15-10].jpg
imagenes_ventas/11092022_010851_coat4_[2258.07-0].jpg
imagenes_ventas/03282022_081558_ankle_boots9_[718.33-22].jpg
imagenes_ventas/04132022_212529_pullover2_[3181.95-0].jpg
imagenes_ventas/10022022_052101_trouser1_[826.09-22].jpg
imagenes_ventas/05282022_190343_trouser1_[1438.49-10].jpg
imagenes_ventas/02282022_110124_shirt6_[228.2-0].jpg
imagenes_ventas/05072022_024257_t_shirt0_[4534.89-0].jpg
imagenes_ventas/12302022_003842_sneaker7_[4838.34-22].jpg
imagenes_ventas/03052022_164236_coat4_[4408.58-22].jpg
imagenes_ventas/04242022_201236_dress3_[1925.94-0].jpg
imagenes_ventas/11252022_172142_trouser1_[790.67-0].jpg
imagenes_ventas/08142022_211421_pullover2_[467.95-10].jpg
imagenes_ventas/10172022_191718_t_shirt0_[4839.13-0].jpg
imagenes_ventas/01042023_064021_t_shirt0_[160.9-22].jpg
imagenes_ventas/03312022_051303_trouser1_[1464.28-0].jpg
imagenes_ventas/03052022_024748_shirt6_[3280.76-0].jpg
imagenes_ventas/08162022_064950_pullover2_[1554.82-22].jpg
imagenes_ventas/08082022_202310_ankle_boots9_[3311.93-0].jpg
imagenes_ventas/01262022_235834_dress3_[4222.54-0].jpg
imagenes_ventas/07282022_003216_sneaker7_[3658.08-0].jpg
imagenes_ventas/07132022_154612_dress3_[4548.5-22].jpg
imagenes_ventas/02222022_024859_shirt6_[4868.67-0].jpg
imagenes_ventas/12012022_161845_ankle_boots9_[2999.23-0].jpg
imagenes_ventas/11022022_101139_trouser1_[4938.66-10].jpg
imagenes_ventas/10062022_031152_shirt6_[4499.88-22].jpg
imagenes_ventas/08082022_191340_bag8_[1225.84-10].jpg
imagenes_ventas/12302022_232356_shirt6_[555.26-0].jpg
imagenes_ventas/10112022_105623_trouser1_[2749.2-22].jpg
imagenes_ventas/03212022_170235_trouser1_[3777.64-22].jpg
imagenes_ventas/06222022_181847_sandal5_[2752.53-22].jpg
imagenes_ventas/01102022_225148_dress3_[4129.41-22].jpg
imagenes_ventas/12012022_032112_coat4_[1990.58-22].jpg
imagenes_ventas/12302022_182650_shirt6_[3229.65-0].jpg
imagenes_ventas/09102022_133144_shirt6_[2304.3-22].jpg
imagenes_ventas/09112022_094022_sandal5_[1163.49-0].jpg
imagenes_ventas/06252022_152723_shirt6_[1353.99-22].jpg
imagenes_ventas/07042022_185256_sandal5_[4482.34-22].jpg
imagenes_ventas/01112022_183921_sandal5_[509.4-0].jpg
imagenes_ventas/12012022_111425_t_shirt0_[2315.97-0].jpg
imagenes_ventas/11122022_154634_sandal5_[3394.98-0].jpg
imagenes_ventas/04282022_232424_pullover2_[2279.57-22].jpg
imagenes_ventas/08302022_013751_shirt6_[1293.31-10].jpg
imagenes_ventas/10282022_062415_dress3_[1926.72-0].jpg
imagenes_ventas/03192022_025045_dress3_[3862.12-10].jpg
imagenes_ventas/12062022_205154_dress3_[2214.2-0].jpg
imagenes_ventas/09212022_184347_coat4_[3146.5-22].jpg
imagenes_ventas/07192022_220042_sneaker7_[4705.63-22].jpg
imagenes_ventas/05162022_110658_t_shirt0_[2134.26-0].jpg
imagenes_ventas/05092022_085434_sneaker7_[1795.82-10].jpg
imagenes_ventas/01022022_165613_coat4_[1808.98-22].jpg
imagenes_ventas/06092022_023422_coat4_[4175.35-22].jpg
imagenes_ventas/07212022_231840_sneaker7_[4004.65-0].jpg
imagenes_ventas/01192022_135125_pullover2_[681.17-0].jpg
imagenes_ventas/05102022_004945_bag8_[2978.71-10].jpg
imagenes_ventas/07032022_163903_shirt6_[4473.95-0].jpg
imagenes_ventas/12072022_113216_dress3_[3227.1-22].jpg
imagenes_ventas/11082022_114532_dress3_[2837.16-22].jpg
imagenes_ventas/03132022_073246_shirt6_[4524.19-0].jpg
imagenes_ventas/12292022_010410_sandal5_[3079.56-10].jpg
imagenes_ventas/11072022_134929_bag8_[810.4-10].jpg
imagenes_ventas/11122022_052605_ankle_boots9_[267.5-0].jpg
imagenes_ventas/07152022_090141_ankle_boots9_[4922.54-0].jpg
imagenes_ventas/10252022_023211_sandal5_[4058.52-0].jpg
imagenes_ventas/06092022_012132_sandal5_[2854.96-10].jpg
imagenes_ventas/08212022_090116_t_shirt0_[1189.84-0].jpg
imagenes_ventas/05132022_100110_t_shirt0_[3802.01-0].jpg
imagenes_ventas/01282022_063054_bag8_[975.17-10].jpg
imagenes_ventas/04292022_004456_bag8_[707.69-0].jpg
imagenes_ventas/03302022_222901_sneaker7_[4025.95-22].jpg
imagenes_ventas/01072022_025201_bag8_[4024.96-0].jpg
imagenes_ventas/04112022_064628_dress3_[3998.36-10].jpg
imagenes_ventas/07212022_013501_pullover2_[3307.6-10].jpg
imagenes_ventas/04112022_094134_dress3_[470.52-0].jpg
imagenes_ventas/05132022_083507_trouser1_[265.72-10].jpg
imagenes_ventas/01142022_202025_trouser1_[3194.21-22].jpg
imagenes_ventas/02132022_220856_dress3_[2425.49-10].jpg
imagenes_ventas/04282022_220103_ankle_boots9_[1316.56-22].jpg
imagenes_ventas/01082023_050214_shirt6_[2485.45-10].jpg
imagenes_ventas/02132022_031445_sneaker7_[3349.88-0].jpg
imagenes_ventas/12272022_051700_bag8_[1064.97-22].jpg
imagenes_ventas/09212022_200340_sneaker7_[236.82-0].jpg
imagenes_ventas/11172022_204205_coat4_[3341.99-22].jpg
imagenes_ventas/03182022_225610_pullover2_[435.81-10].jpg
imagenes_ventas/07022022_165446_sandal5_[2517.05-22].jpg
imagenes_ventas/03212022_152120_t_shirt0_[1878.98-10].jpg
imagenes_ventas/10012022_023335_pullover2_[39.96-0].jpg
imagenes_ventas/08052022_161856_bag8_[1552.3-10].jpg
imagenes_ventas/01302022_022524_pullover2_[4311.44-10].jpg
imagenes_ventas/03212022_045620_sneaker7_[4234.12-22].jpg
imagenes_ventas/03242022_182443_bag8_[3441.42-22].jpg
imagenes_ventas/02042022_094304_dress3_[2628.99-10].jpg
imagenes_ventas/02192022_205428_coat4_[3877.45-22].jpg
imagenes_ventas/05202022_002844_dress3_[125.82-22].jpg
imagenes_ventas/09232022_163855_sandal5_[3667.57-0].jpg
imagenes_ventas/04182022_053109_bag8_[1970.18-0].jpg
imagenes_ventas/01072022_062900_trouser1_[1661.49-22].jpg
imagenes_ventas/08172022_083454_trouser1_[2034.89-0].jpg
imagenes_ventas/07032022_151619_sneaker7_[1858.31-10].jpg
imagenes_ventas/03162022_002527_sandal5_[2798.44-10].jpg
imagenes_ventas/12262022_204659_dress3_[4197.4-10].jpg
imagenes_ventas/12112022_121829_sandal5_[3780.16-22].jpg
imagenes_ventas/10212022_142056_coat4_[1495.86-0].jpg
imagenes_ventas/08192022_231303_t_shirt0_[2781.52-0].jpg
imagenes_ventas/03222022_100653_sneaker7_[3939.08-22].jpg
imagenes_ventas/05222022_221618_shirt6_[2343.33-0].jpg
imagenes_ventas/01052023_073928_dress3_[2494.36-10].jpg
imagenes_ventas/04142022_044030_shirt6_[4061.49-0].jpg
imagenes_ventas/10032022_080002_ankle_boots9_[3434.58-10].jpg
imagenes_ventas/04032022_203803_ankle_boots9_[717.9-22].jpg
imagenes_ventas/12282022_165423_t_shirt0_[3847.26-0].jpg
imagenes_ventas/05302022_195707_coat4_[1824.89-0].jpg
imagenes_ventas/02052022_134403_shirt6_[4344.26-0].jpg
imagenes_ventas/11112022_145410_ankle_boots9_[2181.38-22].jpg
imagenes_ventas/03162022_213437_dress3_[4838.55-0].jpg
imagenes_ventas/11162022_205937_trouser1_[2212.92-0].jpg
imagenes_ventas/09032022_032937_sandal5_[4310.49-10].jpg
imagenes_ventas/10272022_190612_coat4_[3569.36-0].jpg
imagenes_ventas/04062022_081420_sneaker7_[3165.61-22].jpg
imagenes_ventas/12152022_150736_dress3_[3936.79-22].jpg
imagenes_ventas/10122022_144529_ankle_boots9_[3960.81-22].jpg
imagenes_ventas/01202022_144946_bag8_[1243.45-10].jpg
imagenes_ventas/01012022_235050_shirt6_[4706.95-0].jpg
imagenes_ventas/04082022_193851_ankle_boots9_[3052.38-22].jpg
imagenes_ventas/05232022_011809_dress3_[2308.7-10].jpg
imagenes_ventas/06052022_225645_trouser1_[4123.63-22].jpg
imagenes_ventas/08052022_101925_sandal5_[861.79-22].jpg
imagenes_ventas/12302022_144632_dress3_[3809.93-0].jpg
imagenes_ventas/10282022_210426_dress3_[3430.59-10].jpg
imagenes_ventas/03242022_110123_ankle_boots9_[2661.31-0].jpg
imagenes_ventas/05272022_040027_trouser1_[2465.91-10].jpg
imagenes_ventas/03032022_125841_t_shirt0_[2840.63-0].jpg
imagenes_ventas/01152022_060008_coat4_[932.92-10].jpg
imagenes_ventas/07202022_151949_dress3_[3474.49-22].jpg
imagenes_ventas/07102022_184758_coat4_[2554.79-0].jpg
imagenes_ventas/01222022_153911_pullover2_[509.0-22].jpg
imagenes_ventas/04122022_170729_pullover2_[3465.37-10].jpg
imagenes_ventas/11302022_174138_t_shirt0_[3677.06-0].jpg
imagenes_ventas/01092023_091343_ankle_boots9_[1192.57-22].jpg
imagenes_ventas/02082022_063502_pullover2_[4808.95-0].jpg
imagenes_ventas/02052022_015051_pullover2_[3970.22-22].jpg
imagenes_ventas/02132022_234254_dress3_[3480.31-22].jpg
imagenes_ventas/06102022_075907_sandal5_[3555.41-0].jpg
imagenes_ventas/12272022_235411_sneaker7_[524.43-22].jpg
imagenes_ventas/02252022_175907_ankle_boots9_[633.38-22].jpg
imagenes_ventas/08192022_023830_sandal5_[2591.42-0].jpg
imagenes_ventas/12292022_203032_trouser1_[4772.74-0].jpg
imagenes_ventas/02222022_043952_shirt6_[211.53-22].jpg
imagenes_ventas/02272022_195422_shirt6_[4092.8-22].jpg
imagenes_ventas/12172022_212429_ankle_boots9_[3886.08-0].jpg
imagenes_ventas/02162022_202635_ankle_boots9_[2365.18-22].jpg
imagenes_ventas/06152022_212809_shirt6_[806.4-10].jpg
imagenes_ventas/07132022_161901_dress3_[3572.04-0].jpg
imagenes_ventas/05222022_193339_dress3_[2668.35-0].jpg
imagenes_ventas/10302022_190643_pullover2_[1901.09-0].jpg
imagenes_ventas/10112022_101357_bag8_[1697.12-10].jpg
imagenes_ventas/09202022_043835_bag8_[646.39-22].jpg
imagenes_ventas/10092022_055840_bag8_[4936.26-10].jpg
imagenes_ventas/03162022_114937_dress3_[1728.0-0].jpg
imagenes_ventas/11262022_043959_trouser1_[1508.79-0].jpg
imagenes_ventas/01062022_133142_ankle_boots9_[1395.59-0].jpg
imagenes_ventas/01142022_183301_pullover2_[1489.01-10].jpg
imagenes_ventas/01152022_144531_shirt6_[543.69-10].jpg
imagenes_ventas/09192022_143608_pullover2_[866.12-10].jpg
imagenes_ventas/05162022_053552_coat4_[1232.84-22].jpg
imagenes_ventas/09112022_154331_pullover2_[2329.05-22].jpg
imagenes_ventas/12072022_081621_sneaker7_[3670.89-0].jpg
imagenes_ventas/02142022_205456_coat4_[1013.77-10].jpg
imagenes_ventas/01142022_134838_trouser1_[4745.3-10].jpg
imagenes_ventas/04262022_050528_sandal5_[1712.84-10].jpg
imagenes_ventas/09242022_165616_shirt6_[1609.1-10].jpg
imagenes_ventas/10292022_040606_trouser1_[4831.65-10].jpg
imagenes_ventas/04052022_014515_t_shirt0_[808.01-10].jpg
imagenes_ventas/03182022_131850_ankle_boots9_[1967.31-0].jpg
imagenes_ventas/10042022_184758_ankle_boots9_[4228.49-0].jpg
imagenes_ventas/08262022_023954_sandal5_[3603.19-0].jpg
imagenes_ventas/02242022_063835_ankle_boots9_[3800.11-0].jpg
imagenes_ventas/12222022_010744_t_shirt0_[347.62-10].jpg
imagenes_ventas/05052022_213142_coat4_[2209.66-0].jpg
imagenes_ventas/12282022_172211_sandal5_[3298.0-0].jpg
imagenes_ventas/04292022_041658_dress3_[4197.65-10].jpg
imagenes_ventas/01042022_170401_sneaker7_[2821.3-22].jpg
imagenes_ventas/07252022_020941_sneaker7_[812.91-10].jpg
imagenes_ventas/07012022_040452_shirt6_[1930.55-0].jpg
imagenes_ventas/07052022_033934_t_shirt0_[3313.2-0].jpg
imagenes_ventas/06072022_101753_coat4_[2150.75-22].jpg
imagenes_ventas/04252022_221816_shirt6_[2834.26-10].jpg
imagenes_ventas/01142022_234456_coat4_[684.48-22].jpg
imagenes_ventas/11052022_194638_dress3_[2632.82-10].jpg
imagenes_ventas/12142022_191905_dress3_[277.4-0].jpg
imagenes_ventas/06282022_192641_shirt6_[3404.48-10].jpg
imagenes_ventas/09062022_025249_ankle_boots9_[4807.94-10].jpg
imagenes_ventas/01242022_170150_ankle_boots9_[2058.07-0].jpg
imagenes_ventas/01062022_042446_sandal5_[2672.14-22].jpg
imagenes_ventas/06172022_222507_sneaker7_[3281.99-10].jpg
imagenes_ventas/09112022_191148_dress3_[3038.14-0].jpg
imagenes_ventas/04282022_041553_coat4_[2751.48-10].jpg
imagenes_ventas/03122022_211504_pullover2_[4265.7-22].jpg
imagenes_ventas/12162022_212645_coat4_[3310.22-0].jpg
imagenes_ventas/01112022_123225_t_shirt0_[2927.68-0].jpg
imagenes_ventas/08112022_045004_sneaker7_[2777.39-22].jpg
imagenes_ventas/03252022_215832_ankle_boots9_[347.39-10].jpg
imagenes_ventas/01072022_183230_shirt6_[1651.82-10].jpg
imagenes_ventas/09012022_085618_pullover2_[2266.97-22].jpg
imagenes_ventas/03022022_065406_trouser1_[1856.25-10].jpg
imagenes_ventas/05152022_102402_bag8_[1802.18-0].jpg
imagenes_ventas/10032022_174835_trouser1_[1160.07-10].jpg
imagenes_ventas/05262022_105951_sneaker7_[3309.6-0].jpg
imagenes_ventas/05192022_033307_shirt6_[4760.28-0].jpg
imagenes_ventas/08062022_210247_coat4_[4117.46-0].jpg
imagenes_ventas/03232022_204822_dress3_[4949.91-10].jpg
imagenes_ventas/04102022_124554_shirt6_[2165.54-22].jpg
imagenes_ventas/05152022_062017_trouser1_[1167.96-22].jpg
imagenes_ventas/10142022_072932_sneaker7_[1968.62-10].jpg
imagenes_ventas/12282022_190104_sandal5_[1933.85-0].jpg
imagenes_ventas/04032022_001955_bag8_[1764.56-10].jpg
imagenes_ventas/08212022_193239_shirt6_[3035.56-10].jpg
imagenes_ventas/12082022_204621_sneaker7_[2494.37-22].jpg
imagenes_ventas/11212022_224319_bag8_[604.96-0].jpg
imagenes_ventas/09082022_045101_sneaker7_[4995.69-0].jpg
imagenes_ventas/01112022_134738_bag8_[4315.96-0].jpg
imagenes_ventas/02272022_163158_sneaker7_[4371.26-22].jpg
imagenes_ventas/10142022_135832_ankle_boots9_[3989.99-10].jpg
imagenes_ventas/01242022_105122_t_shirt0_[3762.92-0].jpg
imagenes_ventas/08012022_225834_trouser1_[1732.3-22].jpg
imagenes_ventas/08022022_154753_sneaker7_[2184.17-22].jpg
imagenes_ventas/08182022_050208_sandal5_[39.74-22].jpg
imagenes_ventas/09142022_184801_shirt6_[2115.46-10].jpg
imagenes_ventas/01252022_004412_shirt6_[2544.04-0].jpg
imagenes_ventas/03152022_105709_shirt6_[411.04-22].jpg
imagenes_ventas/02112022_062332_t_shirt0_[2182.99-22].jpg
imagenes_ventas/09302022_025917_sandal5_[341.41-10].jpg
imagenes_ventas/06022022_001633_pullover2_[4338.71-10].jpg
imagenes_ventas/11152022_090617_pullover2_[4302.22-22].jpg
imagenes_ventas/12112022_232517_pullover2_[834.56-0].jpg
imagenes_ventas/04222022_045347_coat4_[3161.63-10].jpg
imagenes_ventas/10172022_093215_coat4_[171.94-22].jpg
imagenes_ventas/05202022_220704_trouser1_[1612.79-0].jpg
imagenes_ventas/04062022_072905_t_shirt0_[3421.22-0].jpg
imagenes_ventas/10082022_004443_sandal5_[2085.91-22].jpg
imagenes_ventas/06132022_165514_trouser1_[3306.72-10].jpg
imagenes_ventas/10102022_203615_coat4_[1730.5-22].jpg
imagenes_ventas/05022022_100141_sneaker7_[3923.02-0].jpg
imagenes_ventas/04152022_095436_shirt6_[3565.13-22].jpg
imagenes_ventas/06252022_180910_dress3_[3649.55-10].jpg
imagenes_ventas/06222022_185157_sneaker7_[4900.04-10].jpg
imagenes_ventas/07272022_222210_coat4_[3582.87-0].jpg
imagenes_ventas/11272022_170126_trouser1_[4776.81-0].jpg
imagenes_ventas/05252022_235134_coat4_[4420.28-22].jpg
imagenes_ventas/03222022_051221_sandal5_[2597.69-22].jpg
imagenes_ventas/05092022_211004_bag8_[1879.03-22].jpg
imagenes_ventas/07022022_221600_pullover2_[2733.18-22].jpg
imagenes_ventas/05102022_092700_dress3_[1074.64-10].jpg
imagenes_ventas/10252022_114912_bag8_[1303.11-22].jpg
imagenes_ventas/03162022_132613_sneaker7_[4650.58-10].jpg
imagenes_ventas/10012022_231017_t_shirt0_[2109.15-22].jpg
imagenes_ventas/03072022_193203_t_shirt0_[545.76-0].jpg
imagenes_ventas/05142022_154232_shirt6_[1400.92-0].jpg
imagenes_ventas/02242022_070052_coat4_[3373.04-10].jpg
imagenes_ventas/07032022_040803_t_shirt0_[144.84-0].jpg
imagenes_ventas/04272022_210503_sneaker7_[3044.99-10].jpg
imagenes_ventas/10222022_190847_dress3_[995.08-0].jpg
imagenes_ventas/11282022_182504_bag8_[2131.0-10].jpg
imagenes_ventas/05212022_002319_bag8_[1424.14-0].jpg
imagenes_ventas/10082022_185314_shirt6_[2138.35-0].jpg
imagenes_ventas/09222022_232159_shirt6_[605.38-0].jpg
imagenes_ventas/01312022_205601_pullover2_[2044.12-10].jpg
imagenes_ventas/09232022_025729_trouser1_[2278.64-22].jpg
imagenes_ventas/06292022_152217_dress3_[795.3-10].jpg
imagenes_ventas/01102023_085138_t_shirt0_[4849.18-10].jpg
imagenes_ventas/10182022_020032_t_shirt0_[1813.63-0].jpg
imagenes_ventas/10162022_131715_dress3_[4050.12-10].jpg
imagenes_ventas/08132022_142426_ankle_boots9_[3256.04-22].jpg
imagenes_ventas/04042022_124626_bag8_[4805.77-0].jpg
imagenes_ventas/07302022_184614_t_shirt0_[4761.9-10].jpg
imagenes_ventas/06182022_193600_pullover2_[2733.02-0].jpg
imagenes_ventas/07132022_180243_ankle_boots9_[3367.38-22].jpg
imagenes_ventas/04202022_050600_sandal5_[2886.69-0].jpg
imagenes_ventas/11302022_064505_pullover2_[1657.49-0].jpg
imagenes_ventas/08202022_214654_bag8_[2983.17-0].jpg
imagenes_ventas/01032022_172439_trouser1_[1034.64-10].jpg
imagenes_ventas/06262022_110304_bag8_[3655.69-22].jpg
imagenes_ventas/07012022_214233_t_shirt0_[374.46-0].jpg
imagenes_ventas/12252022_090413_sandal5_[3721.35-0].jpg
imagenes_ventas/01042022_025842_ankle_boots9_[2593.36-10].jpg
imagenes_ventas/08072022_153326_dress3_[899.3-10].jpg
imagenes_ventas/08192022_023744_sneaker7_[4668.89-10].jpg
imagenes_ventas/10312022_144308_dress3_[89.42-10].jpg
imagenes_ventas/01032022_141847_sneaker7_[2190.74-22].jpg
imagenes_ventas/04062022_043517_shirt6_[3778.19-10].jpg
imagenes_ventas/03072022_042804_coat4_[969.58-0].jpg
imagenes_ventas/12022022_190529_trouser1_[3429.34-22].jpg
imagenes_ventas/10122022_141426_t_shirt0_[4286.5-10].jpg
