imagenes_ventas/03012022_212136_shirt6_[277.44-0].jpg
imagenes_ventas/02252022_141245_t_shirt0_[1538.39-22].jpg
imagenes_ventas/09252022_012852_pullover2_[1240.5-10].jpg
imagenes_ventas/05162022_133638_coat4_[456.59-10].jpg
imagenes_ventas/09092022_142818_trouser1_[3502.41-0].jpg
imagenes_ventas/05152022_203818_coat4_[1909.99-10].jpg
imagenes_ventas/06052022_180259_shirt6_[4450.27-22].jpg
imagenes_ventas/11082022_050633_dress3_[4340.26-10].jpg
imagenes_ventas/02042022_131458_t_shirt0_[1776.11-10].jpg
imagenes_ventas/05272022_100355_pullover2_[423.1-22].jpg
imagenes_ventas/03102022_134315_shirt6_[467.91-0].jpg
imagenes_ventas/06062022_190335_pullover2_[1964.95-0].jpg
imagenes_ventas/03022022_052133_pullover2_[1881.47-10].jpg
imagenes_ventas/03132022_134425_sandal5_[2524.19-10].jpg
imagenes_ventas/10112022_215256_sneaker7_[2764.17-22].jpg
imagenes_ventas/08152022_013107_pullover2_[270.54-10].jpg
imagenes_ventas/02272022_214304_shirt6_[3018.12-0].jpg
imagenes_ventas/09262022_221522_ankle_boots9_[4198.71-10].jpg
imagenes_ventas/05202022_153840_t_shirt0_[3355.01-22].jpg
imagenes_ventas/11052022_210001_pullover2_[4072.08-10].jpg
imagenes_ventas/03262022_054330_bag8_[255.44-22].jpg
imagenes_ventas/01032022_234953_ankle_boots9_[2848.4-10].jpg
imagenes_ventas/05232022_104245_bag8_[4186.32-22].jpg
imagenes_ventas/10262022_155135_dress3_[3641.94-0].jpg
imagenes_ventas/08252022_031535_pullover2_[4371.43-0].jpg
imagenes_ventas/10182022_055520_sneaker7_[4495.3-10].jpg
imagenes_ventas/02092022_104717_trouser1_[1633.65-22].jpg
imagenes_ventas/10062022_171434_shirt6_[4403.32-10].jpg
imagenes_ventas/03272022_134041_pullover2_[3080.38-22].jpg
imagenes_ventas/12252022_104757_t_shirt0_[2127.04-22].jpg
imagenes_ventas/03182022_051737_sneaker7_[2606.68-10].jpg
imagenes_ventas/06302022_034851_trouser1_[3796.96-0].jpg
imagenes_ventas/12172022_105136_sandal5_[2601.46-0].jpg
imagenes_ventas/09162022_034019_sandal5_[2275.19-10].jpg
imagenes_ventas/10272022_010624_trouser1_[3671.24-22].jpg
imagenes_ventas/06252022_131251_ankle_boots9_[97.84-10].jpg
imagenes_ventas/06302022_163855_bag8_[3206.34-0].jpg
imagenes_ventas/06292022_131915_pullover2_[1958.35-0].jpg
imagenes_ventas/01222022_200552_coat4_[2572.88-22].jpg
imagenes_ventas/01112023_024222_sneaker7_[254.05-22].jpg
imagenes_ventas/07032022_104748_bag8_[4164.85-22].jpg
imagenes_ventas/12312022_045633_shirt6_[3432.5-10].jpg
imagenes_ventas/07202022_141546_sandal5_[2029.02-0].jpg
imagenes_ventas/05032022_221600_coat4_[79.71-22].jpg
imagenes_ventas/07092022_034436_shirt6_[1963.81-22].jpg
imagenes_ventas/01072023_203758_trouser1_[4211.89-10].jpg
imagenes_ventas/02102022_224137_pullover2_[3512.2-0].jpg
imagenes_ventas/06152022_175324_t_shirt0_[1332.48-10].jpg
imagenes_ventas/03052022_213631_dress3_[3404.45-22].jpg
imagenes_ventas/12182022_121829_dress3_[4880.51-22].jpg
imagenes_ventas/03072022_031735_bag8_[4084.88-10].jpg
imagenes_ventas/03102022_205931_ankle_boots9_[2501.36-10].jpg
imagenes_ventas/05052022_101313_ankle_boots9_[632.65-10].jpg
imagenes_ventas/09102022_033226_shirt6_[2127.17-22].jpg
imagenes_ventas/12112022_115336_shirt6_[299.0-0].jpg
imagenes_ventas/06262022_152627_bag8_[4336.7-22].jpg
imagenes_ventas/07152022_152402_bag8_[3805.65-22].jpg
imagenes_ventas/02132022_191704_t_shirt0_[1178.94-0].jpg
imagenes_ventas/01172022_195424_pullover2_[3158.79-22].jpg
imagenes_ventas/01232022_070600_sandal5_[1701.61-10].jpg
imagenes_ventas/08192022_181412_shirt6_[1606.74-22].jpg
imagenes_ventas/08182022_223121_t_shirt0_[3147.19-10].jpg
imagenes_ventas/01012022_150544_dress3_[1847.92-10].jpg
imagenes_ventas/03262022_213746_coat4_[481.54-22].jpg
imagenes_ventas/12072022_104004_ankle_boots9_[2251.07-0].jpg
imagenes_ventas/10212022_175630_coat4_[190.9-22].jpg
imagenes_ventas/02242022_121851_dress3_[3818.67-0].jpg
imagenes_ventas/05052022_070939_sandal5_[2723.08-10].jpg
imagenes_ventas/01062023_065301_dress3_[4871.44-0].jpg
imagenes_ventas/10292022_165354_bag8_[4360.75-22].jpg
imagenes_ventas/07122022_091813_pullover2_[2767.45-0].jpg
imagenes_ventas/10132022_040945_bag8_[3994.62-22].jpg
imagenes_ventas/04042022_034756_shirt6_[3393.92-10].jpg
imagenes_ventas/11272022_011822_bag8_[799.67-10].jpg
imagenes_ventas/09152022_092346_sneaker7_[1120.93-10].jpg
imagenes_ventas/01182022_052842_sneaker7_[4835.62-10].jpg
imagenes_ventas/11182022_134839_pullover2_[2046.24-22].jpg
imagenes_ventas/07172022_060238_coat4_[4001.95-0].jpg
imagenes_ventas/09202022_002508_shirt6_[323.06-22].jpg
imagenes_ventas/02142022_171152_sneaker7_[3040.89-22].jpg
imagenes_ventas/02062022_081424_sandal5_[3305.29-0].jpg
imagenes_ventas/06282022_102719_ankle_boots9_[4626.73-22].jpg
imagenes_ventas/12172022_023352_t_shirt0_[1803.09-0].jpg
imagenes_ventas/03072022_003106_t_shirt0_[2271.29-0].jpg
imagenes_ventas/11302022_040613_bag8_[2864.94-0].jpg
imagenes_ventas/12192022_044921_pullover2_[4660.74-22].jpg
imagenes_ventas/09032022_195157_t_shirt0_[726.97-10].jpg
imagenes_ventas/04132022_121007_dress3_[2910.9-22].jpg
imagenes_ventas/09042022_075429_bag8_[2815.25-10].jpg
imagenes_ventas/09082022_125713_dress3_[448.39-0].jpg
imagenes_ventas/03252022_081627_bag8_[4572.27-10].jpg
imagenes_ventas/06232022_224738_sneaker7_[1774.94-10].jpg
imagenes_ventas/01032023_035805_bag8_[4997.51-22].jpg
imagenes_ventas/05062022_162823_sneaker7_[4798.9-22].jpg
imagenes_ventas/10062022_103841_trouser1_[2368.9-10].jpg
imagenes_ventas/05162022_090037_dress3_[3660.73-22].jpg
imagenes_ventas/05162022_201620_t_shirt0_[2773.58-10].jpg
imagenes_ventas/05032022_020350_sandal5_[851.85-22].jpg
imagenes_ventas/06232022_011345_dress3_[2966.12-0].jpg
imagenes_ventas/05222022_132132_shirt6_[3839.97-0].jpg
imagenes_ventas/01232022_022605_pullover2_[4333.48-0].jpg
imagenes_ventas/09082022_030841_shirt6_[409.71-0].jpg
imagenes_ventas/08152022_215715_coat4_[2552.64-10].jpg
imagenes_ventas/11082022_233723_pullover2_[4869.59-10].jpg
imagenes_ventas/12192022_051238_dress3_[4081.54-22].jpg
imagenes_ventas/01082023_163429_shirt6_[2969.7-22].jpg
imagenes_ventas/04142022_011644_trouser1_[4437.84-22].jpg
imagenes_ventas/01122022_183608_trouser1_[1787.22-22].jpg
imagenes_ventas/07072022_090210_sandal5_[4342.83-0].jpg
imagenes_ventas/01272022_080235_ankle_boots9_[1642.4-22].jpg
imagenes_ventas/08252022_011128_bag8_[2473.6-0].jpg
imagenes_ventas/03102022_032408_shirt6_[2450.44-10].jpg
imagenes_ventas/03202022_195344_coat4_[2164.84-10].jpg
imagenes_ventas/02072022_022532_sandal5_[684.19-0].jpg
imagenes_ventas/07162022_225619_ankle_boots9_[221.48-10].jpg
imagenes_ventas/01062022_184428_pullover2_[4091.75-22].jpg
imagenes_ventas/12222022_121146_pullover2_[2940.8-22].jpg
imagenes_ventas/03092022_053938_bag8_[4907.25-10].jpg
imagenes_ventas/08312022_014731_sandal5_[292.58-10].jpg
imagenes_ventas/03062022_171316_shirt6_[1555.14-0].jpg
imagenes_ventas/08142022_021442_ankle_boots9_[2108.86-0].jpg
imagenes_ventas/05142022_015614_ankle_boots9_[4704.95-22].jpg
imagenes_ventas/12232022_211317_trouser1_[4637.82-22].jpg
imagenes_ventas/04272022_102849_t_shirt0_[817.63-0].jpg
imagenes_ventas/09092022_105416_bag8_[1891.17-22].jpg
imagenes_ventas/10232022_162550_bag8_[2087.94-22].jpg
imagenes_ventas/06202022_032810_bag8_[2455.61-0].jpg
imagenes_ventas/07282022_233605_sneaker7_[1047.71-0].jpg
imagenes_ventas/11052022_141521_sandal5_[691.25-10].jpg
imagenes_ventas/11302022_173951_shirt6_[1581.01-22].jpg
imagenes_ventas/09282022_002329_bag8_[142.98-0].jpg
imagenes_ventas/02222022_211424_dress3_[1041.47-22].jpg
imagenes_ventas/02062022_023339_shirt6_[619.42-22].jpg
imagenes_ventas/08102022_161908_sneaker7_[1804.28-10].jpg
imagenes_ventas/11142022_191336_bag8_[2796.74-10].jpg
imagenes_ventas/11172022_205314_t_shirt0_[4640.24-22].jpg
imagenes_ventas/05232022_093552_coat4_[235.43-22].jpg
imagenes_ventas/08232022_223230_trouser1_[1928.09-10].jpg
imagenes_ventas/02132022_222246_t_shirt0_[2753.8-0].jpg
imagenes_ventas/02272022_224413_bag8_[2830.12-0].jpg
imagenes_ventas/08252022_022706_trouser1_[2321.12-22].jpg
imagenes_ventas/09212022_002622_trouser1_[1276.11-0].jpg
imagenes_ventas/04222022_180530_pullover2_[3993.4-10].jpg
imagenes_ventas/06272022_042948_ankle_boots9_[1911.15-22].jpg
imagenes_ventas/08012022_201441_ankle_boots9_[4210.5-0].jpg
imagenes_ventas/09222022_084957_coat4_[4063.56-0].jpg
imagenes_ventas/06092022_183849_t_shirt0_[4038.82-10].jpg
imagenes_ventas/11132022_123446_t_shirt0_[1091.69-10].jpg
imagenes_ventas/02262022_083437_sandal5_[4849.98-22].jpg
imagenes_ventas/08202022_151934_bag8_[4903.84-10].jpg
imagenes_ventas/05022022_171003_pullover2_[4686.83-10].jpg
imagenes_ventas/02222022_224117_shirt6_[2271.2-10].jpg
imagenes_ventas/08052022_003607_coat4_[1537.28-0].jpg
imagenes_ventas/02152022_231905_bag8_[3351.16-22].jpg
imagenes_ventas/10232022_124808_shirt6_[3611.56-0].jpg
imagenes_ventas/07022022_231619_bag8_[2113.58-22].jpg
imagenes_ventas/03062022_082036_dress3_[4894.69-10].jpg
imagenes_ventas/01262022_220355_trouser1_[2078.64-10].jpg
imagenes_ventas/12312022_082114_sneaker7_[3341.49-10].jpg
imagenes_ventas/02012022_113612_sneaker7_[1235.46-10].jpg
imagenes_ventas/05032022_202225_coat4_[2848.71-22].jpg
imagenes_ventas/06282022_221504_coat4_[1942.18-22].jpg
imagenes_ventas/08072022_093016_shirt6_[2325.0-22].jpg
imagenes_ventas/06042022_154917_trouser1_[3470.24-0].jpg
imagenes_ventas/11112022_031052_sneaker7_[633.06-22].jpg
imagenes_ventas/01022023_113621_trouser1_[299.3-10].jpg
imagenes_ventas/02032022_143528_trouser1_[2497.5-22].jpg
imagenes_ventas/05072022_030555_sneaker7_[2093.46-10].jpg
imagenes_ventas/03242022_224759_ankle_boots9_[4110.43-0].jpg
imagenes_ventas/11142022_152507_ankle_boots9_[804.65-22].jpg
imagenes_ventas/02172022_011029_sandal5_[453.37-0].jpg
imagenes_ventas/04222022_065052_coat4_[4392.5-10].jpg
imagenes_ventas/04072022_230753_ankle_boots9_[2692.29-22].jpg
imagenes_ventas/06042022_092159_sandal5_[2832.47-0].jpg
imagenes_ventas/11102022_235716_bag8_[4972.18-10].jpg
imagenes_ventas/01092022_170259_ankle_boots9_[3657.05-10].jpg
imagenes_ventas/01082023_230117_sandal5_[233.62-0].jpg
imagenes_ventas/08072022_232913_pullover2_[1251.5-22].jpg
imagenes_ventas/10182022_010120_trouser1_[51.71-22].jpg
imagenes_ventas/04142022_013557_dress3_[3082.37-22].jpg
imagenes_ventas/10242022_192525_bag8_[4107.4-22].jpg
imagenes_ventas/09052022_002346_t_shirt0_[4684.34-0].jpg
imagenes_ventas/02082022_195217_t_shirt0_[4335.58-22].jpg
imagenes_ventas/02242022_033237_bag8_[4143.38-22].jpg
imagenes_ventas/06012022_043159_sneaker7_[735.79-22].jpg
imagenes_ventas/12182022_053645_sneaker7_[4187.87-22].jpg
imagenes_ventas/07142022_223754_trouser1_[4242.44-10].jpg
imagenes_ventas/03142022_183446_trouser1_[29.42-22].jpg
imagenes_ventas/12072022_143908_pullover2_[2106.48-22].jpg
imagenes_ventas/12072022_050643_bag8_[2116.99-10].jpg
imagenes_ventas/10232022_072141_bag8_[3408.57-22].jpg
imagenes_ventas/08112022_040953_trouser1_[1792.04-22].jpg
imagenes_ventas/12222022_195917_trouser1_[4723.8-10].jpg
imagenes_ventas/07262022_015113_sandal5_[3155.4-0].jpg
imagenes_ventas/05122022_195127_pullover2_[4859.99-10].jpg
imagenes_ventas/06242022_060827_pullover2_[3564.07-0].jpg
imagenes_ventas/05072022_152549_t_shirt0_[3108.45-10].jpg
imagenes_ventas/01232022_091151_pullover2_[710.18-22].jpg
imagenes_ventas/05072022_054500_coat4_[3037.0-0].jpg
imagenes_ventas/04242022_224618_shirt6_[1898.88-0].jpg
imagenes_ventas/05072022_175318_ankle_boots9_[4733.65-22].jpg
imagenes_ventas/10062022_134632_dress3_[2294.74-10].jpg
imagenes_ventas/03092022_033501_trouser1_[3591.8-0].jpg
imagenes_ventas/05022022_170232_dress3_[1794.26-22].jpg
imagenes_ventas/08162022_061714_bag8_[4435.69-0].jpg
imagenes_ventas/10292022_172412_t_shirt0_[3873.28-22].jpg
imagenes_ventas/08202022_034707_sneaker7_[4692.93-10].jpg
imagenes_ventas/01172022_104306_t_shirt0_[1725.75-0].jpg
imagenes_ventas/03152022_044056_bag8_[519.37-10].jpg
imagenes_ventas/07192022_232749_ankle_boots9_[698.1-10].jpg
imagenes_ventas/05152022_164445_ankle_boots9_[1410.22-10].jpg
imagenes_ventas/09022022_142430_pullover2_[925.16-10].jpg
imagenes_ventas/07022022_083347_dress3_[3847.2-22].jpg
imagenes_ventas/10092022_092712_sneaker7_[4674.69-22].jpg
imagenes_ventas/10072022_085057_ankle_boots9_[1525.98-10].jpg
imagenes_ventas/04062022_174437_shirt6_[4543.4-10].jpg
imagenes_ventas/06092022_145437_sneaker7_[1967.03-0].jpg
imagenes_ventas/08222022_163002_shirt6_[1892.86-0].jpg
imagenes_ventas/12192022_052518_sneaker7_[1312.31-0].jpg
imagenes_ventas/06192022_174441_ankle_boots9_[672.62-10].jpg
imagenes_ventas/01092023_063434_ankle_boots9_[2076.64-22].jpg
imagenes_ventas/03152022_101249_bag8_[4826.45-10].jpg
imagenes_ventas/05052022_172936_pullover2_[2890.46-10].jpg
imagenes_ventas/10222022_123721_shirt6_[2534.08-10].jpg
imagenes_ventas/11062022_150328_shirt6_[2828.71-0].jpg
imagenes_ventas/04122022_182208_t_shirt0_[1828.51-10].jpg
imagenes_ventas/05302022_232408_shirt6_[4640.71-10].jpg
imagenes_ventas/11222022_083259_t_shirt0_[3235.9-10].jpg
imagenes_ventas/12232022_152125_pullover2_[2276.84-22].jpg
imagenes_ventas/07172022_020155_trouser1_[1106.67-0].jpg
imagenes_ventas/10132022_154715_bag8_[2678.59-22].jpg
imagenes_ventas/12252022_101749_bag8_[3193.76-0].jpg
imagenes_ventas/12302022_113124_bag8_[1541.68-10].jpg
imagenes_ventas/06242022_203533_bag8_[2300.85-10].jpg
imagenes_ventas/06262022_030635_sandal5_[505.69-0].jpg
imagenes_ventas/07072022_164249_dress3_[3347.07-0].jpg
imagenes_ventas/03142022_200138_coat4_[3972.89-10].jpg
imagenes_ventas/05172022_074725_pullover2_[1603.34-22].jpg
imagenes_ventas/01112022_032705_t_shirt0_[4560.27-10].jpg
imagenes_ventas/10292022_113824_bag8_[3540.71-10].jpg
imagenes_ventas/12202022_065648_pullover2_[4985.35-22].jpg
imagenes_ventas/06192022_220542_coat4_[2765.65-0].jpg
imagenes_ventas/06062022_185103_sandal5_[785.77-0].jpg
imagenes_ventas/12092022_113001_sneaker7_[1917.5-0].jpg
imagenes_ventas/07142022_181543_coat4_[2389.97-0].jpg
imagenes_ventas/12052022_075018_bag8_[4878.02-10].jpg
imagenes_ventas/02032022_155249_dress3_[3523.41-10].jpg
imagenes_ventas/01222022_131058_ankle_boots9_[1434.31-10].jpg
imagenes_ventas/07182022_193532_t_shirt0_[2876.9-0].jpg
imagenes_ventas/10212022_143937_sneaker7_[1071.56-22].jpg
imagenes_ventas/01172022_073726_pullover2_[3370.5-22].jpg
imagenes_ventas/10232022_093516_trouser1_[4974.07-10].jpg
imagenes_ventas/04102022_170026_sneaker7_[4411.07-0].jpg
imagenes_ventas/02052022_081012_sneaker7_[3767.88-22].jpg
imagenes_ventas/02252022_091855_trouser1_[3774.67-0].jpg
imagenes_ventas/03142022_171534_ankle_boots9_[4664.11-0].jpg
imagenes_ventas/01252022_082727_bag8_[4250.4-22].jpg
imagenes_ventas/05252022_220517_ankle_boots9_[611.79-10].jpg
imagenes_ventas/11272022_000827_t_shirt0_[4004.05-0].jpg
imagenes_ventas/10132022_195452_shirt6_[2883.08-10].jpg
imagenes_ventas/10152022_203231_shirt6_[4459.47-0].jpg
imagenes_ventas/09212022_233710_bag8_[857.69-22].jpg
imagenes_ventas/07212022_032717_trouser1_[3501.95-22].jpg
imagenes_ventas/10172022_034117_coat4_[4106.4-0].jpg
imagenes_ventas/06262022_094659_coat4_[4548.76-22].jpg
imagenes_ventas/01052023_101801_shirt6_[2327.4-0].jpg
imagenes_ventas/06262022_004030_dress3_[539.33-10].jpg
imagenes_ventas/10152022_025859_sandal5_[1835.31-0].jpg
imagenes_ventas/11092022_100113_ankle_boots9_[1867.15-10].jpg
imagenes_ventas/07142022_205238_pullover2_[4117.77-0].jpg
imagenes_ventas/07292022_150918_shirt6_[3324.44-10].jpg
imagenes_ventas/11282022_001258_pullover2_[668.45-10].jpg
imagenes_ventas/11242022_171807_bag8_[651.22-22].jpg
imagenes_ventas/04222022_192526_sneaker7_[3689.55-22].jpg
imagenes_ventas/07152022_162408_sneaker7_[4070.45-10].jpg
imagenes_ventas/07142022_082523_sneaker7_[4573.4-22].jpg
imagenes_ventas/12202022_205410_pullover2_[2221.26-22].jpg
imagenes_ventas/04122022_222706_sandal5_[2338.84-10].jpg
imagenes_ventas/05132022_113636_t_shirt0_[691.96-10].jpg
imagenes_ventas/10092022_220720_ankle_boots9_[1909.57-10].jpg
imagenes_ventas/11222022_002035_ankle_boots9_[92.45-0].jpg
imagenes_ventas/05282022_175652_dress3_[3023.93-0].jpg
imagenes_ventas/06062022_124413_t_shirt0_[156.36-0].jpg
imagenes_ventas/01082023_094302_ankle_boots9_[1442.23-10].jpg
imagenes_ventas/09222022_172427_coat4_[4165.31-0].jpg
imagenes_ventas/07052022_081539_sandal5_[3176.75-22].jpg
imagenes_ventas/06192022_021117_pullover2_[2118.17-22].jpg
imagenes_ventas/12122022_202039_coat4_[2575.33-10].jpg
imagenes_ventas/02252022_155447_sandal5_[3818.13-22].jpg
imagenes_ventas/03192022_065658_ankle_boots9_[2451.45-10].jpg
imagenes_ventas/05122022_035137_dress3_[4815.77-10].jpg
imagenes_ventas/09142022_194610_ankle_boots9_[3244.65-0].jpg
imagenes_ventas/06032022_070044_trouser1_[1554.16-10].jpg
imagenes_ventas/11242022_141056_sneaker7_[1466.42-0].jpg
imagenes_ventas/04092022_033644_bag8_[3320.67-22].jpg
imagenes_ventas/03222022_192425_dress3_[3252.21-0].jpg
imagenes_ventas/02102022_151626_sandal5_[3488.18-0].jpg
imagenes_ventas/06212022_141327_trouser1_[3208.51-10].jpg
imagenes_ventas/09132022_010025_shirt6_[777.09-0].jpg
imagenes_ventas/09122022_155602_pullover2_[2018.3-10].jpg
imagenes_ventas/10282022_084110_dress3_[2444.69-10].jpg
imagenes_ventas/12292022_091401_coat4_[3431.47-10].jpg
imagenes_ventas/03122022_160959_bag8_[4430.98-10].jpg
imagenes_ventas/05312022_232309_trouser1_[4815.82-10].jpg
imagenes_ventas/05232022_063806_sneaker7_[4390.48-0].jpg
imagenes_ventas/06032022_180537_t_shirt0_[1563.37-10].jpg
imagenes_ventas/05062022_034626_pullover2_[1916.92-10].jpg
imagenes_ventas/06282022_071905_ankle_boots9_[441.6-10].jpg
imagenes_ventas/04182022_132510_sneaker7_[2937.22-10].jpg
imagenes_ventas/06032022_000125_sneaker7_[2568.62-10].jpg
imagenes_ventas/05112022_133958_t_shirt0_[1486.75-22].jpg
imagenes_ventas/04282022_135312_t_shirt0_[1368.27-0].jpg
imagenes_ventas/04112022_224912_sneaker7_[882.06-0].jpg
imagenes_ventas/08222022_175922_pullover2_[1479.03-0].jpg
imagenes_ventas/01082023_193017_coat4_[3264.41-22].jpg
imagenes_ventas/11012022_205646_dress3_[2402.59-22].jpg
imagenes_ventas/05312022_043119_ankle_boots9_[2878.97-22].jpg
imagenes_ventas/11222022_054951_coat4_[3200.39-22].jpg
imagenes_ventas/11232022_013231_shirt6_[1360.34-10].jpg
imagenes_ventas/03092022_132012_sneaker7_[4076.37-0].jpg
imagenes_ventas/05252022_192919_pullover2_[405.29-0].jpg
imagenes_ventas/02242022_065551_ankle_boots9_[1928.65-22].jpg
imagenes_ventas/10152022_000824_pullover2_[2687.77-10].jpg
imagenes_ventas/04222022_165439_bag8_[387.35-22].jpg
imagenes_ventas/10132022_123133_bag8_[2257.12-22].jpg
imagenes_ventas/09032022_133822_trouser1_[4519.57-22].jpg
imagenes_ventas/09282022_042559_sneaker7_[4530.09-0].jpg
imagenes_ventas/09122022_100605_pullover2_[2665.94-10].jpg
imagenes_ventas/09132022_151312_trouser1_[2830.63-10].jpg
imagenes_ventas/01172022_080424_t_shirt0_[1561.3-22].jpg
imagenes_ventas/02082022_204118_sandal5_[3549.9-10].jpg
imagenes_ventas/01062023_083542_bag8_[4911.78-22].jpg
imagenes_ventas/05212022_182959_dress3_[3039.51-22].jpg
imagenes_ventas/04212022_141454_shirt6_[3694.9-22].jpg
imagenes_ventas/12262022_032042_shirt6_[2055.49-0].jpg
imagenes_ventas/11302022_055344_pullover2_[4783.43-0].jpg
imagenes_ventas/10112022_013615_trouser1_[2587.57-22].jpg
imagenes_ventas/06022022_093720_coat4_[154.01-0].jpg
imagenes_ventas/10252022_231316_dress3_[3989.95-0].jpg
imagenes_ventas/12132022_151532_bag8_[4097.51-10].jpg
imagenes_ventas/04042022_230207_t_shirt0_[223.84-0].jpg
imagenes_ventas/08262022_143122_shirt6_[44.08-0].jpg
imagenes_ventas/11012022_235835_sandal5_[168.67-0].jpg
imagenes_ventas/01232022_164020_shirt6_[4856.34-0].jpg
imagenes_ventas/11182022_203258_coat4_[2993.7-22].jpg
imagenes_ventas/09072022_141145_sneaker7_[2245.09-10].jpg
imagenes_ventas/02072022_165027_shirt6_[505.52-22].jpg
imagenes_ventas/01272022_153238_shirt6_[4646.61-0].jpg
imagenes_ventas/04212022_045707_sneaker7_[4062.56-10].jpg
imagenes_ventas/05112022_085711_ankle_boots9_[2523.99-0].jpg
imagenes_ventas/05032022_053345_t_shirt0_[105.58-22].jpg
imagenes_ventas/07232022_181156_trouser1_[1163.36-10].jpg
imagenes_ventas/04012022_064510_shirt6_[4378.03-10].jpg
imagenes_ventas/04182022_090528_dress3_[1879.81-10].jpg
imagenes_ventas/09102022_032927_bag8_[1411.94-10].jpg
imagenes_ventas/05032022_023715_sneaker7_[1471.31-0].jpg
imagenes_ventas/06052022_150302_dress3_[3306.03-10].jpg
imagenes_ventas/03202022_181422_sandal5_[747.04-0].jpg
imagenes_ventas/01312022_160121_sandal5_[2130.49-22].jpg
imagenes_ventas/10212022_032008_bag8_[4080.92-10].jpg
imagenes_ventas/02032022_224358_t_shirt0_[211.46-10].jpg
imagenes_ventas/01082022_121748_shirt6_[3526.39-22].jpg
imagenes_ventas/08222022_004614_trouser1_[4671.28-22].jpg
imagenes_ventas/07272022_053728_ankle_boots9_[925.96-22].jpg
imagenes_ventas/06082022_021602_coat4_[1470.59-10].jpg
imagenes_ventas/10202022_190804_bag8_[38.87-22].jpg
imagenes_ventas/01312022_214056_coat4_[1491.14-10].jpg
imagenes_ventas/10062022_161706_trouser1_[3412.03-0].jpg
imagenes_ventas/01062023_111517_sandal5_[1404.32-22].jpg
imagenes_ventas/03292022_035006_sneaker7_[3749.88-10].jpg
imagenes_ventas/07272022_073138_shirt6_[1410.07-0].jpg
imagenes_ventas/09192022_110233_pullover2_[4075.38-22].jpg
imagenes_ventas/06112022_190434_trouser1_[3650.57-10].jpg
imagenes_ventas/07192022_133117_t_shirt0_[1729.86-10].jpg
imagenes_ventas/01052023_161319_t_shirt0_[1379.07-22].jpg
imagenes_ventas/10032022_144258_t_shirt0_[2353.9-22].jpg
imagenes_ventas/08262022_000640_ankle_boots9_[3977.5-10].jpg
imagenes_ventas/09242022_063103_sandal5_[4095.69-0].jpg
imagenes_ventas/07132022_021515_t_shirt0_[2834.73-0].jpg
imagenes_ventas/04172022_225532_coat4_[3512.56-0].jpg
imagenes_ventas/03022022_084333_dress3_[30.28-10].jpg
imagenes_ventas/04062022_081812_sandal5_[3087.17-22].jpg
imagenes_ventas/09202022_035443_dress3_[730.9-0].jpg
imagenes_ventas/05102022_092530_bag8_[4164.02-10].jpg
imagenes_ventas/06302022_145738_shirt6_[808.95-10].jpg
imagenes_ventas/01152022_221527_dress3_[1587.66-0].jpg
imagenes_ventas/02202022_094331_ankle_boots9_[701.1-10].jpg
imagenes_ventas/03042022_100207_bag8_[1967.45-22].jpg
imagenes_ventas/02222022_214812_shirt6_[4013.73-10].jpg
imagenes_ventas/06172022_180159_shirt6_[1926.63-22].jpg
imagenes_ventas/04092022_001052_t_shirt0_[3139.89-22].jpg
imagenes_ventas/02212022_131621_shirt6_[4498.36-10].jpg
imagenes_ventas/09072022_204530_sneaker7_[3309.25-0].jpg
imagenes_ventas/03012022_104640_sneaker7_[3028.19-0].jpg
imagenes_ventas/10122022_233139_dress3_[4511.03-22].jpg
imagenes_ventas/03212022_120743_coat4_[292.41-10].jpg
imagenes_ventas/09192022_145949_sneaker7_[4187.04-22].jpg
imagenes_ventas/09232022_230800_sandal5_[1748.2-0].jpg
imagenes_ventas/01252022_233316_sandal5_[3577.12-0].jpg
imagenes_ventas/05222022_045335_sneaker7_[2375.7-22].jpg
imagenes_ventas/03062022_041609_sneaker7_[1349.19-10].jpg
imagenes_ventas/01182022_031117_sandal5_[3271.09-22].jpg
imagenes_ventas/04062022_051735_dress3_[4693.76-10].jpg
imagenes_ventas/01112022_054324_coat4_[1963.83-0].jpg
imagenes_ventas/01092023_173317_bag8_[3974.98-10].jpg
imagenes_ventas/03012022_051001_t_shirt0_[1070.03-22].jpg
imagenes_ventas/02282022_133835_shirt6_[1949.19-22].jpg
imagenes_ventas/10272022_025505_sandal5_[2682.06-22].jpg
imagenes_ventas/09112022_223911_t_shirt0_[1043.34-22].jpg
imagenes_ventas/07042022_140920_dress3_[1255.49-22].jpg
imagenes_ventas/08072022_075730_sneaker7_[1104.23-22].jpg
imagenes_ventas/04272022_072015_ankle_boots9_[1250.69-0].jpg
imagenes_ventas/02112022_065211_sneaker7_[4727.53-10].jpg
imagenes_ventas/10282022_091941_dress3_[206.77-0].jpg
imagenes_ventas/02092022_080553_shirt6_[2772.36-0].jpg
imagenes_ventas/08212022_203730_coat4_[2174.36-10].jpg
imagenes_ventas/01112022_081125_pullover2_[3056.54-22].jpg
imagenes_ventas/01272022_052122_t_shirt0_[2223.06-10].jpg
imagenes_ventas/04222022_192645_t_shirt0_[3618.01-0].jpg
imagenes_ventas/01052023_171308_dress3_[4272.42-10].jpg
imagenes_ventas/05062022_092635_pullover2_[2512.74-22].jpg
imagenes_ventas/01102023_051114_t_shirt0_[3755.35-0].jpg
imagenes_ventas/05312022_004830_dress3_[4583.41-10].jpg
imagenes_ventas/04082022_044705_sneaker7_[3506.05-10].jpg
imagenes_ventas/01132022_171954_t_shirt0_[1399.63-22].jpg
imagenes_ventas/12302022_070654_bag8_[1095.29-22].jpg
imagenes_ventas/11212022_170926_dress3_[829.33-0].jpg
imagenes_ventas/06072022_001732_pullover2_[2746.84-0].jpg
imagenes_ventas/11252022_053530_t_shirt0_[3832.94-0].jpg
imagenes_ventas/07232022_195304_sneaker7_[1223.41-10].jpg
imagenes_ventas/07032022_010829_t_shirt0_[3929.06-10].jpg
imagenes_ventas/03042022_105959_sandal5_[3930.13-10].jpg
imagenes_ventas/11042022_185502_trouser1_[2968.77-10].jpg
imagenes_ventas/11202022_235219_pullover2_[3565.52-10].jpg
imagenes_ventas/04062022_175949_coat4_[2833.54-22].jpg
imagenes_ventas/04212022_204836_dress3_[1838.61-22].jpg
imagenes_ventas/01092022_210054_sandal5_[432.74-22].jpg
imagenes_ventas/02252022_192657_shirt6_[940.95-0].jpg
imagenes_ventas/12292022_080828_sneaker7_[2326.72-10].jpg
imagenes_ventas/02032022_205359_t_shirt0_[2485.89-10].jpg
imagenes_ventas/12292022_073554_trouser1_[2488.08-0].jpg
imagenes_ventas/04272022_130840_sandal5_[3147.26-22].jpg
imagenes_ventas/07032022_014607_bag8_[1608.61-22].jpg
imagenes_ventas/04052022_233939_coat4_[2400.67-0].jpg
imagenes_ventas/10132022_152948_sandal5_[898.99-22].jpg
imagenes_ventas/09212022_093650_dress3_[4576.02-0].jpg
imagenes_ventas/08312022_061943_ankle_boots9_[962.17-0].jpg
imagenes_ventas/12202022_081923_sneaker7_[1194.93-10].jpg
imagenes_ventas/10242022_133607_bag8_[3551.47-22].jpg
imagenes_ventas/01182022_114801_sneaker7_[291.48-0].jpg
imagenes_ventas/06132022_031253_ankle_boots9_[3918.27-0].jpg
imagenes_ventas/01192022_024231_trouser1_[3089.01-22].jpg
imagenes_ventas/09202022_131712_pullover2_[4410.53-22].jpg
imagenes_ventas/05172022_154348_bag8_[4376.14-0].jpg
imagenes_ventas/06272022_001038_coat4_[4138.15-22].jpg
imagenes_ventas/05222022_181554_coat4_[2086.35-22].jpg
imagenes_ventas/01022023_162519_sandal5_[4226.6-22].jpg
imagenes_ventas/12162022_020630_coat4_[3036.84-22].jpg
imagenes_ventas/10172022_234643_ankle_boots9_[2500.29-22].jpg
imagenes_ventas/02082022_032338_pullover2_[216.62-0].jpg
imagenes_ventas/08222022_180840_trouser1_[3969.87-22].jpg
imagenes_ventas/12232022_104751_sneaker7_[1726.13-10].jpg
imagenes_ventas/11152022_125556_sneaker7_[1277.54-22].jpg
imagenes_ventas/10082022_121215_dress3_[86.92-22].jpg
imagenes_ventas/08142022_173611_dress3_[2806.58-10].jpg
imagenes_ventas/10312022_225119_sneaker7_[4311.84-0].jpg
imagenes_ventas/07232022_201247_ankle_boots9_[636.13-0].jpg
imagenes_ventas/06182022_061829_dress3_[1973.0-0].jpg
imagenes_ventas/08072022_185348_dress3_[2741.43-10].jpg
imagenes_ventas/12152022_214751_shirt6_[638.19-0].jpg
imagenes_ventas/04292022_221605_bag8_[4438.13-22].jpg
imagenes_ventas/03072022_165038_t_shirt0_[1768.18-0].jpg
imagenes_ventas/05102022_095736_ankle_boots9_[2529.51-22].jpg
imagenes_ventas/10192022_191938_dress3_[4322.54-22].jpg
imagenes_ventas/02092022_023000_coat4_[3257.84-10].jpg
imagenes_ventas/07172022_214644_dress3_[3495.64-0].jpg
imagenes_ventas/11092022_193231_dress3_[2693.23-10].jpg
imagenes_ventas/10212022_200445_ankle_boots9_[2452.52-0].jpg
imagenes_ventas/07072022_051222_pullover2_[3048.09-22].jpg
imagenes_ventas/02192022_045813_sandal5_[392.12-0].jpg
imagenes_ventas/06112022_060059_ankle_boots9_[164.22-0].jpg
imagenes_ventas/03262022_042517_ankle_boots9_[1442.74-0].jpg
imagenes_ventas/06022022_170636_sneaker7_[2661.96-10].jpg
imagenes_ventas/06252022_230609_sneaker7_[4872.53-0].jpg
imagenes_ventas/06262022_111008_sandal5_[4115.09-10].jpg
imagenes_ventas/09162022_120047_dress3_[2300.39-22].jpg
imagenes_ventas/06292022_090946_ankle_boots9_[671.69-0].jpg
imagenes_ventas/11272022_094955_trouser1_[2079.67-22].jpg
imagenes_ventas/12102022_153636_coat4_[4250.0-10].jpg
imagenes_ventas/01112023_063205_t_shirt0_[4214.73-10].jpg
imagenes_ventas/02172022_175930_bag8_[32.62-22].jpg
imagenes_ventas/07272022_000859_sandal5_[3616.94-0].jpg
imagenes_ventas/05292022_023044_shirt6_[148.08-22].jpg
imagenes_ventas/06282022_061452_trouser1_[3782.56-0].jpg
imagenes_ventas/01072023_235429_coat4_[343.15-10].jpg
imagenes_ventas/01252022_122506_pullover2_[4152.84-0].jpg
imagenes_ventas/08262022_065139_t_shirt0_[4301.97-10].jpg
imagenes_ventas/07292022_083118_trouser1_[2331.82-0].jpg
imagenes_ventas/07082022_065009_sandal5_[4160.99-0].jpg
imagenes_ventas/08052022_074511_bag8_[579.42-10].jpg
imagenes_ventas/11032022_011323_pullover2_[3983.97-22].jpg
imagenes_ventas/10262022_015937_sneaker7_[4745.87-22].jpg
imagenes_ventas/10042022_070734_pullover2_[2280.71-22].jpg
imagenes_ventas/11052022_040754_bag8_[835.79-22].jpg
imagenes_ventas/06182022_045608_pullover2_[1650.49-22].jpg
imagenes_ventas/11012022_085624_pullover2_[3672.38-0].jpg
imagenes_ventas/12302022_090723_shirt6_[2059.04-22].jpg
imagenes_ventas/09052022_194614_dress3_[4743.77-0].jpg
imagenes_ventas/09302022_182104_pullover2_[1289.43-0].jpg
imagenes_ventas/04152022_051116_sandal5_[4071.38-22].jpg
imagenes_ventas/03112022_050924_bag8_[2453.96-10].jpg
imagenes_ventas/02262022_120046_sandal5_[2852.88-0].jpg
imagenes_ventas/08112022_132733_pullover2_[4268.94-10].jpg
imagenes_ventas/10062022_070900_pullover2_[63.71-0].jpg
imagenes_ventas/11282022_103453_dress3_[233.16-10].jpg
imagenes_ventas/04142022_215832_bag8_[1951.22-10].jpg
imagenes_ventas/03032022_050205_coat4_[3271.73-22].jpg
imagenes_ventas/07212022_050630_ankle_boots9_[406.98-10].jpg
imagenes_ventas/10182022_023444_sandal5_[1056.83-10].jpg
imagenes_ventas/04212022_065248_sneaker7_[4010.97-0].jpg
imagenes_ventas/12072022_212056_shirt6_[2772.3-0].jpg
imagenes_ventas/05172022_182221_dress3_[2466.09-22].jpg
imagenes_ventas/02212022_122501_trouser1_[3254.81-0].jpg
imagenes_ventas/12212022_233911_trouser1_[705.49-0].jpg
imagenes_ventas/08272022_153110_bag8_[4749.01-10].jpg
imagenes_ventas/02062022_232036_coat4_[2053.64-22].jpg
imagenes_ventas/09022022_204455_dress3_[885.57-0].jpg
imagenes_ventas/01032022_234005_dress3_[463.3-0].jpg
imagenes_ventas/10182022_013019_sandal5_[2047.2-10].jpg
imagenes_ventas/11302022_095352_dress3_[2499.11-22].jpg
imagenes_ventas/02092022_062827_sandal5_[1774.32-22].jpg
imagenes_ventas/01052022_030755_bag8_[2989.36-10].jpg
imagenes_ventas/08272022_113432_shirt6_[4884.48-22].jpg
imagenes_ventas/01052023_184641_sandal5_[3984.57-0].jpg
imagenes_ventas/08292022_133523_pullover2_[3704.52-0].jpg
imagenes_ventas/01272022_092232_bag8_[2408.0-22].jpg
imagenes_ventas/02102022_223651_bag8_[3291.64-0].jpg
imagenes_ventas/05102022_203117_sneaker7_[522.99-0].jpg
imagenes_ventas/01212022_203951_pullover2_[421.0-22].jpg
imagenes_ventas/10192022_162709_coat4_[1543.32-10].jpg
imagenes_ventas/03042022_130315_trouser1_[3832.79-10].jpg
imagenes_ventas/08302022_094430_coat4_[1335.03-10].jpg
imagenes_ventas/05312022_092233_pullover2_[176.12-10].jpg
imagenes_ventas/06122022_225601_ankle_boots9_[4750.76-0].jpg
imagenes_ventas/01172022_012219_bag8_[4868.02-22].jpg
imagenes_ventas/07222022_094515_coat4_[3740.37-10].jpg
imagenes_ventas/03232022_014722_t_shirt0_[3208.58-22].jpg
imagenes_ventas/06292022_202332_sandal5_[746.25-10].jpg
imagenes_ventas/05282022_221704_trouser1_[2074.47-0].jpg
imagenes_ventas/03292022_015651_sneaker7_[1006.22-0].jpg
imagenes_ventas/02182022_094015_ankle_boots9_[4944.48-22].jpg
imagenes_ventas/05092022_202013_shirt6_[519.86-22].jpg
imagenes_ventas/12042022_042143_t_shirt0_[81.47-10].jpg
imagenes_ventas/07052022_200248_coat4_[3346.64-22].jpg
imagenes_ventas/08252022_232958_bag8_[1022.1-10].jpg
imagenes_ventas/02212022_154313_t_shirt0_[1957.06-22].jpg
imagenes_ventas/04042022_115523_bag8_[527.41-10].jpg
imagenes_ventas/01062023_034652_ankle_boots9_[4736.3-22].jpg
imagenes_ventas/04122022_121414_sneaker7_[814.49-22].jpg
imagenes_ventas/10112022_083817_dress3_[1089.99-22].jpg
imagenes_ventas/01032022_092249_coat4_[3370.94-0].jpg
imagenes_ventas/06222022_144727_dress3_[1798.18-0].jpg
imagenes_ventas/09122022_002330_pullover2_[4481.32-10].jpg
imagenes_ventas/08052022_052243_t_shirt0_[602.21-10].jpg
imagenes_ventas/04012022_190101_coat4_[39.81-0].jpg
imagenes_ventas/05132022_201739_sneaker7_[1549.41-0].jpg
imagenes_ventas/11052022_115113_ankle_boots9_[2487.01-0].jpg
imagenes_ventas/12172022_010810_dress3_[537.31-0].jpg
imagenes_ventas/11232022_152445_trouser1_[507.17-0].jpg
imagenes_ventas/10132022_111710_sandal5_[3612.12-0].jpg
imagenes_ventas/08212022_201637_sandal5_[164.7-0].jpg
imagenes_ventas/06232022_100118_ankle_boots9_[1877.39-10].jpg
imagenes_ventas/10242022_135640_trouser1_[2068.18-22].jpg
imagenes_ventas/05192022_121150_t_shirt0_[1951.24-10].jpg
imagenes_ventas/07092022_055131_sandal5_[1601.87-22].jpg
imagenes_ventas/04022022_105144_t_shirt0_[1385.37-0].jpg
imagenes_ventas/07082022_103320_t_shirt0_[4645.13-10].jpg
imagenes_ventas/12062022_205749_ankle_boots9_[3520.74-0].jpg
imagenes_ventas/04242022_184726_ankle_boots9_[2208.7-22].jpg
imagenes_ventas/11042022_045926_sneaker7_[4144.51-22].jpg
imagenes_ventas/11142022_073025_coat4_[2697.98-22].jpg
imagenes_ventas/06192022_064937_t_shirt0_[80.51-10].jpg
imagenes_ventas/09052022_073526_shirt6_[1841.69-10].jpg
imagenes_ventas/04262022_102156_sandal5_[3619.6-22].jpg
imagenes_ventas/08252022_120206_trouser1_[3643.58-10].jpg
imagenes_ventas/06072022_034158_dress3_[1714.49-10].jpg
imagenes_ventas/09242022_205148_coat4_[1490.55-22].jpg
imagenes_ventas/03172022_152806_shirt6_[3794.8-10].jpg
imagenes_ventas/12022022_141839_bag8_[3628.32-0].jpg
imagenes_ventas/05012022_180650_sneaker7_[1263.32-22].jpg
imagenes_ventas/09152022_143644_pullover2_[2464.4-0].jpg
imagenes_ventas/06282022_000821_coat4_[1565.19-0].jpg
imagenes_ventas/01302022_045459_sandal5_[2296.6-22].jpg
imagenes_ventas/03212022_021242_sneaker7_[3967.09-0].jpg
imagenes_ventas/07282022_162337_bag8_[4952.35-22].jpg
imagenes_ventas/03282022_161021_sandal5_[4080.02-22].jpg
imagenes_ventas/09262022_221404_dress3_[2703.18-22].jpg
imagenes_ventas/04072022_171421_bag8_[1834.48-22].jpg
imagenes_ventas/09032022_215649_coat4_[4998.86-10].jpg
imagenes_ventas/01022023_044110_pullover2_[4187.0-10].jpg
imagenes_ventas/08072022_123841_dress3_[4591.5-10].jpg
imagenes_ventas/09272022_114523_trouser1_[3635.08-22].jpg
imagenes_ventas/01032022_213719_ankle_boots9_[3821.47-22].jpg
imagenes_ventas/10272022_052220_bag8_[3287.85-22].jpg
imagenes_ventas/02182022_151841_bag8_[4839.04-10].jpg
imagenes_ventas/11102022_023035_shirt6_[3212.45-0].jpg
imagenes_ventas/11082022_212741_bag8_[2691.7-22].jpg
imagenes_ventas/11162022_211023_trouser1_[467.24-0].jpg
imagenes_ventas/09072022_094858_dress3_[2323.67-0].jpg
imagenes_ventas/05142022_004316_shirt6_[2062.78-22].jpg
imagenes_ventas/11212022_184319_trouser1_[1423.17-22].jpg
imagenes_ventas/09042022_085443_sandal5_[1710.46-0].jpg
imagenes_ventas/04292022_125540_shirt6_[1187.27-22].jpg
imagenes_ventas/03142022_032751_pullover2_[2166.24-0].jpg
imagenes_ventas/08292022_113245_sandal5_[3928.59-0].jpg
imagenes_ventas/09232022_202916_ankle_boots9_[2397.29-0].jpg
imagenes_ventas/05052022_000249_shirt6_[3855.3-22].jpg
imagenes_ventas/10172022_232636_sandal5_[4844.06-22].jpg
imagenes_ventas/01282022_200022_dress3_[231.24-22].jpg
imagenes_ventas/11022022_190713_bag8_[400.38-22].jpg
imagenes_ventas/01192022_051213_pullover2_[2378.41-22].jpg
imagenes_ventas/03132022_011017_trouser1_[1210.52-0].jpg
imagenes_ventas/12192022_153620_shirt6_[3537.8-10].jpg
imagenes_ventas/01112022_143313_shirt6_[1548.85-10].jpg
imagenes_ventas/03092022_050609_sandal5_[2068.61-0].jpg
imagenes_ventas/08282022_043716_bag8_[1489.89-0].jpg
imagenes_ventas/12222022_191929_trouser1_[1487.41-10].jpg
imagenes_ventas/04042022_042943_trouser1_[2951.42-10].jpg
imagenes_ventas/01072023_013228_t_shirt0_[704.77-0].jpg
imagenes_ventas/01212022_182640_shirt6_[4889.75-0].jpg
imagenes_ventas/08022022_004416_shirt6_[566.97-22].jpg
imagenes_ventas/10112022_085122_sandal5_[2296.28-10].jpg
imagenes_ventas/12312022_041418_pullover2_[958.25-22].jpg
imagenes_ventas/04052022_142954_dress3_[4257.85-10].jpg
imagenes_ventas/11042022_034803_trouser1_[2219.58-22].jpg
imagenes_ventas/12172022_140402_coat4_[2047.48-0].jpg
imagenes_ventas/03262022_233140_coat4_[2084.65-10].jpg
imagenes_ventas/06272022_043316_ankle_boots9_[896.33-22].jpg
imagenes_ventas/04052022_232654_shirt6_[1119.69-0].jpg
imagenes_ventas/03032022_001558_t_shirt0_[917.05-0].jpg
imagenes_ventas/10032022_071056_sneaker7_[3921.03-10].jpg
imagenes_ventas/03162022_051148_sneaker7_[4435.18-0].jpg
imagenes_ventas/09172022_181405_dress3_[4172.02-22].jpg
imagenes_ventas/01272022_233030_sandal5_[4996.98-10].jpg
imagenes_ventas/08082022_131044_dress3_[264.18-10].jpg
imagenes_ventas/11212022_014233_ankle_boots9_[2560.12-10].jpg
imagenes_ventas/06012022_192457_sandal5_[1227.88-10].jpg
imagenes_ventas/02262022_170809_pullover2_[2436.4-10].jpg
imagenes_ventas/01012023_190910_dress3_[3497.12-22].jpg
imagenes_ventas/10012022_214534_shirt6_[2106.83-22].jpg
imagenes_ventas/08192022_132425_sandal5_[3917.17-22].jpg
imagenes_ventas/08172022_135730_coat4_[1658.14-10].jpg
imagenes_ventas/12282022_170438_pullover2_[804.42-22].jpg
imagenes_ventas/11122022_190159_ankle_boots9_[355.0-0].jpg
imagenes_ventas/08292022_001716_pullover2_[319.49-22].jpg
imagenes_ventas/11192022_005534_ankle_boots9_[2382.56-22].jpg
imagenes_ventas/06212022_053906_shirt6_[4758.83-22].jpg
imagenes_ventas/05102022_214719_sneaker7_[2720.1-0].jpg
imagenes_ventas/02232022_153304_sandal5_[1865.69-22].jpg
imagenes_ventas/05272022_085114_shirt6_[1714.29-10].jpg
imagenes_ventas/06092022_143354_dress3_[4749.88-22].jpg
imagenes_ventas/12092022_165810_t_shirt0_[2732.33-22].jpg
imagenes_ventas/01252022_011137_pullover2_[2315.05-0].jpg
imagenes_ventas/12072022_155403_sandal5_[3183.77-10].jpg
imagenes_ventas/08162022_232149_dress3_[4230.68-10].jpg
imagenes_ventas/10182022_011541_ankle_boots9_[3548.05-10].jpg
imagenes_ventas/06162022_224236_coat4_[4983.3-10].jpg
imagenes_ventas/01162022_181929_shirt6_[4641.89-10].jpg
imagenes_ventas/04092022_155916_sneaker7_[1765.45-0].jpg
imagenes_ventas/05192022_083935_trouser1_[2273.61-10].jpg
imagenes_ventas/01072023_171625_bag8_[4973.44-10].jpg
imagenes_ventas/02172022_104948_bag8_[1596.14-22].jpg
imagenes_ventas/09012022_013147_pullover2_[2204.64-10].jpg
imagenes_ventas/12172022_045034_bag8_[4446.23-22].jpg
imagenes_ventas/08292022_215513_shirt6_[1155.71-0].jpg
imagenes_ventas/09172022_112939_shirt6_[1944.08-10].jpg
imagenes_ventas/01262022_191301_sneaker7_[4616.63-22].jpg
imagenes_ventas/08062022_172605_t_shirt0_[1525.22-0].jpg
imagenes_ventas/09022022_044009_t_shirt0_[1571.89-0].jpg
imagenes_ventas/11032022_092510_bag8_[3556.12-0].jpg
imagenes_ventas/01102022_111552_bag8_[2579.94-10].jpg
imagenes_ventas/01022023_112139_coat4_[104.92-0].jpg
imagenes_ventas/07082022_080522_dress3_[4210.14-0].jpg
imagenes_ventas/03192022_144423_coat4_[2869.52-22].jpg
imagenes_ventas/12032022_182823_t_shirt0_[627.83-10].jpg
imagenes_ventas/07292022_234523_coat4_[3833.66-22].jpg
imagenes_ventas/09302022_182053_dress3_[1039.24-0].jpg
imagenes_ventas/12242022_181622_sneaker7_[4710.93-10].jpg
imagenes_ventas/04112022_111120_ankle_boots9_[4081.87-0].jpg
imagenes_ventas/03202022_212216_sandal5_[3983.44-0].jpg
imagenes_ventas/05162022_004322_shirt6_[4384.61-0].jpg
imagenes_ventas/06012022_081453_dress3_[2114.35-0].jpg
imagenes_ventas/07092022_022730_trouser1_[2695.02-10].jpg
imagenes_ventas/10152022_114954_coat4_[843.35-0].jpg
imagenes_ventas/10292022_040450_t_shirt0_[3436.4-10].jpg
imagenes_ventas/10272022_011923_ankle_boots9_[4435.58-22].jpg
imagenes_ventas/08072022_193832_sandal5_[229.52-0].jpg
imagenes_ventas/08152022_113837_sandal5_[1280.72-22].jpg
imagenes_ventas/10172022_053646_sneaker7_[742.76-10].jpg
imagenes_ventas/09112022_061141_coat4_[3325.88-10].jpg
imagenes_ventas/06112022_215331_ankle_boots9_[1166.4-10].jpg
imagenes_ventas/06142022_152324_coat4_[1102.5-0].jpg
imagenes_ventas/09102022_071958_ankle_boots9_[170.4-0].jpg
imagenes_ventas/04212022_143844_sandal5_[2002.58-10].jpg
imagenes_ventas/12252022_055810_pullover2_[576.92-10].jpg
imagenes_ventas/07052022_035923_pullover2_[4099.81-0].jpg
imagenes_ventas/09072022_131010_coat4_[1174.59-0].jpg
imagenes_ventas/10302022_142431_coat4_[1784.5-0].jpg
imagenes_ventas/02232022_140401_sandal5_[3355.37-22].jpg
imagenes_ventas/01032022_112544_sandal5_[2546.12-10].jpg
imagenes_ventas/04292022_230946_coat4_[4454.18-0].jpg
imagenes_ventas/01092022_104917_t_shirt0_[2652.01-0].jpg
imagenes_ventas/09082022_025406_sneaker7_[3733.03-10].jpg
imagenes_ventas/03052022_221932_sneaker7_[2100.46-10].jpg
imagenes_ventas/09242022_182043_coat4_[3594.07-10].jpg
imagenes_ventas/06272022_132135_t_shirt0_[3508.03-22].jpg
imagenes_ventas/12282022_100421_trouser1_[4574.59-0].jpg
imagenes_ventas/06302022_150450_sandal5_[456.44-22].jpg
imagenes_ventas/01202022_115252_t_shirt0_[726.03-10].jpg
imagenes_ventas/04202022_220130_pullover2_[3537.63-0].jpg
imagenes_ventas/07292022_032924_pullover2_[4350.56-10].jpg
imagenes_ventas/12212022_225411_sandal5_[3132.56-10].jpg
imagenes_ventas/10102022_100354_sandal5_[2657.55-22].jpg
imagenes_ventas/02232022_190604_bag8_[48.99-22].jpg
imagenes_ventas/03232022_124423_trouser1_[3008.0-10].jpg
imagenes_ventas/04072022_192058_bag8_[314.1-10].jpg
imagenes_ventas/06232022_100141_coat4_[1483.29-0].jpg
imagenes_ventas/08292022_231833_pullover2_[3723.89-0].jpg
imagenes_ventas/05232022_165847_dress3_[111.59-10].jpg
imagenes_ventas/03272022_132802_sneaker7_[3306.92-0].jpg
imagenes_ventas/05162022_235435_sandal5_[4681.29-0].jpg
imagenes_ventas/12082022_092833_trouser1_[205.25-10].jpg
imagenes_ventas/11282022_154929_trouser1_[1715.8-22].jpg
imagenes_ventas/11052022_220458_t_shirt0_[2370.07-0].jpg
imagenes_ventas/04262022_161751_pullover2_[142.33-10].jpg
imagenes_ventas/08142022_085220_shirt6_[2700.52-0].jpg
imagenes_ventas/05062022_105211_dress3_[4657.89-22].jpg
imagenes_ventas/04262022_153003_bag8_[2074.59-10].jpg
imagenes_ventas/10182022_060406_coat4_[4191.78-10].jpg
imagenes_ventas/04302022_101057_bag8_[3734.13-22].jpg
imagenes_ventas/11042022_194908_coat4_[3044.88-10].jpg
imagenes_ventas/08312022_140134_dress3_[4092.06-22].jpg
imagenes_ventas/10212022_185104_shirt6_[3182.3-22].jpg
imagenes_ventas/01042022_042149_pullover2_[964.6-0].jpg
imagenes_ventas/04112022_061221_t_shirt0_[1241.45-22].jpg
imagenes_ventas/07112022_075722_shirt6_[1441.02-22].jpg
imagenes_ventas/10032022_164544_shirt6_[65.25-22].jpg
imagenes_ventas/04182022_121915_pullover2_[3696.22-0].jpg
imagenes_ventas/01262022_132758_coat4_[2306.16-10].jpg
imagenes_ventas/12242022_224836_ankle_boots9_[3001.04-22].jpg
imagenes_ventas/01072023_034555_bag8_[360.41-0].jpg
imagenes_ventas/11242022_113039_sneaker7_[4783.68-10].jpg
imagenes_ventas/01042023_225401_ankle_boots9_[1028.02-10].jpg
imagenes_ventas/10152022_152022_dress3_[4004.76-22].jpg
imagenes_ventas/12282022_135628_ankle_boots9_[201.66-0].jpg
imagenes_ventas/10292022_081824_sneaker7_[3520.93-0].jpg
imagenes_ventas/09192022_115609_t_shirt0_[583.18-0].jpg
imagenes_ventas/01252022_044020_bag8_[3690.58-0].jpg
imagenes_ventas/12112022_193600_coat4_[1902.0-0].jpg
imagenes_ventas/11272022_101555_bag8_[2432.96-22].jpg
imagenes_ventas/03312022_212700_coat4_[3969.26-10].jpg
imagenes_ventas/04282022_235642_ankle_boots9_[1246.55-22].jpg
imagenes_ventas/08212022_092747_ankle_boots9_[2964.23-10].jpg
imagenes_ventas/07052022_160036_bag8_[4476.44-10].jpg
imagenes_ventas/03172022_073350_sneaker7_[2963.8-22].jpg
imagenes_ventas/09272022_020233_sneaker7_[3797.88-22].jpg
imagenes_ventas/12042022_102602_shirt6_[1034.02-0].jpg
imagenes_ventas/03062022_012231_sneaker7_[3054.35-10].jpg
imagenes_ventas/10222022_221845_pullover2_[2155.54-22].jpg
imagenes_ventas/12272022_235050_ankle_boots9_[3888.71-10].jpg
imagenes_ventas/09122022_072727_coat4_[2223.42-22].jpg
imagenes_ventas/06052022_173322_trouser1_[4183.23-10].jpg
imagenes_ventas/08092022_214823_sneaker7_[1560.56-10].jpg
imagenes_ventas/08152022_065915_sneaker7_[1276.91-10].jpg
imagenes_ventas/08072022_085433_dress3_[156.72-22].jpg
imagenes_ventas/08232022_080816_bag8_[3938.9-22].jpg
imagenes_ventas/12182022_021342_pullover2_[2827.94-10].jpg
imagenes_ventas/09082022_201939_t_shirt0_[1847.03-0].jpg
imagenes_ventas/05232022_053304_shirt6_[3783.93-10].jpg
imagenes_ventas/05132022_061537_dress3_[4923.39-10].jpg
imagenes_ventas/08092022_100437_trouser1_[2553.01-0].jpg
imagenes_ventas/09042022_034147_dress3_[1599.23-10].jpg
imagenes_ventas/08122022_222946_sandal5_[827.76-22].jpg
imagenes_ventas/06072022_212123_sandal5_[857.83-22].jpg
imagenes_ventas/02062022_201804_dress3_[441.08-0].jpg
imagenes_ventas/04212022_021552_coat4_[2099.71-0].jpg
imagenes_ventas/10232022_130811_coat4_[1026.7-22].jpg
imagenes_ventas/05302022_043815_bag8_[2403.45-22].jpg
imagenes_ventas/03112022_035616_pullover2_[912.69-10].jpg
imagenes_ventas/12212022_224531_sandal5_[2286.95-22].jpg
imagenes_ventas/12072022_102206_dress3_[3085.82-22].jpg
imagenes_ventas/08122022_130815_trouser1_[2475.81-0].jpg
imagenes_ventas/04162022_204449_ankle_boots9_[1943.64-0].jpg
imagenes_ventas/10262022_210915_pullover2_[2323.73-22].jpg
imagenes_ventas/07232022_180628_t_shirt0_[3285.1-22].jpg
imagenes_ventas/04202022_142740_shirt6_[3896.83-0].jpg
imagenes_ventas/04152022_153959_t_shirt0_[2939.05-10].jpg
imagenes_ventas/05122022_053804_sandal5_[2104.56-22].jpg
imagenes_ventas/09252022_052234_sneaker7_[4644.17-10].jpg
imagenes_ventas/06072022_095451_sandal5_[2313.65-0].jpg
imagenes_ventas/03312022_185651_sneaker7_[3302.87-0].jpg
imagenes_ventas/09302022_032015_t_shirt0_[4296.49-10].jpg
imagenes_ventas/06102022_120722_ankle_boots9_[4196.37-10].jpg
imagenes_ventas/05052022_085339_t_shirt0_[2474.6-10].jpg
imagenes_ventas/09192022_045022_bag8_[214.59-0].jpg
imagenes_ventas/09082022_054822_trouser1_[944.2-0].jpg
imagenes_ventas/07192022_010845_sneaker7_[4034.53-22].jpg
imagenes_ventas/11282022_011215_shirt6_[2138.14-10].jpg
imagenes_ventas/12082022_041540_dress3_[3460.16-0].jpg
imagenes_ventas/05162022_223530_coat4_[1260.95-0].jpg
imagenes_ventas/08092022_203825_t_shirt0_[512.58-0].jpg
imagenes_ventas/01132022_041952_sandal5_[918.64-10].jpg
imagenes_ventas/08132022_042140_coat4_[2150.1-22].jpg
imagenes_ventas/07272022_023429_dress3_[3184.35-0].jpg
imagenes_ventas/11262022_215102_t_shirt0_[3233.69-22].jpg
imagenes_ventas/09192022_142830_pullover2_[4100.14-0].jpg
imagenes_ventas/04172022_102629_pullover2_[3917.88-10].jpg
imagenes_ventas/08182022_050526_sneaker7_[1554.83-22].jpg
imagenes_ventas/01052023_032331_sneaker7_[3523.76-0].jpg
imagenes_ventas/05082022_115540_bag8_[488.21-10].jpg
imagenes_ventas/06102022_175755_shirt6_[1051.23-22].jpg
imagenes_ventas/04172022_015952_bag8_[3332.48-10].jpg
imagenes_ventas/09032022_032022_pullover2_[2803.08-0].jpg
imagenes_ventas/01152022_131718_bag8_[2678.58-22].jpg
imagenes_ventas/02252022_093113_dress3_[3769.9-10].jpg
imagenes_ventas/09302022_172325_bag8_[3473.83-0].jpg
imagenes_ventas/11302022_040926_t_shirt0_[4087.32-22].jpg
imagenes_ventas/04152022_212711_ankle_boots9_[4006.12-10].jpg
imagenes_ventas/07032022_121132_bag8_[3617.91-22].jpg
imagenes_ventas/03032022_120331_sandal5_[197.21-10].jpg
imagenes_ventas/12142022_005501_trouser1_[2903.17-22].jpg
imagenes_ventas/11272022_070817_pullover2_[1508.87-22].jpg
imagenes_ventas/07312022_154642_t_shirt0_[2152.8-10].jpg
imagenes_ventas/01082023_005724_t_shirt0_[4552.18-0].jpg
imagenes_ventas/05102022_214930_dress3_[1600.83-22].jpg
imagenes_ventas/06022022_015957_pullover2_[4768.14-10].jpg
imagenes_ventas/03222022_052127_sneaker7_[1165.78-22].jpg
imagenes_ventas/03102022_071402_pullover2_[633.51-10].jpg
imagenes_ventas/10142022_105214_trouser1_[4233.76-10].jpg
imagenes_ventas/05142022_160514_t_shirt0_[4310.03-0].jpg
imagenes_ventas/08062022_173916_trouser1_[674.59-22].jpg
imagenes_ventas/07042022_215828_pullover2_[3024.63-0].jpg
imagenes_ventas/01142022_020701_sandal5_[718.8-0].jpg
imagenes_ventas/02222022_203602_trouser1_[196.77-10].jpg
imagenes_ventas/12212022_201923_sneaker7_[4647.83-10].jpg
imagenes_ventas/02182022_195626_bag8_[2348.11-10].jpg
imagenes_ventas/06032022_120732_pullover2_[2489.06-0].jpg
imagenes_ventas/04282022_012448_shirt6_[171.6-10].jpg
imagenes_ventas/12112022_132511_ankle_boots9_[4662.82-0].jpg
imagenes_ventas/04072022_171102_bag8_[1947.44-22].jpg
imagenes_ventas/12022022_115315_sneaker7_[4139.74-22].jpg
imagenes_ventas/10312022_015319_dress3_[1723.66-10].jpg
imagenes_ventas/12102022_071936_dress3_[653.59-22].jpg
imagenes_ventas/07092022_003632_pullover2_[365.7-10].jpg
imagenes_ventas/09182022_050320_bag8_[4622.12-22].jpg
imagenes_ventas/02222022_030724_pullover2_[936.6-0].jpg
imagenes_ventas/10132022_025507_dress3_[2000.89-0].jpg
imagenes_ventas/11182022_181927_trouser1_[3291.45-0].jpg
imagenes_ventas/05112022_040220_shirt6_[4477.67-10].jpg
imagenes_ventas/07182022_070317_trouser1_[319.07-10].jpg
imagenes_ventas/01032023_070818_trouser1_[3691.08-22].jpg
imagenes_ventas/07292022_084309_trouser1_[1582.59-0].jpg
imagenes_ventas/12292022_020914_sneaker7_[1300.84-0].jpg
imagenes_ventas/07282022_065951_dress3_[906.95-22].jpg
imagenes_ventas/06192022_130129_sandal5_[2024.33-22].jpg
imagenes_ventas/06212022_235158_dress3_[1300.09-22].jpg
imagenes_ventas/07092022_033603_dress3_[3236.17-22].jpg
imagenes_ventas/10152022_040255_shirt6_[4634.47-22].jpg
imagenes_ventas/11212022_043321_dress3_[846.2-10].jpg
imagenes_ventas/10022022_083936_sandal5_[2497.57-10].jpg
imagenes_ventas/03282022_202033_t_shirt0_[1983.03-0].jpg
imagenes_ventas/01112022_112749_dress3_[4288.32-22].jpg
imagenes_ventas/12222022_091054_sandal5_[3287.14-10].jpg
imagenes_ventas/03302022_025808_bag8_[3030.12-22].jpg
imagenes_ventas/10202022_054352_sandal5_[1837.25-0].jpg
imagenes_ventas/12152022_000021_bag8_[4514.71-22].jpg
imagenes_ventas/06042022_163347_pullover2_[656.9-22].jpg
imagenes_ventas/09112022_013104_coat4_[4663.29-10].jpg
imagenes_ventas/01152022_005557_shirt6_[3824.24-22].jpg
imagenes_ventas/10272022_123409_coat4_[2045.13-0].jpg
imagenes_ventas/10312022_202544_coat4_[2447.69-22].jpg
imagenes_ventas/08222022_122527_t_shirt0_[2800.45-0].jpg
imagenes_ventas/09272022_093520_dress3_[80.56-22].jpg
imagenes_ventas/11252022_003432_dress3_[396.32-0].jpg
imagenes_ventas/02202022_233836_sandal5_[2167.23-0].jpg
imagenes_ventas/03082022_133636_t_shirt0_[3184.32-10].jpg
imagenes_ventas/01272022_235146_pullover2_[4031.86-0].jpg
imagenes_ventas/08082022_081225_trouser1_[3462.35-10].jpg
imagenes_ventas/10112022_012534_sneaker7_[3885.6-10].jpg
imagenes_ventas/03262022_094551_coat4_[695.76-10].jpg
imagenes_ventas/03142022_171609_dress3_[468.06-22].jpg
imagenes_ventas/08062022_150221_pullover2_[3271.83-10].jpg
imagenes_ventas/03062022_003226_trouser1_[3680.0-10].jpg
imagenes_ventas/01132022_044503_dress3_[98.21-0].jpg
imagenes_ventas/10232022_124242_shirt6_[383.16-10].jpg
imagenes_ventas/12242022_073308_trouser1_[4800.95-10].jpg
imagenes_ventas/07302022_063210_dress3_[253.23-0].jpg
imagenes_ventas/12252022_190838_sneaker7_[4958.04-0].jpg
imagenes_ventas/02262022_210914_sandal5_[4544.65-22].jpg
imagenes_ventas/08122022_141947_ankle_boots9_[4137.44-0].jpg
imagenes_ventas/07022022_013344_pullover2_[1257.04-10].jpg
imagenes_ventas/11172022_142808_coat4_[555.38-22].jpg
imagenes_ventas/08232022_033626_shirt6_[283.04-10].jpg
imagenes_ventas/02132022_174252_shirt6_[4377.07-10].jpg
imagenes_ventas/09052022_044159_bag8_[132.92-10].jpg
imagenes_ventas/02272022_224948_ankle_boots9_[3297.41-10].jpg
imagenes_ventas/12252022_003015_trouser1_[2774.44-22].jpg
imagenes_ventas/02062022_133616_sneaker7_[2988.86-0].jpg
imagenes_ventas/04222022_150415_dress3_[773.95-22].jpg
imagenes_ventas/05022022_195958_pullover2_[1052.13-22].jpg
imagenes_ventas/11212022_090754_dress3_[3371.95-10].jpg
imagenes_ventas/01312022_041747_t_shirt0_[4445.71-10].jpg
imagenes_ventas/02092022_095923_trouser1_[4167.67-22].jpg
imagenes_ventas/11042022_062225_t_shirt0_[4253.82-10].jpg
imagenes_ventas/07232022_055828_pullover2_[3635.29-22].jpg
imagenes_ventas/05292022_222844_coat4_[1930.84-22].jpg
imagenes_ventas/01072023_213606_bag8_[3155.17-0].jpg
imagenes_ventas/10142022_215927_bag8_[3865.76-0].jpg
imagenes_ventas/02132022_234648_ankle_boots9_[2696.26-10].jpg
imagenes_ventas/07102022_000437_bag8_[811.51-22].jpg
imagenes_ventas/09172022_184725_bag8_[564.21-0].jpg
imagenes_ventas/03062022_115624_dress3_[2280.87-10].jpg
imagenes_ventas/05282022_205312_sneaker7_[1714.05-22].jpg
imagenes_ventas/12132022_153714_t_shirt0_[2500.63-10].jpg
imagenes_ventas/09202022_214620_pullover2_[1553.24-10].jpg
imagenes_ventas/05192022_012519_sandal5_[995.26-0].jpg
imagenes_ventas/02082022_044121_pullover2_[4445.27-0].jpg
imagenes_ventas/01072023_201613_pullover2_[2367.2-0].jpg
imagenes_ventas/03132022_005159_shirt6_[2890.45-0].jpg
imagenes_ventas/10152022_110138_trouser1_[3019.12-0].jpg
imagenes_ventas/12132022_041833_dress3_[3982.94-10].jpg
imagenes_ventas/05292022_144314_pullover2_[4006.54-22].jpg
imagenes_ventas/07102022_001120_pullover2_[3633.08-0].jpg
imagenes_ventas/01082022_165745_t_shirt0_[1509.02-22].jpg
imagenes_ventas/01102022_070853_sandal5_[890.96-0].jpg
imagenes_ventas/01022023_183456_pullover2_[685.52-0].jpg
imagenes_ventas/02082022_193643_bag8_[3244.69-22].jpg
imagenes_ventas/11102022_173443_shirt6_[1253.23-10].jpg
imagenes_ventas/11172022_121212_coat4_[1375.74-0].jpg
imagenes_ventas/05142022_024817_dress3_[3808.34-22].jpg
imagenes_ventas/08142022_104619_coat4_[609.36-10].jpg
imagenes_ventas/12172022_055112_bag8_[4477.06-10].jpg
imagenes_ventas/10242022_015256_sneaker7_[987.37-0].jpg
imagenes_ventas/07172022_114427_ankle_boots9_[608.09-10].jpg
imagenes_ventas/02152022_203658_shirt6_[4294.99-0].jpg
imagenes_ventas/07242022_120720_t_shirt0_[3877.23-0].jpg
imagenes_ventas/06292022_083424_dress3_[1456.33-10].jpg
imagenes_ventas/01182022_172217_trouser1_[3254.39-0].jpg
imagenes_ventas/05062022_005003_sneaker7_[2515.74-22].jpg
imagenes_ventas/04172022_040247_dress3_[751.02-10].jpg
imagenes_ventas/09122022_020120_dress3_[3273.06-10].jpg
imagenes_ventas/01272022_185349_t_shirt0_[2394.85-10].jpg
imagenes_ventas/08262022_210942_sneaker7_[2988.55-10].jpg
imagenes_ventas/04192022_003836_t_shirt0_[1114.4-0].jpg
imagenes_ventas/02152022_055449_trouser1_[833.24-22].jpg
imagenes_ventas/01282022_015937_sandal5_[4247.53-22].jpg
imagenes_ventas/05012022_021518_pullover2_[294.56-0].jpg
imagenes_ventas/11272022_133257_bag8_[1459.66-22].jpg
imagenes_ventas/04222022_161529_coat4_[3674.48-0].jpg
imagenes_ventas/09232022_180038_t_shirt0_[1832.9-10].jpg
imagenes_ventas/06012022_015606_ankle_boots9_[3718.35-0].jpg
imagenes_ventas/08152022_032036_dress3_[3359.05-10].jpg
imagenes_ventas/05022022_151335_dress3_[651.59-22].jpg
imagenes_ventas/09272022_112025_trouser1_[3137.14-22].jpg
imagenes_ventas/04302022_141140_sneaker7_[4387.51-10].jpg
imagenes_ventas/08202022_035207_coat4_[4743.77-10].jpg
imagenes_ventas/08122022_013925_bag8_[156.67-22].jpg
imagenes_ventas/12262022_071817_sandal5_[4685.67-0].jpg
imagenes_ventas/01222022_010408_trouser1_[2372.69-0].jpg
imagenes_ventas/11032022_112141_trouser1_[3752.25-0].jpg
imagenes_ventas/01242022_055523_sneaker7_[2358.53-22].jpg
imagenes_ventas/02122022_065636_coat4_[4080.88-22].jpg
imagenes_ventas/04172022_042825_ankle_boots9_[3329.69-0].jpg
imagenes_ventas/01162022_082006_sneaker7_[93.39-10].jpg
imagenes_ventas/01042023_105305_pullover2_[4040.23-10].jpg
imagenes_ventas/01202022_180450_sandal5_[3623.04-0].jpg
imagenes_ventas/01272022_135140_trouser1_[1621.73-0].jpg
imagenes_ventas/01082022_131607_sneaker7_[2016.66-10].jpg
imagenes_ventas/07242022_164031_ankle_boots9_[748.28-0].jpg
imagenes_ventas/09082022_094456_coat4_[2585.61-22].jpg
imagenes_ventas/02082022_174852_shirt6_[796.75-10].jpg
imagenes_ventas/09262022_085233_trouser1_[3984.44-10].jpg
imagenes_ventas/10262022_163330_t_shirt0_[2295.82-22].jpg
imagenes_ventas/08272022_080935_sneaker7_[4563.82-0].jpg
imagenes_ventas/12222022_015828_t_shirt0_[83.39-0].jpg
imagenes_ventas/01082023_032307_bag8_[3239.93-10].jpg
imagenes_ventas/03042022_162600_trouser1_[179.32-0].jpg
imagenes_ventas/08172022_094634_pullover2_[2533.71-0].jpg
imagenes_ventas/11242022_051403_shirt6_[3498.56-0].jpg
imagenes_ventas/01242022_025944_dress3_[3118.39-22].jpg
imagenes_ventas/09202022_221022_bag8_[2651.7-10].jpg
imagenes_ventas/03192022_100634_sandal5_[489.31-10].jpg
imagenes_ventas/07302022_180107_ankle_boots9_[4979.13-10].jpg
imagenes_ventas/05252022_001113_shirt6_[157.46-22].jpg
imagenes_ventas/02102022_191428_shirt6_[4952.6-22].jpg
imagenes_ventas/07262022_173555_bag8_[751.83-22].jpg
imagenes_ventas/11142022_132752_bag8_[1058.56-22].jpg
imagenes_ventas/11032022_191929_pullover2_[4413.23-22].jpg
imagenes_ventas/05192022_153108_shirt6_[4407.46-22].jpg
imagenes_ventas/02212022_233800_sneaker7_[1320.22-22].jpg
imagenes_ventas/02042022_001556_dress3_[852.77-10].jpg
imagenes_ventas/08072022_134823_sandal5_[4887.07-0].jpg
imagenes_ventas/02062022_191647_bag8_[1726.15-22].jpg
imagenes_ventas/10252022_041556_bag8_[910.99-10].jpg
imagenes_ventas/06222022_122728_shirt6_[4650.9-10].jpg
imagenes_ventas/07032022_193657_sneaker7_[2446.72-22].jpg
imagenes_ventas/06182022_122853_coat4_[2104.26-0].jpg
imagenes_ventas/10162022_234157_sneaker7_[1494.04-22].jpg
imagenes_ventas/10042022_055319_bag8_[156.16-0].jpg
imagenes_ventas/05132022_095801_dress3_[2723.17-22].jpg
imagenes_ventas/05262022_174136_bag8_[4753.81-0].jpg
imagenes_ventas/07132022_071135_coat4_[4785.48-10].jpg
imagenes_ventas/07102022_202703_sandal5_[885.88-10].jpg
imagenes_ventas/11242022_064117_shirt6_[989.08-0].jpg
imagenes_ventas/07262022_075043_shirt6_[419.85-22].jpg
imagenes_ventas/03252022_083812_trouser1_[2430.31-0].jpg
imagenes_ventas/10192022_172652_t_shirt0_[4144.77-10].jpg
imagenes_ventas/03252022_105641_coat4_[663.81-10].jpg
imagenes_ventas/08172022_071906_dress3_[824.47-22].jpg
imagenes_ventas/02012022_122224_trouser1_[1244.4-10].jpg
imagenes_ventas/08262022_042824_pullover2_[1082.54-0].jpg
imagenes_ventas/11192022_221105_coat4_[756.36-10].jpg
imagenes_ventas/05052022_055519_shirt6_[2041.05-22].jpg
imagenes_ventas/02152022_204513_sandal5_[1253.67-0].jpg
imagenes_ventas/05232022_061726_bag8_[2241.83-10].jpg
imagenes_ventas/06262022_113342_sandal5_[3288.69-10].jpg
imagenes_ventas/04042022_043254_pullover2_[1951.05-10].jpg
imagenes_ventas/02232022_151801_sneaker7_[2408.58-22].jpg
imagenes_ventas/09042022_174405_coat4_[1420.93-0].jpg
imagenes_ventas/01302022_061932_bag8_[694.31-10].jpg
imagenes_ventas/09242022_221454_dress3_[2216.98-10].jpg
imagenes_ventas/05232022_174424_t_shirt0_[1809.84-10].jpg
imagenes_ventas/06232022_184607_coat4_[1112.17-10].jpg
imagenes_ventas/08072022_154613_ankle_boots9_[2425.96-0].jpg
imagenes_ventas/12212022_072919_sandal5_[2483.37-0].jpg
imagenes_ventas/02062022_144425_pullover2_[4625.02-0].jpg
imagenes_ventas/07152022_043527_sneaker7_[2324.21-10].jpg
imagenes_ventas/06292022_231112_sneaker7_[4684.66-0].jpg
imagenes_ventas/01022023_221608_dress3_[176.8-22].jpg
imagenes_ventas/04032022_152330_sneaker7_[360.9-22].jpg
imagenes_ventas/03142022_175014_t_shirt0_[1769.02-22].jpg
imagenes_ventas/05242022_184419_pullover2_[1906.43-0].jpg
imagenes_ventas/11302022_062200_shirt6_[4134.08-0].jpg
imagenes_ventas/01312022_090023_sneaker7_[1456.4-10].jpg
imagenes_ventas/01092023_105924_t_shirt0_[4555.44-10].jpg
imagenes_ventas/03132022_005729_pullover2_[2574.95-0].jpg
imagenes_ventas/03012022_090553_bag8_[2530.55-22].jpg
imagenes_ventas/09222022_065239_dress3_[111.94-10].jpg
imagenes_ventas/05012022_080258_trouser1_[3358.57-0].jpg
imagenes_ventas/07242022_023455_trouser1_[2583.6-22].jpg
imagenes_ventas/04282022_061117_t_shirt0_[491.39-10].jpg
imagenes_ventas/03062022_173322_pullover2_[4449.94-10].jpg
imagenes_ventas/06132022_173328_sandal5_[920.05-0].jpg
imagenes_ventas/03062022_071133_bag8_[604.4-22].jpg
imagenes_ventas/03052022_160126_coat4_[847.65-0].jpg
imagenes_ventas/09042022_171401_bag8_[3235.03-22].jpg
imagenes_ventas/09072022_114746_sneaker7_[412.96-10].jpg
imagenes_ventas/05292022_133229_trouser1_[766.59-22].jpg
imagenes_ventas/04072022_051010_ankle_boots9_[2970.99-22].jpg
imagenes_ventas/08102022_140252_t_shirt0_[1316.54-10].jpg
imagenes_ventas/07032022_053320_coat4_[1894.44-0].jpg
imagenes_ventas/08032022_015227_coat4_[1027.17-22].jpg
imagenes_ventas/03302022_021815_ankle_boots9_[1590.82-22].jpg
imagenes_ventas/04102022_232645_t_shirt0_[2286.09-22].jpg
imagenes_ventas/07112022_111722_dress3_[4890.3-10].jpg
imagenes_ventas/02092022_235603_ankle_boots9_[1927.73-0].jpg
imagenes_ventas/06192022_214445_shirt6_[434.68-10].jpg
imagenes_ventas/05112022_193723_shirt6_[3180.9-22].jpg
imagenes_ventas/06062022_201518_dress3_[1941.13-22].jpg
imagenes_ventas/08162022_021053_pullover2_[2727.9-22].jpg
imagenes_ventas/08282022_081428_sneaker7_[3211.79-0].jpg
imagenes_ventas/11302022_191737_pullover2_[3566.33-10].jpg
imagenes_ventas/03222022_033451_trouser1_[4802.94-10].jpg
imagenes_ventas/10112022_144343_bag8_[1884.53-22].jpg
imagenes_ventas/08192022_132607_shirt6_[1969.89-10].jpg
imagenes_ventas/04202022_231706_sneaker7_[4224.5-0].jpg
imagenes_ventas/01072022_094555_coat4_[1711.43-22].jpg
imagenes_ventas/11092022_231947_bag8_[2938.37-0].jpg
imagenes_ventas/06072022_163748_dress3_[2079.09-22].jpg
imagenes_ventas/08152022_172814_bag8_[2800.05-10].jpg
imagenes_ventas/01212022_072854_ankle_boots9_[2409.28-22].jpg
imagenes_ventas/08252022_213341_dress3_[3448.92-10].jpg
imagenes_ventas/10222022_092005_t_shirt0_[2406.77-10].jpg
imagenes_ventas/11122022_001257_ankle_boots9_[3180.15-10].jpg
imagenes_ventas/06052022_231007_dress3_[982.23-22].jpg
imagenes_ventas/02092022_234153_bag8_[4595.63-0].jpg
imagenes_ventas/11192022_152931_dress3_[2094.64-0].jpg
imagenes_ventas/06242022_011116_t_shirt0_[300.03-22].jpg
imagenes_ventas/01112022_235304_shirt6_[1750.83-0].jpg
imagenes_ventas/06022022_220049_ankle_boots9_[4049.39-10].jpg
imagenes_ventas/02062022_094757_sandal5_[2543.71-0].jpg
imagenes_ventas/10192022_101935_dress3_[3251.37-22].jpg
imagenes_ventas/09142022_001745_sneaker7_[1211.25-0].jpg
imagenes_ventas/02082022_204600_ankle_boots9_[2718.78-10].jpg
imagenes_ventas/08042022_211835_bag8_[1038.28-0].jpg
imagenes_ventas/06192022_170900_sneaker7_[3605.99-22].jpg
imagenes_ventas/11242022_123548_sneaker7_[1170.23-22].jpg
imagenes_ventas/01212022_035550_pullover2_[1508.16-22].jpg
imagenes_ventas/03292022_001224_sneaker7_[550.3-22].jpg
imagenes_ventas/04192022_052309_pullover2_[2360.42-0].jpg
imagenes_ventas/06072022_200146_ankle_boots9_[2946.14-22].jpg
imagenes_ventas/08242022_080823_bag8_[1817.85-0].jpg
imagenes_ventas/01092023_020332_shirt6_[2065.63-10].jpg
imagenes_ventas/11212022_003927_sneaker7_[1426.16-10].jpg
imagenes_ventas/03312022_210702_ankle_boots9_[338.23-0].jpg
imagenes_ventas/05152022_112424_coat4_[3385.85-10].jpg
imagenes_ventas/04222022_110255_bag8_[212.22-0].jpg
imagenes_ventas/12162022_074315_sandal5_[4270.35-0].jpg
imagenes_ventas/10312022_125632_bag8_[3790.81-0].jpg
imagenes_ventas/02112022_115500_sneaker7_[4973.92-22].jpg
imagenes_ventas/07292022_211639_bag8_[3649.71-22].jpg
imagenes_ventas/03202022_131117_ankle_boots9_[79.55-22].jpg
imagenes_ventas/09052022_005203_bag8_[2258.49-0].jpg
imagenes_ventas/05092022_031421_sneaker7_[2196.37-22].jpg
imagenes_ventas/02232022_110055_coat4_[1013.08-0].jpg
imagenes_ventas/11262022_173000_shirt6_[2901.01-0].jpg
imagenes_ventas/12132022_192818_sandal5_[4708.29-10].jpg
imagenes_ventas/03272022_073044_bag8_[3881.6-0].jpg
imagenes_ventas/10212022_012815_trouser1_[1716.72-22].jpg
imagenes_ventas/08072022_013047_shirt6_[4793.36-0].jpg
imagenes_ventas/12182022_150952_coat4_[4073.49-22].jpg
imagenes_ventas/01032022_090948_pullover2_[543.72-22].jpg
imagenes_ventas/11082022_184733_bag8_[3367.38-0].jpg
imagenes_ventas/07122022_173406_sneaker7_[4035.31-0].jpg
imagenes_ventas/09232022_195828_bag8_[3139.39-10].jpg
imagenes_ventas/03042022_213146_coat4_[1709.77-0].jpg
imagenes_ventas/08072022_141515_bag8_[3299.88-10].jpg
imagenes_ventas/09272022_072323_dress3_[2716.23-0].jpg
imagenes_ventas/03082022_175351_dress3_[4021.87-22].jpg
imagenes_ventas/01242022_175524_coat4_[3860.97-0].jpg
imagenes_ventas/09242022_221151_trouser1_[875.1-22].jpg
imagenes_ventas/06282022_170757_dress3_[2552.57-10].jpg
imagenes_ventas/02052022_022351_sneaker7_[3272.66-22].jpg
imagenes_ventas/09222022_134651_ankle_boots9_[2843.39-0].jpg
imagenes_ventas/01012023_075818_trouser1_[2189.57-0].jpg
imagenes_ventas/10122022_143103_sneaker7_[278.12-22].jpg
imagenes_ventas/04042022_124748_shirt6_[689.58-0].jpg
imagenes_ventas/11162022_233330_shirt6_[4853.38-22].jpg
imagenes_ventas/10052022_180242_bag8_[4354.28-10].jpg
imagenes_ventas/05172022_140811_coat4_[881.42-0].jpg
imagenes_ventas/01272022_221555_shirt6_[4748.71-22].jpg
imagenes_ventas/11272022_020708_ankle_boots9_[4770.19-22].jpg
imagenes_ventas/11022022_000935_shirt6_[3240.28-0].jpg
imagenes_ventas/08022022_042807_ankle_boots9_[971.34-22].jpg
imagenes_ventas/08122022_103301_sandal5_[1778.79-10].jpg
imagenes_ventas/12102022_142233_t_shirt0_[4562.78-10].jpg
imagenes_ventas/03122022_190247_pullover2_[3982.19-22].jpg
imagenes_ventas/12222022_205215_dress3_[3592.26-10].jpg
imagenes_ventas/09252022_160628_shirt6_[4412.65-22].jpg
imagenes_ventas/10162022_064449_sneaker7_[1409.83-0].jpg
imagenes_ventas/03152022_022423_dress3_[4662.83-22].jpg
imagenes_ventas/05212022_100557_t_shirt0_[1474.7-10].jpg
imagenes_ventas/03312022_153000_pullover2_[3881.81-22].jpg
imagenes_ventas/10012022_225032_sandal5_[853.6-22].jpg
imagenes_ventas/11182022_221223_trouser1_[2929.37-0].jpg
imagenes_ventas/01072023_022332_ankle_boots9_[4386.92-10].jpg
imagenes_ventas/05022022_050534_sandal5_[1598.05-0].jpg
imagenes_ventas/12072022_182031_t_shirt0_[1288.42-0].jpg
imagenes_ventas/11202022_135949_sneaker7_[2797.62-10].jpg
imagenes_ventas/06192022_225518_ankle_boots9_[2117.56-22].jpg
imagenes_ventas/02122022_231732_sneaker7_[2514.11-10].jpg
imagenes_ventas/08182022_063705_trouser1_[2418.82-22].jpg
imagenes_ventas/03202022_205827_shirt6_[2149.67-0].jpg
imagenes_ventas/05172022_083031_dress3_[2409.32-0].jpg
imagenes_ventas/01122022_105430_trouser1_[2889.23-0].jpg
imagenes_ventas/11102022_232247_sandal5_[4408.92-10].jpg
imagenes_ventas/07052022_231708_trouser1_[4562.52-22].jpg
imagenes_ventas/04262022_015436_sneaker7_[1823.63-0].jpg
imagenes_ventas/04172022_000850_t_shirt0_[2796.02-10].jpg
imagenes_ventas/12202022_203831_trouser1_[1341.92-0].jpg
imagenes_ventas/04112022_084255_sneaker7_[85.8-0].jpg
imagenes_ventas/03182022_122308_coat4_[1381.87-22].jpg
imagenes_ventas/10282022_215509_sandal5_[323.27-0].jpg
imagenes_ventas/02052022_135621_pullover2_[1499.33-10].jpg
imagenes_ventas/02132022_071216_trouser1_[2473.14-0].jpg
imagenes_ventas/03062022_004037_sneaker7_[539.88-10].jpg
imagenes_ventas/09162022_081237_sandal5_[168.82-10].jpg
imagenes_ventas/08262022_230412_coat4_[3469.53-10].jpg
imagenes_ventas/10082022_232433_trouser1_[558.56-10].jpg
imagenes_ventas/06282022_140147_t_shirt0_[3647.08-22].jpg
imagenes_ventas/07272022_024225_dress3_[1871.89-0].jpg
imagenes_ventas/07152022_040756_shirt6_[2963.91-0].jpg
imagenes_ventas/01232022_182339_t_shirt0_[492.45-0].jpg
imagenes_ventas/07102022_133107_bag8_[4497.48-0].jpg
imagenes_ventas/05032022_165037_pullover2_[690.75-22].jpg
imagenes_ventas/03132022_101452_pullover2_[215.62-0].jpg
imagenes_ventas/02102022_043003_coat4_[524.54-0].jpg
imagenes_ventas/01302022_070813_dress3_[1927.03-10].jpg
imagenes_ventas/10062022_132001_coat4_[1852.45-10].jpg
imagenes_ventas/05232022_122257_shirt6_[4733.38-10].jpg
imagenes_ventas/08062022_131858_sneaker7_[292.76-0].jpg
imagenes_ventas/11282022_013942_ankle_boots9_[634.57-10].jpg
imagenes_ventas/03012022_150144_ankle_boots9_[4319.12-0].jpg
imagenes_ventas/08192022_093508_dress3_[933.79-0].jpg
imagenes_ventas/11162022_211156_sandal5_[4941.29-10].jpg
imagenes_ventas/06222022_035837_trouser1_[282.0-10].jpg
imagenes_ventas/04162022_155600_ankle_boots9_[4536.68-22].jpg
imagenes_ventas/09222022_012042_pullover2_[3434.55-0].jpg
imagenes_ventas/05082022_044610_bag8_[2463.47-10].jpg
imagenes_ventas/01052023_001932_ankle_boots9_[4871.15-10].jpg
imagenes_ventas/10262022_120152_bag8_[1838.03-22].jpg
imagenes_ventas/04182022_195738_t_shirt0_[3838.9-22].jpg
imagenes_ventas/10252022_124637_t_shirt0_[4176.78-22].jpg
imagenes_ventas/04222022_155536_sneaker7_[2089.92-22].jpg
imagenes_ventas/07132022_010304_dress3_[2276.81-10].jpg
imagenes_ventas/01042023_105530_trouser1_[2606.48-22].jpg
imagenes_ventas/06062022_110026_shirt6_[2338.22-22].jpg
imagenes_ventas/03192022_191605_coat4_[1025.53-22].jpg
imagenes_ventas/10092022_180333_coat4_[2024.41-0].jpg
imagenes_ventas/12182022_080045_sandal5_[280.89-22].jpg
imagenes_ventas/03062022_055646_trouser1_[3208.12-10].jpg
imagenes_ventas/10012022_184100_t_shirt0_[4254.48-10].jpg
imagenes_ventas/01242022_044005_shirt6_[430.31-10].jpg
imagenes_ventas/09302022_032540_coat4_[4396.96-10].jpg
imagenes_ventas/05192022_132037_bag8_[888.89-10].jpg
imagenes_ventas/07142022_033022_t_shirt0_[749.06-22].jpg
imagenes_ventas/12172022_050900_dress3_[3728.23-10].jpg
imagenes_ventas/08122022_141241_ankle_boots9_[144.26-0].jpg
imagenes_ventas/12122022_230556_bag8_[3075.71-10].jpg
imagenes_ventas/12112022_122613_pullover2_[4193.12-10].jpg
imagenes_ventas/04032022_105105_bag8_[4674.42-10].jpg
imagenes_ventas/04302022_160629_pullover2_[4338.82-22].jpg
imagenes_ventas/08282022_125547_trouser1_[1229.44-0].jpg
imagenes_ventas/04152022_141545_dress3_[4090.18-10].jpg
imagenes_ventas/03012022_001002_pullover2_[4370.44-0].jpg
imagenes_ventas/11022022_045312_bag8_[4673.68-0].jpg
imagenes_ventas/07162022_175332_coat4_[3624.09-10].jpg
imagenes_ventas/03192022_041124_t_shirt0_[524.97-22].jpg
imagenes_ventas/03272022_183030_t_shirt0_[1475.86-22].jpg
imagenes_ventas/10172022_235910_t_shirt0_[4701.48-10].jpg
imagenes_ventas/08122022_134108_dress3_[1893.42-10].jpg
imagenes_ventas/10122022_035643_t_shirt0_[1385.21-0].jpg
imagenes_ventas/11092022_130714_ankle_boots9_[1630.92-22].jpg
imagenes_ventas/08212022_103542_t_shirt0_[4229.19-0].jpg
imagenes_ventas/03152022_132513_bag8_[333.6-0].jpg
imagenes_ventas/08022022_143731_sneaker7_[3238.06-0].jpg
imagenes_ventas/05282022_201947_ankle_boots9_[3962.89-10].jpg
imagenes_ventas/05222022_093801_shirt6_[209.42-0].jpg
imagenes_ventas/10262022_154741_ankle_boots9_[3935.4-22].jpg
imagenes_ventas/06192022_114615_bag8_[1439.96-0].jpg
imagenes_ventas/05182022_060219_sandal5_[3784.52-0].jpg
imagenes_ventas/01112023_180208_sandal5_[2487.97-22].jpg
imagenes_ventas/01012023_111145_sneaker7_[3131.44-0].jpg
imagenes_ventas/05142022_223634_dress3_[3238.98-10].jpg
imagenes_ventas/02232022_142709_sandal5_[4249.01-0].jpg
imagenes_ventas/04152022_193226_bag8_[2658.54-22].jpg
imagenes_ventas/10252022_230015_dress3_[247.76-0].jpg
imagenes_ventas/11182022_125858_ankle_boots9_[815.68-22].jpg
imagenes_ventas/10112022_082906_sneaker7_[1696.37-0].jpg
imagenes_ventas/07282022_005616_pullover2_[3431.48-10].jpg
imagenes_ventas/07252022_100320_dress3_[3391.17-0].jpg
imagenes_ventas/11302022_041149_sneaker7_[4944.13-0].jpg
imagenes_ventas/01062023_192823_pullover2_[2024.23-10].jpg
imagenes_ventas/12132022_083316_sneaker7_[4085.45-0].jpg
imagenes_ventas/01302022_145640_ankle_boots9_[3979.49-22].jpg
imagenes_ventas/03222022_112634_sandal5_[3543.56-22].jpg
imagenes_ventas/09282022_075409_dress3_[1398.73-0].jpg
imagenes_ventas/11032022_145956_coat4_[1924.99-0].jpg
imagenes_ventas/04302022_042332_sandal5_[2562.1-10].jpg
imagenes_ventas/10102022_012347_shirt6_[500.54-0].jpg
imagenes_ventas/05282022_131103_sneaker7_[1724.83-22].jpg
imagenes_ventas/01232022_100906_sneaker7_[1169.27-0].jpg
imagenes_ventas/05052022_063800_ankle_boots9_[4473.15-0].jpg
imagenes_ventas/09042022_090854_trouser1_[3050.5-0].jpg
imagenes_ventas/07222022_125808_sneaker7_[2819.4-22].jpg
imagenes_ventas/12262022_235928_dress3_[4217.47-10].jpg
imagenes_ventas/02212022_133315_bag8_[2791.76-10].jpg
imagenes_ventas/09222022_172252_t_shirt0_[1289.31-10].jpg
imagenes_ventas/08122022_222138_trouser1_[2075.97-0].jpg
imagenes_ventas/10192022_013046_shirt6_[4153.37-10].jpg
imagenes_ventas/06262022_181459_t_shirt0_[3954.28-10].jpg
imagenes_ventas/12112022_182041_pullover2_[399.54-10].jpg
imagenes_ventas/02182022_000110_pullover2_[3617.76-22].jpg
imagenes_ventas/04222022_054410_dress3_[3599.23-22].jpg
imagenes_ventas/02012022_223101_ankle_boots9_[4356.0-10].jpg
imagenes_ventas/08282022_022807_trouser1_[2612.33-10].jpg
imagenes_ventas/07272022_175458_shirt6_[1616.31-22].jpg
imagenes_ventas/03132022_110854_pullover2_[4252.9-10].jpg
imagenes_ventas/02112022_044840_dress3_[167.25-22].jpg
imagenes_ventas/12152022_130729_shirt6_[1699.98-22].jpg
imagenes_ventas/01312022_174123_bag8_[4920.21-0].jpg
imagenes_ventas/05062022_175501_pullover2_[1234.98-22].jpg
imagenes_ventas/09202022_025840_dress3_[930.76-0].jpg
imagenes_ventas/07042022_185005_coat4_[4746.28-10].jpg
imagenes_ventas/01102023_133804_pullover2_[1631.66-22].jpg
imagenes_ventas/01302022_115223_shirt6_[3833.13-22].jpg
imagenes_ventas/08182022_203404_sandal5_[450.5-0].jpg
imagenes_ventas/02222022_014926_sneaker7_[1230.22-0].jpg
imagenes_ventas/01042023_043107_pullover2_[1828.91-0].jpg
imagenes_ventas/03052022_120615_sneaker7_[2847.14-0].jpg
imagenes_ventas/05292022_024239_pullover2_[1173.21-0].jpg
imagenes_ventas/09282022_014801_ankle_boots9_[3575.97-0].jpg
imagenes_ventas/02162022_024839_t_shirt0_[2067.96-22].jpg
imagenes_ventas/05102022_165140_shirt6_[3539.83-22].jpg
imagenes_ventas/05102022_084558_dress3_[3374.86-10].jpg
imagenes_ventas/10142022_125137_dress3_[2948.42-22].jpg
imagenes_ventas/03132022_085943_bag8_[3158.01-0].jpg
imagenes_ventas/12192022_213412_shirt6_[1218.53-0].jpg
imagenes_ventas/08192022_141652_trouser1_[2686.9-10].jpg
imagenes_ventas/02062022_071610_sandal5_[4608.77-10].jpg
imagenes_ventas/05312022_110053_coat4_[3741.59-10].jpg
imagenes_ventas/04252022_195604_shirt6_[2924.77-0].jpg
imagenes_ventas/01042022_003039_trouser1_[234.57-0].jpg
imagenes_ventas/07082022_112024_shirt6_[3805.29-0].jpg
imagenes_ventas/01022023_004926_sneaker7_[2261.33-22].jpg
imagenes_ventas/01222022_191042_shirt6_[574.83-10].jpg
imagenes_ventas/08212022_000103_coat4_[113.22-10].jpg
imagenes_ventas/12102022_072514_shirt6_[4769.0-0].jpg
imagenes_ventas/10272022_031321_bag8_[3567.06-10].jpg
imagenes_ventas/01252022_055145_bag8_[579.34-10].jpg
imagenes_ventas/10302022_181711_dress3_[2145.74-22].jpg
imagenes_ventas/01022022_104505_pullover2_[3529.75-10].jpg
imagenes_ventas/05102022_060359_bag8_[2861.18-22].jpg
imagenes_ventas/10202022_114814_bag8_[2754.72-10].jpg
imagenes_ventas/02162022_182044_trouser1_[32.78-22].jpg
imagenes_ventas/03202022_051036_pullover2_[3648.6-10].jpg
imagenes_ventas/01052022_073648_dress3_[1397.74-22].jpg
imagenes_ventas/12152022_214638_trouser1_[4602.01-10].jpg
imagenes_ventas/02142022_064006_dress3_[4477.06-10].jpg
imagenes_ventas/05032022_111833_pullover2_[2771.51-0].jpg
imagenes_ventas/03232022_123654_shirt6_[789.93-22].jpg
imagenes_ventas/10192022_044727_ankle_boots9_[136.61-22].jpg
imagenes_ventas/11092022_110435_dress3_[1990.79-10].jpg
imagenes_ventas/02152022_133001_sandal5_[4769.15-0].jpg
imagenes_ventas/03012022_135234_trouser1_[1914.9-22].jpg
imagenes_ventas/12132022_094711_pullover2_[1971.1-0].jpg
imagenes_ventas/10222022_021057_coat4_[2979.51-22].jpg
imagenes_ventas/04132022_044021_coat4_[4855.76-22].jpg
imagenes_ventas/12152022_220159_dress3_[2062.52-22].jpg
imagenes_ventas/12312022_105048_sneaker7_[4998.12-0].jpg
imagenes_ventas/08302022_090516_t_shirt0_[849.25-10].jpg
imagenes_ventas/01312022_055743_sandal5_[266.22-10].jpg
imagenes_ventas/09092022_013132_sandal5_[4183.16-10].jpg
imagenes_ventas/09062022_094620_sandal5_[4354.45-0].jpg
imagenes_ventas/09132022_214300_shirt6_[3283.14-22].jpg
imagenes_ventas/05252022_014821_sneaker7_[4918.51-10].jpg
imagenes_ventas/02102022_141743_sneaker7_[4812.3-22].jpg
imagenes_ventas/11032022_114917_bag8_[456.55-10].jpg
imagenes_ventas/04172022_124011_ankle_boots9_[4115.54-22].jpg
imagenes_ventas/09022022_203627_pullover2_[3462.57-0].jpg
imagenes_ventas/07182022_021718_bag8_[498.66-0].jpg
imagenes_ventas/12192022_062146_shirt6_[2272.13-22].jpg
imagenes_ventas/12182022_172007_bag8_[3745.33-22].jpg
imagenes_ventas/04272022_054647_bag8_[4350.88-22].jpg
imagenes_ventas/06282022_082308_trouser1_[38.75-10].jpg
imagenes_ventas/01142022_120640_coat4_[3018.17-0].jpg
imagenes_ventas/12282022_154006_coat4_[1691.93-0].jpg
imagenes_ventas/12042022_223736_t_shirt0_[4968.93-10].jpg
imagenes_ventas/03242022_053653_dress3_[1699.28-22].jpg
imagenes_ventas/01102023_052749_t_shirt0_[538.3-0].jpg
imagenes_ventas/06092022_180059_coat4_[3135.66-22].jpg
imagenes_ventas/03302022_205901_t_shirt0_[3687.73-0].jpg
imagenes_ventas/07142022_130715_coat4_[1448.67-22].jpg
imagenes_ventas/03132022_093643_ankle_boots9_[208.37-0].jpg
imagenes_ventas/12222022_214605_sneaker7_[1499.79-10].jpg
imagenes_ventas/02142022_041220_ankle_boots9_[3359.46-0].jpg
imagenes_ventas/07022022_013609_pullover2_[4129.32-0].jpg
imagenes_ventas/12222022_081555_pullover2_[2692.58-0].jpg
imagenes_ventas/03232022_072542_sandal5_[4408.23-10].jpg
imagenes_ventas/06132022_143353_shirt6_[1103.43-0].jpg
imagenes_ventas/01012023_064318_sandal5_[2549.2-22].jpg
imagenes_ventas/03132022_074236_bag8_[1262.89-22].jpg
imagenes_ventas/04182022_141251_sandal5_[152.21-22].jpg
imagenes_ventas/07302022_171934_trouser1_[3681.07-22].jpg
imagenes_ventas/05052022_154115_pullover2_[1319.85-22].jpg
imagenes_ventas/03122022_094256_coat4_[257.05-10].jpg
imagenes_ventas/05242022_123319_sandal5_[1926.06-0].jpg
imagenes_ventas/10052022_221124_t_shirt0_[4979.32-0].jpg
imagenes_ventas/10122022_024114_bag8_[4597.04-0].jpg
imagenes_ventas/08272022_032614_dress3_[1313.12-22].jpg
imagenes_ventas/02232022_015945_shirt6_[975.21-10].jpg
imagenes_ventas/12302022_175315_dress3_[4629.49-22].jpg
imagenes_ventas/08312022_015118_dress3_[1025.31-0].jpg
imagenes_ventas/02142022_062930_bag8_[4514.98-10].jpg
imagenes_ventas/06302022_073032_t_shirt0_[476.95-10].jpg
imagenes_ventas/02082022_165031_pullover2_[2096.78-22].jpg
imagenes_ventas/08082022_005200_t_shirt0_[34.88-10].jpg
imagenes_ventas/07282022_133646_trouser1_[1367.11-22].jpg
imagenes_ventas/08252022_012937_bag8_[3064.51-0].jpg
imagenes_ventas/09202022_115149_coat4_[2834.04-10].jpg
imagenes_ventas/06032022_081428_trouser1_[2320.14-10].jpg
imagenes_ventas/01042022_073936_ankle_boots9_[4923.65-10].jpg
imagenes_ventas/01102022_225625_ankle_boots9_[2275.1-10].jpg
imagenes_ventas/10222022_142433_t_shirt0_[4623.5-22].jpg
imagenes_ventas/04032022_213229_shirt6_[3991.34-0].jpg
imagenes_ventas/08132022_052841_sneaker7_[3235.57-10].jpg
imagenes_ventas/01272022_010054_t_shirt0_[3599.51-0].jpg
imagenes_ventas/12042022_031227_shirt6_[4635.06-10].jpg
imagenes_ventas/01232022_173711_bag8_[1587.88-22].jpg
imagenes_ventas/05272022_174428_shirt6_[4789.34-22].jpg
imagenes_ventas/02282022_160623_pullover2_[3852.08-22].jpg
imagenes_ventas/02062022_200338_sneaker7_[4176.18-22].jpg
imagenes_ventas/08042022_023004_trouser1_[1767.98-0].jpg
imagenes_ventas/11082022_052310_ankle_boots9_[4183.42-22].jpg
imagenes_ventas/07252022_214619_t_shirt0_[1808.83-10].jpg
imagenes_ventas/05152022_095930_dress3_[1598.64-22].jpg
imagenes_ventas/02212022_122653_ankle_boots9_[2558.26-22].jpg
imagenes_ventas/11232022_124059_shirt6_[2154.72-0].jpg
imagenes_ventas/09302022_130652_shirt6_[3877.62-0].jpg
imagenes_ventas/01152022_030325_shirt6_[2561.35-10].jpg
imagenes_ventas/05282022_182732_shirt6_[1017.81-22].jpg
imagenes_ventas/04252022_095503_pullover2_[181.9-0].jpg
imagenes_ventas/03082022_204733_shirt6_[3648.36-10].jpg
imagenes_ventas/04182022_004921_sandal5_[3762.48-0].jpg
imagenes_ventas/10202022_232257_sneaker7_[2165.42-22].jpg
imagenes_ventas/12282022_001917_coat4_[3561.84-22].jpg
imagenes_ventas/10122022_035146_ankle_boots9_[3412.1-22].jpg
imagenes_ventas/09282022_080504_pullover2_[3964.65-22].jpg
imagenes_ventas/02142022_171606_shirt6_[1567.83-22].jpg
imagenes_ventas/06152022_105442_sandal5_[557.14-0].jpg
imagenes_ventas/05042022_124553_trouser1_[327.6-10].jpg
imagenes_ventas/09252022_153118_sneaker7_[3879.43-10].jpg
imagenes_ventas/03152022_113938_pullover2_[3120.92-22].jpg
imagenes_ventas/08082022_083751_sneaker7_[4600.15-0].jpg
imagenes_ventas/04072022_162830_t_shirt0_[1152.62-0].jpg
imagenes_ventas/11072022_135419_pullover2_[4438.74-0].jpg
imagenes_ventas/09152022_013654_shirt6_[3360.56-22].jpg
imagenes_ventas/08272022_062948_coat4_[1174.4-22].jpg
imagenes_ventas/05252022_102317_trouser1_[3685.67-10].jpg
imagenes_ventas/02162022_005225_sandal5_[4753.65-10].jpg
imagenes_ventas/01252022_091426_t_shirt0_[4051.77-0].jpg
imagenes_ventas/05182022_030134_t_shirt0_[865.21-0].jpg
imagenes_ventas/05082022_214237_coat4_[3370.54-0].jpg
imagenes_ventas/11122022_170337_dress3_[2793.08-22].jpg
imagenes_ventas/10042022_113955_dress3_[1759.75-0].jpg
imagenes_ventas/11182022_040653_trouser1_[2449.44-0].jpg
imagenes_ventas/01222022_093130_sneaker7_[2490.75-0].jpg
imagenes_ventas/04042022_012240_dress3_[42.3-10].jpg
imagenes_ventas/06202022_225730_bag8_[2904.36-22].jpg
imagenes_ventas/03292022_150130_ankle_boots9_[2248.76-10].jpg
imagenes_ventas/03222022_130130_dress3_[4602.37-22].jpg
imagenes_ventas/05032022_191841_shirt6_[3274.76-10].jpg
imagenes_ventas/07192022_165934_dress3_[1078.77-0].jpg
imagenes_ventas/12272022_051912_t_shirt0_[113.77-10].jpg
imagenes_ventas/10062022_172901_shirt6_[2572.96-10].jpg
imagenes_ventas/12282022_034216_pullover2_[2925.44-0].jpg
imagenes_ventas/05252022_154037_bag8_[3676.47-10].jpg
imagenes_ventas/10092022_121135_ankle_boots9_[1761.99-10].jpg
imagenes_ventas/03312022_200600_trouser1_[2308.89-22].jpg
imagenes_ventas/06192022_212154_shirt6_[1229.72-0].jpg
imagenes_ventas/09152022_075954_shirt6_[4942.96-10].jpg
imagenes_ventas/01312022_083841_sandal5_[2904.46-0].jpg
imagenes_ventas/04102022_070409_t_shirt0_[4662.1-0].jpg
imagenes_ventas/04302022_012649_coat4_[4781.84-0].jpg
imagenes_ventas/04252022_213555_dress3_[4572.71-0].jpg
imagenes_ventas/12032022_084001_sneaker7_[149.03-10].jpg
imagenes_ventas/01302022_040930_shirt6_[3732.89-22].jpg
imagenes_ventas/04292022_033714_bag8_[119.62-22].jpg
imagenes_ventas/12142022_011328_bag8_[937.72-0].jpg
imagenes_ventas/08122022_212129_shirt6_[4811.72-10].jpg
imagenes_ventas/02172022_073548_pullover2_[3159.25-0].jpg
imagenes_ventas/07302022_204912_sneaker7_[2598.28-10].jpg
imagenes_ventas/09082022_230951_t_shirt0_[3160.55-22].jpg
imagenes_ventas/01022022_223756_t_shirt0_[4409.42-22].jpg
imagenes_ventas/01122022_043250_trouser1_[4459.93-10].jpg
imagenes_ventas/08032022_004107_bag8_[1940.39-22].jpg
imagenes_ventas/04042022_150537_coat4_[4256.93-0].jpg
imagenes_ventas/01192022_232809_ankle_boots9_[1938.86-10].jpg
imagenes_ventas/09212022_200456_trouser1_[2947.09-22].jpg
imagenes_ventas/09042022_024253_coat4_[2469.6-10].jpg
imagenes_ventas/05272022_221456_sandal5_[3125.33-22].jpg
imagenes_ventas/11162022_001407_ankle_boots9_[1584.46-0].jpg
imagenes_ventas/03272022_174617_dress3_[1523.66-10].jpg
imagenes_ventas/07182022_131238_ankle_boots9_[1820.45-0].jpg
imagenes_ventas/01292022_183012_sneaker7_[4321.55-0].jpg
imagenes_ventas/10012022_152116_bag8_[2983.34-10].jpg
imagenes_ventas/01082023_040749_ankle_boots9_[2977.01-10].jpg
imagenes_ventas/03052022_161150_t_shirt0_[2751.81-0].jpg
imagenes_ventas/05292022_013452_sandal5_[2362.95-22].jpg
imagenes_ventas/03292022_062924_trouser1_[1124.81-22].jpg
imagenes_ventas/08182022_152116_ankle_boots9_[2411.94-10].jpg
imagenes_ventas/06232022_011947_shirt6_[4291.76-22].jpg
imagenes_ventas/06072022_002620_dress3_[999.94-22].jpg
imagenes_ventas/02072022_215406_t_shirt0_[3760.3-22].jpg
imagenes_ventas/07232022_122345_shirt6_[80.68-10].jpg
imagenes_ventas/03052022_150500_sneaker7_[484.95-22].jpg
imagenes_ventas/05232022_181919_sandal5_[1882.17-10].jpg
imagenes_ventas/01312022_034157_coat4_[4319.98-10].jpg
imagenes_ventas/09062022_203317_coat4_[3094.51-0].jpg
imagenes_ventas/10292022_211325_t_shirt0_[3416.5-0].jpg
imagenes_ventas/06112022_193001_coat4_[704.39-22].jpg
imagenes_ventas/03212022_111558_shirt6_[883.66-10].jpg
imagenes_ventas/03022022_024618_shirt6_[2273.14-0].jpg
imagenes_ventas/04182022_040254_t_shirt0_[106.18-22].jpg
imagenes_ventas/10172022_101723_ankle_boots9_[3353.58-0].jpg
imagenes_ventas/09102022_061247_bag8_[3800.42-0].jpg
imagenes_ventas/04052022_084241_shirt6_[4967.04-10].jpg
imagenes_ventas/03302022_112931_dress3_[1774.45-10].jpg
imagenes_ventas/09252022_003341_pullover2_[1442.1-22].jpg
imagenes_ventas/04202022_101831_dress3_[4638.15-22].jpg
imagenes_ventas/03182022_121519_shirt6_[2644.12-0].jpg
imagenes_ventas/11302022_212203_bag8_[2154.93-0].jpg
imagenes_ventas/10192022_105711_dress3_[3070.77-10].jpg
imagenes_ventas/11282022_004244_t_shirt0_[1121.16-22].jpg
imagenes_ventas/04282022_181105_dress3_[1578.23-0].jpg
imagenes_ventas/01252022_114139_sneaker7_[122.13-10].jpg
imagenes_ventas/11022022_145818_trouser1_[3097.0-10].jpg
imagenes_ventas/01172022_071306_sandal5_[1838.81-22].jpg
imagenes_ventas/02072022_195233_t_shirt0_[2696.71-10].jpg
imagenes_ventas/01022022_103039_dress3_[553.05-22].jpg
imagenes_ventas/05022022_143547_dress3_[4981.51-0].jpg
imagenes_ventas/12142022_002633_shirt6_[716.53-10].jpg
imagenes_ventas/01192022_174021_shirt6_[4328.28-0].jpg
imagenes_ventas/05262022_164118_shirt6_[1573.87-10].jpg
imagenes_ventas/08022022_114529_bag8_[3500.75-22].jpg
imagenes_ventas/02272022_034211_sneaker7_[877.24-10].jpg
imagenes_ventas/05302022_224221_ankle_boots9_[158.03-0].jpg
imagenes_ventas/12112022_043831_pullover2_[1770.96-0].jpg
imagenes_ventas/04122022_095839_sandal5_[2646.07-10].jpg
imagenes_ventas/07072022_132000_bag8_[4784.14-0].jpg
imagenes_ventas/10222022_084241_bag8_[4711.95-10].jpg
imagenes_ventas/11032022_010120_t_shirt0_[4320.23-0].jpg
imagenes_ventas/12282022_103538_sneaker7_[2338.07-0].jpg
imagenes_ventas/01292022_104906_trouser1_[730.29-0].jpg
imagenes_ventas/02242022_004139_t_shirt0_[4994.86-10].jpg
imagenes_ventas/10142022_080310_trouser1_[4923.93-22].jpg
imagenes_ventas/05252022_231059_trouser1_[902.79-22].jpg
imagenes_ventas/03232022_054833_ankle_boots9_[1300.41-10].jpg
imagenes_ventas/04132022_114722_t_shirt0_[2246.71-10].jpg
imagenes_ventas/08082022_214808_bag8_[4198.63-10].jpg
imagenes_ventas/01232022_082307_sneaker7_[2436.38-22].jpg
imagenes_ventas/09112022_025635_dress3_[995.31-22].jpg
imagenes_ventas/07172022_090603_sandal5_[1199.96-10].jpg
imagenes_ventas/05182022_160044_coat4_[4555.43-22].jpg
imagenes_ventas/05062022_040608_sandal5_[1102.25-0].jpg
imagenes_ventas/09162022_152058_shirt6_[4777.77-10].jpg
imagenes_ventas/11232022_042346_trouser1_[1426.5-22].jpg
imagenes_ventas/08192022_195615_t_shirt0_[2092.22-22].jpg
imagenes_ventas/12302022_120307_trouser1_[2581.44-22].jpg
imagenes_ventas/10052022_225618_shirt6_[4847.58-22].jpg
imagenes_ventas/02252022_055250_dress3_[1472.51-22].jpg
imagenes_ventas/06102022_213510_t_shirt0_[2590.44-0].jpg
imagenes_ventas/08032022_203518_sneaker7_[2120.84-0].jpg
imagenes_ventas/10112022_062125_t_shirt0_[4079.11-0].jpg
imagenes_ventas/01102023_170946_sneaker7_[3270.49-22].jpg
imagenes_ventas/08132022_221106_coat4_[172.22-0].jpg
imagenes_ventas/03072022_203947_sneaker7_[2923.15-10].jpg
imagenes_ventas/01312022_022951_sandal5_[2031.07-22].jpg
imagenes_ventas/06132022_035217_pullover2_[1011.15-0].jpg
imagenes_ventas/03302022_130909_ankle_boots9_[266.74-10].jpg
imagenes_ventas/03222022_034315_bag8_[4265.99-10].jpg
imagenes_ventas/05272022_060919_bag8_[2453.44-10].jpg
imagenes_ventas/01012023_135712_sneaker7_[1324.76-0].jpg
imagenes_ventas/03082022_100540_shirt6_[2950.52-0].jpg
imagenes_ventas/01222022_032350_coat4_[1416.62-22].jpg
imagenes_ventas/10132022_091355_t_shirt0_[2522.23-22].jpg
imagenes_ventas/10252022_113936_bag8_[2116.16-0].jpg
imagenes_ventas/01212022_215849_sandal5_[518.57-10].jpg
imagenes_ventas/05122022_194238_dress3_[4123.17-0].jpg
imagenes_ventas/08212022_221650_trouser1_[83.41-0].jpg
imagenes_ventas/07142022_011656_ankle_boots9_[2338.9-10].jpg
imagenes_ventas/04302022_082426_ankle_boots9_[2448.27-0].jpg
imagenes_ventas/09162022_095125_pullover2_[524.46-22].jpg
imagenes_ventas/03042022_043053_sandal5_[2447.01-0].jpg
imagenes_ventas/07232022_035055_sandal5_[249.16-22].jpg
imagenes_ventas/10282022_161528_coat4_[2959.3-22].jpg
imagenes_ventas/02152022_022256_sneaker7_[2397.91-0].jpg
imagenes_ventas/05302022_192608_shirt6_[4131.0-0].jpg
imagenes_ventas/04142022_183544_t_shirt0_[3348.3-22].jpg
imagenes_ventas/08232022_073447_coat4_[3240.05-0].jpg
imagenes_ventas/10012022_191723_bag8_[1184.24-10].jpg
imagenes_ventas/12262022_071201_bag8_[4076.24-0].jpg
imagenes_ventas/09052022_031133_sandal5_[107.36-0].jpg
imagenes_ventas/08172022_061735_dress3_[1080.42-22].jpg
imagenes_ventas/03052022_042109_t_shirt0_[4424.74-10].jpg
imagenes_ventas/08142022_191901_pullover2_[2549.01-0].jpg
imagenes_ventas/08272022_225024_bag8_[4238.4-0].jpg
imagenes_ventas/08292022_143845_sandal5_[651.86-22].jpg
imagenes_ventas/03022022_105325_sandal5_[3687.44-22].jpg
imagenes_ventas/11282022_060648_sneaker7_[946.23-22].jpg
imagenes_ventas/12232022_124848_sandal5_[1749.22-10].jpg
imagenes_ventas/09042022_205257_shirt6_[1617.44-22].jpg
imagenes_ventas/11172022_013916_sandal5_[3139.12-22].jpg
imagenes_ventas/11032022_144206_ankle_boots9_[720.31-10].jpg
imagenes_ventas/01172022_205707_dress3_[3104.24-22].jpg
imagenes_ventas/05162022_040244_pullover2_[2202.13-10].jpg
imagenes_ventas/10232022_055638_sandal5_[3141.31-10].jpg
imagenes_ventas/03102022_193300_dress3_[2201.14-22].jpg
imagenes_ventas/02212022_055717_dress3_[3742.38-22].jpg
imagenes_ventas/02052022_215354_sneaker7_[2797.46-22].jpg
imagenes_ventas/01222022_115030_dress3_[2674.1-10].jpg
