imagenes_ventas/01062022_164419_trouser1_[293.23-0].jpg
imagenes_ventas/10132022_091616_sandal5_[4140.67-0].jpg
imagenes_ventas/08142022_061615_shirt6_[4056.56-10].jpg
imagenes_ventas/12032022_162102_pullover2_[3735.13-10].jpg
imagenes_ventas/10262022_085712_sneaker7_[812.87-0].jpg
imagenes_ventas/09242022_103049_shirt6_[1720.67-0].jpg
imagenes_ventas/01082023_155510_sandal5_[2510.48-22].jpg
imagenes_ventas/11272022_222115_t_shirt0_[2659.09-0].jpg
imagenes_ventas/01302022_162041_ankle_boots9_[4132.32-0].jpg
imagenes_ventas/08302022_023100_ankle_boots9_[656.17-10].jpg
imagenes_ventas/05102022_213831_sandal5_[3641.39-10].jpg
imagenes_ventas/05282022_173909_dress3_[1608.4-10].jpg
imagenes_ventas/11042022_005734_bag8_[2172.78-10].jpg
imagenes_ventas/11182022_220822_trouser1_[1367.8-10].jpg
imagenes_ventas/10122022_150907_trouser1_[804.33-22].jpg
imagenes_ventas/11202022_071902_ankle_boots9_[4126.87-22].jpg
imagenes_ventas/06112022_181504_t_shirt0_[260.74-10].jpg
imagenes_ventas/10022022_213139_sandal5_[4844.92-0].jpg
imagenes_ventas/02082022_210908_shirt6_[603.52-10].jpg
imagenes_ventas/01062023_023427_trouser1_[2016.54-22].jpg
imagenes_ventas/08172022_065628_sandal5_[4690.12-22].jpg
imagenes_ventas/08282022_064313_sneaker7_[610.08-10].jpg
imagenes_ventas/01272022_005222_t_shirt0_[4692.51-22].jpg
imagenes_ventas/10232022_133613_coat4_[433.08-0].jpg
imagenes_ventas/06212022_080156_shirt6_[1125.62-10].jpg
imagenes_ventas/02212022_182705_sneaker7_[2597.27-22].jpg
imagenes_ventas/08182022_083956_t_shirt0_[2993.27-22].jpg
imagenes_ventas/01172022_012054_trouser1_[3002.43-10].jpg
imagenes_ventas/07072022_175846_pullover2_[896.72-10].jpg
imagenes_ventas/10242022_100209_t_shirt0_[2220.44-10].jpg
imagenes_ventas/12052022_073419_pullover2_[470.71-10].jpg
imagenes_ventas/07312022_002149_pullover2_[417.27-10].jpg
imagenes_ventas/08252022_011634_coat4_[3421.55-0].jpg
imagenes_ventas/04082022_001432_trouser1_[4877.74-10].jpg
imagenes_ventas/03262022_052529_sandal5_[995.01-0].jpg
imagenes_ventas/11292022_022202_sneaker7_[4290.18-0].jpg
imagenes_ventas/06292022_151826_trouser1_[4348.64-0].jpg
imagenes_ventas/03042022_112902_sandal5_[88.17-10].jpg
imagenes_ventas/09302022_224817_t_shirt0_[3766.16-22].jpg
imagenes_ventas/01302022_023705_sneaker7_[3867.1-0].jpg
imagenes_ventas/01102023_215848_ankle_boots9_[771.98-10].jpg
imagenes_ventas/04232022_084528_sneaker7_[4379.1-22].jpg
imagenes_ventas/01112022_182633_dress3_[1829.25-10].jpg
imagenes_ventas/07202022_165412_coat4_[4888.01-10].jpg
imagenes_ventas/02162022_192341_coat4_[621.91-10].jpg
imagenes_ventas/09182022_210701_dress3_[4898.54-0].jpg
imagenes_ventas/10242022_024124_t_shirt0_[1665.78-0].jpg
imagenes_ventas/07282022_130126_bag8_[3304.43-0].jpg
imagenes_ventas/08202022_151827_pullover2_[2426.4-10].jpg
imagenes_ventas/11142022_032915_coat4_[4561.7-10].jpg
imagenes_ventas/04232022_225442_sneaker7_[1366.3-0].jpg
imagenes_ventas/04252022_132555_shirt6_[1392.01-10].jpg
imagenes_ventas/09022022_081619_pullover2_[1945.24-10].jpg
imagenes_ventas/06012022_221332_ankle_boots9_[2949.34-10].jpg
imagenes_ventas/03152022_205011_sneaker7_[2831.22-10].jpg
imagenes_ventas/02032022_224757_t_shirt0_[4064.21-22].jpg
imagenes_ventas/07022022_034129_t_shirt0_[3446.81-22].jpg
imagenes_ventas/02082022_162039_sandal5_[4215.51-0].jpg
imagenes_ventas/09072022_233426_sandal5_[2230.83-10].jpg
imagenes_ventas/08032022_151815_trouser1_[2209.44-0].jpg
imagenes_ventas/08012022_023549_ankle_boots9_[3478.76-22].jpg
imagenes_ventas/08212022_113636_coat4_[4605.19-10].jpg
imagenes_ventas/10142022_192214_t_shirt0_[479.3-22].jpg
imagenes_ventas/11022022_003824_pullover2_[643.94-22].jpg
imagenes_ventas/06192022_160336_ankle_boots9_[825.28-0].jpg
imagenes_ventas/07252022_113555_pullover2_[1367.99-10].jpg
imagenes_ventas/05082022_093610_coat4_[1392.33-10].jpg
imagenes_ventas/08222022_130820_bag8_[4645.42-22].jpg
imagenes_ventas/07052022_211621_shirt6_[2159.09-22].jpg
imagenes_ventas/10142022_150459_bag8_[4850.73-10].jpg
imagenes_ventas/05182022_171820_trouser1_[2577.04-22].jpg
imagenes_ventas/03012022_073829_bag8_[3839.29-10].jpg
imagenes_ventas/04232022_132326_sandal5_[3685.96-0].jpg
imagenes_ventas/09152022_234104_pullover2_[2555.05-22].jpg
imagenes_ventas/12132022_211152_ankle_boots9_[1933.51-0].jpg
imagenes_ventas/01122022_221050_t_shirt0_[1726.16-10].jpg
imagenes_ventas/11072022_171517_bag8_[4442.74-10].jpg
imagenes_ventas/07172022_014832_sandal5_[1667.76-10].jpg
imagenes_ventas/02042022_181637_sneaker7_[3020.19-22].jpg
imagenes_ventas/07082022_153632_sandal5_[1581.58-22].jpg
imagenes_ventas/08032022_033448_trouser1_[752.49-22].jpg
imagenes_ventas/12232022_174535_pullover2_[3666.2-22].jpg
imagenes_ventas/03132022_011318_t_shirt0_[2699.07-10].jpg
imagenes_ventas/01032023_061354_ankle_boots9_[4235.0-10].jpg
imagenes_ventas/11082022_204851_pullover2_[1574.5-22].jpg
imagenes_ventas/02272022_130440_t_shirt0_[1211.56-0].jpg
imagenes_ventas/04212022_074019_dress3_[2190.52-10].jpg
imagenes_ventas/01082022_190811_bag8_[1307.53-0].jpg
imagenes_ventas/04202022_065559_shirt6_[3408.48-10].jpg
imagenes_ventas/02052022_114151_bag8_[2347.37-10].jpg
imagenes_ventas/01052022_083258_dress3_[2459.67-22].jpg
imagenes_ventas/01232022_112220_bag8_[4858.8-10].jpg
imagenes_ventas/07212022_154413_dress3_[85.72-0].jpg
imagenes_ventas/02202022_171501_ankle_boots9_[3257.32-22].jpg
imagenes_ventas/12052022_183235_dress3_[85.27-10].jpg
imagenes_ventas/04262022_001920_dress3_[4351.7-10].jpg
imagenes_ventas/06262022_235010_coat4_[2053.59-22].jpg
imagenes_ventas/09092022_084351_pullover2_[2484.3-10].jpg
imagenes_ventas/07302022_031817_ankle_boots9_[2053.69-10].jpg
imagenes_ventas/05022022_114213_trouser1_[3290.49-10].jpg
imagenes_ventas/05182022_041932_dress3_[3777.21-0].jpg
imagenes_ventas/01062023_132233_pullover2_[4168.15-10].jpg
imagenes_ventas/12202022_005047_sandal5_[782.39-0].jpg
imagenes_ventas/02152022_220931_shirt6_[3225.07-10].jpg
imagenes_ventas/11152022_112336_t_shirt0_[3588.63-0].jpg
imagenes_ventas/05032022_112329_sandal5_[2738.87-0].jpg
imagenes_ventas/01182022_224823_coat4_[4842.03-0].jpg
imagenes_ventas/04152022_203820_pullover2_[3705.42-10].jpg
imagenes_ventas/04142022_015646_sandal5_[1209.78-10].jpg
imagenes_ventas/11062022_233725_t_shirt0_[2092.09-10].jpg
imagenes_ventas/06162022_160902_coat4_[2248.3-0].jpg
imagenes_ventas/10012022_004149_shirt6_[1942.03-10].jpg
imagenes_ventas/08172022_143914_shirt6_[2716.74-10].jpg
imagenes_ventas/06142022_015827_dress3_[1920.58-22].jpg
imagenes_ventas/08092022_120547_coat4_[3573.66-22].jpg
imagenes_ventas/10142022_233829_dress3_[110.62-22].jpg
imagenes_ventas/10222022_184208_coat4_[3716.41-10].jpg
imagenes_ventas/01192022_171624_trouser1_[4928.39-0].jpg
imagenes_ventas/05212022_161729_sandal5_[1855.87-10].jpg
imagenes_ventas/12262022_011836_trouser1_[4087.59-22].jpg
imagenes_ventas/03312022_112057_bag8_[1743.74-22].jpg
imagenes_ventas/03132022_122116_t_shirt0_[3606.84-22].jpg
imagenes_ventas/07042022_035434_t_shirt0_[2946.38-10].jpg
imagenes_ventas/10082022_160641_ankle_boots9_[2783.34-0].jpg
imagenes_ventas/01192022_000654_coat4_[3181.43-10].jpg
imagenes_ventas/01082023_211323_ankle_boots9_[436.78-10].jpg
imagenes_ventas/10312022_160913_bag8_[1056.44-0].jpg
imagenes_ventas/04072022_044154_sneaker7_[2153.64-0].jpg
imagenes_ventas/01022023_153540_bag8_[3758.53-22].jpg
imagenes_ventas/05142022_174648_trouser1_[77.67-10].jpg
imagenes_ventas/10112022_173411_coat4_[2887.31-10].jpg
imagenes_ventas/12232022_190700_sneaker7_[3413.77-22].jpg
imagenes_ventas/01222022_234355_sandal5_[1356.64-0].jpg
imagenes_ventas/06282022_221657_bag8_[2180.33-22].jpg
imagenes_ventas/06152022_212852_bag8_[3740.02-22].jpg
imagenes_ventas/08292022_093605_bag8_[4896.69-22].jpg
imagenes_ventas/07022022_133658_ankle_boots9_[3490.3-0].jpg
imagenes_ventas/09012022_231809_shirt6_[458.26-0].jpg
imagenes_ventas/03272022_055033_bag8_[893.37-22].jpg
imagenes_ventas/09152022_231412_bag8_[2939.02-0].jpg
imagenes_ventas/07102022_093246_trouser1_[1556.87-22].jpg
imagenes_ventas/03302022_155629_coat4_[1862.38-22].jpg
imagenes_ventas/01222022_111930_pullover2_[3696.62-0].jpg
imagenes_ventas/01062022_110549_coat4_[4652.14-0].jpg
imagenes_ventas/02022022_173914_ankle_boots9_[502.27-0].jpg
imagenes_ventas/07242022_105056_coat4_[204.51-10].jpg
imagenes_ventas/10042022_030800_bag8_[2478.81-22].jpg
imagenes_ventas/10202022_170512_sneaker7_[4054.25-10].jpg
imagenes_ventas/09282022_200346_coat4_[3183.71-10].jpg
imagenes_ventas/02032022_021027_sandal5_[2223.23-0].jpg
imagenes_ventas/11282022_135450_sandal5_[2034.01-22].jpg
imagenes_ventas/04252022_204019_coat4_[3897.6-0].jpg
imagenes_ventas/10252022_091157_coat4_[2008.91-22].jpg
imagenes_ventas/07132022_152213_pullover2_[3040.35-0].jpg
imagenes_ventas/11162022_131634_ankle_boots9_[2187.74-0].jpg
imagenes_ventas/07162022_181517_trouser1_[2853.94-0].jpg
imagenes_ventas/05272022_061011_bag8_[1290.0-10].jpg
imagenes_ventas/12082022_055727_coat4_[4804.15-10].jpg
imagenes_ventas/02022022_182041_dress3_[2767.29-0].jpg
imagenes_ventas/04022022_041616_dress3_[3292.21-0].jpg
imagenes_ventas/04022022_041355_shirt6_[676.46-0].jpg
imagenes_ventas/01082023_170749_coat4_[4272.1-0].jpg
imagenes_ventas/01302022_140103_bag8_[308.4-0].jpg
imagenes_ventas/12232022_134002_t_shirt0_[1483.73-0].jpg
imagenes_ventas/03202022_161451_sneaker7_[4731.94-22].jpg
imagenes_ventas/08312022_085904_coat4_[1145.3-10].jpg
imagenes_ventas/02072022_095342_t_shirt0_[1246.69-0].jpg
imagenes_ventas/09222022_122827_t_shirt0_[3790.73-0].jpg
imagenes_ventas/11092022_221116_trouser1_[1041.44-10].jpg
imagenes_ventas/06052022_222435_coat4_[1140.05-10].jpg
imagenes_ventas/03152022_080615_dress3_[2993.63-0].jpg
imagenes_ventas/11182022_145943_t_shirt0_[3831.97-10].jpg
imagenes_ventas/01162022_064350_bag8_[266.48-0].jpg
imagenes_ventas/06142022_082936_bag8_[4060.95-0].jpg
imagenes_ventas/03132022_104720_ankle_boots9_[305.26-0].jpg
imagenes_ventas/10192022_215551_shirt6_[4997.93-10].jpg
imagenes_ventas/10052022_092711_dress3_[1772.0-10].jpg
imagenes_ventas/02132022_114318_shirt6_[2571.69-22].jpg
imagenes_ventas/08192022_141709_sneaker7_[2553.75-10].jpg
imagenes_ventas/06222022_160119_sneaker7_[3332.46-22].jpg
imagenes_ventas/01212022_032404_coat4_[4487.11-10].jpg
imagenes_ventas/05022022_185929_ankle_boots9_[437.96-22].jpg
imagenes_ventas/04022022_071149_shirt6_[1362.39-0].jpg
imagenes_ventas/07022022_184221_bag8_[3892.16-10].jpg
imagenes_ventas/01052023_153903_trouser1_[2166.48-22].jpg
imagenes_ventas/08242022_205823_trouser1_[3385.8-0].jpg
imagenes_ventas/05292022_140703_dress3_[1614.34-10].jpg
imagenes_ventas/01102023_071731_ankle_boots9_[3386.61-22].jpg
imagenes_ventas/11102022_093405_sandal5_[2425.89-22].jpg
imagenes_ventas/10292022_012953_t_shirt0_[864.77-22].jpg
imagenes_ventas/01042023_025041_coat4_[1017.5-10].jpg
imagenes_ventas/04102022_025034_pullover2_[4053.09-10].jpg
imagenes_ventas/03062022_173031_trouser1_[4642.61-10].jpg
imagenes_ventas/10242022_092931_pullover2_[2642.5-0].jpg
imagenes_ventas/07032022_184523_shirt6_[3099.46-10].jpg
imagenes_ventas/12242022_001251_trouser1_[974.57-22].jpg
imagenes_ventas/08102022_160833_shirt6_[3535.66-0].jpg
imagenes_ventas/03192022_000424_coat4_[3291.87-22].jpg
imagenes_ventas/02282022_031001_sandal5_[1691.85-22].jpg
imagenes_ventas/10212022_073233_sandal5_[3809.16-0].jpg
imagenes_ventas/11092022_140211_coat4_[2598.25-22].jpg
imagenes_ventas/03012022_175636_pullover2_[881.03-22].jpg
imagenes_ventas/12102022_234333_coat4_[210.3-10].jpg
imagenes_ventas/11032022_004653_ankle_boots9_[609.23-0].jpg
imagenes_ventas/04172022_055857_sneaker7_[4727.21-10].jpg
imagenes_ventas/08042022_175354_bag8_[2252.95-0].jpg
imagenes_ventas/05312022_132120_t_shirt0_[2921.97-0].jpg
imagenes_ventas/09052022_131621_bag8_[1881.26-0].jpg
imagenes_ventas/08162022_063207_t_shirt0_[3022.61-10].jpg
imagenes_ventas/01052023_092123_bag8_[4521.28-10].jpg
imagenes_ventas/05302022_115718_shirt6_[1103.29-10].jpg
imagenes_ventas/01282022_163406_bag8_[3939.23-22].jpg
imagenes_ventas/01062023_091400_t_shirt0_[844.52-0].jpg
imagenes_ventas/12232022_221321_dress3_[664.24-10].jpg
imagenes_ventas/01102023_031643_sneaker7_[4742.05-10].jpg
imagenes_ventas/08272022_210507_sneaker7_[604.93-22].jpg
imagenes_ventas/01052023_124437_shirt6_[965.59-0].jpg
imagenes_ventas/11152022_114901_pullover2_[4425.48-0].jpg
imagenes_ventas/03022022_073243_trouser1_[2665.51-10].jpg
imagenes_ventas/09022022_171050_t_shirt0_[2811.88-10].jpg
imagenes_ventas/05102022_085650_t_shirt0_[1992.75-10].jpg
imagenes_ventas/01032023_203233_dress3_[1069.41-0].jpg
imagenes_ventas/05122022_001000_bag8_[3279.96-22].jpg
imagenes_ventas/11042022_000121_sandal5_[463.31-22].jpg
imagenes_ventas/09152022_213142_coat4_[2032.07-22].jpg
imagenes_ventas/01032023_134715_sandal5_[798.08-10].jpg
imagenes_ventas/08032022_090847_sneaker7_[4306.59-10].jpg
imagenes_ventas/04112022_094150_pullover2_[2924.35-0].jpg
imagenes_ventas/01062023_032005_sneaker7_[258.97-22].jpg
imagenes_ventas/10242022_142515_t_shirt0_[443.49-22].jpg
imagenes_ventas/04162022_191823_ankle_boots9_[1195.96-10].jpg
imagenes_ventas/11272022_152458_sandal5_[487.25-22].jpg
imagenes_ventas/08062022_031707_bag8_[2685.8-0].jpg
imagenes_ventas/09202022_082650_dress3_[2060.23-22].jpg
imagenes_ventas/07162022_204049_sneaker7_[2928.42-0].jpg
imagenes_ventas/06282022_132055_pullover2_[4684.42-10].jpg
imagenes_ventas/11042022_123635_ankle_boots9_[4249.28-10].jpg
imagenes_ventas/09052022_134945_pullover2_[1439.8-0].jpg
imagenes_ventas/01042023_144749_dress3_[3443.71-10].jpg
imagenes_ventas/03122022_065249_coat4_[118.9-22].jpg
imagenes_ventas/05102022_183418_sandal5_[3168.13-10].jpg
imagenes_ventas/08072022_010038_ankle_boots9_[33.07-22].jpg
imagenes_ventas/09182022_180525_pullover2_[138.33-22].jpg
imagenes_ventas/12192022_022559_sandal5_[1352.74-22].jpg
imagenes_ventas/12092022_012857_pullover2_[672.12-0].jpg
imagenes_ventas/03232022_211503_trouser1_[2944.98-0].jpg
imagenes_ventas/01042023_150049_t_shirt0_[2495.37-10].jpg
imagenes_ventas/01122022_204700_shirt6_[626.97-10].jpg
imagenes_ventas/01062023_085149_trouser1_[4438.15-22].jpg
imagenes_ventas/01172022_083006_bag8_[1594.62-0].jpg
imagenes_ventas/04032022_135437_sandal5_[3814.1-0].jpg
imagenes_ventas/08252022_130225_pullover2_[72.4-0].jpg
imagenes_ventas/07132022_124231_ankle_boots9_[527.83-22].jpg
imagenes_ventas/12072022_143512_t_shirt0_[3666.89-22].jpg
imagenes_ventas/05012022_164823_dress3_[143.3-0].jpg
imagenes_ventas/03052022_194258_sneaker7_[4732.84-22].jpg
imagenes_ventas/12222022_220130_sneaker7_[1231.66-0].jpg
imagenes_ventas/06092022_145532_pullover2_[1223.79-22].jpg
imagenes_ventas/08192022_223719_bag8_[1945.26-0].jpg
imagenes_ventas/07192022_012439_coat4_[1454.37-0].jpg
imagenes_ventas/04232022_222057_ankle_boots9_[2895.28-0].jpg
imagenes_ventas/03212022_001027_ankle_boots9_[513.92-22].jpg
imagenes_ventas/12092022_000947_pullover2_[3391.03-10].jpg
imagenes_ventas/05082022_095540_coat4_[484.36-22].jpg
imagenes_ventas/09202022_121109_shirt6_[3499.21-10].jpg
imagenes_ventas/12202022_102658_t_shirt0_[3022.58-0].jpg
imagenes_ventas/01312022_104418_shirt6_[2615.33-22].jpg
imagenes_ventas/04232022_111750_bag8_[4397.04-0].jpg
imagenes_ventas/08242022_073645_sandal5_[91.63-10].jpg
imagenes_ventas/11272022_221037_dress3_[2925.23-10].jpg
imagenes_ventas/11182022_025017_bag8_[4753.52-10].jpg
imagenes_ventas/11232022_171755_bag8_[4064.88-10].jpg
imagenes_ventas/01032022_185341_dress3_[1915.15-10].jpg
imagenes_ventas/02082022_223908_bag8_[1440.34-22].jpg
imagenes_ventas/01022022_184420_ankle_boots9_[31.98-10].jpg
imagenes_ventas/03032022_005457_bag8_[1112.84-0].jpg
imagenes_ventas/04162022_065022_sneaker7_[4086.09-22].jpg
imagenes_ventas/11022022_084045_t_shirt0_[2231.8-10].jpg
imagenes_ventas/02112022_155205_t_shirt0_[576.48-10].jpg
imagenes_ventas/02212022_184727_bag8_[894.19-10].jpg
imagenes_ventas/03112022_203257_shirt6_[1686.81-10].jpg
imagenes_ventas/05112022_215709_dress3_[677.13-10].jpg
imagenes_ventas/05202022_013150_shirt6_[4494.07-22].jpg
imagenes_ventas/05162022_222545_ankle_boots9_[1190.75-10].jpg
imagenes_ventas/03152022_052547_t_shirt0_[3766.65-10].jpg
imagenes_ventas/04132022_010559_t_shirt0_[2900.61-10].jpg
imagenes_ventas/11132022_032815_shirt6_[2555.83-0].jpg
imagenes_ventas/06262022_232806_bag8_[4546.42-10].jpg
imagenes_ventas/01072022_130453_coat4_[2988.14-10].jpg
imagenes_ventas/08172022_082503_ankle_boots9_[4580.77-0].jpg
imagenes_ventas/12082022_153117_t_shirt0_[3253.34-10].jpg
imagenes_ventas/08022022_024918_pullover2_[1997.03-10].jpg
imagenes_ventas/03062022_052543_pullover2_[2221.65-0].jpg
imagenes_ventas/04092022_044906_shirt6_[3310.79-10].jpg
imagenes_ventas/11252022_160322_sneaker7_[2931.28-10].jpg
imagenes_ventas/10312022_120920_ankle_boots9_[4801.96-10].jpg
imagenes_ventas/12082022_173836_bag8_[1751.89-10].jpg
imagenes_ventas/11252022_144619_ankle_boots9_[2412.99-10].jpg
imagenes_ventas/12112022_013211_t_shirt0_[847.68-22].jpg
imagenes_ventas/01252022_132108_sneaker7_[1864.56-22].jpg
imagenes_ventas/05192022_202537_dress3_[3555.1-22].jpg
imagenes_ventas/03012022_030649_shirt6_[300.51-10].jpg
imagenes_ventas/11232022_002606_sandal5_[1081.04-10].jpg
imagenes_ventas/11082022_072713_dress3_[638.88-0].jpg
imagenes_ventas/08062022_112112_sneaker7_[3999.81-10].jpg
imagenes_ventas/04302022_190641_sandal5_[1698.35-0].jpg
imagenes_ventas/02182022_170142_ankle_boots9_[3709.22-22].jpg
imagenes_ventas/07102022_112411_dress3_[3668.01-10].jpg
imagenes_ventas/09022022_013906_pullover2_[1804.26-22].jpg
imagenes_ventas/04112022_125615_bag8_[734.5-22].jpg
imagenes_ventas/02042022_220521_trouser1_[473.91-10].jpg
imagenes_ventas/06132022_111759_sneaker7_[1984.46-10].jpg
imagenes_ventas/08252022_204230_pullover2_[2649.74-10].jpg
imagenes_ventas/04212022_230918_dress3_[3672.85-22].jpg
imagenes_ventas/03102022_235456_dress3_[3556.45-10].jpg
imagenes_ventas/07092022_010844_sneaker7_[2013.52-10].jpg
imagenes_ventas/03042022_151929_sandal5_[710.77-22].jpg
imagenes_ventas/09092022_224547_t_shirt0_[1012.8-0].jpg
imagenes_ventas/04202022_080306_sandal5_[3636.85-10].jpg
imagenes_ventas/01202022_021615_pullover2_[4074.8-0].jpg
imagenes_ventas/07122022_213546_pullover2_[4307.67-10].jpg
imagenes_ventas/10242022_041328_pullover2_[4191.55-22].jpg
imagenes_ventas/05272022_063529_t_shirt0_[1395.88-10].jpg
imagenes_ventas/06302022_212129_bag8_[616.65-0].jpg
imagenes_ventas/05042022_085653_dress3_[3010.61-0].jpg
imagenes_ventas/07072022_091212_coat4_[1632.78-22].jpg
imagenes_ventas/02122022_105221_shirt6_[529.07-10].jpg
imagenes_ventas/03132022_030405_trouser1_[3236.04-0].jpg
imagenes_ventas/10052022_095105_sandal5_[687.07-22].jpg
imagenes_ventas/05012022_113529_bag8_[1455.68-0].jpg
imagenes_ventas/10262022_165847_bag8_[4561.45-22].jpg
imagenes_ventas/11232022_221825_sneaker7_[4979.85-10].jpg
imagenes_ventas/05172022_123445_bag8_[1885.1-0].jpg
imagenes_ventas/07062022_053245_sneaker7_[4370.78-10].jpg
imagenes_ventas/02102022_153409_sandal5_[4223.3-0].jpg
imagenes_ventas/05092022_033213_t_shirt0_[1556.15-10].jpg
imagenes_ventas/10242022_134056_bag8_[2935.29-22].jpg
imagenes_ventas/01012022_153047_dress3_[3704.45-10].jpg
imagenes_ventas/12172022_162720_shirt6_[977.88-0].jpg
imagenes_ventas/12302022_111149_dress3_[1492.69-0].jpg
imagenes_ventas/01312022_170032_pullover2_[2561.97-0].jpg
imagenes_ventas/07272022_093945_shirt6_[1510.69-10].jpg
imagenes_ventas/06182022_223628_coat4_[2252.58-22].jpg
imagenes_ventas/09122022_204310_t_shirt0_[643.62-0].jpg
imagenes_ventas/12192022_230832_bag8_[4767.22-0].jpg
imagenes_ventas/07132022_060653_sandal5_[158.73-22].jpg
imagenes_ventas/04152022_071106_sandal5_[835.26-10].jpg
imagenes_ventas/07152022_232854_sneaker7_[504.79-0].jpg
imagenes_ventas/01022023_175811_trouser1_[2685.66-22].jpg
imagenes_ventas/02022022_171953_coat4_[4430.93-0].jpg
imagenes_ventas/11132022_103357_sandal5_[1564.21-0].jpg
imagenes_ventas/01072023_092437_trouser1_[1739.15-10].jpg
imagenes_ventas/08142022_022031_sneaker7_[3061.39-22].jpg
imagenes_ventas/09182022_033237_dress3_[3092.78-22].jpg
imagenes_ventas/02022022_163547_dress3_[3330.72-0].jpg
imagenes_ventas/06182022_072948_trouser1_[4013.44-0].jpg
imagenes_ventas/01292022_071245_trouser1_[778.52-10].jpg
imagenes_ventas/02092022_035819_pullover2_[796.57-0].jpg
imagenes_ventas/06292022_195236_shirt6_[1118.38-0].jpg
imagenes_ventas/01152022_183536_pullover2_[4241.88-22].jpg
imagenes_ventas/03142022_232447_bag8_[4478.34-22].jpg
imagenes_ventas/07202022_104232_t_shirt0_[2176.23-0].jpg
imagenes_ventas/03312022_161058_dress3_[4074.8-22].jpg
imagenes_ventas/11032022_053303_pullover2_[4712.51-10].jpg
imagenes_ventas/12182022_084436_pullover2_[1106.15-22].jpg
imagenes_ventas/04162022_142325_pullover2_[851.33-22].jpg
imagenes_ventas/01062022_045008_bag8_[2487.99-0].jpg
imagenes_ventas/09232022_232659_dress3_[1030.87-0].jpg
imagenes_ventas/02022022_210954_trouser1_[3389.11-0].jpg
imagenes_ventas/04272022_180925_shirt6_[3199.67-10].jpg
imagenes_ventas/11172022_052157_dress3_[2705.05-22].jpg
imagenes_ventas/02252022_170102_shirt6_[2181.49-22].jpg
imagenes_ventas/08182022_100707_t_shirt0_[2527.31-22].jpg
imagenes_ventas/03292022_082538_sandal5_[2069.75-22].jpg
imagenes_ventas/05192022_095652_pullover2_[372.41-0].jpg
imagenes_ventas/02132022_004232_bag8_[4077.99-10].jpg
imagenes_ventas/12122022_122219_coat4_[2702.02-10].jpg
imagenes_ventas/09102022_224155_ankle_boots9_[2563.32-22].jpg
imagenes_ventas/08302022_040847_dress3_[4718.97-22].jpg
imagenes_ventas/05232022_115336_pullover2_[1875.91-0].jpg
imagenes_ventas/08072022_021147_t_shirt0_[53.48-10].jpg
imagenes_ventas/05192022_202044_trouser1_[685.46-22].jpg
imagenes_ventas/01032022_000034_pullover2_[1305.96-22].jpg
imagenes_ventas/09202022_154804_t_shirt0_[4532.49-0].jpg
imagenes_ventas/05122022_132154_t_shirt0_[2477.6-0].jpg
imagenes_ventas/07112022_100627_sneaker7_[101.42-22].jpg
imagenes_ventas/02042022_040730_bag8_[57.64-10].jpg
imagenes_ventas/06042022_185201_shirt6_[998.17-22].jpg
imagenes_ventas/04172022_080919_coat4_[4890.16-22].jpg
imagenes_ventas/10062022_021634_sandal5_[1608.84-10].jpg
imagenes_ventas/09172022_001755_coat4_[1676.21-10].jpg
imagenes_ventas/12132022_053409_t_shirt0_[3913.57-10].jpg
imagenes_ventas/04192022_181142_sneaker7_[4682.01-10].jpg
imagenes_ventas/01102022_125534_shirt6_[1910.23-0].jpg
imagenes_ventas/09252022_193333_sneaker7_[2582.14-10].jpg
imagenes_ventas/02152022_090631_pullover2_[2496.58-0].jpg
imagenes_ventas/04032022_113700_trouser1_[618.45-0].jpg
imagenes_ventas/04172022_204144_dress3_[1562.0-22].jpg
imagenes_ventas/08142022_084817_shirt6_[3348.76-0].jpg
imagenes_ventas/08032022_130733_sandal5_[1832.57-0].jpg
imagenes_ventas/05122022_143837_sandal5_[3877.6-0].jpg
imagenes_ventas/09162022_185443_pullover2_[947.4-10].jpg
imagenes_ventas/06162022_053426_coat4_[826.56-10].jpg
imagenes_ventas/10142022_104609_dress3_[4184.96-10].jpg
imagenes_ventas/01162022_130846_sneaker7_[261.8-10].jpg
imagenes_ventas/01312022_175647_pullover2_[3460.8-0].jpg
imagenes_ventas/04192022_120203_ankle_boots9_[827.36-0].jpg
imagenes_ventas/03102022_111755_t_shirt0_[3654.78-10].jpg
imagenes_ventas/09012022_221937_t_shirt0_[3354.3-0].jpg
imagenes_ventas/09222022_212036_bag8_[1436.15-22].jpg
imagenes_ventas/06042022_231122_ankle_boots9_[3998.66-10].jpg
imagenes_ventas/04112022_021207_sneaker7_[1850.06-0].jpg
imagenes_ventas/09072022_063000_dress3_[2136.35-10].jpg
imagenes_ventas/11092022_020718_dress3_[4680.07-0].jpg
imagenes_ventas/09182022_014438_coat4_[2655.24-22].jpg
imagenes_ventas/05162022_172321_ankle_boots9_[2115.57-22].jpg
imagenes_ventas/11272022_171922_sandal5_[1628.81-22].jpg
imagenes_ventas/09182022_171259_coat4_[1788.29-0].jpg
imagenes_ventas/07082022_223756_bag8_[1492.64-22].jpg
imagenes_ventas/07262022_020351_sandal5_[1974.03-0].jpg
imagenes_ventas/06142022_011604_bag8_[1114.12-10].jpg
imagenes_ventas/05082022_123147_trouser1_[2185.64-10].jpg
imagenes_ventas/04262022_143600_shirt6_[1758.36-10].jpg
imagenes_ventas/02192022_184434_sandal5_[3433.71-0].jpg
imagenes_ventas/06162022_002743_shirt6_[1285.22-0].jpg
imagenes_ventas/01112022_050930_pullover2_[1853.35-10].jpg
imagenes_ventas/07182022_002841_sandal5_[2949.15-22].jpg
imagenes_ventas/03092022_131440_coat4_[2376.47-0].jpg
imagenes_ventas/05062022_002235_shirt6_[1224.91-22].jpg
imagenes_ventas/08282022_033841_trouser1_[2696.89-22].jpg
imagenes_ventas/06182022_032043_trouser1_[1641.04-0].jpg
imagenes_ventas/06172022_131438_sneaker7_[1734.14-10].jpg
imagenes_ventas/02132022_174254_ankle_boots9_[2245.98-0].jpg
imagenes_ventas/02152022_145421_bag8_[3330.91-0].jpg
imagenes_ventas/01192022_140919_dress3_[4163.72-22].jpg
imagenes_ventas/11102022_104803_coat4_[4413.07-10].jpg
imagenes_ventas/07062022_153301_trouser1_[2848.82-10].jpg
imagenes_ventas/02222022_171144_ankle_boots9_[1765.84-10].jpg
imagenes_ventas/07242022_112203_ankle_boots9_[1154.93-10].jpg
imagenes_ventas/04222022_134846_sneaker7_[4690.48-22].jpg
imagenes_ventas/08242022_223305_dress3_[46.76-10].jpg
imagenes_ventas/12302022_230434_pullover2_[2464.12-10].jpg
imagenes_ventas/09282022_133134_bag8_[1383.87-10].jpg
imagenes_ventas/11082022_171015_bag8_[166.31-10].jpg
imagenes_ventas/09122022_034910_trouser1_[2490.74-10].jpg
imagenes_ventas/02152022_143827_sneaker7_[1198.22-22].jpg
imagenes_ventas/03092022_045451_ankle_boots9_[509.25-10].jpg
imagenes_ventas/07012022_094921_shirt6_[345.72-10].jpg
imagenes_ventas/03042022_063539_sandal5_[2145.91-22].jpg
imagenes_ventas/09112022_142737_coat4_[4823.3-10].jpg
imagenes_ventas/07112022_043319_coat4_[475.42-22].jpg
imagenes_ventas/01142022_082524_bag8_[4608.66-22].jpg
imagenes_ventas/08032022_132029_shirt6_[4979.49-0].jpg
imagenes_ventas/01252022_052848_shirt6_[3352.85-10].jpg
imagenes_ventas/03222022_073406_coat4_[3448.54-10].jpg
imagenes_ventas/09222022_173946_dress3_[1691.58-0].jpg
imagenes_ventas/08232022_135824_pullover2_[4668.82-0].jpg
imagenes_ventas/04192022_052049_t_shirt0_[3071.4-22].jpg
imagenes_ventas/02152022_195608_trouser1_[2388.67-22].jpg
imagenes_ventas/09122022_113740_coat4_[690.47-0].jpg
imagenes_ventas/05272022_212905_coat4_[645.86-22].jpg
imagenes_ventas/06292022_113221_pullover2_[2982.25-10].jpg
imagenes_ventas/03142022_191612_shirt6_[1730.84-0].jpg
imagenes_ventas/04252022_042509_t_shirt0_[442.58-10].jpg
imagenes_ventas/01042022_222646_sneaker7_[3561.47-0].jpg
imagenes_ventas/03162022_154213_sneaker7_[3594.88-10].jpg
imagenes_ventas/01182022_063704_ankle_boots9_[1060.06-22].jpg
imagenes_ventas/01222022_094237_coat4_[97.33-22].jpg
imagenes_ventas/07202022_101459_t_shirt0_[4238.98-22].jpg
imagenes_ventas/02122022_130532_trouser1_[249.06-10].jpg
imagenes_ventas/05202022_031941_t_shirt0_[2670.35-10].jpg
imagenes_ventas/08092022_131405_trouser1_[127.0-22].jpg
imagenes_ventas/01112023_103733_trouser1_[2993.13-10].jpg
imagenes_ventas/07052022_191401_t_shirt0_[3709.72-0].jpg
imagenes_ventas/06052022_155858_trouser1_[518.04-10].jpg
imagenes_ventas/02182022_111952_bag8_[3717.31-10].jpg
imagenes_ventas/10212022_133233_ankle_boots9_[2602.14-0].jpg
imagenes_ventas/02112022_081156_pullover2_[3792.11-10].jpg
imagenes_ventas/10262022_072811_pullover2_[2797.88-0].jpg
imagenes_ventas/01242022_184425_pullover2_[1897.3-0].jpg
imagenes_ventas/10302022_082756_trouser1_[2599.57-22].jpg
imagenes_ventas/07282022_062102_shirt6_[3855.16-22].jpg
imagenes_ventas/05192022_080851_trouser1_[3726.74-0].jpg
imagenes_ventas/02082022_085445_bag8_[4713.31-22].jpg
imagenes_ventas/07112022_033646_trouser1_[3421.66-22].jpg
imagenes_ventas/01272022_065106_bag8_[3018.11-22].jpg
imagenes_ventas/07152022_034213_sandal5_[1369.36-10].jpg
imagenes_ventas/12212022_221030_coat4_[1221.81-22].jpg
imagenes_ventas/06232022_050824_sandal5_[4146.7-0].jpg
imagenes_ventas/06202022_073840_bag8_[796.78-10].jpg
imagenes_ventas/07102022_181342_coat4_[3599.96-0].jpg
imagenes_ventas/06282022_002132_sneaker7_[2814.34-22].jpg
imagenes_ventas/10142022_201020_coat4_[1408.09-10].jpg
imagenes_ventas/12242022_021247_dress3_[1601.73-22].jpg
imagenes_ventas/03012022_060433_dress3_[996.2-22].jpg
imagenes_ventas/07032022_235635_ankle_boots9_[2241.07-0].jpg
imagenes_ventas/05222022_190445_bag8_[1611.77-22].jpg
imagenes_ventas/05272022_210833_t_shirt0_[3186.27-0].jpg
imagenes_ventas/04102022_231139_coat4_[1868.56-10].jpg
imagenes_ventas/09122022_050457_shirt6_[1106.3-22].jpg
imagenes_ventas/08132022_101800_t_shirt0_[2537.64-10].jpg
imagenes_ventas/04112022_183021_ankle_boots9_[1668.59-10].jpg
imagenes_ventas/06192022_050038_trouser1_[2439.95-10].jpg
imagenes_ventas/12152022_203954_shirt6_[4522.06-22].jpg
imagenes_ventas/12082022_214400_sneaker7_[2841.62-22].jpg
imagenes_ventas/09072022_050310_trouser1_[1049.24-0].jpg
imagenes_ventas/02152022_145344_coat4_[474.93-22].jpg
imagenes_ventas/04012022_060845_sandal5_[3208.48-10].jpg
imagenes_ventas/06152022_140254_shirt6_[2915.34-10].jpg
imagenes_ventas/08192022_083442_trouser1_[4399.41-22].jpg
imagenes_ventas/08012022_004257_shirt6_[3153.28-10].jpg
imagenes_ventas/05182022_061259_dress3_[3117.45-0].jpg
imagenes_ventas/01122022_111641_dress3_[422.81-22].jpg
imagenes_ventas/05172022_015910_ankle_boots9_[3158.99-0].jpg
imagenes_ventas/07272022_073030_t_shirt0_[4309.16-0].jpg
imagenes_ventas/12222022_032217_sneaker7_[1515.82-22].jpg
imagenes_ventas/09182022_210906_dress3_[1800.15-10].jpg
imagenes_ventas/11192022_193220_sneaker7_[1666.3-0].jpg
imagenes_ventas/03232022_085754_dress3_[4987.21-22].jpg
imagenes_ventas/02092022_030304_t_shirt0_[4472.92-22].jpg
imagenes_ventas/02052022_095113_t_shirt0_[346.88-10].jpg
imagenes_ventas/01072023_225719_t_shirt0_[2640.39-10].jpg
imagenes_ventas/12152022_140046_pullover2_[929.29-0].jpg
imagenes_ventas/02272022_004317_coat4_[2264.19-0].jpg
imagenes_ventas/01212022_122426_dress3_[955.45-10].jpg
imagenes_ventas/02062022_080327_t_shirt0_[2138.02-0].jpg
imagenes_ventas/01192022_221920_bag8_[4241.06-0].jpg
imagenes_ventas/04132022_215421_trouser1_[1890.69-22].jpg
imagenes_ventas/05022022_202707_ankle_boots9_[454.76-0].jpg
imagenes_ventas/04032022_195048_coat4_[64.92-0].jpg
imagenes_ventas/04182022_043948_trouser1_[3333.8-22].jpg
imagenes_ventas/04172022_115839_bag8_[2612.98-10].jpg
imagenes_ventas/06262022_042936_pullover2_[1821.24-0].jpg
imagenes_ventas/03102022_064258_coat4_[391.3-0].jpg
imagenes_ventas/09152022_134958_dress3_[3677.8-22].jpg
imagenes_ventas/07092022_015158_shirt6_[1908.33-22].jpg
imagenes_ventas/08172022_190630_coat4_[2225.11-22].jpg
imagenes_ventas/02172022_220507_coat4_[4946.99-0].jpg
imagenes_ventas/04182022_010923_sneaker7_[4459.12-10].jpg
imagenes_ventas/10302022_152847_trouser1_[4535.42-0].jpg
imagenes_ventas/09102022_170200_bag8_[1068.97-22].jpg
imagenes_ventas/11232022_151800_shirt6_[1065.88-22].jpg
imagenes_ventas/08282022_021836_sandal5_[1653.9-0].jpg
imagenes_ventas/01012022_104002_dress3_[957.36-0].jpg
imagenes_ventas/06042022_051447_dress3_[3586.07-22].jpg
imagenes_ventas/03022022_151933_sneaker7_[4789.99-0].jpg
imagenes_ventas/11052022_140807_trouser1_[990.41-0].jpg
imagenes_ventas/04142022_212436_bag8_[322.29-10].jpg
imagenes_ventas/02082022_022026_coat4_[757.41-0].jpg
imagenes_ventas/11132022_091523_dress3_[1807.54-0].jpg
imagenes_ventas/11012022_173637_trouser1_[3192.19-0].jpg
imagenes_ventas/06082022_015824_ankle_boots9_[4873.94-10].jpg
imagenes_ventas/03192022_192039_sandal5_[3393.21-0].jpg
imagenes_ventas/07082022_154940_pullover2_[605.31-22].jpg
imagenes_ventas/01082023_073130_dress3_[2602.09-22].jpg
imagenes_ventas/12162022_164913_bag8_[4525.04-10].jpg
imagenes_ventas/06222022_054515_coat4_[2533.38-0].jpg
imagenes_ventas/04262022_072452_sandal5_[1915.26-22].jpg
imagenes_ventas/12182022_165728_trouser1_[113.51-22].jpg
imagenes_ventas/05072022_022325_t_shirt0_[3985.62-10].jpg
imagenes_ventas/08022022_165529_shirt6_[3684.77-10].jpg
imagenes_ventas/06042022_231224_trouser1_[2746.94-22].jpg
imagenes_ventas/07292022_052512_dress3_[1377.41-10].jpg
imagenes_ventas/11022022_152247_t_shirt0_[3796.47-22].jpg
imagenes_ventas/10142022_123254_trouser1_[3537.03-10].jpg
imagenes_ventas/07292022_051409_bag8_[958.25-10].jpg
imagenes_ventas/05152022_230702_t_shirt0_[196.75-22].jpg
imagenes_ventas/08062022_203535_coat4_[2188.53-10].jpg
imagenes_ventas/06232022_135801_bag8_[2562.19-0].jpg
imagenes_ventas/09052022_055738_bag8_[2267.49-0].jpg
imagenes_ventas/07282022_235723_trouser1_[726.3-10].jpg
imagenes_ventas/04032022_002538_coat4_[2177.43-22].jpg
imagenes_ventas/03032022_020500_t_shirt0_[1739.58-22].jpg
imagenes_ventas/09282022_052342_dress3_[347.57-10].jpg
imagenes_ventas/12172022_161415_sneaker7_[643.24-10].jpg
imagenes_ventas/08162022_183119_t_shirt0_[1678.23-0].jpg
imagenes_ventas/02072022_223709_sneaker7_[1763.95-10].jpg
imagenes_ventas/10152022_043836_t_shirt0_[2062.24-10].jpg
imagenes_ventas/05232022_082811_bag8_[2247.23-0].jpg
imagenes_ventas/07262022_145226_sneaker7_[4705.53-10].jpg
imagenes_ventas/07152022_011633_dress3_[4338.34-10].jpg
imagenes_ventas/07222022_082926_bag8_[255.08-10].jpg
imagenes_ventas/12172022_073545_ankle_boots9_[3980.85-22].jpg
imagenes_ventas/09132022_185921_coat4_[1799.23-0].jpg
imagenes_ventas/08132022_050152_t_shirt0_[1232.61-10].jpg
imagenes_ventas/08162022_040808_pullover2_[3425.6-0].jpg
imagenes_ventas/07192022_151958_shirt6_[205.75-10].jpg
imagenes_ventas/03032022_063747_bag8_[2013.93-10].jpg
imagenes_ventas/10132022_011459_pullover2_[3002.3-22].jpg
imagenes_ventas/07052022_164904_pullover2_[2418.0-22].jpg
imagenes_ventas/02182022_100046_trouser1_[2734.93-0].jpg
imagenes_ventas/06232022_154703_t_shirt0_[2651.07-10].jpg
imagenes_ventas/08132022_112415_shirt6_[2397.53-0].jpg
imagenes_ventas/10112022_065048_coat4_[4922.56-0].jpg
imagenes_ventas/01012022_131741_sneaker7_[2288.1-22].jpg
imagenes_ventas/06302022_140655_pullover2_[3020.99-0].jpg
imagenes_ventas/07272022_050233_trouser1_[3659.52-0].jpg
imagenes_ventas/08122022_203415_pullover2_[1273.21-10].jpg
imagenes_ventas/05122022_220609_trouser1_[3462.28-0].jpg
imagenes_ventas/08162022_031017_sandal5_[1264.21-22].jpg
imagenes_ventas/08122022_021323_sandal5_[2629.4-22].jpg
imagenes_ventas/10292022_153751_sneaker7_[3885.91-22].jpg
imagenes_ventas/03242022_090857_ankle_boots9_[1820.96-10].jpg
imagenes_ventas/03042022_020818_t_shirt0_[1706.14-10].jpg
imagenes_ventas/05132022_163605_shirt6_[3807.59-0].jpg
imagenes_ventas/01092022_070416_dress3_[860.99-22].jpg
imagenes_ventas/01022022_111221_ankle_boots9_[2736.12-22].jpg
imagenes_ventas/01192022_210350_sneaker7_[1047.84-10].jpg
imagenes_ventas/10102022_213322_dress3_[4312.69-0].jpg
imagenes_ventas/11012022_043956_dress3_[3267.88-10].jpg
imagenes_ventas/08082022_021448_shirt6_[4052.02-10].jpg
imagenes_ventas/12042022_100955_dress3_[3844.51-0].jpg
imagenes_ventas/11162022_133611_shirt6_[3197.91-22].jpg
imagenes_ventas/11162022_112914_trouser1_[286.26-0].jpg
imagenes_ventas/12122022_162305_coat4_[4490.44-22].jpg
imagenes_ventas/09282022_051120_sneaker7_[1094.07-22].jpg
imagenes_ventas/11262022_124911_t_shirt0_[1509.75-0].jpg
imagenes_ventas/05312022_143010_sneaker7_[1654.37-0].jpg
imagenes_ventas/10012022_083334_coat4_[3636.76-22].jpg
imagenes_ventas/07072022_172524_t_shirt0_[2130.91-10].jpg
imagenes_ventas/12032022_231631_dress3_[2764.69-10].jpg
imagenes_ventas/09092022_031116_dress3_[4053.17-10].jpg
imagenes_ventas/10142022_122509_bag8_[4541.28-0].jpg
imagenes_ventas/07252022_104538_sneaker7_[4100.98-0].jpg
imagenes_ventas/01072022_111152_trouser1_[4861.09-0].jpg
imagenes_ventas/12222022_004102_bag8_[4872.38-10].jpg
imagenes_ventas/08242022_020728_bag8_[2227.28-0].jpg
imagenes_ventas/02082022_083738_shirt6_[4204.54-22].jpg
imagenes_ventas/02072022_022237_t_shirt0_[3021.64-10].jpg
imagenes_ventas/01052022_142513_shirt6_[3953.88-0].jpg
imagenes_ventas/05302022_071502_ankle_boots9_[906.48-22].jpg
imagenes_ventas/12262022_071441_pullover2_[2641.86-10].jpg
imagenes_ventas/03162022_204747_t_shirt0_[3484.44-10].jpg
imagenes_ventas/08242022_093030_coat4_[4985.0-22].jpg
imagenes_ventas/10172022_022841_pullover2_[1893.17-22].jpg
imagenes_ventas/06132022_010258_pullover2_[3400.38-22].jpg
imagenes_ventas/07222022_210938_ankle_boots9_[3237.35-0].jpg
imagenes_ventas/01072022_174847_bag8_[222.9-0].jpg
imagenes_ventas/02132022_180341_sandal5_[33.06-10].jpg
imagenes_ventas/10192022_192103_bag8_[4460.35-0].jpg
imagenes_ventas/12182022_040303_sandal5_[4460.78-0].jpg
imagenes_ventas/06192022_084221_sandal5_[1159.34-0].jpg
imagenes_ventas/11112022_160511_ankle_boots9_[2901.66-0].jpg
imagenes_ventas/01222022_171525_ankle_boots9_[1072.11-22].jpg
imagenes_ventas/01092022_155313_t_shirt0_[2592.37-22].jpg
imagenes_ventas/06162022_170103_pullover2_[3764.42-22].jpg
imagenes_ventas/05302022_050845_sneaker7_[3253.3-22].jpg
imagenes_ventas/02202022_222843_ankle_boots9_[4862.42-22].jpg
imagenes_ventas/01202022_061516_pullover2_[3525.51-10].jpg
imagenes_ventas/05052022_072507_dress3_[1747.22-10].jpg
imagenes_ventas/09022022_173646_sandal5_[1940.44-10].jpg
imagenes_ventas/06272022_170908_ankle_boots9_[3941.34-22].jpg
imagenes_ventas/12132022_160827_coat4_[2009.15-10].jpg
imagenes_ventas/03242022_120519_ankle_boots9_[3360.64-22].jpg
imagenes_ventas/04272022_173250_shirt6_[1571.1-0].jpg
imagenes_ventas/08222022_204026_sneaker7_[2238.89-22].jpg
imagenes_ventas/03202022_164128_t_shirt0_[3166.19-22].jpg
imagenes_ventas/01052022_075147_sandal5_[4805.21-22].jpg
imagenes_ventas/03242022_151420_coat4_[4217.63-0].jpg
imagenes_ventas/07152022_163935_sneaker7_[3441.87-22].jpg
imagenes_ventas/11122022_190308_sneaker7_[4751.37-22].jpg
imagenes_ventas/08092022_111735_ankle_boots9_[4220.84-0].jpg
imagenes_ventas/12152022_191217_trouser1_[493.27-0].jpg
imagenes_ventas/10112022_174951_trouser1_[476.36-0].jpg
imagenes_ventas/12202022_195825_shirt6_[3990.09-0].jpg
imagenes_ventas/10112022_065434_bag8_[862.76-10].jpg
imagenes_ventas/04022022_173552_bag8_[1583.93-10].jpg
imagenes_ventas/05212022_164609_shirt6_[4671.58-10].jpg
imagenes_ventas/09122022_213855_t_shirt0_[4119.35-22].jpg
imagenes_ventas/06052022_092208_sandal5_[1374.04-0].jpg
imagenes_ventas/10292022_092238_sandal5_[750.05-0].jpg
imagenes_ventas/01092023_083347_trouser1_[187.73-22].jpg
imagenes_ventas/09122022_014825_sneaker7_[1445.73-0].jpg
imagenes_ventas/06152022_154352_ankle_boots9_[1094.04-22].jpg
imagenes_ventas/11122022_092446_sneaker7_[4707.67-10].jpg
imagenes_ventas/01012022_124949_dress3_[4591.92-0].jpg
imagenes_ventas/06262022_214709_t_shirt0_[3332.83-0].jpg
imagenes_ventas/05202022_054544_sandal5_[1570.84-0].jpg
imagenes_ventas/10292022_153717_pullover2_[4231.88-10].jpg
imagenes_ventas/10022022_180443_trouser1_[4952.38-0].jpg
imagenes_ventas/02162022_060935_coat4_[1329.07-0].jpg
imagenes_ventas/08202022_030919_bag8_[1690.18-10].jpg
imagenes_ventas/11012022_012344_trouser1_[4188.72-22].jpg
imagenes_ventas/08112022_190934_shirt6_[3342.25-22].jpg
imagenes_ventas/08192022_194757_t_shirt0_[3951.4-0].jpg
imagenes_ventas/02232022_210853_dress3_[3479.41-10].jpg
imagenes_ventas/10122022_200504_ankle_boots9_[2597.66-22].jpg
imagenes_ventas/07142022_093955_sandal5_[102.46-0].jpg
imagenes_ventas/11272022_044637_ankle_boots9_[861.98-10].jpg
imagenes_ventas/04112022_134458_shirt6_[2797.63-10].jpg
imagenes_ventas/12072022_153116_ankle_boots9_[2217.42-22].jpg
imagenes_ventas/01302022_062327_coat4_[2045.51-22].jpg
imagenes_ventas/09072022_114119_sandal5_[1637.38-0].jpg
imagenes_ventas/07212022_175814_shirt6_[2234.25-22].jpg
imagenes_ventas/07222022_185836_t_shirt0_[3503.18-0].jpg
imagenes_ventas/04242022_200338_t_shirt0_[844.89-10].jpg
imagenes_ventas/07072022_183209_pullover2_[1496.67-0].jpg
imagenes_ventas/09062022_055933_sneaker7_[3507.74-10].jpg
imagenes_ventas/03032022_013954_t_shirt0_[303.16-22].jpg
imagenes_ventas/01052023_083838_bag8_[1074.67-0].jpg
imagenes_ventas/12142022_184625_ankle_boots9_[1117.83-10].jpg
imagenes_ventas/01212022_032344_ankle_boots9_[490.54-0].jpg
imagenes_ventas/04082022_161728_dress3_[2611.85-10].jpg
imagenes_ventas/12292022_174734_sneaker7_[4764.36-22].jpg
imagenes_ventas/03262022_075625_sandal5_[3462.47-0].jpg
imagenes_ventas/03272022_034007_t_shirt0_[2620.17-10].jpg
imagenes_ventas/03292022_135019_sandal5_[1418.55-22].jpg
imagenes_ventas/01172022_141924_sandal5_[2209.97-22].jpg
imagenes_ventas/08222022_214717_sneaker7_[2633.52-10].jpg
imagenes_ventas/08172022_182421_bag8_[1823.42-10].jpg
imagenes_ventas/01012023_015101_coat4_[433.9-22].jpg
imagenes_ventas/12062022_140601_bag8_[1361.51-10].jpg
imagenes_ventas/10122022_192826_shirt6_[4296.4-10].jpg
imagenes_ventas/03042022_214142_shirt6_[613.81-0].jpg
imagenes_ventas/04282022_181621_sandal5_[238.47-22].jpg
imagenes_ventas/07152022_222013_pullover2_[4297.02-22].jpg
imagenes_ventas/04072022_011003_dress3_[4841.04-0].jpg
imagenes_ventas/08082022_160234_t_shirt0_[4964.3-0].jpg
imagenes_ventas/07252022_161819_bag8_[512.64-0].jpg
imagenes_ventas/07172022_200902_sandal5_[160.25-22].jpg
imagenes_ventas/11172022_131534_trouser1_[4858.21-10].jpg
imagenes_ventas/05192022_204353_ankle_boots9_[1424.25-0].jpg
imagenes_ventas/01112022_170533_bag8_[1910.92-10].jpg
imagenes_ventas/10142022_192227_ankle_boots9_[3086.97-10].jpg
imagenes_ventas/08062022_164421_bag8_[431.34-0].jpg
imagenes_ventas/10012022_004127_pullover2_[538.41-22].jpg
imagenes_ventas/02242022_092807_trouser1_[4437.65-22].jpg
imagenes_ventas/11042022_001651_sneaker7_[4690.15-22].jpg
imagenes_ventas/02122022_211237_coat4_[3964.9-22].jpg
imagenes_ventas/03112022_152800_trouser1_[4189.68-0].jpg
imagenes_ventas/01212022_021303_coat4_[1065.79-10].jpg
imagenes_ventas/02092022_062548_coat4_[2738.98-22].jpg
imagenes_ventas/04272022_164915_sandal5_[1316.65-10].jpg
imagenes_ventas/08092022_055124_t_shirt0_[2035.37-10].jpg
imagenes_ventas/05282022_044330_shirt6_[598.78-22].jpg
imagenes_ventas/10102022_055745_bag8_[2911.24-22].jpg
imagenes_ventas/04272022_034352_trouser1_[1164.15-22].jpg
imagenes_ventas/06192022_164859_trouser1_[2077.81-22].jpg
imagenes_ventas/11162022_090130_trouser1_[3626.77-0].jpg
imagenes_ventas/03152022_084439_trouser1_[3562.71-22].jpg
imagenes_ventas/03152022_183856_trouser1_[4779.37-22].jpg
imagenes_ventas/10112022_132814_coat4_[3650.63-22].jpg
imagenes_ventas/12202022_110315_trouser1_[1152.1-22].jpg
imagenes_ventas/03042022_231502_bag8_[4530.63-22].jpg
imagenes_ventas/11102022_051036_t_shirt0_[3230.43-10].jpg
imagenes_ventas/03062022_003411_sandal5_[3957.79-10].jpg
imagenes_ventas/10122022_001550_sandal5_[830.78-10].jpg
imagenes_ventas/02102022_015840_shirt6_[210.43-22].jpg
imagenes_ventas/05262022_114403_trouser1_[4969.39-22].jpg
imagenes_ventas/04182022_144636_coat4_[625.6-10].jpg
imagenes_ventas/07112022_081113_shirt6_[2888.78-22].jpg
imagenes_ventas/07192022_122915_pullover2_[367.58-10].jpg
imagenes_ventas/03252022_042719_dress3_[3552.41-22].jpg
imagenes_ventas/01192022_015538_sandal5_[231.57-10].jpg
imagenes_ventas/03242022_015947_dress3_[4360.54-10].jpg
imagenes_ventas/02062022_183917_trouser1_[3554.44-0].jpg
imagenes_ventas/05192022_204418_t_shirt0_[2402.51-10].jpg
imagenes_ventas/02192022_155706_trouser1_[4828.36-0].jpg
imagenes_ventas/06062022_152755_pullover2_[244.64-10].jpg
imagenes_ventas/03242022_191903_pullover2_[3270.24-10].jpg
imagenes_ventas/12022022_064042_coat4_[4439.56-22].jpg
imagenes_ventas/08262022_143922_bag8_[4677.95-10].jpg
imagenes_ventas/03242022_131946_pullover2_[3675.1-0].jpg
imagenes_ventas/11022022_000058_sneaker7_[203.93-0].jpg
imagenes_ventas/04172022_211101_coat4_[3839.21-0].jpg
imagenes_ventas/01142022_201315_sandal5_[4841.25-10].jpg
imagenes_ventas/02262022_021725_pullover2_[3288.33-10].jpg
imagenes_ventas/05142022_031154_pullover2_[1717.79-10].jpg
imagenes_ventas/01252022_101507_trouser1_[561.47-0].jpg
imagenes_ventas/02082022_131227_dress3_[1105.77-0].jpg
imagenes_ventas/02152022_223858_pullover2_[1407.24-22].jpg
imagenes_ventas/08012022_011921_sandal5_[1485.77-10].jpg
imagenes_ventas/11202022_183919_dress3_[4149.3-10].jpg
imagenes_ventas/03182022_140758_pullover2_[2834.16-22].jpg
imagenes_ventas/04052022_040805_trouser1_[1716.42-0].jpg
imagenes_ventas/10182022_065917_pullover2_[1447.7-10].jpg
imagenes_ventas/05042022_115010_sneaker7_[3498.72-0].jpg
imagenes_ventas/11122022_110640_sneaker7_[1491.43-22].jpg
imagenes_ventas/08212022_044934_sneaker7_[2450.11-10].jpg
imagenes_ventas/01052022_222043_shirt6_[3697.11-22].jpg
imagenes_ventas/01042023_000310_pullover2_[4245.32-0].jpg
imagenes_ventas/11282022_141858_shirt6_[882.61-22].jpg
imagenes_ventas/03262022_020544_pullover2_[3863.54-22].jpg
imagenes_ventas/09272022_023153_coat4_[4983.81-22].jpg
imagenes_ventas/01212022_040115_t_shirt0_[4900.11-22].jpg
imagenes_ventas/07082022_024428_trouser1_[3198.99-22].jpg
imagenes_ventas/10182022_051904_coat4_[939.54-0].jpg
imagenes_ventas/12122022_173232_t_shirt0_[645.8-22].jpg
imagenes_ventas/07052022_221503_dress3_[4578.88-0].jpg
imagenes_ventas/03122022_002416_shirt6_[777.84-10].jpg
imagenes_ventas/03212022_153344_sandal5_[1784.96-0].jpg
imagenes_ventas/09142022_053441_ankle_boots9_[3004.61-0].jpg
imagenes_ventas/03042022_073145_sandal5_[704.78-10].jpg
imagenes_ventas/04122022_071814_sneaker7_[3644.46-22].jpg
imagenes_ventas/01022022_065747_trouser1_[1333.69-22].jpg
imagenes_ventas/05032022_043757_trouser1_[1459.36-10].jpg
imagenes_ventas/02102022_105149_sneaker7_[785.15-22].jpg
imagenes_ventas/06252022_234124_shirt6_[1710.77-10].jpg
imagenes_ventas/06072022_090349_coat4_[2769.31-0].jpg
imagenes_ventas/01222022_113215_dress3_[765.85-0].jpg
imagenes_ventas/11042022_024533_ankle_boots9_[4981.64-10].jpg
imagenes_ventas/09222022_190524_t_shirt0_[3725.03-22].jpg
imagenes_ventas/07242022_211424_shirt6_[1591.58-22].jpg
imagenes_ventas/05012022_165016_sandal5_[3408.78-0].jpg
imagenes_ventas/09282022_151448_t_shirt0_[4234.08-22].jpg
imagenes_ventas/06092022_190355_dress3_[4695.1-10].jpg
imagenes_ventas/09182022_200504_sandal5_[2562.82-0].jpg
imagenes_ventas/05172022_131247_sneaker7_[4075.87-10].jpg
imagenes_ventas/07182022_181236_trouser1_[2681.8-0].jpg
imagenes_ventas/05152022_202059_t_shirt0_[2470.36-10].jpg
imagenes_ventas/06302022_145000_coat4_[866.36-10].jpg
imagenes_ventas/09092022_003900_trouser1_[3510.44-10].jpg
imagenes_ventas/12132022_151222_trouser1_[910.67-0].jpg
imagenes_ventas/12192022_203906_sandal5_[2394.36-22].jpg
imagenes_ventas/11142022_061123_ankle_boots9_[3187.14-10].jpg
imagenes_ventas/05282022_095152_shirt6_[4946.57-22].jpg
imagenes_ventas/10172022_181639_trouser1_[333.35-0].jpg
imagenes_ventas/11132022_204023_ankle_boots9_[3564.08-10].jpg
imagenes_ventas/04282022_205936_t_shirt0_[918.03-0].jpg
imagenes_ventas/11182022_223300_shirt6_[481.13-22].jpg
imagenes_ventas/06192022_182457_dress3_[1121.5-0].jpg
imagenes_ventas/03302022_044331_pullover2_[155.19-10].jpg
imagenes_ventas/02102022_014454_shirt6_[2255.37-0].jpg
imagenes_ventas/02232022_164039_trouser1_[4952.97-0].jpg
imagenes_ventas/08112022_143258_t_shirt0_[3974.39-0].jpg
imagenes_ventas/03292022_234058_bag8_[803.45-22].jpg
imagenes_ventas/03112022_175715_trouser1_[1310.95-0].jpg
imagenes_ventas/07292022_032649_shirt6_[2630.8-0].jpg
imagenes_ventas/09142022_212654_bag8_[3164.82-10].jpg
imagenes_ventas/11272022_183405_dress3_[527.72-22].jpg
imagenes_ventas/02012022_040251_bag8_[942.72-22].jpg
imagenes_ventas/02112022_005052_trouser1_[1093.42-22].jpg
imagenes_ventas/10142022_224356_shirt6_[4932.19-0].jpg
imagenes_ventas/12162022_220233_sneaker7_[1375.6-10].jpg
imagenes_ventas/04282022_060321_dress3_[1471.56-22].jpg
imagenes_ventas/07192022_112257_bag8_[2432.81-0].jpg
imagenes_ventas/06112022_025552_pullover2_[3275.31-0].jpg
imagenes_ventas/08192022_131231_bag8_[1652.14-0].jpg
imagenes_ventas/06112022_002537_sneaker7_[2721.2-22].jpg
imagenes_ventas/07192022_151000_t_shirt0_[2446.52-22].jpg
imagenes_ventas/12292022_142738_ankle_boots9_[3941.41-22].jpg
imagenes_ventas/06112022_153142_shirt6_[1831.11-10].jpg
imagenes_ventas/10222022_201255_ankle_boots9_[3114.1-22].jpg
imagenes_ventas/03012022_191542_shirt6_[4167.82-22].jpg
imagenes_ventas/12142022_060809_trouser1_[2280.33-22].jpg
imagenes_ventas/09252022_005644_bag8_[2123.43-0].jpg
imagenes_ventas/04152022_024057_sneaker7_[4428.62-22].jpg
imagenes_ventas/07212022_071443_bag8_[1610.92-0].jpg
imagenes_ventas/02032022_210038_dress3_[1554.16-22].jpg
imagenes_ventas/02082022_183457_trouser1_[4292.67-22].jpg
imagenes_ventas/08262022_193533_trouser1_[1139.97-10].jpg
imagenes_ventas/12092022_101709_coat4_[690.82-22].jpg
imagenes_ventas/10162022_140546_trouser1_[4184.47-10].jpg
imagenes_ventas/06142022_063258_dress3_[619.42-10].jpg
imagenes_ventas/01172022_055627_shirt6_[1921.6-22].jpg
imagenes_ventas/09062022_013329_sandal5_[1004.42-22].jpg
imagenes_ventas/09012022_195754_ankle_boots9_[3019.09-0].jpg
imagenes_ventas/06092022_134819_bag8_[2042.61-10].jpg
imagenes_ventas/06102022_192422_ankle_boots9_[1111.56-10].jpg
imagenes_ventas/07082022_132446_bag8_[3141.29-10].jpg
imagenes_ventas/11172022_042009_bag8_[986.98-10].jpg
imagenes_ventas/11012022_234614_dress3_[4059.18-0].jpg
imagenes_ventas/11082022_155440_bag8_[265.26-10].jpg
imagenes_ventas/12262022_073604_shirt6_[3195.26-10].jpg
imagenes_ventas/07152022_032819_sneaker7_[1698.87-10].jpg
imagenes_ventas/01082023_081641_coat4_[4322.67-0].jpg
imagenes_ventas/06272022_194503_trouser1_[1318.34-10].jpg
imagenes_ventas/02212022_133059_shirt6_[2429.15-10].jpg
imagenes_ventas/07022022_051014_ankle_boots9_[4511.47-10].jpg
imagenes_ventas/03202022_121236_coat4_[3519.56-10].jpg
imagenes_ventas/06152022_234953_sandal5_[3625.42-22].jpg
imagenes_ventas/05252022_231952_pullover2_[2941.45-10].jpg
imagenes_ventas/07152022_030057_sandal5_[3515.57-0].jpg
imagenes_ventas/11232022_220814_pullover2_[3083.39-22].jpg
imagenes_ventas/09262022_121218_sneaker7_[2608.01-0].jpg
imagenes_ventas/08052022_061901_sneaker7_[4373.72-10].jpg
imagenes_ventas/11252022_172539_dress3_[3506.46-10].jpg
imagenes_ventas/09232022_004342_shirt6_[1027.08-22].jpg
imagenes_ventas/09212022_030933_trouser1_[2496.76-22].jpg
imagenes_ventas/04212022_040718_sneaker7_[1841.48-22].jpg
imagenes_ventas/03192022_182621_coat4_[2597.19-0].jpg
imagenes_ventas/01212022_200640_trouser1_[942.49-10].jpg
imagenes_ventas/09282022_180459_sneaker7_[1612.98-22].jpg
imagenes_ventas/01162022_212441_sneaker7_[2956.63-22].jpg
imagenes_ventas/11122022_105803_trouser1_[3456.69-22].jpg
imagenes_ventas/01142022_073822_t_shirt0_[2644.23-0].jpg
imagenes_ventas/01052022_045155_pullover2_[1736.08-22].jpg
imagenes_ventas/08012022_042829_sneaker7_[4445.48-22].jpg
imagenes_ventas/05092022_162018_bag8_[458.86-0].jpg
imagenes_ventas/07212022_084233_pullover2_[4051.0-22].jpg
imagenes_ventas/09242022_040914_sneaker7_[1475.47-22].jpg
imagenes_ventas/11162022_131317_shirt6_[613.72-22].jpg
imagenes_ventas/12202022_205741_sandal5_[4141.21-10].jpg
imagenes_ventas/11082022_111335_sneaker7_[4769.13-22].jpg
imagenes_ventas/01012022_095226_shirt6_[4046.57-10].jpg
imagenes_ventas/09182022_084120_pullover2_[1844.93-22].jpg
imagenes_ventas/11102022_190852_bag8_[862.85-22].jpg
imagenes_ventas/07042022_192857_sandal5_[3077.46-22].jpg
imagenes_ventas/09052022_060558_ankle_boots9_[2656.07-22].jpg
imagenes_ventas/05212022_070344_ankle_boots9_[2731.86-0].jpg
imagenes_ventas/12062022_173503_bag8_[1468.0-10].jpg
imagenes_ventas/01142022_225720_pullover2_[3178.22-0].jpg
imagenes_ventas/09142022_225746_t_shirt0_[627.53-22].jpg
imagenes_ventas/04302022_084221_sandal5_[1711.71-0].jpg
imagenes_ventas/10082022_044245_sandal5_[1209.82-22].jpg
imagenes_ventas/09142022_134202_dress3_[912.48-10].jpg
imagenes_ventas/02242022_005855_ankle_boots9_[528.72-0].jpg
imagenes_ventas/02242022_113429_dress3_[822.02-0].jpg
imagenes_ventas/05032022_010511_coat4_[3741.53-0].jpg
imagenes_ventas/07212022_191334_sandal5_[3353.63-10].jpg
imagenes_ventas/01012023_201735_sneaker7_[4980.22-0].jpg
imagenes_ventas/05022022_084918_t_shirt0_[3461.28-10].jpg
imagenes_ventas/12042022_080644_sandal5_[4112.0-22].jpg
imagenes_ventas/09092022_021221_sneaker7_[4053.18-22].jpg
imagenes_ventas/01152022_084729_pullover2_[4643.51-10].jpg
imagenes_ventas/08222022_024359_sneaker7_[174.92-22].jpg
imagenes_ventas/07192022_024441_t_shirt0_[3797.96-22].jpg
imagenes_ventas/05052022_001149_pullover2_[3545.32-10].jpg
imagenes_ventas/10062022_191803_sneaker7_[4877.49-22].jpg
imagenes_ventas/10282022_065202_coat4_[1824.89-10].jpg
imagenes_ventas/01242022_233946_sandal5_[2090.81-22].jpg
imagenes_ventas/04022022_235948_t_shirt0_[4438.99-0].jpg
imagenes_ventas/07232022_235033_shirt6_[179.06-22].jpg
imagenes_ventas/11102022_172948_shirt6_[4852.37-0].jpg
imagenes_ventas/08142022_113740_bag8_[699.69-0].jpg
imagenes_ventas/05232022_182025_pullover2_[3293.95-22].jpg
imagenes_ventas/03192022_154839_bag8_[3126.28-10].jpg
imagenes_ventas/04062022_112932_bag8_[1594.9-10].jpg
imagenes_ventas/03152022_014932_ankle_boots9_[2742.91-0].jpg
imagenes_ventas/08012022_190304_sneaker7_[4513.12-10].jpg
imagenes_ventas/07092022_154148_trouser1_[1110.54-22].jpg
imagenes_ventas/10242022_051743_dress3_[897.21-22].jpg
imagenes_ventas/04072022_153444_dress3_[628.48-10].jpg
imagenes_ventas/04082022_123102_dress3_[4981.74-0].jpg
imagenes_ventas/03062022_223208_coat4_[3113.78-0].jpg
imagenes_ventas/04192022_093414_coat4_[3522.18-22].jpg
imagenes_ventas/06072022_163334_bag8_[2439.0-22].jpg
imagenes_ventas/06192022_222653_sandal5_[372.02-0].jpg
imagenes_ventas/11012022_164946_coat4_[702.1-10].jpg
imagenes_ventas/07222022_133419_ankle_boots9_[3603.2-0].jpg
imagenes_ventas/01142022_120524_trouser1_[4328.55-0].jpg
imagenes_ventas/08142022_031545_pullover2_[4808.93-22].jpg
imagenes_ventas/01202022_090117_dress3_[114.65-10].jpg
imagenes_ventas/04262022_111151_t_shirt0_[765.52-0].jpg
imagenes_ventas/03162022_093848_trouser1_[1723.8-0].jpg
imagenes_ventas/10232022_050914_trouser1_[2420.55-0].jpg
imagenes_ventas/12272022_010716_t_shirt0_[2958.94-10].jpg
imagenes_ventas/01032023_022622_dress3_[3721.18-10].jpg
imagenes_ventas/07262022_122142_t_shirt0_[4758.72-22].jpg
imagenes_ventas/11042022_140316_dress3_[4000.77-22].jpg
imagenes_ventas/07222022_163728_t_shirt0_[3670.21-0].jpg
imagenes_ventas/06072022_023012_trouser1_[1318.29-22].jpg
imagenes_ventas/10252022_191025_dress3_[3650.74-10].jpg
imagenes_ventas/04242022_004741_bag8_[1208.84-10].jpg
imagenes_ventas/10182022_061329_trouser1_[475.81-0].jpg
imagenes_ventas/12302022_072713_pullover2_[1227.7-10].jpg
imagenes_ventas/01182022_045005_t_shirt0_[4284.26-0].jpg
imagenes_ventas/10192022_051201_bag8_[2121.16-10].jpg
imagenes_ventas/04052022_165721_bag8_[217.37-10].jpg
imagenes_ventas/11252022_003002_t_shirt0_[762.35-0].jpg
imagenes_ventas/06082022_194657_bag8_[3270.63-0].jpg
imagenes_ventas/04072022_040947_bag8_[2180.43-10].jpg
imagenes_ventas/06152022_140902_sneaker7_[1743.06-10].jpg
imagenes_ventas/01022023_044615_bag8_[4523.5-22].jpg
imagenes_ventas/08122022_210531_t_shirt0_[4965.19-0].jpg
imagenes_ventas/12112022_041315_ankle_boots9_[3981.92-0].jpg
imagenes_ventas/08042022_083719_dress3_[1053.46-10].jpg
imagenes_ventas/04122022_214454_ankle_boots9_[1864.26-0].jpg
imagenes_ventas/03162022_094512_coat4_[2561.58-10].jpg
imagenes_ventas/04012022_231013_dress3_[3853.23-22].jpg
imagenes_ventas/01062023_204548_coat4_[3303.91-10].jpg
imagenes_ventas/01032023_141936_trouser1_[4205.99-22].jpg
imagenes_ventas/10142022_023405_ankle_boots9_[4352.83-22].jpg
imagenes_ventas/03072022_034110_dress3_[1572.79-10].jpg
imagenes_ventas/05142022_212505_bag8_[4046.37-10].jpg
imagenes_ventas/11142022_004356_sandal5_[4314.61-10].jpg
imagenes_ventas/11072022_111240_dress3_[2663.09-10].jpg
imagenes_ventas/06042022_033138_coat4_[259.46-22].jpg
imagenes_ventas/09082022_084640_trouser1_[113.96-22].jpg
imagenes_ventas/06102022_234323_ankle_boots9_[4367.65-22].jpg
imagenes_ventas/03242022_135300_dress3_[3441.03-10].jpg
imagenes_ventas/02122022_040035_ankle_boots9_[2214.74-10].jpg
imagenes_ventas/11302022_000240_ankle_boots9_[3566.75-0].jpg
imagenes_ventas/10122022_115630_sandal5_[27.34-0].jpg
imagenes_ventas/04032022_034458_ankle_boots9_[2931.65-22].jpg
imagenes_ventas/04302022_175315_ankle_boots9_[2110.73-22].jpg
imagenes_ventas/07012022_071301_pullover2_[250.86-0].jpg
imagenes_ventas/02122022_020040_trouser1_[3966.59-22].jpg
imagenes_ventas/07282022_202409_sneaker7_[1376.29-0].jpg
imagenes_ventas/03302022_213237_sandal5_[1666.32-22].jpg
imagenes_ventas/05042022_215049_shirt6_[2385.67-22].jpg
imagenes_ventas/11162022_190940_coat4_[1878.29-10].jpg
imagenes_ventas/03042022_135324_trouser1_[2132.86-0].jpg
imagenes_ventas/05222022_050958_coat4_[702.33-10].jpg
imagenes_ventas/11302022_052048_trouser1_[3831.56-22].jpg
imagenes_ventas/02092022_094613_pullover2_[2902.59-10].jpg
imagenes_ventas/09192022_162357_ankle_boots9_[4479.09-10].jpg
imagenes_ventas/12092022_141741_ankle_boots9_[4423.11-22].jpg
imagenes_ventas/12192022_005028_dress3_[2326.16-22].jpg
imagenes_ventas/05162022_063407_sandal5_[563.97-10].jpg
