imagenes_ventas/11022022_120816_trouser1_[2298.43-0].jpg
imagenes_ventas/12312022_193804_shirt6_[2967.4-22].jpg
imagenes_ventas/04282022_061742_pullover2_[664.4-0].jpg
imagenes_ventas/06072022_000401_sneaker7_[445.41-22].jpg
imagenes_ventas/10202022_231330_sandal5_[4749.21-0].jpg
imagenes_ventas/04142022_075048_sneaker7_[3733.97-10].jpg
imagenes_ventas/12142022_215102_bag8_[2735.55-10].jpg
imagenes_ventas/11212022_125405_sneaker7_[1091.68-0].jpg
imagenes_ventas/03042022_121459_ankle_boots9_[4509.29-22].jpg
imagenes_ventas/10222022_025711_trouser1_[4634.92-0].jpg
imagenes_ventas/01222022_150116_shirt6_[2339.5-0].jpg
imagenes_ventas/08312022_085419_coat4_[4299.31-22].jpg
imagenes_ventas/03282022_050212_t_shirt0_[1415.12-10].jpg
imagenes_ventas/11122022_014119_pullover2_[2045.93-0].jpg
imagenes_ventas/06162022_014337_pullover2_[2357.13-10].jpg
imagenes_ventas/09152022_105200_trouser1_[118.71-0].jpg
imagenes_ventas/06052022_163658_t_shirt0_[3067.47-10].jpg
imagenes_ventas/10072022_115530_dress3_[2609.48-22].jpg
imagenes_ventas/07072022_073554_dress3_[4318.49-22].jpg
imagenes_ventas/01012023_191318_pullover2_[2860.73-10].jpg
imagenes_ventas/01012023_082158_coat4_[2898.46-0].jpg
imagenes_ventas/11052022_111718_bag8_[597.08-22].jpg
imagenes_ventas/01152022_180608_dress3_[2369.77-22].jpg
imagenes_ventas/03222022_223333_dress3_[895.33-22].jpg
imagenes_ventas/07032022_114426_trouser1_[1056.34-10].jpg
imagenes_ventas/02212022_133929_trouser1_[3333.08-0].jpg
imagenes_ventas/02112022_080649_trouser1_[4500.71-22].jpg
imagenes_ventas/03282022_025342_pullover2_[50.21-22].jpg
imagenes_ventas/10062022_130045_t_shirt0_[4606.35-10].jpg
imagenes_ventas/06252022_054139_ankle_boots9_[1551.97-0].jpg
imagenes_ventas/06282022_003418_pullover2_[2997.21-0].jpg
imagenes_ventas/03132022_232950_sandal5_[1952.23-10].jpg
imagenes_ventas/07252022_002630_shirt6_[1965.09-10].jpg
imagenes_ventas/02012022_224642_shirt6_[4815.83-0].jpg
imagenes_ventas/03082022_011931_dress3_[229.54-0].jpg
imagenes_ventas/12132022_024054_ankle_boots9_[946.38-0].jpg
imagenes_ventas/11152022_164336_pullover2_[3139.8-10].jpg
imagenes_ventas/06232022_220633_pullover2_[1690.16-22].jpg
imagenes_ventas/01082022_135733_t_shirt0_[4463.16-10].jpg
imagenes_ventas/05292022_042052_coat4_[2402.08-22].jpg
imagenes_ventas/07122022_051323_coat4_[1089.45-22].jpg
imagenes_ventas/06202022_053606_sneaker7_[4902.55-22].jpg
imagenes_ventas/09092022_105144_dress3_[1330.96-10].jpg
imagenes_ventas/03092022_153501_pullover2_[3338.67-10].jpg
imagenes_ventas/11252022_042731_t_shirt0_[667.04-22].jpg
imagenes_ventas/11032022_152848_dress3_[3168.73-0].jpg
imagenes_ventas/07242022_063516_dress3_[2329.93-0].jpg
imagenes_ventas/01032022_202531_sneaker7_[3384.94-10].jpg
imagenes_ventas/08132022_110038_shirt6_[3463.32-0].jpg
imagenes_ventas/02052022_024140_pullover2_[4858.33-10].jpg
imagenes_ventas/05012022_120801_sneaker7_[169.0-22].jpg
imagenes_ventas/07162022_181527_t_shirt0_[4215.23-10].jpg
imagenes_ventas/12082022_031137_t_shirt0_[1073.35-0].jpg
imagenes_ventas/07172022_222914_sneaker7_[4949.3-22].jpg
imagenes_ventas/12202022_054910_coat4_[1994.49-10].jpg
imagenes_ventas/08122022_144957_shirt6_[2482.29-22].jpg
imagenes_ventas/04272022_114503_coat4_[2914.72-10].jpg
imagenes_ventas/09152022_091029_pullover2_[2181.33-22].jpg
imagenes_ventas/02092022_024647_trouser1_[4112.31-0].jpg
imagenes_ventas/07232022_111609_sneaker7_[1489.99-10].jpg
imagenes_ventas/04282022_105637_dress3_[1574.39-22].jpg
imagenes_ventas/03062022_143555_shirt6_[3941.29-22].jpg
imagenes_ventas/08312022_034250_trouser1_[1507.34-22].jpg
imagenes_ventas/09262022_083815_shirt6_[2121.52-0].jpg
imagenes_ventas/09182022_163059_ankle_boots9_[3385.65-10].jpg
imagenes_ventas/01092023_112515_coat4_[1968.02-0].jpg
imagenes_ventas/01202022_153225_sneaker7_[3147.5-10].jpg
imagenes_ventas/03302022_123338_bag8_[1768.16-0].jpg
imagenes_ventas/06202022_145909_ankle_boots9_[2722.04-0].jpg
imagenes_ventas/11062022_063901_bag8_[4282.8-0].jpg
imagenes_ventas/02092022_220935_ankle_boots9_[354.39-22].jpg
imagenes_ventas/10082022_090017_t_shirt0_[3018.45-0].jpg
imagenes_ventas/08112022_122235_bag8_[230.92-22].jpg
imagenes_ventas/03032022_104448_ankle_boots9_[3799.51-22].jpg
imagenes_ventas/03092022_081752_pullover2_[1642.69-0].jpg
imagenes_ventas/08092022_082741_sandal5_[1917.99-10].jpg
imagenes_ventas/06042022_215100_pullover2_[2183.34-0].jpg
imagenes_ventas/05022022_145804_coat4_[2598.16-22].jpg
imagenes_ventas/05022022_093843_coat4_[239.18-0].jpg
imagenes_ventas/08092022_142329_t_shirt0_[131.74-0].jpg
imagenes_ventas/01112023_093917_pullover2_[2711.99-22].jpg
imagenes_ventas/04252022_062540_ankle_boots9_[3604.75-0].jpg
imagenes_ventas/08262022_114113_trouser1_[3645.0-10].jpg
imagenes_ventas/11272022_033814_sneaker7_[3329.71-22].jpg
imagenes_ventas/08082022_201809_dress3_[3475.07-22].jpg
imagenes_ventas/01022022_041423_bag8_[3186.17-22].jpg
imagenes_ventas/04012022_040957_trouser1_[486.27-0].jpg
imagenes_ventas/03262022_124244_trouser1_[835.96-0].jpg
imagenes_ventas/03302022_141738_coat4_[3759.65-22].jpg
imagenes_ventas/09222022_115755_shirt6_[218.43-22].jpg
imagenes_ventas/09212022_101237_ankle_boots9_[986.9-22].jpg
imagenes_ventas/08232022_141807_bag8_[4396.85-0].jpg
imagenes_ventas/04062022_084841_ankle_boots9_[3561.33-10].jpg
imagenes_ventas/05012022_093348_t_shirt0_[4713.79-22].jpg
imagenes_ventas/03252022_102658_sandal5_[4933.16-10].jpg
imagenes_ventas/05222022_064002_bag8_[4633.83-10].jpg
imagenes_ventas/02212022_112145_sneaker7_[529.16-0].jpg
imagenes_ventas/11252022_140616_sandal5_[3376.92-22].jpg
imagenes_ventas/01112022_104641_dress3_[4131.75-10].jpg
imagenes_ventas/09232022_115439_dress3_[1969.2-0].jpg
imagenes_ventas/05032022_184445_sneaker7_[38.14-10].jpg
imagenes_ventas/03172022_012639_bag8_[470.62-22].jpg
imagenes_ventas/01032023_010904_dress3_[3112.3-22].jpg
imagenes_ventas/06032022_152232_t_shirt0_[4174.08-10].jpg
imagenes_ventas/12182022_062821_bag8_[667.27-10].jpg
imagenes_ventas/11132022_065409_t_shirt0_[4899.34-0].jpg
imagenes_ventas/05092022_061506_trouser1_[1175.29-0].jpg
imagenes_ventas/05252022_210646_coat4_[2757.92-0].jpg
imagenes_ventas/03072022_180948_ankle_boots9_[427.6-22].jpg
imagenes_ventas/01132022_042942_dress3_[2926.1-0].jpg
imagenes_ventas/07112022_122830_dress3_[3347.72-0].jpg
imagenes_ventas/06222022_182615_t_shirt0_[3132.76-10].jpg
imagenes_ventas/08262022_232317_t_shirt0_[3651.55-10].jpg
imagenes_ventas/11122022_080000_coat4_[349.56-0].jpg
imagenes_ventas/11032022_081416_coat4_[2576.91-22].jpg
imagenes_ventas/03082022_114848_shirt6_[4354.17-22].jpg
imagenes_ventas/04122022_022525_bag8_[1117.78-22].jpg
imagenes_ventas/09182022_234523_coat4_[2977.44-22].jpg
imagenes_ventas/01152022_230719_coat4_[1691.58-22].jpg
imagenes_ventas/12192022_143510_shirt6_[1421.26-0].jpg
imagenes_ventas/03252022_014617_coat4_[1080.3-0].jpg
imagenes_ventas/03132022_234501_pullover2_[530.18-0].jpg
imagenes_ventas/04172022_161343_pullover2_[4692.1-0].jpg
imagenes_ventas/09092022_035417_shirt6_[601.72-10].jpg
imagenes_ventas/07122022_205333_sneaker7_[3203.37-0].jpg
imagenes_ventas/11102022_060850_t_shirt0_[4922.26-22].jpg
imagenes_ventas/07212022_055608_shirt6_[3064.63-22].jpg
imagenes_ventas/12122022_001546_shirt6_[2044.15-0].jpg
imagenes_ventas/04142022_211927_t_shirt0_[1237.78-10].jpg
imagenes_ventas/09212022_205526_sneaker7_[2598.73-0].jpg
imagenes_ventas/01012023_052018_trouser1_[3385.08-10].jpg
imagenes_ventas/12282022_052021_bag8_[1017.49-10].jpg
imagenes_ventas/11282022_163005_trouser1_[281.12-22].jpg
imagenes_ventas/07032022_161343_shirt6_[3181.09-22].jpg
imagenes_ventas/03302022_001145_trouser1_[265.06-10].jpg
imagenes_ventas/10202022_075729_trouser1_[3380.53-10].jpg
imagenes_ventas/10062022_195144_coat4_[2927.86-0].jpg
imagenes_ventas/03102022_170818_sandal5_[4438.23-10].jpg
imagenes_ventas/09272022_151709_t_shirt0_[3815.0-0].jpg
imagenes_ventas/04212022_155144_shirt6_[2830.55-22].jpg
imagenes_ventas/10192022_051107_sneaker7_[4325.93-10].jpg
imagenes_ventas/12262022_164941_shirt6_[3982.78-10].jpg
imagenes_ventas/12282022_183102_sandal5_[2204.68-10].jpg
imagenes_ventas/08202022_053840_shirt6_[2744.36-0].jpg
imagenes_ventas/11032022_122248_shirt6_[4064.35-0].jpg
imagenes_ventas/09132022_223948_t_shirt0_[1918.17-0].jpg
imagenes_ventas/10182022_045017_bag8_[278.4-22].jpg
imagenes_ventas/06162022_141114_sandal5_[4376.95-10].jpg
imagenes_ventas/10132022_023729_coat4_[3433.62-10].jpg
imagenes_ventas/03212022_184717_bag8_[4895.64-22].jpg
imagenes_ventas/09032022_092438_bag8_[1146.37-22].jpg
imagenes_ventas/05012022_062924_pullover2_[3452.0-22].jpg
imagenes_ventas/04122022_160117_dress3_[919.39-0].jpg
imagenes_ventas/04152022_193335_pullover2_[2156.1-22].jpg
imagenes_ventas/10282022_132552_sandal5_[2343.33-10].jpg
imagenes_ventas/04242022_132954_t_shirt0_[3531.55-10].jpg
imagenes_ventas/04112022_085508_t_shirt0_[1912.79-10].jpg
imagenes_ventas/08082022_114910_bag8_[634.94-10].jpg
imagenes_ventas/11112022_035708_t_shirt0_[2125.49-0].jpg
imagenes_ventas/07032022_002044_shirt6_[1797.59-22].jpg
imagenes_ventas/04132022_024723_shirt6_[4871.0-0].jpg
imagenes_ventas/05132022_011234_sneaker7_[4008.74-0].jpg
imagenes_ventas/02142022_041020_sandal5_[4929.74-22].jpg
imagenes_ventas/07302022_093329_t_shirt0_[79.56-10].jpg
imagenes_ventas/08062022_115110_pullover2_[4008.1-10].jpg
imagenes_ventas/08242022_040034_sandal5_[521.74-22].jpg
imagenes_ventas/03132022_105141_trouser1_[174.3-22].jpg
imagenes_ventas/03102022_005239_coat4_[2721.67-22].jpg
imagenes_ventas/01132022_045435_ankle_boots9_[4101.78-0].jpg
imagenes_ventas/01092022_134354_shirt6_[1395.84-22].jpg
imagenes_ventas/10082022_192153_trouser1_[693.24-10].jpg
imagenes_ventas/05142022_064234_shirt6_[2200.47-0].jpg
imagenes_ventas/11072022_100105_sneaker7_[723.17-22].jpg
imagenes_ventas/10282022_021358_ankle_boots9_[3464.9-10].jpg
imagenes_ventas/09192022_231633_shirt6_[4545.31-0].jpg
imagenes_ventas/03222022_000434_ankle_boots9_[3717.64-22].jpg
imagenes_ventas/04012022_211732_pullover2_[4219.94-22].jpg
imagenes_ventas/01122022_231446_pullover2_[2117.9-10].jpg
imagenes_ventas/02102022_190935_sandal5_[3920.49-22].jpg
imagenes_ventas/07222022_050915_bag8_[2647.26-10].jpg
imagenes_ventas/02222022_030806_ankle_boots9_[3278.07-22].jpg
imagenes_ventas/07252022_014424_sneaker7_[41.07-0].jpg
imagenes_ventas/06102022_085814_sandal5_[4523.0-0].jpg
imagenes_ventas/09292022_152945_ankle_boots9_[2477.6-10].jpg
imagenes_ventas/09162022_103319_dress3_[4009.92-22].jpg
imagenes_ventas/11192022_204737_coat4_[1710.41-0].jpg
imagenes_ventas/02252022_084922_coat4_[2421.06-22].jpg
imagenes_ventas/02052022_204433_trouser1_[3550.13-0].jpg
imagenes_ventas/03282022_223114_shirt6_[2663.99-22].jpg
imagenes_ventas/08152022_150822_coat4_[2919.42-0].jpg
imagenes_ventas/06262022_055200_shirt6_[1789.65-0].jpg
imagenes_ventas/07242022_220509_bag8_[3937.24-0].jpg
imagenes_ventas/09252022_095450_bag8_[3721.97-10].jpg
imagenes_ventas/01192022_223723_shirt6_[901.76-0].jpg
imagenes_ventas/03312022_124852_dress3_[4023.69-0].jpg
imagenes_ventas/06222022_135712_pullover2_[1186.69-10].jpg
imagenes_ventas/03012022_230117_coat4_[1346.29-0].jpg
imagenes_ventas/02262022_040232_t_shirt0_[3071.56-10].jpg
imagenes_ventas/09272022_152356_dress3_[1507.89-10].jpg
imagenes_ventas/01172022_215625_pullover2_[2800.94-0].jpg
imagenes_ventas/02042022_112652_t_shirt0_[1275.06-10].jpg
imagenes_ventas/06282022_215254_sandal5_[34.16-0].jpg
imagenes_ventas/02252022_012408_bag8_[4854.93-22].jpg
imagenes_ventas/11172022_215213_sneaker7_[4648.11-10].jpg
imagenes_ventas/11062022_200933_bag8_[4844.92-0].jpg
imagenes_ventas/01202022_172553_trouser1_[2723.02-22].jpg
imagenes_ventas/12292022_195411_shirt6_[973.12-0].jpg
imagenes_ventas/04122022_043032_dress3_[1238.05-0].jpg
imagenes_ventas/01142022_022340_sneaker7_[1852.07-10].jpg
imagenes_ventas/01242022_001032_bag8_[4040.09-0].jpg
imagenes_ventas/01142022_172819_pullover2_[3083.72-10].jpg
imagenes_ventas/09142022_013042_dress3_[641.96-10].jpg
imagenes_ventas/06262022_174843_t_shirt0_[936.75-10].jpg
imagenes_ventas/04142022_100620_trouser1_[2910.74-10].jpg
imagenes_ventas/09162022_112645_pullover2_[4795.98-10].jpg
imagenes_ventas/08302022_055424_sandal5_[3278.71-10].jpg
imagenes_ventas/06202022_154510_t_shirt0_[4712.77-0].jpg
imagenes_ventas/11112022_040435_pullover2_[975.18-22].jpg
imagenes_ventas/07262022_153143_coat4_[3578.78-0].jpg
imagenes_ventas/09222022_000700_coat4_[4312.87-10].jpg
imagenes_ventas/02192022_204737_ankle_boots9_[2496.66-22].jpg
imagenes_ventas/01032022_051734_t_shirt0_[3394.85-22].jpg
imagenes_ventas/08022022_100027_sandal5_[674.33-22].jpg
imagenes_ventas/09162022_054838_sneaker7_[4084.11-22].jpg
imagenes_ventas/02122022_004101_sandal5_[109.06-0].jpg
imagenes_ventas/07212022_024721_t_shirt0_[3174.69-10].jpg
imagenes_ventas/02242022_025952_shirt6_[1865.86-0].jpg
imagenes_ventas/05142022_100420_shirt6_[1852.82-22].jpg
imagenes_ventas/05062022_165716_coat4_[1180.94-10].jpg
imagenes_ventas/11222022_072024_pullover2_[4741.49-0].jpg
imagenes_ventas/01312022_025943_dress3_[4171.55-10].jpg
imagenes_ventas/10282022_045100_ankle_boots9_[3352.57-0].jpg
imagenes_ventas/05222022_224647_bag8_[1793.45-10].jpg
imagenes_ventas/11232022_145100_coat4_[113.2-10].jpg
imagenes_ventas/10142022_132249_t_shirt0_[3741.33-0].jpg
imagenes_ventas/10012022_144844_ankle_boots9_[1473.35-0].jpg
imagenes_ventas/04252022_132641_shirt6_[1259.69-10].jpg
imagenes_ventas/03182022_045618_coat4_[3261.61-10].jpg
imagenes_ventas/06212022_062550_sneaker7_[4058.69-10].jpg
imagenes_ventas/07102022_044856_trouser1_[3873.55-0].jpg
imagenes_ventas/11152022_015549_bag8_[3045.05-0].jpg
imagenes_ventas/05062022_182602_sandal5_[1194.89-10].jpg
imagenes_ventas/01202022_052134_trouser1_[4103.54-22].jpg
imagenes_ventas/09202022_030740_ankle_boots9_[750.4-0].jpg
imagenes_ventas/01072023_091308_t_shirt0_[651.23-10].jpg
imagenes_ventas/12222022_203833_sneaker7_[1946.65-22].jpg
imagenes_ventas/03282022_113023_shirt6_[1723.41-10].jpg
imagenes_ventas/07312022_031749_sneaker7_[557.96-22].jpg
imagenes_ventas/02232022_025504_dress3_[168.59-22].jpg
imagenes_ventas/08072022_033334_coat4_[2617.2-10].jpg
imagenes_ventas/10122022_102347_dress3_[4656.39-22].jpg
imagenes_ventas/11152022_054459_bag8_[2863.65-10].jpg
imagenes_ventas/12192022_233036_dress3_[611.54-0].jpg
imagenes_ventas/01032023_034748_ankle_boots9_[1556.38-10].jpg
imagenes_ventas/05212022_072200_t_shirt0_[971.16-22].jpg
imagenes_ventas/05312022_004614_dress3_[4073.41-22].jpg
imagenes_ventas/08222022_141007_trouser1_[4828.3-0].jpg
imagenes_ventas/08012022_104921_dress3_[1675.63-22].jpg
imagenes_ventas/04142022_233638_dress3_[131.01-22].jpg
imagenes_ventas/09072022_030857_dress3_[2135.13-22].jpg
imagenes_ventas/06182022_190427_sandal5_[3874.12-22].jpg
imagenes_ventas/08272022_022013_bag8_[4909.46-22].jpg
imagenes_ventas/10202022_104402_shirt6_[4702.31-0].jpg
imagenes_ventas/07272022_212556_dress3_[1550.49-0].jpg
imagenes_ventas/09012022_032549_sneaker7_[1581.36-22].jpg
imagenes_ventas/08052022_033844_ankle_boots9_[3242.38-10].jpg
imagenes_ventas/09212022_041459_trouser1_[3302.95-10].jpg
imagenes_ventas/11292022_114346_dress3_[2130.03-22].jpg
imagenes_ventas/04232022_214320_shirt6_[1972.17-0].jpg
imagenes_ventas/05142022_150641_bag8_[3097.3-10].jpg
imagenes_ventas/04042022_074215_t_shirt0_[1891.62-10].jpg
imagenes_ventas/04232022_031356_shirt6_[3464.07-22].jpg
imagenes_ventas/11052022_043450_bag8_[2396.53-22].jpg
imagenes_ventas/02272022_144824_sandal5_[3090.74-22].jpg
imagenes_ventas/08072022_202725_t_shirt0_[423.87-22].jpg
imagenes_ventas/06142022_050952_sneaker7_[2758.87-0].jpg
imagenes_ventas/06082022_131916_t_shirt0_[1884.83-0].jpg
imagenes_ventas/01142022_123734_trouser1_[4121.27-22].jpg
imagenes_ventas/08082022_041552_sneaker7_[3955.66-0].jpg
imagenes_ventas/04272022_214927_bag8_[4880.75-22].jpg
imagenes_ventas/01222022_010743_pullover2_[1857.15-22].jpg
imagenes_ventas/07122022_001001_shirt6_[4466.4-10].jpg
imagenes_ventas/02052022_192803_t_shirt0_[1252.41-0].jpg
imagenes_ventas/03302022_075132_sandal5_[3664.07-22].jpg
imagenes_ventas/09222022_173214_sneaker7_[4768.21-0].jpg
imagenes_ventas/12032022_060342_bag8_[1018.09-0].jpg
imagenes_ventas/11022022_000658_sandal5_[3922.93-0].jpg
imagenes_ventas/03222022_131436_shirt6_[563.94-22].jpg
imagenes_ventas/02132022_174104_bag8_[3171.34-22].jpg
imagenes_ventas/02182022_094338_sandal5_[3820.64-0].jpg
imagenes_ventas/03242022_033153_sneaker7_[2500.33-22].jpg
imagenes_ventas/01202022_000311_dress3_[3046.37-10].jpg
imagenes_ventas/07262022_111121_ankle_boots9_[3469.92-0].jpg
imagenes_ventas/02182022_205641_sandal5_[3484.52-0].jpg
imagenes_ventas/10222022_003334_t_shirt0_[1901.0-10].jpg
imagenes_ventas/09202022_144212_bag8_[3047.54-22].jpg
imagenes_ventas/06072022_012712_shirt6_[949.76-22].jpg
imagenes_ventas/02162022_143730_ankle_boots9_[3515.55-22].jpg
imagenes_ventas/07252022_222727_pullover2_[2017.9-0].jpg
imagenes_ventas/09212022_005303_sneaker7_[2577.73-0].jpg
imagenes_ventas/01112022_114118_sneaker7_[749.01-10].jpg
imagenes_ventas/10292022_002121_t_shirt0_[1951.55-0].jpg
imagenes_ventas/09052022_005115_t_shirt0_[2556.63-0].jpg
imagenes_ventas/06242022_031930_coat4_[1161.31-0].jpg
imagenes_ventas/11112022_104733_t_shirt0_[1376.18-22].jpg
imagenes_ventas/04242022_201941_shirt6_[1461.09-22].jpg
imagenes_ventas/03072022_064212_bag8_[1595.51-10].jpg
imagenes_ventas/02102022_101907_trouser1_[2905.77-22].jpg
imagenes_ventas/10212022_081329_coat4_[1747.47-0].jpg
imagenes_ventas/07202022_181347_shirt6_[4753.71-10].jpg
imagenes_ventas/06182022_085610_bag8_[1426.88-22].jpg
imagenes_ventas/05052022_145500_pullover2_[2758.41-0].jpg
imagenes_ventas/04182022_113320_coat4_[3814.78-10].jpg
imagenes_ventas/05042022_060307_ankle_boots9_[2618.13-22].jpg
imagenes_ventas/07132022_040129_sneaker7_[1104.49-22].jpg
imagenes_ventas/11152022_053215_pullover2_[2258.08-10].jpg
imagenes_ventas/06192022_121830_t_shirt0_[1733.06-0].jpg
imagenes_ventas/07312022_141504_t_shirt0_[86.45-22].jpg
imagenes_ventas/09202022_142342_ankle_boots9_[1958.55-10].jpg
imagenes_ventas/07292022_125416_bag8_[4071.3-0].jpg
imagenes_ventas/10312022_235206_t_shirt0_[4012.21-0].jpg
imagenes_ventas/12212022_035835_shirt6_[3667.49-0].jpg
imagenes_ventas/12082022_173234_bag8_[1264.03-0].jpg
imagenes_ventas/03092022_040017_sandal5_[3325.48-10].jpg
imagenes_ventas/10132022_074129_ankle_boots9_[3697.98-10].jpg
imagenes_ventas/12162022_124838_t_shirt0_[1847.51-10].jpg
imagenes_ventas/09292022_010016_dress3_[3836.36-22].jpg
imagenes_ventas/07182022_025502_pullover2_[4522.33-10].jpg
imagenes_ventas/08262022_223554_t_shirt0_[2983.54-10].jpg
imagenes_ventas/08212022_200722_sneaker7_[2879.86-0].jpg
imagenes_ventas/01292022_051121_sandal5_[718.35-0].jpg
imagenes_ventas/07092022_012630_ankle_boots9_[91.85-0].jpg
imagenes_ventas/01282022_023920_coat4_[2538.29-0].jpg
imagenes_ventas/10062022_014906_sandal5_[1743.0-10].jpg
imagenes_ventas/11032022_065451_sandal5_[243.44-10].jpg
imagenes_ventas/01102022_060801_pullover2_[2359.16-10].jpg
imagenes_ventas/08082022_083207_pullover2_[4915.18-22].jpg
imagenes_ventas/02272022_210448_sneaker7_[1531.52-22].jpg
imagenes_ventas/10132022_145351_dress3_[3903.39-10].jpg
imagenes_ventas/12272022_054450_sandal5_[4031.26-0].jpg
imagenes_ventas/01162022_143611_trouser1_[3071.9-10].jpg
imagenes_ventas/10202022_211630_bag8_[243.45-0].jpg
imagenes_ventas/02192022_111034_pullover2_[615.13-10].jpg
imagenes_ventas/10072022_081158_pullover2_[4450.97-10].jpg
imagenes_ventas/11152022_160642_trouser1_[4091.4-0].jpg
imagenes_ventas/08072022_202057_dress3_[244.78-10].jpg
imagenes_ventas/08162022_060536_ankle_boots9_[2430.68-22].jpg
imagenes_ventas/03262022_123622_bag8_[2982.09-0].jpg
imagenes_ventas/12192022_101734_dress3_[4191.51-10].jpg
imagenes_ventas/09282022_090858_dress3_[915.44-0].jpg
imagenes_ventas/09092022_030307_sneaker7_[1422.65-0].jpg
imagenes_ventas/08092022_090406_bag8_[212.8-0].jpg
imagenes_ventas/10062022_205206_trouser1_[3612.31-0].jpg
imagenes_ventas/04282022_191030_ankle_boots9_[4438.06-10].jpg
imagenes_ventas/08282022_170848_t_shirt0_[3629.5-22].jpg
imagenes_ventas/02092022_002714_sandal5_[2019.99-0].jpg
imagenes_ventas/04292022_125645_ankle_boots9_[4757.06-0].jpg
imagenes_ventas/09302022_105342_ankle_boots9_[4426.96-22].jpg
imagenes_ventas/02222022_214025_trouser1_[2753.97-10].jpg
imagenes_ventas/01032023_204302_sneaker7_[2862.86-0].jpg
imagenes_ventas/03152022_221200_trouser1_[692.58-10].jpg
imagenes_ventas/02152022_153538_sandal5_[4473.7-0].jpg
imagenes_ventas/12282022_145549_ankle_boots9_[4625.94-0].jpg
imagenes_ventas/03192022_015149_sandal5_[1025.87-10].jpg
imagenes_ventas/01302022_025724_shirt6_[3111.22-0].jpg
imagenes_ventas/01152022_091059_coat4_[4434.67-0].jpg
imagenes_ventas/04302022_121749_coat4_[4508.36-22].jpg
imagenes_ventas/05022022_175214_trouser1_[2389.43-22].jpg
imagenes_ventas/07202022_042211_sandal5_[2320.33-10].jpg
imagenes_ventas/09212022_012101_trouser1_[2914.26-22].jpg
imagenes_ventas/09142022_041543_shirt6_[165.21-10].jpg
imagenes_ventas/04042022_162251_t_shirt0_[335.65-0].jpg
imagenes_ventas/05102022_061501_trouser1_[144.32-0].jpg
imagenes_ventas/01182022_103814_shirt6_[412.61-10].jpg
imagenes_ventas/06182022_121351_shirt6_[4016.14-10].jpg
imagenes_ventas/06182022_201715_ankle_boots9_[3476.05-10].jpg
imagenes_ventas/05242022_060329_dress3_[3043.44-0].jpg
imagenes_ventas/09252022_114602_pullover2_[1167.52-22].jpg
imagenes_ventas/11302022_032827_sandal5_[3430.56-0].jpg
imagenes_ventas/01032022_034422_sneaker7_[438.21-0].jpg
imagenes_ventas/08132022_041709_t_shirt0_[1141.99-10].jpg
imagenes_ventas/07252022_051948_shirt6_[2874.41-0].jpg
imagenes_ventas/10272022_113308_pullover2_[2653.75-22].jpg
imagenes_ventas/09092022_101114_pullover2_[231.9-0].jpg
imagenes_ventas/01102022_153025_ankle_boots9_[3684.45-22].jpg
imagenes_ventas/06302022_214827_coat4_[681.95-22].jpg
imagenes_ventas/04272022_080230_sandal5_[2892.84-10].jpg
imagenes_ventas/09172022_034052_t_shirt0_[939.9-10].jpg
imagenes_ventas/09072022_013722_sandal5_[3086.85-0].jpg
imagenes_ventas/02262022_150433_pullover2_[220.48-10].jpg
imagenes_ventas/01062022_090543_trouser1_[3320.77-10].jpg
imagenes_ventas/01102022_023722_trouser1_[2817.74-22].jpg
imagenes_ventas/01042022_073256_sandal5_[3013.3-22].jpg
imagenes_ventas/12232022_125732_sneaker7_[4366.75-10].jpg
imagenes_ventas/10022022_213228_bag8_[728.32-10].jpg
imagenes_ventas/07142022_044957_sandal5_[3386.07-0].jpg
imagenes_ventas/03112022_222955_sandal5_[4958.64-22].jpg
imagenes_ventas/05282022_064933_shirt6_[1854.56-0].jpg
imagenes_ventas/12252022_004102_bag8_[1216.53-22].jpg
imagenes_ventas/03202022_010053_sneaker7_[135.26-0].jpg
imagenes_ventas/07032022_120531_dress3_[1419.43-10].jpg
imagenes_ventas/04272022_092450_trouser1_[882.21-10].jpg
imagenes_ventas/01072023_002128_shirt6_[689.57-10].jpg
imagenes_ventas/06182022_235033_trouser1_[3304.77-22].jpg
imagenes_ventas/05252022_044517_coat4_[2200.77-0].jpg
imagenes_ventas/11082022_105001_shirt6_[2634.64-0].jpg
imagenes_ventas/10302022_023111_sandal5_[4867.08-0].jpg
imagenes_ventas/07232022_212834_bag8_[1213.33-10].jpg
imagenes_ventas/07162022_095722_ankle_boots9_[1749.76-0].jpg
imagenes_ventas/11222022_052015_t_shirt0_[2800.69-22].jpg
imagenes_ventas/09172022_062106_sandal5_[481.93-0].jpg
imagenes_ventas/05142022_114936_coat4_[1944.52-0].jpg
imagenes_ventas/03082022_030347_dress3_[761.53-22].jpg
imagenes_ventas/04282022_052927_sandal5_[3896.54-0].jpg
imagenes_ventas/04272022_111209_shirt6_[490.57-0].jpg
imagenes_ventas/11042022_110911_coat4_[1323.49-10].jpg
imagenes_ventas/11142022_065939_pullover2_[2925.14-22].jpg
imagenes_ventas/05262022_045422_sneaker7_[1627.35-10].jpg
imagenes_ventas/02112022_112122_shirt6_[4699.96-10].jpg
imagenes_ventas/02032022_084402_bag8_[3619.09-10].jpg
imagenes_ventas/12282022_003403_bag8_[4145.73-10].jpg
imagenes_ventas/11202022_163223_dress3_[4389.12-10].jpg
imagenes_ventas/10102022_013629_ankle_boots9_[446.35-10].jpg
imagenes_ventas/01122022_030242_ankle_boots9_[450.85-0].jpg
imagenes_ventas/09042022_175914_pullover2_[3874.35-10].jpg
imagenes_ventas/08012022_021826_bag8_[810.46-0].jpg
imagenes_ventas/11192022_000002_bag8_[3303.59-0].jpg
imagenes_ventas/03032022_042406_shirt6_[4379.14-0].jpg
imagenes_ventas/01072023_210800_sandal5_[2078.52-10].jpg
imagenes_ventas/04242022_004136_shirt6_[613.9-10].jpg
imagenes_ventas/12032022_040253_shirt6_[296.08-10].jpg
imagenes_ventas/03112022_141909_t_shirt0_[3540.94-10].jpg
imagenes_ventas/04032022_040007_pullover2_[899.78-22].jpg
imagenes_ventas/09172022_044122_ankle_boots9_[3045.62-22].jpg
imagenes_ventas/07092022_065855_bag8_[401.59-22].jpg
imagenes_ventas/02012022_144905_t_shirt0_[2105.7-22].jpg
imagenes_ventas/08142022_025548_t_shirt0_[4123.31-0].jpg
imagenes_ventas/10052022_221626_bag8_[1268.48-10].jpg
imagenes_ventas/07152022_202038_bag8_[2085.16-0].jpg
imagenes_ventas/11102022_211139_ankle_boots9_[3215.76-22].jpg
imagenes_ventas/03292022_065434_trouser1_[1484.12-22].jpg
imagenes_ventas/05212022_211852_ankle_boots9_[4427.98-22].jpg
imagenes_ventas/07132022_150202_dress3_[727.72-0].jpg
imagenes_ventas/08062022_135331_sandal5_[580.22-22].jpg
imagenes_ventas/02262022_141531_ankle_boots9_[1779.33-22].jpg
imagenes_ventas/05032022_190754_ankle_boots9_[1279.07-10].jpg
imagenes_ventas/04272022_194700_sandal5_[2051.71-0].jpg
imagenes_ventas/12052022_042636_sandal5_[2396.24-22].jpg
imagenes_ventas/05242022_131839_shirt6_[3119.5-22].jpg
imagenes_ventas/11292022_013418_pullover2_[4844.42-0].jpg
imagenes_ventas/12202022_094414_bag8_[4131.13-22].jpg
imagenes_ventas/07042022_131624_ankle_boots9_[4780.43-22].jpg
imagenes_ventas/06102022_195455_bag8_[1526.6-22].jpg
imagenes_ventas/08042022_054728_dress3_[1892.41-10].jpg
imagenes_ventas/07152022_212328_pullover2_[3273.02-10].jpg
imagenes_ventas/06152022_102129_dress3_[1181.94-0].jpg
imagenes_ventas/05302022_121533_trouser1_[55.37-10].jpg
imagenes_ventas/01092022_021822_pullover2_[4101.14-10].jpg
imagenes_ventas/05202022_015822_sandal5_[4328.72-22].jpg
imagenes_ventas/03262022_182306_sneaker7_[511.16-22].jpg
imagenes_ventas/11062022_172914_ankle_boots9_[4960.07-0].jpg
imagenes_ventas/09122022_202604_dress3_[103.83-22].jpg
imagenes_ventas/01142022_090038_pullover2_[806.38-0].jpg
imagenes_ventas/06042022_200741_coat4_[4017.17-10].jpg
imagenes_ventas/05212022_113014_shirt6_[1588.55-0].jpg
imagenes_ventas/06192022_192802_sandal5_[2452.78-22].jpg
imagenes_ventas/04052022_052942_sneaker7_[2388.18-0].jpg
imagenes_ventas/01012022_231110_dress3_[4983.11-0].jpg
imagenes_ventas/07292022_003340_dress3_[3309.26-10].jpg
imagenes_ventas/10102022_164003_coat4_[2293.38-22].jpg
imagenes_ventas/07232022_221917_dress3_[4400.27-10].jpg
imagenes_ventas/01292022_064137_coat4_[3224.09-22].jpg
imagenes_ventas/04222022_054002_shirt6_[3058.16-0].jpg
imagenes_ventas/10272022_021332_sandal5_[3434.61-22].jpg
imagenes_ventas/03312022_231036_coat4_[1425.17-22].jpg
imagenes_ventas/10192022_142504_pullover2_[983.71-10].jpg
imagenes_ventas/06102022_052503_sneaker7_[2470.45-0].jpg
imagenes_ventas/11232022_115657_coat4_[1020.75-10].jpg
imagenes_ventas/03072022_055020_dress3_[1952.11-22].jpg
imagenes_ventas/12202022_154908_trouser1_[1627.27-22].jpg
imagenes_ventas/02202022_084225_trouser1_[313.23-22].jpg
imagenes_ventas/12142022_162618_sneaker7_[1039.29-10].jpg
imagenes_ventas/06172022_003716_coat4_[4385.14-10].jpg
imagenes_ventas/07082022_093947_bag8_[916.6-0].jpg
imagenes_ventas/03242022_120726_ankle_boots9_[743.82-10].jpg
imagenes_ventas/12112022_230941_ankle_boots9_[2767.53-0].jpg
imagenes_ventas/12292022_163025_bag8_[3665.66-0].jpg
imagenes_ventas/04202022_052036_dress3_[823.62-22].jpg
imagenes_ventas/10232022_211512_sandal5_[3836.76-0].jpg
imagenes_ventas/04212022_105119_sneaker7_[4659.9-10].jpg
imagenes_ventas/06272022_232432_bag8_[4639.4-22].jpg
imagenes_ventas/11292022_055910_bag8_[2265.02-0].jpg
imagenes_ventas/03272022_062656_pullover2_[1722.25-0].jpg
imagenes_ventas/05212022_050328_dress3_[971.65-22].jpg
imagenes_ventas/08052022_080128_sandal5_[662.92-0].jpg
imagenes_ventas/02102022_182943_t_shirt0_[699.47-22].jpg
imagenes_ventas/10112022_070403_bag8_[891.85-10].jpg
imagenes_ventas/06282022_184728_sneaker7_[4006.43-22].jpg
imagenes_ventas/07172022_102210_sneaker7_[967.09-0].jpg
imagenes_ventas/07052022_065300_coat4_[3753.97-22].jpg
imagenes_ventas/02062022_193051_pullover2_[643.85-22].jpg
imagenes_ventas/01082022_143802_dress3_[2363.71-0].jpg
imagenes_ventas/11202022_170251_pullover2_[4528.21-10].jpg
imagenes_ventas/02202022_212410_pullover2_[1801.71-10].jpg
imagenes_ventas/06032022_183458_trouser1_[4275.42-22].jpg
imagenes_ventas/09152022_132227_sandal5_[1210.13-22].jpg
imagenes_ventas/10042022_052814_bag8_[4314.81-22].jpg
imagenes_ventas/07082022_151950_dress3_[4141.43-22].jpg
imagenes_ventas/08132022_115804_ankle_boots9_[808.3-0].jpg
imagenes_ventas/08052022_123012_trouser1_[2070.16-10].jpg
imagenes_ventas/09122022_182900_pullover2_[4540.88-22].jpg
imagenes_ventas/12202022_042644_sneaker7_[139.57-22].jpg
imagenes_ventas/03292022_134731_sneaker7_[1419.09-0].jpg
imagenes_ventas/12032022_110834_trouser1_[2028.04-22].jpg
imagenes_ventas/04012022_120530_sneaker7_[2161.68-0].jpg
imagenes_ventas/09032022_144242_sandal5_[2210.01-10].jpg
imagenes_ventas/10242022_102629_ankle_boots9_[4852.45-0].jpg
imagenes_ventas/02262022_143823_ankle_boots9_[4974.32-22].jpg
imagenes_ventas/07132022_203515_bag8_[1419.05-10].jpg
imagenes_ventas/05152022_014205_bag8_[4471.94-10].jpg
imagenes_ventas/10092022_125526_coat4_[3164.06-22].jpg
imagenes_ventas/12272022_003144_dress3_[3953.87-10].jpg
imagenes_ventas/05032022_141653_t_shirt0_[127.04-22].jpg
imagenes_ventas/09202022_160909_coat4_[3434.18-0].jpg
imagenes_ventas/11032022_201003_t_shirt0_[4759.03-22].jpg
imagenes_ventas/07212022_073704_trouser1_[3557.88-22].jpg
imagenes_ventas/07182022_212224_trouser1_[1151.84-0].jpg
imagenes_ventas/02142022_105516_shirt6_[3805.92-22].jpg
imagenes_ventas/12172022_094912_dress3_[2451.78-10].jpg
imagenes_ventas/04082022_062508_sandal5_[541.84-22].jpg
imagenes_ventas/04182022_123509_sandal5_[2794.6-0].jpg
imagenes_ventas/01172022_151454_dress3_[245.26-0].jpg
imagenes_ventas/11232022_060926_coat4_[1414.18-22].jpg
imagenes_ventas/11182022_163604_bag8_[56.65-10].jpg
imagenes_ventas/06192022_045747_sneaker7_[3018.45-10].jpg
imagenes_ventas/01252022_120107_pullover2_[1307.93-22].jpg
imagenes_ventas/01202022_005434_dress3_[2299.63-22].jpg
imagenes_ventas/01302022_202937_pullover2_[4873.49-22].jpg
imagenes_ventas/08202022_230526_coat4_[1981.39-0].jpg
imagenes_ventas/01222022_053606_sneaker7_[1906.33-22].jpg
imagenes_ventas/11252022_182104_trouser1_[4076.76-10].jpg
imagenes_ventas/01192022_121517_sneaker7_[515.52-22].jpg
imagenes_ventas/04272022_031423_pullover2_[1991.33-22].jpg
imagenes_ventas/09022022_205322_sneaker7_[2085.63-0].jpg
imagenes_ventas/05312022_063045_sandal5_[2982.6-10].jpg
imagenes_ventas/10152022_003829_pullover2_[4761.29-22].jpg
imagenes_ventas/11162022_224909_ankle_boots9_[4163.88-10].jpg
imagenes_ventas/04062022_171312_sandal5_[26.71-10].jpg
imagenes_ventas/06262022_022700_bag8_[685.58-10].jpg
imagenes_ventas/12272022_074234_bag8_[3648.03-0].jpg
imagenes_ventas/03202022_181110_dress3_[4170.23-0].jpg
imagenes_ventas/10172022_165436_bag8_[2816.0-10].jpg
imagenes_ventas/11112022_210427_ankle_boots9_[3916.46-0].jpg
imagenes_ventas/03022022_183857_shirt6_[571.74-10].jpg
imagenes_ventas/01022022_010654_bag8_[2175.52-0].jpg
imagenes_ventas/09082022_015533_dress3_[4451.91-22].jpg
imagenes_ventas/07252022_133853_ankle_boots9_[786.76-10].jpg
imagenes_ventas/06082022_010104_sneaker7_[380.89-10].jpg
imagenes_ventas/11222022_042045_shirt6_[394.83-10].jpg
imagenes_ventas/12182022_130443_trouser1_[3262.2-22].jpg
imagenes_ventas/10122022_015938_trouser1_[3457.12-22].jpg
imagenes_ventas/06272022_084339_sneaker7_[4332.58-22].jpg
imagenes_ventas/01052023_030836_dress3_[760.84-0].jpg
imagenes_ventas/11272022_213247_shirt6_[1570.98-10].jpg
imagenes_ventas/04252022_230910_trouser1_[774.93-0].jpg
imagenes_ventas/05152022_085328_sandal5_[3289.11-0].jpg
imagenes_ventas/01132022_062045_bag8_[2748.26-10].jpg
imagenes_ventas/03192022_140528_sandal5_[2784.75-10].jpg
imagenes_ventas/03172022_234545_sandal5_[4716.19-10].jpg
imagenes_ventas/02172022_190050_coat4_[2356.19-0].jpg
imagenes_ventas/03122022_025719_trouser1_[1257.3-10].jpg
imagenes_ventas/07182022_231503_dress3_[775.66-0].jpg
imagenes_ventas/04192022_181746_sandal5_[470.56-0].jpg
imagenes_ventas/05162022_211555_sneaker7_[208.44-10].jpg
imagenes_ventas/02172022_005431_t_shirt0_[2479.89-10].jpg
imagenes_ventas/01222022_213212_t_shirt0_[3019.48-10].jpg
imagenes_ventas/07272022_055638_dress3_[3888.89-0].jpg
imagenes_ventas/10222022_034626_coat4_[91.85-0].jpg
imagenes_ventas/06152022_132443_coat4_[75.0-10].jpg
imagenes_ventas/03182022_223303_pullover2_[2660.9-0].jpg
imagenes_ventas/03272022_165434_sneaker7_[584.62-0].jpg
imagenes_ventas/09062022_054859_pullover2_[4005.55-10].jpg
imagenes_ventas/09182022_173217_sandal5_[2810.79-10].jpg
imagenes_ventas/12112022_183324_t_shirt0_[4359.41-10].jpg
imagenes_ventas/06042022_222821_dress3_[3380.75-0].jpg
imagenes_ventas/07122022_020835_dress3_[348.4-0].jpg
imagenes_ventas/07172022_071434_pullover2_[4214.88-10].jpg
imagenes_ventas/04272022_035632_sandal5_[4003.15-0].jpg
imagenes_ventas/10202022_015355_shirt6_[1649.85-22].jpg
imagenes_ventas/02012022_194512_dress3_[2954.32-22].jpg
imagenes_ventas/12292022_120448_coat4_[3122.05-22].jpg
imagenes_ventas/07142022_142004_sneaker7_[4346.68-0].jpg
imagenes_ventas/03022022_120247_coat4_[4089.16-10].jpg
imagenes_ventas/07132022_104646_dress3_[4241.42-22].jpg
imagenes_ventas/07042022_020928_coat4_[3623.66-0].jpg
imagenes_ventas/12032022_164527_ankle_boots9_[3827.88-10].jpg
imagenes_ventas/01302022_102646_pullover2_[3130.32-22].jpg
imagenes_ventas/02272022_031548_trouser1_[1988.67-22].jpg
imagenes_ventas/09122022_174217_shirt6_[2127.48-10].jpg
imagenes_ventas/10292022_180531_dress3_[1971.83-0].jpg
imagenes_ventas/10302022_025329_bag8_[1493.3-0].jpg
imagenes_ventas/10242022_204122_shirt6_[2968.28-10].jpg
imagenes_ventas/10202022_064906_pullover2_[3106.9-10].jpg
imagenes_ventas/11152022_122748_trouser1_[4460.17-22].jpg
imagenes_ventas/01252022_083116_dress3_[4182.94-22].jpg
imagenes_ventas/09012022_003135_bag8_[1838.4-22].jpg
imagenes_ventas/10182022_113419_shirt6_[2522.91-22].jpg
imagenes_ventas/05022022_183155_sneaker7_[3295.31-22].jpg
imagenes_ventas/10042022_171016_sandal5_[1451.37-0].jpg
imagenes_ventas/09262022_055130_pullover2_[2125.3-22].jpg
imagenes_ventas/08292022_103151_trouser1_[1599.97-22].jpg
imagenes_ventas/07222022_053522_trouser1_[419.59-22].jpg
imagenes_ventas/07152022_143243_coat4_[88.99-10].jpg
imagenes_ventas/12102022_110550_coat4_[2084.42-0].jpg
imagenes_ventas/05182022_091634_trouser1_[1229.33-0].jpg
imagenes_ventas/04192022_145343_dress3_[3939.94-10].jpg
imagenes_ventas/07222022_024218_shirt6_[3772.72-0].jpg
imagenes_ventas/09232022_110216_dress3_[2104.65-22].jpg
imagenes_ventas/04122022_193045_sneaker7_[737.51-22].jpg
imagenes_ventas/11072022_083617_bag8_[118.72-22].jpg
imagenes_ventas/03072022_061436_t_shirt0_[941.51-10].jpg
imagenes_ventas/03092022_220044_t_shirt0_[1693.9-22].jpg
imagenes_ventas/09092022_154923_shirt6_[3460.81-10].jpg
imagenes_ventas/09242022_124713_trouser1_[3234.22-10].jpg
imagenes_ventas/04202022_002837_shirt6_[769.76-10].jpg
imagenes_ventas/09102022_213250_ankle_boots9_[1591.3-22].jpg
imagenes_ventas/10272022_090818_t_shirt0_[2743.31-0].jpg
imagenes_ventas/01112023_042627_coat4_[1454.87-10].jpg
imagenes_ventas/06032022_103129_ankle_boots9_[4665.87-10].jpg
imagenes_ventas/12042022_043214_ankle_boots9_[4591.14-22].jpg
imagenes_ventas/11132022_103547_sandal5_[1182.85-0].jpg
imagenes_ventas/02022022_205909_sneaker7_[2615.9-0].jpg
imagenes_ventas/05162022_021022_bag8_[974.57-10].jpg
imagenes_ventas/05132022_223638_ankle_boots9_[1725.91-0].jpg
imagenes_ventas/10072022_034504_coat4_[2024.9-10].jpg
imagenes_ventas/09272022_073433_bag8_[2996.74-0].jpg
imagenes_ventas/12292022_015745_sneaker7_[3314.71-22].jpg
imagenes_ventas/05242022_170215_pullover2_[2294.06-10].jpg
imagenes_ventas/04122022_093005_ankle_boots9_[2025.32-10].jpg
imagenes_ventas/06032022_045657_dress3_[2937.8-10].jpg
imagenes_ventas/06292022_004227_shirt6_[107.83-22].jpg
imagenes_ventas/07162022_112658_trouser1_[1336.7-22].jpg
imagenes_ventas/03232022_040855_sneaker7_[3599.56-22].jpg
imagenes_ventas/04052022_065524_sandal5_[4885.45-10].jpg
imagenes_ventas/08312022_082100_shirt6_[3768.05-0].jpg
imagenes_ventas/02012022_200543_pullover2_[4953.56-0].jpg
imagenes_ventas/10082022_175804_sandal5_[2493.33-10].jpg
imagenes_ventas/01222022_121337_trouser1_[738.55-10].jpg
imagenes_ventas/05042022_030045_shirt6_[663.23-0].jpg
imagenes_ventas/06012022_115045_ankle_boots9_[1425.59-22].jpg
imagenes_ventas/08242022_181807_t_shirt0_[1228.35-22].jpg
imagenes_ventas/12032022_030930_trouser1_[4236.64-10].jpg
imagenes_ventas/02142022_143836_pullover2_[2281.33-22].jpg
imagenes_ventas/05102022_174045_trouser1_[4167.5-0].jpg
imagenes_ventas/12312022_205737_coat4_[612.2-10].jpg
imagenes_ventas/05132022_084156_coat4_[3490.17-10].jpg
imagenes_ventas/09292022_194234_sneaker7_[1462.88-22].jpg
imagenes_ventas/11202022_221931_trouser1_[4504.29-22].jpg
imagenes_ventas/01112023_060624_sneaker7_[4144.42-22].jpg
imagenes_ventas/09302022_214500_shirt6_[2439.14-10].jpg
imagenes_ventas/03102022_150617_pullover2_[4608.17-10].jpg
imagenes_ventas/01062022_030155_ankle_boots9_[2967.32-22].jpg
imagenes_ventas/08242022_014628_coat4_[1464.84-22].jpg
imagenes_ventas/11292022_112711_trouser1_[2307.71-0].jpg
imagenes_ventas/08132022_012952_trouser1_[2668.5-22].jpg
imagenes_ventas/11212022_164341_shirt6_[321.51-10].jpg
imagenes_ventas/03052022_183218_pullover2_[2526.27-10].jpg
imagenes_ventas/02272022_033033_ankle_boots9_[1793.07-10].jpg
imagenes_ventas/09162022_235337_ankle_boots9_[942.71-0].jpg
imagenes_ventas/02232022_095721_shirt6_[2033.1-22].jpg
imagenes_ventas/06102022_135519_t_shirt0_[2295.45-22].jpg
imagenes_ventas/09072022_183531_shirt6_[4856.17-22].jpg
imagenes_ventas/10132022_132528_ankle_boots9_[1536.46-0].jpg
imagenes_ventas/08292022_192655_dress3_[3341.58-0].jpg
imagenes_ventas/05032022_034030_dress3_[2253.25-10].jpg
imagenes_ventas/03272022_153643_sneaker7_[3156.12-22].jpg
imagenes_ventas/05112022_101411_sneaker7_[1664.21-10].jpg
imagenes_ventas/07222022_203602_bag8_[2800.57-10].jpg
imagenes_ventas/08092022_112243_dress3_[4154.8-0].jpg
imagenes_ventas/12232022_160045_ankle_boots9_[1391.33-22].jpg
imagenes_ventas/10072022_112616_sandal5_[3865.14-22].jpg
imagenes_ventas/03162022_081836_pullover2_[4477.43-22].jpg
imagenes_ventas/07172022_165427_dress3_[1746.06-22].jpg
imagenes_ventas/04162022_124540_bag8_[712.34-0].jpg
imagenes_ventas/12152022_021423_shirt6_[4600.11-0].jpg
imagenes_ventas/11282022_175340_shirt6_[2794.6-10].jpg
imagenes_ventas/12232022_063009_sandal5_[2963.62-22].jpg
imagenes_ventas/03182022_155159_shirt6_[1094.36-10].jpg
imagenes_ventas/05212022_213418_pullover2_[4781.99-0].jpg
imagenes_ventas/05052022_062703_trouser1_[4786.5-10].jpg
imagenes_ventas/05032022_225436_pullover2_[1600.57-0].jpg
imagenes_ventas/02222022_092259_shirt6_[4879.01-0].jpg
imagenes_ventas/06212022_103901_pullover2_[2050.6-10].jpg
imagenes_ventas/11212022_054013_trouser1_[1298.63-10].jpg
imagenes_ventas/03022022_133956_bag8_[1995.61-10].jpg
imagenes_ventas/02192022_101255_ankle_boots9_[1456.09-0].jpg
imagenes_ventas/07152022_015259_bag8_[4098.38-0].jpg
imagenes_ventas/12082022_192110_coat4_[3407.78-22].jpg
imagenes_ventas/07182022_091424_pullover2_[4887.97-10].jpg
imagenes_ventas/06152022_095026_shirt6_[4758.74-10].jpg
imagenes_ventas/08012022_051159_coat4_[4104.35-0].jpg
imagenes_ventas/01282022_124735_t_shirt0_[3182.17-0].jpg
imagenes_ventas/07102022_113508_trouser1_[4240.73-22].jpg
imagenes_ventas/02272022_173604_trouser1_[2808.25-0].jpg
imagenes_ventas/10022022_204803_trouser1_[4817.61-22].jpg
imagenes_ventas/02132022_181419_bag8_[3915.48-22].jpg
imagenes_ventas/03052022_040311_dress3_[2624.67-10].jpg
imagenes_ventas/04052022_203148_pullover2_[798.51-0].jpg
imagenes_ventas/01032023_171748_shirt6_[3878.99-10].jpg
imagenes_ventas/02202022_123326_dress3_[1956.0-22].jpg
imagenes_ventas/05142022_010317_t_shirt0_[4003.64-10].jpg
imagenes_ventas/05272022_071631_pullover2_[2803.82-22].jpg
imagenes_ventas/11152022_175847_coat4_[4329.6-10].jpg
imagenes_ventas/06122022_185314_dress3_[3488.14-10].jpg
imagenes_ventas/05312022_065111_ankle_boots9_[3185.21-10].jpg
imagenes_ventas/11022022_012442_trouser1_[4221.75-10].jpg
imagenes_ventas/09072022_153640_bag8_[1255.4-22].jpg
imagenes_ventas/08312022_070823_pullover2_[701.41-22].jpg
imagenes_ventas/08062022_193207_bag8_[1352.11-22].jpg
imagenes_ventas/12012022_010129_sneaker7_[456.96-10].jpg
imagenes_ventas/05082022_053629_bag8_[2236.15-22].jpg
imagenes_ventas/01162022_050528_dress3_[4612.89-22].jpg
imagenes_ventas/09302022_200426_trouser1_[4132.97-10].jpg
imagenes_ventas/07282022_201400_coat4_[959.53-0].jpg
imagenes_ventas/09092022_224235_sandal5_[1861.53-22].jpg
imagenes_ventas/04102022_185355_trouser1_[3426.91-10].jpg
imagenes_ventas/09182022_153717_t_shirt0_[3702.96-0].jpg
imagenes_ventas/11292022_004822_t_shirt0_[1779.39-0].jpg
imagenes_ventas/06062022_015941_sneaker7_[270.92-10].jpg
imagenes_ventas/03302022_091004_pullover2_[3875.36-0].jpg
imagenes_ventas/02092022_153903_sneaker7_[1328.71-10].jpg
imagenes_ventas/10292022_205214_shirt6_[4919.9-10].jpg
imagenes_ventas/02282022_171421_t_shirt0_[4144.84-22].jpg
imagenes_ventas/03062022_181531_t_shirt0_[1425.41-22].jpg
imagenes_ventas/04072022_225353_dress3_[895.02-22].jpg
imagenes_ventas/04192022_200004_t_shirt0_[1944.88-0].jpg
imagenes_ventas/09032022_181451_ankle_boots9_[4610.79-10].jpg
imagenes_ventas/01242022_183016_dress3_[3583.82-0].jpg
imagenes_ventas/09072022_054939_shirt6_[1624.14-0].jpg
imagenes_ventas/01112022_013156_pullover2_[1526.32-0].jpg
imagenes_ventas/09262022_074509_trouser1_[4888.72-22].jpg
imagenes_ventas/06102022_142542_t_shirt0_[3398.94-10].jpg
imagenes_ventas/01072023_225844_coat4_[570.36-10].jpg
imagenes_ventas/09202022_215533_coat4_[3165.27-10].jpg
imagenes_ventas/12222022_231827_bag8_[2124.19-10].jpg
imagenes_ventas/08012022_230858_sneaker7_[3086.15-10].jpg
imagenes_ventas/07182022_231407_shirt6_[2251.3-10].jpg
imagenes_ventas/07252022_232823_sneaker7_[79.76-0].jpg
imagenes_ventas/05262022_144441_bag8_[383.93-0].jpg
imagenes_ventas/03012022_070726_t_shirt0_[2364.76-22].jpg
imagenes_ventas/09222022_093729_dress3_[228.71-10].jpg
imagenes_ventas/11022022_213258_ankle_boots9_[588.64-22].jpg
imagenes_ventas/10202022_032226_shirt6_[1032.76-22].jpg
imagenes_ventas/04092022_125240_bag8_[2078.76-22].jpg
imagenes_ventas/07192022_052452_t_shirt0_[152.04-0].jpg
imagenes_ventas/04242022_001201_shirt6_[4315.86-0].jpg
imagenes_ventas/06112022_232238_shirt6_[1215.1-22].jpg
imagenes_ventas/07272022_042652_bag8_[1429.55-22].jpg
imagenes_ventas/03012022_093904_bag8_[2093.61-10].jpg
imagenes_ventas/01082023_134427_dress3_[4766.2-22].jpg
imagenes_ventas/04042022_092509_ankle_boots9_[844.38-10].jpg
imagenes_ventas/01252022_083245_shirt6_[1645.88-22].jpg
imagenes_ventas/04182022_005222_pullover2_[3996.16-0].jpg
imagenes_ventas/08242022_133109_sneaker7_[3265.95-10].jpg
imagenes_ventas/11202022_031442_dress3_[889.31-22].jpg
imagenes_ventas/10212022_025907_bag8_[3427.4-22].jpg
imagenes_ventas/12102022_045010_sneaker7_[293.51-22].jpg
imagenes_ventas/03012022_142501_ankle_boots9_[1768.62-10].jpg
imagenes_ventas/11032022_112016_ankle_boots9_[4146.15-10].jpg
imagenes_ventas/05062022_155346_pullover2_[4496.26-22].jpg
imagenes_ventas/07172022_194625_dress3_[3378.8-0].jpg
imagenes_ventas/04072022_211249_bag8_[4997.27-22].jpg
imagenes_ventas/05162022_133152_shirt6_[2476.94-10].jpg
imagenes_ventas/06162022_095751_trouser1_[2624.02-10].jpg
imagenes_ventas/08042022_054423_sandal5_[310.61-22].jpg
imagenes_ventas/08082022_055548_coat4_[3076.51-0].jpg
imagenes_ventas/09132022_055918_pullover2_[1185.71-0].jpg
imagenes_ventas/06242022_201534_ankle_boots9_[3443.21-10].jpg
imagenes_ventas/04252022_102330_dress3_[2465.51-22].jpg
imagenes_ventas/01082023_155847_shirt6_[2176.07-10].jpg
imagenes_ventas/11122022_131132_dress3_[4151.63-10].jpg
imagenes_ventas/03262022_123038_ankle_boots9_[2444.88-0].jpg
imagenes_ventas/05102022_083431_sneaker7_[3382.81-22].jpg
imagenes_ventas/02202022_060629_ankle_boots9_[3564.8-0].jpg
imagenes_ventas/03072022_133237_coat4_[4099.21-0].jpg
imagenes_ventas/04252022_090443_coat4_[4951.14-10].jpg
imagenes_ventas/08132022_065823_dress3_[3378.58-0].jpg
imagenes_ventas/04132022_002136_trouser1_[1480.27-22].jpg
imagenes_ventas/07182022_145338_sandal5_[360.33-22].jpg
imagenes_ventas/03102022_092203_coat4_[1671.31-22].jpg
imagenes_ventas/02052022_131702_sneaker7_[2333.76-10].jpg
imagenes_ventas/05122022_164518_dress3_[3715.92-10].jpg
imagenes_ventas/05292022_023628_bag8_[1988.44-0].jpg
imagenes_ventas/08252022_123840_pullover2_[3588.2-22].jpg
imagenes_ventas/12182022_132645_t_shirt0_[244.87-0].jpg
imagenes_ventas/06142022_133310_dress3_[4251.63-10].jpg
imagenes_ventas/02032022_174255_bag8_[3424.22-22].jpg
imagenes_ventas/06262022_120350_bag8_[838.63-22].jpg
imagenes_ventas/06092022_134358_t_shirt0_[3376.84-10].jpg
imagenes_ventas/04072022_124016_shirt6_[3617.27-0].jpg
imagenes_ventas/03022022_094043_trouser1_[1622.96-0].jpg
imagenes_ventas/07282022_055157_coat4_[156.8-10].jpg
imagenes_ventas/12152022_090113_dress3_[4772.33-22].jpg
imagenes_ventas/11242022_181042_sneaker7_[3488.0-22].jpg
imagenes_ventas/07182022_134107_bag8_[4763.78-22].jpg
imagenes_ventas/02012022_195646_coat4_[4892.31-10].jpg
imagenes_ventas/02092022_185302_pullover2_[2054.98-10].jpg
imagenes_ventas/08182022_013455_coat4_[2366.33-22].jpg
imagenes_ventas/09122022_161455_pullover2_[3941.05-0].jpg
imagenes_ventas/02202022_142535_dress3_[396.44-10].jpg
imagenes_ventas/09012022_094516_coat4_[4421.89-10].jpg
imagenes_ventas/01272022_195928_t_shirt0_[3305.76-10].jpg
imagenes_ventas/09192022_004402_trouser1_[1333.58-10].jpg
imagenes_ventas/10262022_040426_pullover2_[1999.66-22].jpg
imagenes_ventas/02072022_032439_bag8_[372.58-10].jpg
imagenes_ventas/12222022_084832_sneaker7_[2049.01-10].jpg
imagenes_ventas/08072022_071838_trouser1_[80.32-22].jpg
imagenes_ventas/08092022_114909_shirt6_[3359.59-10].jpg
imagenes_ventas/09152022_005158_coat4_[2325.66-22].jpg
imagenes_ventas/09092022_154125_ankle_boots9_[4463.9-0].jpg
imagenes_ventas/05272022_132112_pullover2_[3822.62-0].jpg
imagenes_ventas/04242022_163853_trouser1_[4462.77-0].jpg
imagenes_ventas/09032022_032058_bag8_[4119.4-22].jpg
imagenes_ventas/10252022_053909_t_shirt0_[1931.76-0].jpg
imagenes_ventas/03062022_024824_sneaker7_[1166.97-22].jpg
imagenes_ventas/01292022_134052_ankle_boots9_[4959.73-10].jpg
imagenes_ventas/09222022_062915_bag8_[3616.06-22].jpg
imagenes_ventas/06082022_105006_t_shirt0_[2187.84-0].jpg
imagenes_ventas/10242022_104405_coat4_[1193.02-22].jpg
imagenes_ventas/07082022_115103_pullover2_[1676.17-10].jpg
imagenes_ventas/07012022_165320_sneaker7_[3736.92-22].jpg
imagenes_ventas/01132022_092029_bag8_[978.42-10].jpg
imagenes_ventas/11172022_002206_bag8_[3413.66-22].jpg
imagenes_ventas/04042022_123541_trouser1_[174.67-10].jpg
imagenes_ventas/02272022_131922_shirt6_[1638.93-0].jpg
imagenes_ventas/07052022_224050_pullover2_[4664.91-0].jpg
imagenes_ventas/07012022_095827_t_shirt0_[2054.45-10].jpg
imagenes_ventas/03182022_192645_pullover2_[513.29-0].jpg
imagenes_ventas/01032023_015252_coat4_[2884.85-10].jpg
imagenes_ventas/01092022_070815_sneaker7_[181.81-0].jpg
imagenes_ventas/07272022_001233_trouser1_[387.46-0].jpg
imagenes_ventas/07312022_213724_trouser1_[1779.44-0].jpg
imagenes_ventas/07022022_070920_shirt6_[1674.22-0].jpg
imagenes_ventas/01102023_050455_sandal5_[4086.06-22].jpg
imagenes_ventas/07092022_054614_sneaker7_[561.02-22].jpg
imagenes_ventas/08042022_211718_dress3_[4575.22-0].jpg
imagenes_ventas/12212022_222701_ankle_boots9_[749.1-10].jpg
imagenes_ventas/07242022_101129_coat4_[1911.61-22].jpg
imagenes_ventas/07172022_145223_bag8_[3770.96-0].jpg
imagenes_ventas/05132022_223325_ankle_boots9_[890.18-0].jpg
imagenes_ventas/07072022_121226_ankle_boots9_[1036.77-22].jpg
imagenes_ventas/05242022_211616_t_shirt0_[1147.43-0].jpg
imagenes_ventas/10212022_112958_sandal5_[4218.47-0].jpg
imagenes_ventas/12242022_135939_ankle_boots9_[3176.86-10].jpg
imagenes_ventas/06272022_093858_sandal5_[569.87-10].jpg
imagenes_ventas/02072022_002813_sandal5_[3683.38-0].jpg
imagenes_ventas/11102022_004735_shirt6_[3543.54-22].jpg
imagenes_ventas/12112022_061711_t_shirt0_[3190.86-22].jpg
imagenes_ventas/11062022_002555_shirt6_[3277.05-0].jpg
imagenes_ventas/09202022_192253_sneaker7_[4578.28-22].jpg
imagenes_ventas/12152022_100841_pullover2_[2007.96-10].jpg
imagenes_ventas/07062022_120007_sneaker7_[2241.96-0].jpg
imagenes_ventas/11072022_015631_sneaker7_[3835.24-10].jpg
imagenes_ventas/10052022_055732_trouser1_[3957.36-10].jpg
imagenes_ventas/11142022_235159_pullover2_[3254.49-22].jpg
imagenes_ventas/08152022_195425_shirt6_[2939.66-22].jpg
imagenes_ventas/04122022_072211_bag8_[3908.79-22].jpg
imagenes_ventas/01092023_134418_pullover2_[4125.3-10].jpg
imagenes_ventas/07062022_054007_shirt6_[4999.96-10].jpg
imagenes_ventas/08302022_014934_shirt6_[1406.5-10].jpg
imagenes_ventas/10162022_182452_coat4_[2946.91-10].jpg
imagenes_ventas/03062022_094852_dress3_[1699.96-10].jpg
imagenes_ventas/01032023_235349_shirt6_[4895.44-0].jpg
imagenes_ventas/06272022_052812_shirt6_[2409.79-10].jpg
imagenes_ventas/08282022_111237_shirt6_[2250.68-22].jpg
imagenes_ventas/09162022_215918_pullover2_[1126.56-22].jpg
imagenes_ventas/08102022_020135_shirt6_[1135.83-10].jpg
imagenes_ventas/02152022_074453_dress3_[2141.55-22].jpg
imagenes_ventas/01052022_050857_ankle_boots9_[825.84-10].jpg
imagenes_ventas/07102022_000412_bag8_[1893.44-22].jpg
imagenes_ventas/01172022_031207_sandal5_[1004.27-22].jpg
imagenes_ventas/01102022_033841_sneaker7_[4774.07-0].jpg
imagenes_ventas/06072022_090528_coat4_[1576.45-22].jpg
imagenes_ventas/03102022_132558_bag8_[2312.31-22].jpg
imagenes_ventas/04142022_064145_t_shirt0_[3790.6-10].jpg
imagenes_ventas/02282022_090045_dress3_[3795.71-10].jpg
imagenes_ventas/04192022_002802_coat4_[4779.84-22].jpg
imagenes_ventas/12132022_115930_trouser1_[4284.51-10].jpg
imagenes_ventas/01012023_191123_ankle_boots9_[1671.84-10].jpg
imagenes_ventas/12152022_230014_pullover2_[4434.42-0].jpg
imagenes_ventas/11262022_012422_bag8_[4788.02-10].jpg
imagenes_ventas/06102022_181343_trouser1_[126.99-0].jpg
imagenes_ventas/05062022_135429_shirt6_[4949.94-22].jpg
imagenes_ventas/06022022_155130_sneaker7_[2783.16-22].jpg
imagenes_ventas/11172022_221113_t_shirt0_[3693.31-0].jpg
imagenes_ventas/05192022_135205_trouser1_[4175.9-22].jpg
imagenes_ventas/03262022_030505_sneaker7_[2910.39-10].jpg
imagenes_ventas/01292022_181030_shirt6_[1778.64-0].jpg
imagenes_ventas/12092022_100612_shirt6_[1087.9-22].jpg
imagenes_ventas/02232022_155405_shirt6_[1519.56-0].jpg
imagenes_ventas/10232022_130152_trouser1_[2701.2-10].jpg
imagenes_ventas/07162022_213758_bag8_[285.7-0].jpg
imagenes_ventas/01282022_095734_trouser1_[115.61-22].jpg
imagenes_ventas/05212022_145345_t_shirt0_[2444.47-10].jpg
imagenes_ventas/05102022_022532_sandal5_[1282.27-0].jpg
imagenes_ventas/06242022_041327_sneaker7_[4562.3-0].jpg
imagenes_ventas/12092022_064922_shirt6_[3243.55-22].jpg
imagenes_ventas/06142022_095556_t_shirt0_[2994.15-22].jpg
imagenes_ventas/06182022_162629_pullover2_[1752.84-22].jpg
imagenes_ventas/08112022_071633_sandal5_[830.12-10].jpg
imagenes_ventas/06032022_211222_trouser1_[3153.24-0].jpg
imagenes_ventas/08292022_090951_coat4_[2188.55-22].jpg
imagenes_ventas/05232022_005950_bag8_[2289.36-22].jpg
imagenes_ventas/05082022_033108_trouser1_[4616.99-0].jpg
imagenes_ventas/02152022_051759_ankle_boots9_[4268.52-10].jpg
imagenes_ventas/05252022_181439_shirt6_[4467.95-10].jpg
imagenes_ventas/09162022_050558_t_shirt0_[1848.41-22].jpg
imagenes_ventas/03212022_092409_sneaker7_[4277.28-10].jpg
imagenes_ventas/12072022_134056_trouser1_[3490.07-10].jpg
imagenes_ventas/09282022_031002_sneaker7_[4188.62-10].jpg
imagenes_ventas/09302022_050757_t_shirt0_[3007.67-10].jpg
imagenes_ventas/01242022_213629_bag8_[1974.25-10].jpg
imagenes_ventas/03282022_222252_sneaker7_[4044.86-22].jpg
imagenes_ventas/04042022_185828_shirt6_[213.95-10].jpg
imagenes_ventas/05132022_072912_sandal5_[1294.85-0].jpg
imagenes_ventas/06282022_214831_shirt6_[4385.24-10].jpg
imagenes_ventas/12012022_130352_sandal5_[937.74-0].jpg
imagenes_ventas/03252022_073742_dress3_[1431.94-22].jpg
imagenes_ventas/02262022_231913_sneaker7_[1460.91-22].jpg
imagenes_ventas/06042022_055921_sandal5_[4704.6-22].jpg
imagenes_ventas/02052022_064929_pullover2_[2212.68-0].jpg
imagenes_ventas/06212022_070750_trouser1_[4239.05-22].jpg
imagenes_ventas/09282022_055403_dress3_[546.8-0].jpg
imagenes_ventas/06252022_011201_shirt6_[4802.14-0].jpg
imagenes_ventas/09262022_003247_pullover2_[990.69-22].jpg
imagenes_ventas/01072023_041610_bag8_[985.95-10].jpg
imagenes_ventas/03102022_111618_shirt6_[212.16-0].jpg
imagenes_ventas/06152022_045612_pullover2_[1423.71-10].jpg
imagenes_ventas/01022022_163929_shirt6_[4856.29-0].jpg
imagenes_ventas/05022022_064256_pullover2_[3053.77-22].jpg
imagenes_ventas/01092023_192451_sneaker7_[1506.76-22].jpg
imagenes_ventas/09112022_160229_bag8_[1924.6-0].jpg
imagenes_ventas/06292022_022340_ankle_boots9_[375.94-22].jpg
imagenes_ventas/06192022_184243_sandal5_[505.05-22].jpg
imagenes_ventas/06112022_061628_ankle_boots9_[465.07-10].jpg
imagenes_ventas/05142022_184705_ankle_boots9_[1938.45-0].jpg
imagenes_ventas/04242022_180608_sandal5_[1400.03-0].jpg
imagenes_ventas/12252022_231336_bag8_[2738.37-0].jpg
imagenes_ventas/04102022_193731_sandal5_[3616.04-10].jpg
imagenes_ventas/02142022_213519_coat4_[4741.39-22].jpg
imagenes_ventas/08132022_211047_ankle_boots9_[3781.07-22].jpg
imagenes_ventas/06052022_163145_sneaker7_[1400.44-22].jpg
imagenes_ventas/06272022_072704_sneaker7_[2160.48-22].jpg
imagenes_ventas/01112022_234317_dress3_[2516.16-10].jpg
imagenes_ventas/10042022_091131_ankle_boots9_[3379.14-10].jpg
imagenes_ventas/04012022_001353_sneaker7_[2102.35-0].jpg
imagenes_ventas/06182022_140606_t_shirt0_[542.42-0].jpg
imagenes_ventas/02272022_114452_sneaker7_[3925.65-0].jpg
imagenes_ventas/05222022_231244_coat4_[4422.69-22].jpg
imagenes_ventas/09262022_032627_bag8_[3876.24-22].jpg
imagenes_ventas/06152022_041308_ankle_boots9_[1176.96-0].jpg
imagenes_ventas/05202022_105906_pullover2_[3203.84-22].jpg
imagenes_ventas/02142022_204918_t_shirt0_[3304.43-10].jpg
imagenes_ventas/09012022_172220_t_shirt0_[2946.0-0].jpg
imagenes_ventas/09132022_191749_ankle_boots9_[1346.95-10].jpg
imagenes_ventas/04202022_081834_bag8_[4906.43-0].jpg
imagenes_ventas/01072022_115100_sandal5_[2676.28-22].jpg
imagenes_ventas/05022022_151214_coat4_[4760.14-0].jpg
imagenes_ventas/01312022_225304_ankle_boots9_[936.24-0].jpg
imagenes_ventas/01122022_032628_sandal5_[582.52-0].jpg
imagenes_ventas/02082022_041744_dress3_[1318.26-22].jpg
imagenes_ventas/11112022_145546_shirt6_[1028.38-10].jpg
imagenes_ventas/10012022_114504_trouser1_[1907.63-22].jpg
imagenes_ventas/08102022_121957_sneaker7_[1333.85-0].jpg
imagenes_ventas/09262022_104555_ankle_boots9_[4544.75-10].jpg
imagenes_ventas/02132022_122105_ankle_boots9_[3386.44-0].jpg
imagenes_ventas/11112022_195812_dress3_[213.73-0].jpg
imagenes_ventas/05302022_220816_trouser1_[4784.25-0].jpg
imagenes_ventas/04272022_145657_pullover2_[1163.39-22].jpg
imagenes_ventas/03262022_204853_trouser1_[731.96-22].jpg
imagenes_ventas/03232022_174811_dress3_[664.24-22].jpg
imagenes_ventas/03092022_212503_sandal5_[4079.08-0].jpg
imagenes_ventas/05232022_031319_t_shirt0_[4993.0-10].jpg
imagenes_ventas/07302022_014603_ankle_boots9_[277.69-22].jpg
imagenes_ventas/10262022_140122_bag8_[2569.18-22].jpg
imagenes_ventas/05032022_194514_sneaker7_[1225.95-22].jpg
imagenes_ventas/10122022_030039_t_shirt0_[4102.88-0].jpg
imagenes_ventas/09122022_163227_pullover2_[2891.43-0].jpg
imagenes_ventas/07162022_184541_ankle_boots9_[4869.4-22].jpg
imagenes_ventas/02202022_022100_ankle_boots9_[71.97-10].jpg
imagenes_ventas/01142022_042446_ankle_boots9_[3202.33-10].jpg
imagenes_ventas/09232022_031916_ankle_boots9_[2609.49-0].jpg
imagenes_ventas/11082022_034458_trouser1_[663.18-0].jpg
imagenes_ventas/06152022_103912_shirt6_[4093.78-0].jpg
imagenes_ventas/12022022_224420_trouser1_[1641.87-0].jpg
imagenes_ventas/09062022_151056_dress3_[321.08-10].jpg
imagenes_ventas/02182022_102941_pullover2_[3201.25-22].jpg
imagenes_ventas/07302022_145305_dress3_[3270.82-10].jpg
imagenes_ventas/01032022_231722_sandal5_[3997.41-10].jpg
imagenes_ventas/09062022_083102_t_shirt0_[4392.25-22].jpg
