imagenes_ventas/02202022_061513_shirt6_[4208.96-10].jpg
imagenes_ventas/06292022_154350_sandal5_[1453.29-10].jpg
imagenes_ventas/05132022_154720_bag8_[1269.92-10].jpg
imagenes_ventas/11292022_053317_coat4_[4340.4-22].jpg
imagenes_ventas/12192022_011745_bag8_[2501.18-0].jpg
imagenes_ventas/07272022_061653_coat4_[4564.23-22].jpg
imagenes_ventas/02282022_012254_pullover2_[1996.82-0].jpg
imagenes_ventas/05132022_084831_shirt6_[2509.94-10].jpg
imagenes_ventas/12162022_235344_sneaker7_[3221.64-10].jpg
imagenes_ventas/01152022_175235_sandal5_[4023.39-22].jpg
imagenes_ventas/03192022_200424_ankle_boots9_[3276.29-10].jpg
imagenes_ventas/08022022_063138_ankle_boots9_[3115.95-0].jpg
imagenes_ventas/05012022_005326_trouser1_[466.93-22].jpg
imagenes_ventas/12072022_155722_pullover2_[4526.14-0].jpg
imagenes_ventas/08032022_064326_t_shirt0_[1220.31-0].jpg
imagenes_ventas/03092022_193855_coat4_[4623.69-0].jpg
imagenes_ventas/05222022_044239_coat4_[3721.65-22].jpg
imagenes_ventas/02252022_082319_dress3_[130.37-0].jpg
imagenes_ventas/04032022_054252_coat4_[1286.64-10].jpg
imagenes_ventas/07272022_011847_trouser1_[1373.78-10].jpg
imagenes_ventas/03172022_225721_t_shirt0_[371.24-10].jpg
imagenes_ventas/03302022_122512_ankle_boots9_[3726.7-22].jpg
imagenes_ventas/09052022_235509_ankle_boots9_[2896.48-10].jpg
imagenes_ventas/09032022_104401_t_shirt0_[1008.72-0].jpg
imagenes_ventas/03092022_211555_t_shirt0_[628.49-10].jpg
imagenes_ventas/10152022_012830_t_shirt0_[1598.26-10].jpg
imagenes_ventas/07062022_150132_trouser1_[4751.03-10].jpg
imagenes_ventas/02122022_113341_coat4_[619.19-22].jpg
imagenes_ventas/01062023_062010_coat4_[2131.41-10].jpg
imagenes_ventas/12252022_072747_t_shirt0_[3872.68-22].jpg
imagenes_ventas/09042022_174337_coat4_[742.41-10].jpg
imagenes_ventas/02082022_052146_trouser1_[1407.88-22].jpg
imagenes_ventas/04032022_055624_trouser1_[3834.89-22].jpg
imagenes_ventas/06072022_191152_sneaker7_[3656.38-10].jpg
imagenes_ventas/11032022_105602_shirt6_[178.67-0].jpg
imagenes_ventas/01062022_200104_dress3_[1300.59-0].jpg
imagenes_ventas/05182022_094750_dress3_[3066.14-0].jpg
imagenes_ventas/07172022_102430_shirt6_[4400.03-10].jpg
imagenes_ventas/01012023_065957_pullover2_[699.51-10].jpg
imagenes_ventas/04042022_033730_t_shirt0_[2567.56-0].jpg
imagenes_ventas/01212022_154707_t_shirt0_[324.25-22].jpg
imagenes_ventas/11222022_141037_trouser1_[3619.79-22].jpg
imagenes_ventas/11142022_121559_shirt6_[1030.27-22].jpg
imagenes_ventas/09172022_141555_shirt6_[2822.44-22].jpg
imagenes_ventas/12142022_005118_t_shirt0_[2636.71-22].jpg
imagenes_ventas/03302022_085925_shirt6_[2587.3-10].jpg
imagenes_ventas/03242022_125450_pullover2_[270.61-22].jpg
imagenes_ventas/01022022_072731_bag8_[685.37-0].jpg
imagenes_ventas/03242022_065422_dress3_[4691.12-0].jpg
imagenes_ventas/11122022_223459_coat4_[984.66-10].jpg
imagenes_ventas/04182022_202423_dress3_[1339.61-22].jpg
imagenes_ventas/11032022_091442_shirt6_[4043.48-22].jpg
imagenes_ventas/01292022_074529_sneaker7_[431.44-0].jpg
imagenes_ventas/11072022_182107_trouser1_[3375.0-0].jpg
imagenes_ventas/05092022_080513_sneaker7_[708.11-22].jpg
imagenes_ventas/02212022_155703_coat4_[3726.1-10].jpg
imagenes_ventas/07282022_144443_sandal5_[4842.53-0].jpg
imagenes_ventas/08202022_145335_sneaker7_[584.58-0].jpg
imagenes_ventas/09212022_120853_shirt6_[3090.77-10].jpg
imagenes_ventas/06142022_011844_ankle_boots9_[3539.27-0].jpg
imagenes_ventas/07312022_004237_bag8_[1242.51-10].jpg
imagenes_ventas/06102022_050519_shirt6_[3953.19-22].jpg
imagenes_ventas/03082022_204500_pullover2_[525.0-0].jpg
imagenes_ventas/11062022_100040_dress3_[2127.53-10].jpg
imagenes_ventas/10282022_224227_sneaker7_[966.72-22].jpg
imagenes_ventas/09122022_171518_trouser1_[3627.08-0].jpg
imagenes_ventas/06302022_060742_t_shirt0_[910.14-10].jpg
imagenes_ventas/04222022_143542_trouser1_[1042.74-22].jpg
imagenes_ventas/12162022_073915_t_shirt0_[1243.09-22].jpg
imagenes_ventas/01182022_064543_sandal5_[1243.71-10].jpg
imagenes_ventas/09052022_005242_t_shirt0_[2391.92-10].jpg
imagenes_ventas/11142022_080554_dress3_[3152.88-22].jpg
imagenes_ventas/05242022_133729_pullover2_[3736.17-22].jpg
imagenes_ventas/02032022_100311_sneaker7_[1187.44-10].jpg
imagenes_ventas/04192022_143431_t_shirt0_[4124.53-10].jpg
imagenes_ventas/04172022_204901_coat4_[3775.02-22].jpg
imagenes_ventas/04102022_141944_shirt6_[2317.29-10].jpg
imagenes_ventas/08252022_120910_trouser1_[4476.54-22].jpg
imagenes_ventas/08312022_150323_sneaker7_[1292.13-0].jpg
imagenes_ventas/03082022_115737_sneaker7_[3496.01-0].jpg
imagenes_ventas/11292022_011348_t_shirt0_[3016.2-22].jpg
imagenes_ventas/05202022_151309_t_shirt0_[3351.02-10].jpg
imagenes_ventas/09092022_042235_pullover2_[1146.08-0].jpg
imagenes_ventas/05032022_171930_coat4_[1219.58-10].jpg
imagenes_ventas/04272022_061248_dress3_[2370.42-22].jpg
imagenes_ventas/03142022_093445_sneaker7_[2422.47-22].jpg
imagenes_ventas/02042022_170158_sandal5_[71.09-10].jpg
imagenes_ventas/11282022_050907_bag8_[114.21-0].jpg
imagenes_ventas/04082022_145459_t_shirt0_[1207.64-10].jpg
imagenes_ventas/07302022_182704_sandal5_[3001.55-10].jpg
imagenes_ventas/01272022_175705_sneaker7_[2521.73-0].jpg
imagenes_ventas/08022022_144445_shirt6_[1165.03-0].jpg
imagenes_ventas/08142022_184010_coat4_[352.79-10].jpg
imagenes_ventas/09262022_023253_ankle_boots9_[4864.78-22].jpg
imagenes_ventas/08152022_235815_bag8_[3888.4-0].jpg
imagenes_ventas/03112022_092240_ankle_boots9_[2310.88-10].jpg
imagenes_ventas/11272022_045416_ankle_boots9_[3210.78-10].jpg
imagenes_ventas/05162022_113125_pullover2_[874.25-0].jpg
imagenes_ventas/07162022_021719_dress3_[908.52-10].jpg
imagenes_ventas/02142022_232626_t_shirt0_[4041.79-0].jpg
imagenes_ventas/10262022_071413_shirt6_[3932.4-10].jpg
imagenes_ventas/02252022_034456_t_shirt0_[2604.28-0].jpg
imagenes_ventas/01202022_020027_sneaker7_[4865.86-22].jpg
imagenes_ventas/11242022_113700_bag8_[1021.99-0].jpg
imagenes_ventas/07202022_075829_shirt6_[4062.52-0].jpg
imagenes_ventas/03282022_233451_t_shirt0_[4088.55-0].jpg
imagenes_ventas/01142022_072420_dress3_[4941.83-0].jpg
imagenes_ventas/05292022_030610_coat4_[1265.7-0].jpg
imagenes_ventas/01072023_124920_bag8_[4361.11-22].jpg
imagenes_ventas/05302022_231933_sandal5_[1814.62-22].jpg
imagenes_ventas/11212022_113422_t_shirt0_[4858.11-0].jpg
imagenes_ventas/08232022_043650_sandal5_[1962.0-10].jpg
imagenes_ventas/01032022_002501_sandal5_[4028.21-0].jpg
imagenes_ventas/06112022_111334_trouser1_[1863.42-10].jpg
imagenes_ventas/12252022_175136_ankle_boots9_[1895.36-22].jpg
imagenes_ventas/10122022_012706_shirt6_[3418.42-22].jpg
imagenes_ventas/05022022_124551_bag8_[4718.55-0].jpg
imagenes_ventas/03182022_152918_sneaker7_[4375.2-0].jpg
imagenes_ventas/07012022_190506_pullover2_[806.57-0].jpg
imagenes_ventas/09102022_003910_ankle_boots9_[3372.41-22].jpg
imagenes_ventas/01042022_013224_sneaker7_[2462.61-0].jpg
imagenes_ventas/11012022_024158_pullover2_[3963.19-10].jpg
imagenes_ventas/04102022_072712_t_shirt0_[1807.5-10].jpg
imagenes_ventas/05152022_192229_dress3_[3450.64-0].jpg
imagenes_ventas/05032022_191120_ankle_boots9_[4636.32-10].jpg
imagenes_ventas/01012023_010645_sandal5_[3586.76-22].jpg
imagenes_ventas/03142022_022622_sneaker7_[4823.42-0].jpg
imagenes_ventas/02022022_134324_coat4_[431.8-0].jpg
imagenes_ventas/07052022_144012_dress3_[4623.54-22].jpg
imagenes_ventas/05232022_155331_shirt6_[1299.81-22].jpg
imagenes_ventas/06262022_032535_t_shirt0_[1408.12-10].jpg
imagenes_ventas/03182022_023155_coat4_[3436.99-22].jpg
imagenes_ventas/04092022_222643_bag8_[4326.71-22].jpg
imagenes_ventas/05142022_172749_coat4_[1031.78-0].jpg
imagenes_ventas/01292022_185429_bag8_[2679.07-10].jpg
imagenes_ventas/10092022_123715_coat4_[3290.93-22].jpg
imagenes_ventas/06192022_091408_sandal5_[4158.23-0].jpg
imagenes_ventas/08182022_082653_ankle_boots9_[2908.89-22].jpg
imagenes_ventas/04142022_225141_coat4_[3570.52-0].jpg
imagenes_ventas/04112022_141608_t_shirt0_[1032.21-10].jpg
imagenes_ventas/11192022_004432_bag8_[188.23-22].jpg
imagenes_ventas/11032022_053811_t_shirt0_[2398.08-22].jpg
imagenes_ventas/11132022_005758_bag8_[4964.43-0].jpg
imagenes_ventas/09222022_013554_ankle_boots9_[1978.8-22].jpg
imagenes_ventas/04052022_155738_bag8_[2406.28-22].jpg
imagenes_ventas/04062022_033527_dress3_[74.91-10].jpg
imagenes_ventas/12212022_041447_dress3_[1990.41-10].jpg
imagenes_ventas/09042022_120224_shirt6_[4399.39-0].jpg
imagenes_ventas/05022022_091932_bag8_[1148.59-22].jpg
imagenes_ventas/09242022_100259_coat4_[105.03-10].jpg
imagenes_ventas/02282022_155237_dress3_[3818.67-0].jpg
imagenes_ventas/09222022_054328_trouser1_[3467.64-22].jpg
imagenes_ventas/03182022_201540_dress3_[2503.82-10].jpg
imagenes_ventas/05202022_042251_ankle_boots9_[2826.97-22].jpg
imagenes_ventas/01242022_022839_shirt6_[2123.2-10].jpg
imagenes_ventas/03072022_115702_sandal5_[2725.49-0].jpg
imagenes_ventas/03052022_151233_pullover2_[2612.8-10].jpg
imagenes_ventas/04212022_094733_coat4_[1696.93-10].jpg
imagenes_ventas/01212022_102040_pullover2_[4305.83-10].jpg
imagenes_ventas/09292022_033712_pullover2_[4860.63-0].jpg
imagenes_ventas/10142022_152036_coat4_[4042.4-22].jpg
imagenes_ventas/02052022_143401_dress3_[1145.32-10].jpg
imagenes_ventas/01102023_194815_bag8_[3477.51-10].jpg
imagenes_ventas/07112022_190208_bag8_[1697.9-22].jpg
imagenes_ventas/09292022_210222_sneaker7_[4032.4-22].jpg
imagenes_ventas/06272022_070002_trouser1_[2053.96-10].jpg
imagenes_ventas/12102022_183123_dress3_[1602.86-0].jpg
imagenes_ventas/02132022_021445_sandal5_[3484.41-10].jpg
imagenes_ventas/09222022_032316_pullover2_[1463.48-10].jpg
imagenes_ventas/06012022_025624_bag8_[147.71-10].jpg
imagenes_ventas/11232022_114343_t_shirt0_[3877.91-0].jpg
imagenes_ventas/01162022_162532_ankle_boots9_[1644.82-0].jpg
imagenes_ventas/01262022_102528_dress3_[4309.59-10].jpg
imagenes_ventas/01272022_055305_t_shirt0_[2675.58-22].jpg
imagenes_ventas/09082022_143828_shirt6_[1408.62-10].jpg
imagenes_ventas/01102022_072210_ankle_boots9_[2560.03-10].jpg
imagenes_ventas/09112022_150723_ankle_boots9_[957.3-22].jpg
imagenes_ventas/05032022_020123_dress3_[328.25-0].jpg
imagenes_ventas/12222022_055402_dress3_[419.19-0].jpg
imagenes_ventas/05022022_103047_dress3_[1011.2-0].jpg
imagenes_ventas/03292022_073015_ankle_boots9_[2344.89-10].jpg
imagenes_ventas/09232022_205943_ankle_boots9_[3689.04-0].jpg
imagenes_ventas/07262022_155641_sandal5_[1866.05-0].jpg
imagenes_ventas/01112022_073518_sandal5_[58.2-22].jpg
imagenes_ventas/11202022_043910_dress3_[201.91-22].jpg
imagenes_ventas/07192022_093548_dress3_[420.82-22].jpg
imagenes_ventas/06132022_152729_dress3_[1040.06-10].jpg
imagenes_ventas/03202022_194018_sandal5_[4320.73-0].jpg
imagenes_ventas/10152022_031337_dress3_[790.04-22].jpg
imagenes_ventas/05132022_182145_shirt6_[1313.98-10].jpg
imagenes_ventas/02172022_180734_pullover2_[4468.26-10].jpg
imagenes_ventas/10092022_152101_trouser1_[3442.29-10].jpg
imagenes_ventas/10052022_044615_coat4_[168.5-10].jpg
imagenes_ventas/07152022_142109_trouser1_[4694.68-0].jpg
imagenes_ventas/02212022_083451_coat4_[3783.58-22].jpg
imagenes_ventas/10202022_061026_sandal5_[4010.44-0].jpg
imagenes_ventas/08262022_163354_sneaker7_[342.69-0].jpg
imagenes_ventas/05132022_075344_shirt6_[4113.86-10].jpg
imagenes_ventas/09082022_211749_coat4_[599.71-22].jpg
imagenes_ventas/01112022_095552_sandal5_[897.33-22].jpg
imagenes_ventas/08092022_113703_pullover2_[3792.92-0].jpg
imagenes_ventas/09122022_030651_ankle_boots9_[2029.42-22].jpg
imagenes_ventas/01102023_012909_dress3_[989.77-0].jpg
imagenes_ventas/08262022_042935_t_shirt0_[4127.06-0].jpg
imagenes_ventas/03302022_094821_pullover2_[3855.34-0].jpg
imagenes_ventas/04252022_105643_ankle_boots9_[1832.79-10].jpg
imagenes_ventas/06092022_052415_ankle_boots9_[1614.16-0].jpg
imagenes_ventas/12102022_200846_ankle_boots9_[2852.99-0].jpg
imagenes_ventas/02192022_213206_sandal5_[3436.18-22].jpg
imagenes_ventas/09232022_210305_t_shirt0_[2898.63-0].jpg
imagenes_ventas/09032022_184122_trouser1_[4627.94-22].jpg
imagenes_ventas/12222022_221422_sandal5_[265.88-10].jpg
imagenes_ventas/10022022_181142_trouser1_[3917.57-22].jpg
imagenes_ventas/03262022_124825_trouser1_[4622.4-22].jpg
imagenes_ventas/08032022_025255_ankle_boots9_[1321.29-10].jpg
imagenes_ventas/07302022_114340_trouser1_[1980.02-22].jpg
imagenes_ventas/10262022_085131_coat4_[266.75-0].jpg
imagenes_ventas/04132022_030807_trouser1_[1846.06-22].jpg
imagenes_ventas/09032022_170518_dress3_[1349.67-10].jpg
imagenes_ventas/08162022_003105_t_shirt0_[463.15-10].jpg
imagenes_ventas/10202022_184111_pullover2_[4916.9-22].jpg
imagenes_ventas/01262022_122913_coat4_[1803.25-22].jpg
imagenes_ventas/09122022_094042_t_shirt0_[827.58-10].jpg
imagenes_ventas/01272022_092347_ankle_boots9_[4984.83-22].jpg
imagenes_ventas/08142022_213305_dress3_[2172.03-22].jpg
imagenes_ventas/01082023_103151_bag8_[2053.51-0].jpg
imagenes_ventas/09142022_124300_shirt6_[2580.2-22].jpg
imagenes_ventas/07242022_150659_trouser1_[3994.78-10].jpg
imagenes_ventas/06072022_105549_trouser1_[3789.14-10].jpg
imagenes_ventas/06202022_230205_dress3_[4451.42-10].jpg
imagenes_ventas/12112022_174404_shirt6_[902.29-22].jpg
imagenes_ventas/09302022_191800_shirt6_[2492.51-10].jpg
imagenes_ventas/05102022_113209_sneaker7_[3227.81-10].jpg
imagenes_ventas/07282022_162342_coat4_[4490.27-10].jpg
imagenes_ventas/12192022_212011_ankle_boots9_[4765.74-10].jpg
imagenes_ventas/07202022_215037_pullover2_[1391.53-22].jpg
imagenes_ventas/06032022_125926_bag8_[1259.48-0].jpg
imagenes_ventas/02192022_033637_sneaker7_[841.17-0].jpg
imagenes_ventas/12302022_061851_sneaker7_[4411.47-0].jpg
imagenes_ventas/08142022_231124_sandal5_[345.39-22].jpg
imagenes_ventas/08022022_020328_dress3_[2285.73-22].jpg
imagenes_ventas/04182022_202144_t_shirt0_[1630.68-22].jpg
imagenes_ventas/08162022_121558_ankle_boots9_[4550.71-0].jpg
imagenes_ventas/03142022_044009_dress3_[651.86-22].jpg
imagenes_ventas/10112022_063013_pullover2_[4127.69-22].jpg
imagenes_ventas/06182022_200707_bag8_[2723.54-0].jpg
imagenes_ventas/01112022_044728_sandal5_[282.94-0].jpg
imagenes_ventas/12052022_010503_sneaker7_[3089.84-10].jpg
imagenes_ventas/06182022_115631_shirt6_[1320.83-22].jpg
imagenes_ventas/04092022_071751_ankle_boots9_[474.65-22].jpg
imagenes_ventas/12072022_132216_t_shirt0_[2120.67-10].jpg
imagenes_ventas/11152022_195138_pullover2_[440.2-0].jpg
imagenes_ventas/10022022_070722_t_shirt0_[857.15-0].jpg
imagenes_ventas/01072023_153816_sneaker7_[3284.25-22].jpg
imagenes_ventas/02182022_105526_trouser1_[2109.12-22].jpg
imagenes_ventas/04282022_104940_ankle_boots9_[4958.91-10].jpg
imagenes_ventas/02282022_124442_trouser1_[198.79-10].jpg
imagenes_ventas/07232022_222540_sneaker7_[757.61-10].jpg
imagenes_ventas/07062022_224612_sneaker7_[4630.58-0].jpg
imagenes_ventas/12232022_230329_sandal5_[2595.62-22].jpg
imagenes_ventas/07022022_212429_shirt6_[2681.56-0].jpg
imagenes_ventas/09152022_100339_ankle_boots9_[2546.95-0].jpg
imagenes_ventas/03272022_064932_pullover2_[2613.37-0].jpg
imagenes_ventas/04032022_025925_trouser1_[1259.54-10].jpg
imagenes_ventas/01012022_162153_shirt6_[841.3-22].jpg
imagenes_ventas/02082022_213444_coat4_[1806.44-22].jpg
imagenes_ventas/01102023_114025_coat4_[3414.34-10].jpg
imagenes_ventas/12162022_003624_shirt6_[562.49-0].jpg
imagenes_ventas/06132022_071217_trouser1_[1556.7-22].jpg
imagenes_ventas/11212022_065345_sneaker7_[863.35-10].jpg
imagenes_ventas/11112022_143410_coat4_[2217.24-10].jpg
imagenes_ventas/09122022_011726_pullover2_[2004.46-22].jpg
imagenes_ventas/01012022_184618_pullover2_[589.51-22].jpg
imagenes_ventas/02062022_055805_coat4_[3401.82-22].jpg
imagenes_ventas/09292022_161638_dress3_[1152.9-10].jpg
imagenes_ventas/11082022_162113_sandal5_[2364.52-10].jpg
imagenes_ventas/10212022_151747_t_shirt0_[3681.09-22].jpg
imagenes_ventas/07052022_223341_sneaker7_[2681.78-22].jpg
imagenes_ventas/05092022_025528_t_shirt0_[1947.49-22].jpg
imagenes_ventas/06252022_102410_t_shirt0_[2797.11-10].jpg
imagenes_ventas/01072023_003947_sneaker7_[1707.4-0].jpg
imagenes_ventas/06072022_225045_sneaker7_[415.74-22].jpg
imagenes_ventas/09252022_021602_ankle_boots9_[1749.03-10].jpg
imagenes_ventas/02162022_201303_ankle_boots9_[3830.33-0].jpg
imagenes_ventas/06112022_202820_ankle_boots9_[4862.6-22].jpg
imagenes_ventas/08122022_172915_pullover2_[617.6-22].jpg
imagenes_ventas/11092022_040713_t_shirt0_[2996.42-0].jpg
imagenes_ventas/06162022_033712_sandal5_[1850.88-22].jpg
imagenes_ventas/05272022_144642_pullover2_[3797.83-10].jpg
imagenes_ventas/07272022_124053_shirt6_[1263.82-0].jpg
imagenes_ventas/04142022_180050_sneaker7_[993.89-22].jpg
imagenes_ventas/12092022_150601_bag8_[4951.66-0].jpg
imagenes_ventas/10292022_182412_sandal5_[352.45-10].jpg
imagenes_ventas/05022022_084734_sneaker7_[2474.06-10].jpg
imagenes_ventas/11232022_175750_coat4_[634.06-22].jpg
imagenes_ventas/06032022_043908_coat4_[4732.74-22].jpg
imagenes_ventas/07242022_171252_pullover2_[716.62-22].jpg
imagenes_ventas/05012022_101846_pullover2_[2365.2-22].jpg
imagenes_ventas/10192022_010946_t_shirt0_[1866.71-0].jpg
imagenes_ventas/02272022_212951_ankle_boots9_[2208.59-22].jpg
imagenes_ventas/07052022_165354_trouser1_[3390.67-22].jpg
imagenes_ventas/08152022_152734_dress3_[4099.14-10].jpg
imagenes_ventas/09162022_194013_trouser1_[1985.37-22].jpg
imagenes_ventas/12102022_200909_trouser1_[698.77-22].jpg
imagenes_ventas/06292022_012353_pullover2_[3625.25-10].jpg
imagenes_ventas/08192022_142343_dress3_[2303.97-10].jpg
imagenes_ventas/02152022_095150_sandal5_[501.97-10].jpg
imagenes_ventas/09102022_053105_coat4_[494.59-0].jpg
imagenes_ventas/07242022_035300_pullover2_[4134.19-22].jpg
imagenes_ventas/09292022_202310_bag8_[2263.51-22].jpg
imagenes_ventas/01022022_125442_shirt6_[3685.71-0].jpg
imagenes_ventas/10182022_211200_dress3_[3351.57-10].jpg
imagenes_ventas/07072022_042914_t_shirt0_[1278.65-0].jpg
imagenes_ventas/05242022_035754_trouser1_[1612.67-0].jpg
imagenes_ventas/04222022_061224_pullover2_[882.72-0].jpg
imagenes_ventas/09282022_224757_pullover2_[4174.64-22].jpg
imagenes_ventas/01162022_221344_coat4_[715.58-0].jpg
imagenes_ventas/03282022_180718_sandal5_[3816.63-22].jpg
imagenes_ventas/02182022_231014_coat4_[4861.27-22].jpg
imagenes_ventas/11012022_073500_trouser1_[2061.54-22].jpg
imagenes_ventas/09122022_010937_shirt6_[783.92-10].jpg
imagenes_ventas/04012022_162637_dress3_[4282.35-22].jpg
imagenes_ventas/12082022_231105_t_shirt0_[1559.49-22].jpg
imagenes_ventas/07162022_083527_ankle_boots9_[3131.0-10].jpg
imagenes_ventas/07172022_223902_shirt6_[4957.02-0].jpg
imagenes_ventas/09122022_082633_ankle_boots9_[2899.08-0].jpg
imagenes_ventas/11282022_021046_t_shirt0_[448.53-10].jpg
imagenes_ventas/12292022_013543_sandal5_[3908.87-10].jpg
imagenes_ventas/01292022_111447_dress3_[191.12-10].jpg
imagenes_ventas/06192022_191109_dress3_[4933.08-10].jpg
imagenes_ventas/04022022_214645_t_shirt0_[3976.72-10].jpg
imagenes_ventas/10112022_235932_bag8_[81.0-22].jpg
imagenes_ventas/07052022_125322_coat4_[1470.05-0].jpg
imagenes_ventas/12072022_022604_pullover2_[2348.73-10].jpg
imagenes_ventas/02142022_014751_trouser1_[54.12-22].jpg
imagenes_ventas/12202022_232534_dress3_[3564.13-0].jpg
imagenes_ventas/01082022_213739_bag8_[3147.15-22].jpg
imagenes_ventas/08172022_051618_shirt6_[2164.09-22].jpg
imagenes_ventas/06042022_142815_sandal5_[1514.68-0].jpg
imagenes_ventas/05212022_093358_t_shirt0_[1522.86-0].jpg
imagenes_ventas/04212022_191109_shirt6_[1946.27-0].jpg
imagenes_ventas/09162022_101017_coat4_[3936.05-22].jpg
imagenes_ventas/06302022_012325_sneaker7_[3603.09-0].jpg
imagenes_ventas/05242022_063331_sneaker7_[596.09-22].jpg
imagenes_ventas/08312022_225714_coat4_[3131.78-10].jpg
imagenes_ventas/04202022_213806_sandal5_[3629.5-22].jpg
imagenes_ventas/11292022_143013_trouser1_[1822.1-22].jpg
imagenes_ventas/04072022_232944_trouser1_[963.8-10].jpg
imagenes_ventas/05222022_055306_sandal5_[1495.56-0].jpg
imagenes_ventas/05022022_181759_coat4_[3358.5-22].jpg
imagenes_ventas/10062022_160624_sneaker7_[2181.19-0].jpg
imagenes_ventas/11172022_090208_dress3_[3953.01-0].jpg
imagenes_ventas/02142022_065336_shirt6_[3603.87-10].jpg
imagenes_ventas/03272022_054318_shirt6_[762.75-22].jpg
imagenes_ventas/06142022_223635_pullover2_[4457.11-0].jpg
imagenes_ventas/06122022_031030_trouser1_[4437.66-0].jpg
imagenes_ventas/09242022_083107_bag8_[3861.57-0].jpg
imagenes_ventas/06172022_062901_dress3_[2269.46-22].jpg
imagenes_ventas/06172022_142411_t_shirt0_[1335.49-22].jpg
imagenes_ventas/01042023_170157_t_shirt0_[1160.88-0].jpg
imagenes_ventas/01242022_003223_shirt6_[1279.6-0].jpg
imagenes_ventas/03172022_035927_trouser1_[1980.24-22].jpg
imagenes_ventas/07152022_201852_shirt6_[685.6-0].jpg
imagenes_ventas/03112022_024808_ankle_boots9_[4533.29-0].jpg
imagenes_ventas/02072022_230129_ankle_boots9_[474.84-10].jpg
imagenes_ventas/01112022_125751_pullover2_[838.64-22].jpg
imagenes_ventas/08152022_234058_trouser1_[2203.5-0].jpg
imagenes_ventas/05032022_003757_sneaker7_[1915.57-0].jpg
imagenes_ventas/05122022_005016_shirt6_[3091.98-10].jpg
imagenes_ventas/02062022_213443_shirt6_[3191.16-0].jpg
imagenes_ventas/03052022_041933_sneaker7_[2083.04-10].jpg
imagenes_ventas/01052022_174241_pullover2_[1857.36-0].jpg
imagenes_ventas/08112022_164501_shirt6_[3222.97-0].jpg
imagenes_ventas/06182022_185716_trouser1_[2776.74-0].jpg
imagenes_ventas/07032022_025014_sneaker7_[4880.87-10].jpg
imagenes_ventas/04252022_013534_coat4_[3267.04-10].jpg
imagenes_ventas/02032022_021837_coat4_[4927.38-10].jpg
imagenes_ventas/12262022_003818_sneaker7_[2765.26-22].jpg
imagenes_ventas/07302022_055335_coat4_[4757.97-10].jpg
imagenes_ventas/10152022_091630_sandal5_[2997.0-0].jpg
imagenes_ventas/04152022_204640_bag8_[4605.36-22].jpg
imagenes_ventas/08022022_155055_bag8_[3967.26-10].jpg
imagenes_ventas/03082022_203605_coat4_[544.92-22].jpg
imagenes_ventas/10032022_125637_t_shirt0_[4468.6-0].jpg
imagenes_ventas/09192022_043333_t_shirt0_[4669.14-10].jpg
imagenes_ventas/09072022_134452_sneaker7_[936.95-22].jpg
imagenes_ventas/07042022_073144_shirt6_[2820.5-10].jpg
imagenes_ventas/04012022_145917_trouser1_[2175.8-10].jpg
imagenes_ventas/07242022_213833_shirt6_[2393.12-0].jpg
imagenes_ventas/02142022_043529_trouser1_[1821.18-0].jpg
imagenes_ventas/06042022_053755_shirt6_[343.75-0].jpg
imagenes_ventas/03222022_043920_ankle_boots9_[3335.13-0].jpg
imagenes_ventas/12082022_161334_trouser1_[2911.31-10].jpg
imagenes_ventas/10062022_123655_shirt6_[2282.44-10].jpg
imagenes_ventas/05252022_020026_t_shirt0_[2902.77-0].jpg
imagenes_ventas/09292022_015847_bag8_[4398.03-10].jpg
imagenes_ventas/01142022_193132_dress3_[4199.57-0].jpg
imagenes_ventas/04292022_094803_trouser1_[1939.31-0].jpg
imagenes_ventas/02102022_205237_ankle_boots9_[1492.62-0].jpg
imagenes_ventas/11182022_120553_ankle_boots9_[1306.81-0].jpg
imagenes_ventas/04022022_054630_dress3_[394.27-22].jpg
imagenes_ventas/10082022_193441_coat4_[682.64-10].jpg
imagenes_ventas/07242022_102112_trouser1_[195.72-10].jpg
imagenes_ventas/09162022_052021_pullover2_[2794.87-0].jpg
imagenes_ventas/09042022_172852_sneaker7_[2364.18-0].jpg
imagenes_ventas/04292022_111101_coat4_[3507.97-22].jpg
imagenes_ventas/09022022_052815_t_shirt0_[3164.17-22].jpg
imagenes_ventas/01082022_194911_sandal5_[540.24-10].jpg
imagenes_ventas/04122022_000014_dress3_[1734.22-22].jpg
imagenes_ventas/04032022_111417_sneaker7_[367.21-0].jpg
imagenes_ventas/03052022_140128_coat4_[2664.33-0].jpg
imagenes_ventas/07302022_112707_dress3_[2937.52-0].jpg
imagenes_ventas/02162022_002206_pullover2_[750.89-0].jpg
imagenes_ventas/12142022_152452_sneaker7_[1872.68-0].jpg
imagenes_ventas/11042022_171037_shirt6_[2928.9-10].jpg
imagenes_ventas/06092022_152137_bag8_[768.65-0].jpg
imagenes_ventas/01182022_194306_dress3_[3130.19-10].jpg
imagenes_ventas/01102023_092525_sandal5_[1312.9-10].jpg
imagenes_ventas/09132022_165726_bag8_[1613.63-22].jpg
imagenes_ventas/06082022_052030_bag8_[2093.4-0].jpg
imagenes_ventas/12082022_183950_coat4_[2581.99-0].jpg
imagenes_ventas/06172022_180126_coat4_[1383.11-22].jpg
imagenes_ventas/11302022_191416_dress3_[3455.85-0].jpg
imagenes_ventas/01042023_191409_sandal5_[1335.62-22].jpg
imagenes_ventas/10252022_225051_t_shirt0_[3317.08-22].jpg
imagenes_ventas/11282022_001207_pullover2_[2655.47-10].jpg
imagenes_ventas/02212022_182456_coat4_[3068.94-0].jpg
imagenes_ventas/03252022_193623_coat4_[3366.73-0].jpg
imagenes_ventas/06102022_204429_ankle_boots9_[4141.6-0].jpg
imagenes_ventas/06092022_071237_sandal5_[1866.57-10].jpg
imagenes_ventas/08242022_100555_shirt6_[4683.1-10].jpg
imagenes_ventas/08182022_071658_sandal5_[4748.99-0].jpg
imagenes_ventas/08272022_134635_sneaker7_[3512.02-22].jpg
imagenes_ventas/08222022_154114_sandal5_[1561.34-22].jpg
imagenes_ventas/06212022_233529_pullover2_[858.91-0].jpg
imagenes_ventas/12042022_094107_pullover2_[1083.91-0].jpg
imagenes_ventas/06102022_021109_sandal5_[2453.86-0].jpg
imagenes_ventas/11052022_210312_bag8_[1561.51-10].jpg
imagenes_ventas/08162022_115945_pullover2_[2771.29-10].jpg
imagenes_ventas/03202022_100707_coat4_[1393.39-0].jpg
imagenes_ventas/05302022_110637_trouser1_[1909.37-0].jpg
imagenes_ventas/06082022_162442_t_shirt0_[2300.69-22].jpg
imagenes_ventas/03192022_054859_pullover2_[4005.28-22].jpg
imagenes_ventas/06012022_090917_t_shirt0_[2310.76-0].jpg
imagenes_ventas/09242022_135824_pullover2_[2203.39-10].jpg
imagenes_ventas/01022023_082452_coat4_[1340.05-0].jpg
imagenes_ventas/12182022_195443_pullover2_[764.04-0].jpg
imagenes_ventas/10032022_114936_shirt6_[1443.85-10].jpg
imagenes_ventas/04142022_183104_coat4_[352.57-0].jpg
imagenes_ventas/04032022_173334_sandal5_[2804.28-10].jpg
imagenes_ventas/07162022_094739_t_shirt0_[3802.53-22].jpg
imagenes_ventas/01112023_114531_sneaker7_[4312.67-10].jpg
imagenes_ventas/05072022_090811_pullover2_[3072.71-0].jpg
imagenes_ventas/12202022_094157_trouser1_[2493.91-10].jpg
imagenes_ventas/02252022_043519_sneaker7_[2494.5-0].jpg
imagenes_ventas/01052022_192936_ankle_boots9_[4236.18-22].jpg
imagenes_ventas/05162022_233659_trouser1_[3421.35-10].jpg
imagenes_ventas/03302022_021858_ankle_boots9_[2149.28-10].jpg
imagenes_ventas/04192022_204004_coat4_[3398.97-0].jpg
imagenes_ventas/12282022_004429_shirt6_[3134.07-22].jpg
imagenes_ventas/07272022_122024_shirt6_[1973.28-0].jpg
imagenes_ventas/02042022_195902_ankle_boots9_[1310.6-0].jpg
imagenes_ventas/03192022_224908_shirt6_[1296.49-0].jpg
imagenes_ventas/03132022_190314_coat4_[146.68-22].jpg
imagenes_ventas/12012022_155103_ankle_boots9_[1393.83-22].jpg
imagenes_ventas/11042022_070231_dress3_[3858.8-22].jpg
imagenes_ventas/03052022_115906_bag8_[1113.64-10].jpg
imagenes_ventas/06052022_042848_ankle_boots9_[3550.28-22].jpg
imagenes_ventas/06302022_204256_trouser1_[3154.02-0].jpg
imagenes_ventas/07182022_022448_t_shirt0_[3094.5-10].jpg
imagenes_ventas/12292022_172324_t_shirt0_[3927.41-10].jpg
imagenes_ventas/06092022_112241_dress3_[3709.04-0].jpg
imagenes_ventas/09012022_070207_sandal5_[1479.55-0].jpg
imagenes_ventas/07042022_133050_sandal5_[3098.42-22].jpg
imagenes_ventas/04072022_150950_bag8_[1525.56-10].jpg
imagenes_ventas/10132022_195441_shirt6_[27.34-0].jpg
imagenes_ventas/01052022_235552_coat4_[1917.57-0].jpg
imagenes_ventas/10232022_171901_pullover2_[551.44-0].jpg
imagenes_ventas/05202022_171248_pullover2_[1485.49-10].jpg
imagenes_ventas/08012022_121031_sandal5_[3403.66-10].jpg
imagenes_ventas/07052022_043400_sneaker7_[3674.26-10].jpg
imagenes_ventas/03122022_175815_coat4_[4995.88-0].jpg
imagenes_ventas/10302022_143221_sneaker7_[3547.85-10].jpg
imagenes_ventas/12122022_111919_coat4_[1442.26-22].jpg
imagenes_ventas/02042022_130301_shirt6_[1823.76-22].jpg
imagenes_ventas/05042022_040655_t_shirt0_[3875.5-10].jpg
imagenes_ventas/09072022_003438_bag8_[2296.0-22].jpg
imagenes_ventas/01062023_113624_trouser1_[4964.24-10].jpg
imagenes_ventas/09172022_164411_trouser1_[3111.0-22].jpg
imagenes_ventas/10292022_183507_trouser1_[1918.96-22].jpg
imagenes_ventas/07062022_220002_coat4_[3259.84-22].jpg
imagenes_ventas/09202022_230046_t_shirt0_[4027.22-22].jpg
imagenes_ventas/12012022_211610_bag8_[782.4-22].jpg
imagenes_ventas/04152022_081413_sneaker7_[633.8-10].jpg
imagenes_ventas/06122022_071629_bag8_[4545.55-22].jpg
imagenes_ventas/09232022_091451_coat4_[1900.11-0].jpg
imagenes_ventas/03022022_215241_shirt6_[2293.15-22].jpg
imagenes_ventas/05122022_015706_t_shirt0_[265.66-0].jpg
imagenes_ventas/08312022_125036_bag8_[60.06-22].jpg
imagenes_ventas/02022022_091743_shirt6_[3839.49-0].jpg
imagenes_ventas/09102022_092712_bag8_[3248.2-22].jpg
imagenes_ventas/07222022_212420_pullover2_[1041.34-22].jpg
imagenes_ventas/05312022_213200_sneaker7_[3499.61-0].jpg
imagenes_ventas/10192022_143330_dress3_[1569.24-22].jpg
imagenes_ventas/09222022_105556_t_shirt0_[1135.82-0].jpg
imagenes_ventas/11192022_163159_bag8_[973.76-0].jpg
imagenes_ventas/09212022_214924_ankle_boots9_[2589.0-10].jpg
imagenes_ventas/05182022_205151_sandal5_[823.18-22].jpg
imagenes_ventas/08142022_114754_shirt6_[1540.75-22].jpg
imagenes_ventas/07192022_055057_shirt6_[3367.1-22].jpg
imagenes_ventas/02152022_193725_coat4_[2599.9-0].jpg
imagenes_ventas/01032022_120505_trouser1_[1771.83-10].jpg
imagenes_ventas/12222022_155840_sneaker7_[746.37-10].jpg
imagenes_ventas/04132022_165315_dress3_[1153.68-0].jpg
imagenes_ventas/11102022_054047_ankle_boots9_[310.7-10].jpg
imagenes_ventas/12242022_120450_sandal5_[4018.79-10].jpg
imagenes_ventas/04172022_222213_trouser1_[3876.67-0].jpg
imagenes_ventas/11032022_230515_coat4_[4402.32-22].jpg
imagenes_ventas/08252022_055404_pullover2_[562.54-0].jpg
imagenes_ventas/01092022_172105_coat4_[4333.89-10].jpg
imagenes_ventas/10262022_112658_shirt6_[2580.55-0].jpg
imagenes_ventas/01242022_111742_shirt6_[2297.3-22].jpg
imagenes_ventas/10312022_104213_ankle_boots9_[3943.8-10].jpg
imagenes_ventas/02052022_162800_bag8_[94.34-0].jpg
imagenes_ventas/10092022_174638_bag8_[2801.92-22].jpg
imagenes_ventas/01022023_083447_ankle_boots9_[2722.71-10].jpg
imagenes_ventas/03132022_223302_trouser1_[4886.11-22].jpg
imagenes_ventas/11212022_025929_bag8_[4887.74-10].jpg
imagenes_ventas/01252022_133436_shirt6_[1109.09-22].jpg
imagenes_ventas/03312022_114810_trouser1_[3002.22-22].jpg
imagenes_ventas/01172022_070653_t_shirt0_[3251.63-22].jpg
imagenes_ventas/06112022_214425_sandal5_[4455.75-22].jpg
imagenes_ventas/11302022_012215_dress3_[4115.15-10].jpg
imagenes_ventas/03172022_185306_bag8_[3320.27-10].jpg
imagenes_ventas/06212022_100113_sneaker7_[1555.41-0].jpg
imagenes_ventas/08272022_160811_sneaker7_[995.82-0].jpg
imagenes_ventas/10062022_042451_t_shirt0_[1763.78-22].jpg
imagenes_ventas/01222022_074401_sandal5_[2210.47-22].jpg
imagenes_ventas/12032022_113628_t_shirt0_[3828.75-10].jpg
imagenes_ventas/03192022_193022_dress3_[4440.15-22].jpg
imagenes_ventas/01182022_040903_pullover2_[1519.42-0].jpg
imagenes_ventas/01062023_061111_bag8_[2071.72-10].jpg
imagenes_ventas/09072022_010037_bag8_[4845.48-0].jpg
imagenes_ventas/09272022_063347_coat4_[1343.21-10].jpg
imagenes_ventas/03132022_121304_t_shirt0_[3303.53-0].jpg
imagenes_ventas/11292022_230453_bag8_[3148.57-10].jpg
imagenes_ventas/05102022_012252_dress3_[4519.04-10].jpg
imagenes_ventas/10152022_053748_coat4_[1319.68-22].jpg
imagenes_ventas/08202022_042812_pullover2_[3794.64-10].jpg
imagenes_ventas/07252022_142126_sandal5_[1397.64-22].jpg
imagenes_ventas/03152022_132230_ankle_boots9_[4095.37-10].jpg
imagenes_ventas/10242022_222021_t_shirt0_[717.54-0].jpg
imagenes_ventas/04032022_164211_bag8_[4544.38-22].jpg
imagenes_ventas/04142022_160954_ankle_boots9_[2124.77-10].jpg
imagenes_ventas/07012022_101802_ankle_boots9_[1181.71-10].jpg
imagenes_ventas/12242022_224402_ankle_boots9_[2889.29-0].jpg
imagenes_ventas/01122022_152903_pullover2_[2678.31-22].jpg
imagenes_ventas/11162022_103517_dress3_[3578.45-10].jpg
imagenes_ventas/01292022_051341_pullover2_[3241.92-10].jpg
imagenes_ventas/12112022_202257_t_shirt0_[2416.11-22].jpg
imagenes_ventas/03052022_200447_t_shirt0_[1604.6-22].jpg
imagenes_ventas/07142022_210134_dress3_[2502.05-10].jpg
imagenes_ventas/12302022_054152_ankle_boots9_[878.8-0].jpg
imagenes_ventas/02222022_085855_coat4_[1623.47-10].jpg
imagenes_ventas/08172022_234114_ankle_boots9_[3106.08-10].jpg
imagenes_ventas/10162022_210100_sneaker7_[2848.61-10].jpg
imagenes_ventas/09192022_184247_shirt6_[4321.11-10].jpg
imagenes_ventas/08102022_020509_sneaker7_[865.95-22].jpg
imagenes_ventas/06132022_020814_bag8_[1077.65-22].jpg
imagenes_ventas/06262022_184344_coat4_[2413.03-22].jpg
imagenes_ventas/07122022_145741_pullover2_[2401.61-0].jpg
imagenes_ventas/06272022_162314_t_shirt0_[1622.57-10].jpg
imagenes_ventas/08262022_051350_trouser1_[3929.95-0].jpg
imagenes_ventas/06222022_231940_ankle_boots9_[3899.17-0].jpg
imagenes_ventas/04022022_023239_sneaker7_[1750.64-0].jpg
imagenes_ventas/08172022_044147_sandal5_[365.83-0].jpg
imagenes_ventas/12282022_092637_t_shirt0_[1556.89-10].jpg
imagenes_ventas/05262022_051011_coat4_[616.33-10].jpg
imagenes_ventas/08052022_191003_shirt6_[3750.24-0].jpg
imagenes_ventas/12122022_031645_bag8_[4749.47-10].jpg
imagenes_ventas/10062022_074748_pullover2_[3828.29-10].jpg
imagenes_ventas/04282022_114405_shirt6_[3876.72-0].jpg
imagenes_ventas/10032022_211359_t_shirt0_[470.77-10].jpg
imagenes_ventas/01062023_100513_pullover2_[3287.5-0].jpg
imagenes_ventas/06112022_033027_ankle_boots9_[1060.71-22].jpg
imagenes_ventas/09132022_162713_bag8_[432.98-22].jpg
imagenes_ventas/08272022_215933_shirt6_[3064.45-22].jpg
imagenes_ventas/09302022_190616_bag8_[203.45-10].jpg
imagenes_ventas/09232022_041610_bag8_[1369.63-22].jpg
imagenes_ventas/08162022_031421_sneaker7_[1505.64-0].jpg
imagenes_ventas/05132022_081546_pullover2_[3328.2-0].jpg
imagenes_ventas/11032022_112729_trouser1_[853.52-22].jpg
imagenes_ventas/09012022_063448_trouser1_[1221.46-22].jpg
imagenes_ventas/10062022_054734_bag8_[3600.17-10].jpg
imagenes_ventas/07032022_173851_t_shirt0_[897.08-0].jpg
imagenes_ventas/12222022_044119_ankle_boots9_[4083.5-0].jpg
imagenes_ventas/08122022_143258_dress3_[4754.05-22].jpg
imagenes_ventas/04222022_022621_coat4_[2940.38-22].jpg
imagenes_ventas/02242022_032042_coat4_[4480.35-0].jpg
imagenes_ventas/05232022_102504_t_shirt0_[3850.05-10].jpg
imagenes_ventas/03162022_100540_shirt6_[4324.5-0].jpg
imagenes_ventas/01212022_152406_dress3_[2004.71-22].jpg
imagenes_ventas/03012022_171158_coat4_[3224.15-22].jpg
imagenes_ventas/05252022_133657_pullover2_[4339.47-22].jpg
imagenes_ventas/04262022_190031_ankle_boots9_[3728.08-22].jpg
imagenes_ventas/10012022_085855_t_shirt0_[195.79-22].jpg
imagenes_ventas/03292022_084740_pullover2_[4376.54-22].jpg
imagenes_ventas/09142022_235410_t_shirt0_[3428.77-22].jpg
imagenes_ventas/12252022_052602_bag8_[1480.67-10].jpg
imagenes_ventas/08302022_171620_sandal5_[650.5-22].jpg
imagenes_ventas/11102022_005607_bag8_[2267.9-0].jpg
imagenes_ventas/03312022_203919_bag8_[2836.06-10].jpg
imagenes_ventas/04082022_103955_dress3_[4618.78-10].jpg
imagenes_ventas/02032022_142701_sneaker7_[2726.39-0].jpg
imagenes_ventas/04292022_110609_pullover2_[2635.94-0].jpg
imagenes_ventas/03022022_132123_t_shirt0_[3155.44-22].jpg
imagenes_ventas/06152022_194516_sandal5_[1830.0-22].jpg
imagenes_ventas/07202022_103440_pullover2_[105.18-0].jpg
imagenes_ventas/10072022_184028_ankle_boots9_[517.98-22].jpg
imagenes_ventas/04262022_055143_ankle_boots9_[3953.87-0].jpg
imagenes_ventas/02162022_211249_dress3_[2180.24-10].jpg
imagenes_ventas/03232022_123243_t_shirt0_[328.95-0].jpg
imagenes_ventas/01022022_050434_t_shirt0_[1977.69-0].jpg
imagenes_ventas/09052022_053055_ankle_boots9_[2220.11-10].jpg
imagenes_ventas/01022023_015856_coat4_[4320.17-0].jpg
imagenes_ventas/04142022_232838_ankle_boots9_[1776.98-10].jpg
imagenes_ventas/07282022_114821_sandal5_[735.11-10].jpg
imagenes_ventas/11132022_094018_sandal5_[857.87-0].jpg
imagenes_ventas/09252022_160042_ankle_boots9_[2924.68-0].jpg
imagenes_ventas/10102022_093154_sandal5_[2443.37-22].jpg
imagenes_ventas/04292022_054909_bag8_[1969.38-22].jpg
imagenes_ventas/12162022_120654_bag8_[3411.18-0].jpg
imagenes_ventas/08022022_185418_shirt6_[1197.97-0].jpg
imagenes_ventas/07082022_141032_bag8_[4836.92-10].jpg
imagenes_ventas/01032022_141120_dress3_[3812.41-22].jpg
imagenes_ventas/12052022_085049_sandal5_[426.03-10].jpg
imagenes_ventas/12082022_144844_sneaker7_[3271.38-0].jpg
imagenes_ventas/11042022_084722_dress3_[1064.28-22].jpg
imagenes_ventas/05032022_083147_dress3_[1209.11-10].jpg
imagenes_ventas/09092022_090735_sandal5_[2846.28-22].jpg
imagenes_ventas/03202022_072410_sneaker7_[882.29-22].jpg
imagenes_ventas/12022022_222619_dress3_[2372.92-22].jpg
imagenes_ventas/10302022_142319_sneaker7_[4281.75-0].jpg
imagenes_ventas/08222022_194526_bag8_[1645.44-10].jpg
imagenes_ventas/06082022_135338_coat4_[4279.24-22].jpg
imagenes_ventas/01162022_082109_ankle_boots9_[726.3-10].jpg
imagenes_ventas/12032022_004750_pullover2_[4076.56-22].jpg
imagenes_ventas/04132022_190849_sandal5_[3597.06-10].jpg
imagenes_ventas/01022022_231159_sneaker7_[3378.87-0].jpg
imagenes_ventas/05132022_085319_t_shirt0_[2272.33-22].jpg
imagenes_ventas/08302022_230328_pullover2_[1423.67-10].jpg
imagenes_ventas/12192022_071849_pullover2_[4615.2-0].jpg
imagenes_ventas/01152022_081726_ankle_boots9_[4922.64-0].jpg
imagenes_ventas/10212022_073729_sneaker7_[3214.7-22].jpg
imagenes_ventas/07072022_033947_ankle_boots9_[2909.79-10].jpg
imagenes_ventas/05102022_231935_pullover2_[4710.67-0].jpg
imagenes_ventas/01032022_001136_sandal5_[4701.16-0].jpg
imagenes_ventas/07182022_014307_shirt6_[4318.67-0].jpg
imagenes_ventas/03092022_171002_pullover2_[3680.46-22].jpg
imagenes_ventas/03112022_151401_bag8_[762.33-22].jpg
imagenes_ventas/02192022_084836_sandal5_[733.36-22].jpg
imagenes_ventas/10052022_132148_pullover2_[4232.63-10].jpg
imagenes_ventas/05092022_041439_sandal5_[200.2-22].jpg
imagenes_ventas/10072022_191052_ankle_boots9_[2969.95-10].jpg
imagenes_ventas/01082022_192716_coat4_[3159.7-22].jpg
imagenes_ventas/07212022_161332_t_shirt0_[4415.24-0].jpg
imagenes_ventas/04242022_012121_sneaker7_[1643.04-0].jpg
imagenes_ventas/04052022_142120_pullover2_[804.23-0].jpg
imagenes_ventas/03062022_233600_ankle_boots9_[2469.99-10].jpg
imagenes_ventas/10242022_082203_bag8_[649.53-22].jpg
imagenes_ventas/08142022_100959_t_shirt0_[3148.68-10].jpg
imagenes_ventas/05182022_135823_ankle_boots9_[1841.56-10].jpg
imagenes_ventas/02202022_093057_sandal5_[2869.95-0].jpg
imagenes_ventas/11092022_020919_trouser1_[2383.8-10].jpg
imagenes_ventas/06112022_095103_sandal5_[4852.68-10].jpg
imagenes_ventas/06032022_091000_t_shirt0_[668.18-10].jpg
imagenes_ventas/06142022_110709_shirt6_[943.6-0].jpg
imagenes_ventas/12272022_045303_sneaker7_[1133.19-22].jpg
imagenes_ventas/07282022_211925_bag8_[879.84-10].jpg
imagenes_ventas/09182022_193948_pullover2_[4410.15-0].jpg
imagenes_ventas/01222022_130113_bag8_[2681.82-22].jpg
imagenes_ventas/11082022_205220_sandal5_[1971.63-10].jpg
imagenes_ventas/05252022_133627_dress3_[1475.71-10].jpg
imagenes_ventas/11062022_085235_sandal5_[904.85-22].jpg
imagenes_ventas/01092023_014618_sneaker7_[890.36-10].jpg
imagenes_ventas/02252022_225402_dress3_[1366.48-22].jpg
imagenes_ventas/05122022_003631_dress3_[4241.02-10].jpg
imagenes_ventas/05312022_062855_pullover2_[3083.46-0].jpg
imagenes_ventas/06102022_091427_bag8_[2734.62-10].jpg
imagenes_ventas/02112022_185308_bag8_[398.17-0].jpg
imagenes_ventas/09292022_065636_shirt6_[4622.38-0].jpg
imagenes_ventas/12292022_121809_bag8_[231.68-22].jpg
imagenes_ventas/03282022_120915_trouser1_[4549.86-10].jpg
imagenes_ventas/05062022_002804_bag8_[4024.72-10].jpg
imagenes_ventas/09252022_144530_sneaker7_[887.3-10].jpg
imagenes_ventas/08052022_024729_t_shirt0_[2840.45-0].jpg
imagenes_ventas/02242022_174210_coat4_[3844.57-0].jpg
imagenes_ventas/09262022_180320_sandal5_[2121.79-10].jpg
imagenes_ventas/06122022_151012_dress3_[4185.71-22].jpg
imagenes_ventas/02172022_202303_ankle_boots9_[3016.81-22].jpg
imagenes_ventas/12012022_202102_t_shirt0_[2361.52-10].jpg
imagenes_ventas/11242022_004043_bag8_[3994.2-0].jpg
imagenes_ventas/09122022_185212_coat4_[2305.08-0].jpg
imagenes_ventas/04282022_223822_bag8_[3583.66-10].jpg
imagenes_ventas/01112023_094803_shirt6_[354.38-22].jpg
imagenes_ventas/11172022_225218_coat4_[838.78-0].jpg
imagenes_ventas/01072023_145328_trouser1_[4405.96-0].jpg
imagenes_ventas/10022022_165232_t_shirt0_[3100.04-22].jpg
imagenes_ventas/08012022_050033_t_shirt0_[1813.21-10].jpg
imagenes_ventas/06222022_051412_coat4_[192.97-0].jpg
imagenes_ventas/08152022_222353_ankle_boots9_[4398.44-22].jpg
imagenes_ventas/10292022_224911_t_shirt0_[2317.0-22].jpg
imagenes_ventas/01172022_095821_dress3_[1888.02-22].jpg
imagenes_ventas/12202022_104526_t_shirt0_[4216.72-22].jpg
imagenes_ventas/07302022_063126_coat4_[2798.73-22].jpg
imagenes_ventas/04262022_032739_bag8_[2065.22-10].jpg
imagenes_ventas/03012022_144233_t_shirt0_[1452.28-10].jpg
imagenes_ventas/11182022_095335_dress3_[374.22-10].jpg
imagenes_ventas/10172022_034742_trouser1_[2457.59-0].jpg
imagenes_ventas/07062022_192735_sneaker7_[826.99-22].jpg
imagenes_ventas/05182022_065648_dress3_[4323.18-22].jpg
imagenes_ventas/09262022_193212_shirt6_[3272.92-10].jpg
imagenes_ventas/07072022_155110_shirt6_[2797.2-22].jpg
imagenes_ventas/08222022_074852_pullover2_[2921.87-0].jpg
imagenes_ventas/03202022_160459_ankle_boots9_[78.12-10].jpg
imagenes_ventas/03082022_163826_ankle_boots9_[886.21-22].jpg
imagenes_ventas/02072022_193743_ankle_boots9_[1860.55-10].jpg
imagenes_ventas/10252022_031213_trouser1_[4036.2-22].jpg
imagenes_ventas/04212022_014213_pullover2_[1194.89-22].jpg
imagenes_ventas/12072022_123554_shirt6_[4655.18-10].jpg
imagenes_ventas/01052022_041608_dress3_[4234.33-0].jpg
imagenes_ventas/01102022_194241_ankle_boots9_[4087.52-22].jpg
imagenes_ventas/11212022_225608_bag8_[4938.62-10].jpg
imagenes_ventas/07262022_191044_dress3_[523.81-0].jpg
imagenes_ventas/12032022_110439_sandal5_[3463.75-0].jpg
imagenes_ventas/03172022_112903_trouser1_[1719.77-0].jpg
imagenes_ventas/07282022_071157_bag8_[524.2-22].jpg
imagenes_ventas/06112022_053146_shirt6_[2346.26-22].jpg
imagenes_ventas/10112022_201317_trouser1_[3185.28-22].jpg
imagenes_ventas/10062022_201730_t_shirt0_[1890.96-22].jpg
imagenes_ventas/11122022_071405_pullover2_[3610.41-0].jpg
imagenes_ventas/09052022_195230_bag8_[820.86-22].jpg
imagenes_ventas/09232022_144230_sneaker7_[100.41-22].jpg
imagenes_ventas/04062022_082531_t_shirt0_[1365.11-22].jpg
imagenes_ventas/08282022_064117_trouser1_[3317.18-22].jpg
imagenes_ventas/10092022_165641_shirt6_[1870.72-10].jpg
imagenes_ventas/01022023_133900_shirt6_[145.87-0].jpg
imagenes_ventas/04082022_161628_coat4_[4967.64-0].jpg
imagenes_ventas/07012022_042023_sneaker7_[1826.65-22].jpg
imagenes_ventas/09262022_125831_bag8_[4375.81-0].jpg
imagenes_ventas/10152022_070600_bag8_[667.5-22].jpg
imagenes_ventas/10122022_171601_bag8_[318.63-22].jpg
imagenes_ventas/12182022_222735_sandal5_[632.51-10].jpg
imagenes_ventas/10152022_064822_ankle_boots9_[3253.89-0].jpg
imagenes_ventas/12252022_072258_pullover2_[1717.68-10].jpg
imagenes_ventas/03122022_225635_sandal5_[2674.7-10].jpg
imagenes_ventas/04022022_014404_sandal5_[854.19-10].jpg
imagenes_ventas/12142022_140944_sandal5_[1342.48-22].jpg
imagenes_ventas/05122022_160526_shirt6_[3469.55-22].jpg
imagenes_ventas/05312022_165747_sandal5_[3102.74-10].jpg
imagenes_ventas/05202022_162946_coat4_[4309.9-10].jpg
imagenes_ventas/04062022_110324_pullover2_[1724.1-10].jpg
imagenes_ventas/07162022_140230_t_shirt0_[2693.02-22].jpg
imagenes_ventas/10022022_175152_shirt6_[2072.76-0].jpg
imagenes_ventas/03232022_055816_shirt6_[2433.89-10].jpg
imagenes_ventas/12092022_180636_trouser1_[3471.51-10].jpg
imagenes_ventas/05232022_001319_sandal5_[1045.51-0].jpg
imagenes_ventas/01062022_043227_dress3_[959.76-0].jpg
imagenes_ventas/10092022_213211_sandal5_[4836.36-0].jpg
imagenes_ventas/04042022_155738_t_shirt0_[4736.66-22].jpg
imagenes_ventas/05232022_083534_trouser1_[1011.87-10].jpg
imagenes_ventas/04302022_103153_coat4_[1774.42-22].jpg
imagenes_ventas/12022022_090422_shirt6_[3687.44-10].jpg
imagenes_ventas/03182022_094805_coat4_[4592.18-10].jpg
imagenes_ventas/02012022_143648_sneaker7_[4346.45-22].jpg
imagenes_ventas/05032022_050252_dress3_[785.76-10].jpg
imagenes_ventas/06282022_171101_coat4_[3986.83-22].jpg
imagenes_ventas/10072022_054603_coat4_[347.88-10].jpg
imagenes_ventas/05152022_201725_coat4_[1215.44-0].jpg
imagenes_ventas/10062022_033041_t_shirt0_[2237.74-0].jpg
imagenes_ventas/06152022_111504_coat4_[479.78-22].jpg
imagenes_ventas/09132022_032338_dress3_[2842.77-22].jpg
imagenes_ventas/04162022_095435_coat4_[4063.87-10].jpg
imagenes_ventas/03222022_020437_sneaker7_[2399.83-10].jpg
imagenes_ventas/09242022_072253_trouser1_[3977.07-0].jpg
imagenes_ventas/12232022_100615_pullover2_[3844.44-22].jpg
imagenes_ventas/06282022_042104_t_shirt0_[675.65-22].jpg
imagenes_ventas/03042022_121921_dress3_[1487.84-10].jpg
imagenes_ventas/03042022_192038_trouser1_[3599.36-0].jpg
imagenes_ventas/02192022_082658_t_shirt0_[1828.98-10].jpg
imagenes_ventas/05212022_010007_shirt6_[1149.24-10].jpg
imagenes_ventas/06112022_131011_bag8_[685.67-10].jpg
imagenes_ventas/05302022_192931_sandal5_[766.5-22].jpg
imagenes_ventas/03022022_100043_coat4_[1983.32-22].jpg
imagenes_ventas/11232022_215113_sneaker7_[655.84-0].jpg
imagenes_ventas/07262022_103955_ankle_boots9_[3849.79-22].jpg
imagenes_ventas/05312022_004736_pullover2_[2639.12-10].jpg
imagenes_ventas/08182022_080151_shirt6_[3111.3-10].jpg
imagenes_ventas/01282022_175308_t_shirt0_[2903.14-22].jpg
imagenes_ventas/05042022_035948_bag8_[437.41-22].jpg
imagenes_ventas/02142022_024814_ankle_boots9_[3576.75-10].jpg
imagenes_ventas/06042022_074012_bag8_[3646.5-22].jpg
imagenes_ventas/11162022_224029_pullover2_[3994.02-0].jpg
imagenes_ventas/01152022_011602_sneaker7_[1346.66-10].jpg
imagenes_ventas/07042022_200926_shirt6_[522.21-0].jpg
imagenes_ventas/12222022_014425_bag8_[1150.1-10].jpg
imagenes_ventas/04302022_105451_coat4_[4476.61-10].jpg
imagenes_ventas/02012022_043520_t_shirt0_[2076.57-10].jpg
imagenes_ventas/09182022_234651_shirt6_[4483.9-22].jpg
imagenes_ventas/03082022_035224_bag8_[3679.25-10].jpg
imagenes_ventas/12252022_175035_ankle_boots9_[2487.88-0].jpg
imagenes_ventas/05172022_231524_ankle_boots9_[872.23-0].jpg
imagenes_ventas/10222022_045100_shirt6_[4386.74-0].jpg
imagenes_ventas/03302022_082349_sandal5_[4657.55-10].jpg
imagenes_ventas/01072022_013549_sandal5_[3360.54-0].jpg
imagenes_ventas/11022022_064218_ankle_boots9_[1568.0-10].jpg
imagenes_ventas/11082022_041013_sandal5_[2023.56-22].jpg
imagenes_ventas/09212022_200747_bag8_[3935.39-10].jpg
imagenes_ventas/01162022_104903_ankle_boots9_[3099.41-0].jpg
imagenes_ventas/02052022_154049_t_shirt0_[3844.02-0].jpg
imagenes_ventas/10282022_201850_t_shirt0_[3367.42-0].jpg
imagenes_ventas/08182022_212722_ankle_boots9_[3820.84-0].jpg
imagenes_ventas/05232022_073108_ankle_boots9_[322.78-10].jpg
imagenes_ventas/07012022_112139_sneaker7_[4608.76-22].jpg
imagenes_ventas/07112022_082754_bag8_[1445.29-0].jpg
imagenes_ventas/11062022_221325_coat4_[2143.11-22].jpg
imagenes_ventas/10172022_075440_dress3_[4412.72-22].jpg
imagenes_ventas/04102022_071439_shirt6_[2550.04-0].jpg
imagenes_ventas/01192022_164443_pullover2_[4024.78-10].jpg
imagenes_ventas/04122022_134903_t_shirt0_[1811.4-10].jpg
imagenes_ventas/01082022_082754_t_shirt0_[3026.64-22].jpg
imagenes_ventas/07082022_103823_bag8_[4668.68-10].jpg
imagenes_ventas/12272022_083735_sandal5_[4903.34-10].jpg
imagenes_ventas/09112022_183333_bag8_[3056.57-10].jpg
imagenes_ventas/06272022_051335_sneaker7_[3233.3-0].jpg
imagenes_ventas/09132022_003548_trouser1_[1714.19-10].jpg
imagenes_ventas/09022022_082309_trouser1_[2668.66-10].jpg
imagenes_ventas/11012022_022205_sandal5_[3422.3-0].jpg
imagenes_ventas/11012022_215935_ankle_boots9_[2284.3-10].jpg
imagenes_ventas/08232022_120216_pullover2_[1309.95-10].jpg
imagenes_ventas/06172022_040123_t_shirt0_[4280.32-10].jpg
imagenes_ventas/10102022_143723_pullover2_[1924.47-0].jpg
imagenes_ventas/03222022_114048_sneaker7_[1137.58-10].jpg
imagenes_ventas/10232022_133310_bag8_[1857.91-22].jpg
imagenes_ventas/01182022_041936_ankle_boots9_[3342.28-22].jpg
imagenes_ventas/06212022_154525_dress3_[3961.32-0].jpg
imagenes_ventas/04252022_041030_ankle_boots9_[725.01-10].jpg
imagenes_ventas/10282022_131437_sneaker7_[1618.17-10].jpg
imagenes_ventas/06212022_101122_t_shirt0_[4326.83-10].jpg
imagenes_ventas/03102022_172057_dress3_[4160.29-0].jpg
imagenes_ventas/11192022_092341_sneaker7_[3227.28-22].jpg
imagenes_ventas/03082022_192607_bag8_[3359.26-10].jpg
imagenes_ventas/04122022_043407_ankle_boots9_[3804.41-0].jpg
imagenes_ventas/06222022_124300_dress3_[681.96-10].jpg
imagenes_ventas/07222022_210149_bag8_[2805.96-0].jpg
imagenes_ventas/02212022_023951_trouser1_[2039.05-0].jpg
imagenes_ventas/10192022_142226_t_shirt0_[4054.05-22].jpg
imagenes_ventas/01012022_210122_coat4_[4502.87-22].jpg
imagenes_ventas/05232022_135853_trouser1_[3141.58-22].jpg
imagenes_ventas/11092022_053303_shirt6_[3422.33-10].jpg
imagenes_ventas/10262022_171830_shirt6_[540.34-0].jpg
imagenes_ventas/09232022_073245_pullover2_[4957.61-22].jpg
imagenes_ventas/08042022_065023_t_shirt0_[2098.66-22].jpg
imagenes_ventas/07022022_150808_sandal5_[319.96-10].jpg
imagenes_ventas/01042023_005317_trouser1_[3126.86-22].jpg
imagenes_ventas/01112022_113457_sneaker7_[2097.09-0].jpg
imagenes_ventas/02082022_011232_pullover2_[1279.47-10].jpg
imagenes_ventas/12022022_174102_shirt6_[1955.49-22].jpg
imagenes_ventas/02162022_193117_sneaker7_[146.6-10].jpg
imagenes_ventas/05032022_185513_sandal5_[446.29-0].jpg
imagenes_ventas/12232022_142035_dress3_[4835.97-22].jpg
imagenes_ventas/08302022_160723_shirt6_[980.95-0].jpg
imagenes_ventas/12062022_201828_bag8_[4979.29-10].jpg
imagenes_ventas/05132022_202602_t_shirt0_[2502.95-22].jpg
imagenes_ventas/11112022_033500_sneaker7_[3888.5-0].jpg
imagenes_ventas/02092022_095325_sneaker7_[2456.88-22].jpg
imagenes_ventas/05262022_033546_ankle_boots9_[4335.43-22].jpg
imagenes_ventas/04132022_184411_trouser1_[2140.4-10].jpg
imagenes_ventas/07212022_231627_trouser1_[1874.18-0].jpg
imagenes_ventas/07082022_154432_coat4_[4992.5-10].jpg
imagenes_ventas/09162022_062334_ankle_boots9_[2416.28-10].jpg
imagenes_ventas/11022022_014153_shirt6_[2695.6-22].jpg
imagenes_ventas/12222022_170803_sandal5_[4446.43-0].jpg
imagenes_ventas/06182022_174719_pullover2_[2963.86-10].jpg
imagenes_ventas/10172022_232852_bag8_[1949.72-10].jpg
imagenes_ventas/04082022_133227_t_shirt0_[1733.26-10].jpg
imagenes_ventas/10082022_223252_sandal5_[3626.65-22].jpg
imagenes_ventas/10052022_070937_t_shirt0_[3325.25-22].jpg
imagenes_ventas/04182022_001520_pullover2_[749.89-22].jpg
imagenes_ventas/09122022_122339_dress3_[3217.31-22].jpg
imagenes_ventas/02062022_072621_t_shirt0_[1299.52-10].jpg
imagenes_ventas/07242022_101826_shirt6_[1466.72-0].jpg
imagenes_ventas/03182022_032841_coat4_[2673.53-10].jpg
imagenes_ventas/07232022_045623_trouser1_[1297.73-10].jpg
imagenes_ventas/12212022_002853_trouser1_[4728.96-0].jpg
imagenes_ventas/08112022_164637_bag8_[4647.54-10].jpg
imagenes_ventas/11112022_011150_dress3_[4725.34-0].jpg
imagenes_ventas/10232022_201318_trouser1_[673.75-0].jpg
imagenes_ventas/09042022_123518_pullover2_[4746.36-0].jpg
imagenes_ventas/04102022_124704_ankle_boots9_[780.86-10].jpg
imagenes_ventas/11132022_043118_shirt6_[2433.17-0].jpg
imagenes_ventas/11202022_114514_bag8_[1609.33-22].jpg
imagenes_ventas/07182022_154923_trouser1_[4400.1-10].jpg
imagenes_ventas/08312022_152436_t_shirt0_[4028.16-10].jpg
imagenes_ventas/01072023_145237_sneaker7_[4423.31-0].jpg
imagenes_ventas/05232022_205600_sneaker7_[1939.68-10].jpg
imagenes_ventas/02182022_121051_sneaker7_[3454.07-0].jpg
imagenes_ventas/10242022_170707_ankle_boots9_[4154.61-22].jpg
imagenes_ventas/05262022_223351_sandal5_[2801.26-10].jpg
imagenes_ventas/05072022_104101_t_shirt0_[680.39-0].jpg
imagenes_ventas/01302022_012355_sandal5_[533.91-22].jpg
imagenes_ventas/09062022_060812_t_shirt0_[3221.76-10].jpg
imagenes_ventas/04222022_135812_dress3_[4695.45-0].jpg
imagenes_ventas/12202022_110827_coat4_[1593.05-22].jpg
imagenes_ventas/01102022_110605_dress3_[48.89-0].jpg
imagenes_ventas/07312022_110223_coat4_[1867.16-22].jpg
imagenes_ventas/09082022_044215_coat4_[4026.75-22].jpg
imagenes_ventas/02202022_101421_ankle_boots9_[250.04-22].jpg
imagenes_ventas/02122022_180704_ankle_boots9_[4289.35-10].jpg
imagenes_ventas/10262022_221432_pullover2_[1257.35-22].jpg
imagenes_ventas/04012022_081421_dress3_[821.62-0].jpg
imagenes_ventas/01012022_220828_sandal5_[2017.54-22].jpg
imagenes_ventas/06202022_210210_shirt6_[2482.87-22].jpg
imagenes_ventas/06152022_124018_sandal5_[2206.39-22].jpg
imagenes_ventas/04292022_044439_dress3_[2416.61-10].jpg
imagenes_ventas/12082022_053406_coat4_[3861.29-22].jpg
imagenes_ventas/10082022_205113_t_shirt0_[3567.23-10].jpg
imagenes_ventas/08062022_221110_coat4_[894.34-22].jpg
imagenes_ventas/07142022_184021_sandal5_[1763.12-0].jpg
imagenes_ventas/06072022_184929_bag8_[1157.12-22].jpg
imagenes_ventas/04122022_214407_t_shirt0_[4667.18-22].jpg
imagenes_ventas/01142022_013552_dress3_[3269.41-22].jpg
imagenes_ventas/01162022_174945_sandal5_[923.15-22].jpg
imagenes_ventas/07032022_231236_t_shirt0_[4094.07-0].jpg
imagenes_ventas/01272022_111748_pullover2_[1015.47-10].jpg
imagenes_ventas/04202022_161016_ankle_boots9_[3467.27-22].jpg
imagenes_ventas/11262022_081006_ankle_boots9_[926.13-22].jpg
imagenes_ventas/03162022_210357_dress3_[4099.58-10].jpg
imagenes_ventas/11172022_063018_trouser1_[2040.23-22].jpg
imagenes_ventas/07152022_151430_bag8_[4467.54-10].jpg
imagenes_ventas/10012022_175259_pullover2_[1383.64-10].jpg
imagenes_ventas/11112022_165043_ankle_boots9_[883.38-10].jpg
imagenes_ventas/01132022_135348_bag8_[3089.78-10].jpg
imagenes_ventas/06182022_062509_t_shirt0_[1541.97-10].jpg
imagenes_ventas/08282022_154041_t_shirt0_[4558.39-10].jpg
imagenes_ventas/08062022_024437_dress3_[705.47-10].jpg
imagenes_ventas/12192022_200410_bag8_[3782.44-10].jpg
imagenes_ventas/09032022_093943_trouser1_[4489.32-10].jpg
imagenes_ventas/01142022_222938_sneaker7_[3814.91-0].jpg
imagenes_ventas/11072022_064233_coat4_[4269.52-10].jpg
imagenes_ventas/03122022_123509_shirt6_[865.67-10].jpg
imagenes_ventas/03182022_073945_pullover2_[1314.1-22].jpg
imagenes_ventas/11252022_054055_dress3_[1884.8-0].jpg
imagenes_ventas/03022022_201255_dress3_[934.89-22].jpg
imagenes_ventas/05262022_153615_trouser1_[342.45-10].jpg
imagenes_ventas/11222022_070859_ankle_boots9_[4064.04-10].jpg
imagenes_ventas/02222022_144907_ankle_boots9_[1745.58-0].jpg
imagenes_ventas/08042022_131012_trouser1_[543.29-22].jpg
imagenes_ventas/09132022_111848_trouser1_[4644.29-0].jpg
imagenes_ventas/05092022_025631_dress3_[2820.59-0].jpg
imagenes_ventas/03082022_153951_shirt6_[3905.44-10].jpg
imagenes_ventas/11252022_094949_shirt6_[1789.41-22].jpg
imagenes_ventas/06252022_231548_sandal5_[4077.01-0].jpg
imagenes_ventas/10182022_070335_sandal5_[83.99-10].jpg
imagenes_ventas/04162022_164620_trouser1_[3932.37-0].jpg
imagenes_ventas/05222022_135158_sandal5_[1808.59-22].jpg
imagenes_ventas/06092022_214846_t_shirt0_[798.55-10].jpg
imagenes_ventas/12092022_013423_shirt6_[3939.13-10].jpg
imagenes_ventas/04152022_135334_dress3_[2009.04-22].jpg
imagenes_ventas/01162022_114226_sneaker7_[2234.66-0].jpg
imagenes_ventas/10252022_163725_trouser1_[3639.03-0].jpg
imagenes_ventas/03042022_044909_dress3_[3640.38-10].jpg
imagenes_ventas/04022022_162303_ankle_boots9_[4514.75-22].jpg
imagenes_ventas/04272022_112653_t_shirt0_[3125.87-22].jpg
imagenes_ventas/10072022_121508_t_shirt0_[1798.19-22].jpg
imagenes_ventas/09092022_181655_trouser1_[2772.86-10].jpg
imagenes_ventas/01282022_234721_shirt6_[3632.57-0].jpg
imagenes_ventas/05112022_034940_sandal5_[3844.49-22].jpg
imagenes_ventas/09302022_223653_shirt6_[4493.22-10].jpg
imagenes_ventas/01062022_115958_dress3_[306.77-10].jpg
imagenes_ventas/01122022_073410_dress3_[855.07-10].jpg
imagenes_ventas/01292022_025630_sandal5_[2812.88-0].jpg
imagenes_ventas/07112022_154442_ankle_boots9_[2835.36-0].jpg
imagenes_ventas/11182022_204609_pullover2_[1376.54-10].jpg
imagenes_ventas/04192022_184500_bag8_[2737.27-10].jpg
imagenes_ventas/01212022_014727_shirt6_[2122.95-0].jpg
imagenes_ventas/05032022_213857_sneaker7_[3190.82-0].jpg
imagenes_ventas/06232022_174645_trouser1_[2757.45-0].jpg
imagenes_ventas/05102022_044406_trouser1_[2045.1-0].jpg
imagenes_ventas/11222022_184256_dress3_[1525.57-10].jpg
imagenes_ventas/05172022_024030_trouser1_[953.64-22].jpg
imagenes_ventas/03132022_203556_t_shirt0_[552.05-10].jpg
imagenes_ventas/02282022_014654_bag8_[4937.15-10].jpg
imagenes_ventas/06242022_204256_sandal5_[1961.29-22].jpg
imagenes_ventas/07192022_121421_shirt6_[4794.38-0].jpg
imagenes_ventas/12222022_030255_dress3_[4148.98-0].jpg
imagenes_ventas/03292022_145438_bag8_[4497.7-22].jpg
imagenes_ventas/08232022_203146_bag8_[1165.31-22].jpg
imagenes_ventas/05102022_100958_bag8_[4856.25-0].jpg
imagenes_ventas/01232022_152733_coat4_[1360.72-0].jpg
