imagenes_ventas/09282022_122706_sandal5_[4361.83-0].jpg
imagenes_ventas/11292022_091858_shirt6_[1716.78-10].jpg
imagenes_ventas/08022022_223203_pullover2_[3956.93-10].jpg
imagenes_ventas/02012022_130039_pullover2_[4255.48-22].jpg
imagenes_ventas/05062022_154416_shirt6_[2341.17-0].jpg
imagenes_ventas/12212022_015513_bag8_[2049.43-22].jpg
imagenes_ventas/03032022_065228_ankle_boots9_[4732.46-22].jpg
imagenes_ventas/03052022_002728_t_shirt0_[1749.01-0].jpg
imagenes_ventas/01152022_184320_t_shirt0_[4652.48-0].jpg
imagenes_ventas/05282022_074641_dress3_[3445.51-10].jpg
imagenes_ventas/04062022_054331_pullover2_[4031.36-10].jpg
imagenes_ventas/01042023_162536_sandal5_[2214.6-22].jpg
imagenes_ventas/01112023_141010_sneaker7_[3310.71-0].jpg
imagenes_ventas/05102022_154741_coat4_[2151.5-10].jpg
imagenes_ventas/10272022_004050_bag8_[773.21-0].jpg
imagenes_ventas/12222022_072854_sandal5_[2344.11-22].jpg
imagenes_ventas/03222022_083401_coat4_[4400.8-0].jpg
imagenes_ventas/08262022_103443_bag8_[2586.82-0].jpg
imagenes_ventas/12032022_215800_pullover2_[4582.53-22].jpg
imagenes_ventas/02012022_213553_pullover2_[3445.61-0].jpg
imagenes_ventas/05252022_043301_ankle_boots9_[2467.21-10].jpg
imagenes_ventas/05312022_113713_pullover2_[3975.47-0].jpg
imagenes_ventas/03132022_035829_sandal5_[4540.36-22].jpg
imagenes_ventas/06192022_014707_t_shirt0_[1865.74-10].jpg
imagenes_ventas/05292022_041107_bag8_[1769.66-0].jpg
imagenes_ventas/08262022_033037_dress3_[3703.81-0].jpg
imagenes_ventas/10042022_124828_shirt6_[3727.72-22].jpg
imagenes_ventas/02242022_160622_bag8_[1816.0-10].jpg
imagenes_ventas/01012022_180228_ankle_boots9_[499.22-10].jpg
imagenes_ventas/01082023_080009_sneaker7_[3444.6-10].jpg
imagenes_ventas/03012022_052541_coat4_[1949.61-22].jpg
imagenes_ventas/04192022_033515_t_shirt0_[4521.58-22].jpg
imagenes_ventas/02052022_133233_sneaker7_[1793.64-10].jpg
imagenes_ventas/08282022_140813_ankle_boots9_[2905.54-22].jpg
imagenes_ventas/12212022_150955_dress3_[3723.43-0].jpg
imagenes_ventas/07112022_162433_sneaker7_[1126.78-10].jpg
imagenes_ventas/03302022_114011_bag8_[4096.84-10].jpg
imagenes_ventas/06242022_134526_ankle_boots9_[2732.17-22].jpg
imagenes_ventas/12132022_165303_coat4_[1863.56-10].jpg
imagenes_ventas/01092022_031025_dress3_[2451.24-0].jpg
imagenes_ventas/05042022_082844_trouser1_[1379.89-0].jpg
imagenes_ventas/09112022_222325_sneaker7_[3107.46-0].jpg
imagenes_ventas/07012022_211321_sandal5_[4633.63-0].jpg
imagenes_ventas/09152022_101456_shirt6_[2136.27-0].jpg
imagenes_ventas/12282022_071433_ankle_boots9_[4363.54-0].jpg
imagenes_ventas/03032022_195213_t_shirt0_[4755.11-22].jpg
imagenes_ventas/05302022_005823_dress3_[181.82-22].jpg
imagenes_ventas/04242022_174921_dress3_[4771.43-0].jpg
imagenes_ventas/06232022_151823_pullover2_[3914.32-22].jpg
imagenes_ventas/11092022_082326_pullover2_[979.81-0].jpg
imagenes_ventas/11142022_072437_shirt6_[2938.13-0].jpg
imagenes_ventas/11082022_220408_pullover2_[4393.1-22].jpg
imagenes_ventas/06192022_133527_sandal5_[4738.89-0].jpg
imagenes_ventas/02242022_191855_sandal5_[940.39-10].jpg
imagenes_ventas/06032022_203641_bag8_[2510.01-22].jpg
imagenes_ventas/10202022_020103_ankle_boots9_[4063.57-10].jpg
imagenes_ventas/12022022_223706_trouser1_[3719.07-10].jpg
imagenes_ventas/07282022_021304_bag8_[2106.08-0].jpg
imagenes_ventas/01032022_141600_t_shirt0_[1215.39-10].jpg
imagenes_ventas/10242022_235051_dress3_[3103.22-22].jpg
imagenes_ventas/08042022_034440_shirt6_[4398.45-0].jpg
imagenes_ventas/12062022_055625_dress3_[1155.79-0].jpg
imagenes_ventas/05072022_203853_trouser1_[3078.08-22].jpg
imagenes_ventas/08112022_045232_bag8_[1925.16-22].jpg
imagenes_ventas/01172022_133234_trouser1_[2339.47-10].jpg
imagenes_ventas/12112022_083144_bag8_[3941.75-22].jpg
imagenes_ventas/07202022_170753_trouser1_[461.95-10].jpg
imagenes_ventas/08062022_134827_coat4_[2535.37-22].jpg
imagenes_ventas/02092022_015541_dress3_[1142.65-22].jpg
imagenes_ventas/12072022_104701_dress3_[186.55-22].jpg
imagenes_ventas/05052022_015749_sneaker7_[1741.37-10].jpg
imagenes_ventas/03312022_051633_sneaker7_[3273.03-10].jpg
imagenes_ventas/06242022_133825_ankle_boots9_[4459.26-0].jpg
imagenes_ventas/03182022_104918_dress3_[3541.78-0].jpg
imagenes_ventas/10272022_124648_coat4_[483.66-0].jpg
imagenes_ventas/03112022_194524_bag8_[4760.96-22].jpg
imagenes_ventas/01182022_020222_coat4_[2097.9-0].jpg
imagenes_ventas/12302022_174523_sandal5_[4067.58-10].jpg
imagenes_ventas/05162022_092537_shirt6_[1866.72-22].jpg
imagenes_ventas/07292022_205344_t_shirt0_[4665.22-22].jpg
imagenes_ventas/12072022_122340_shirt6_[2828.78-10].jpg
imagenes_ventas/04132022_075148_sandal5_[4808.48-10].jpg
imagenes_ventas/04242022_080018_sandal5_[4246.09-22].jpg
imagenes_ventas/12262022_031055_dress3_[762.77-10].jpg
imagenes_ventas/01042023_151618_sandal5_[128.48-22].jpg
imagenes_ventas/10132022_220346_sandal5_[573.29-10].jpg
imagenes_ventas/05292022_131218_shirt6_[3583.84-10].jpg
imagenes_ventas/10012022_163501_sandal5_[2661.59-0].jpg
imagenes_ventas/06052022_220657_dress3_[2914.54-10].jpg
imagenes_ventas/07122022_112323_sneaker7_[3543.7-0].jpg
imagenes_ventas/06272022_140425_ankle_boots9_[2928.38-0].jpg
imagenes_ventas/03312022_041310_ankle_boots9_[199.29-22].jpg
imagenes_ventas/01272022_180656_pullover2_[2314.97-10].jpg
imagenes_ventas/04232022_004218_sandal5_[3992.14-10].jpg
imagenes_ventas/08272022_222804_shirt6_[187.62-22].jpg
imagenes_ventas/11252022_022435_sneaker7_[3576.51-0].jpg
imagenes_ventas/07022022_160731_pullover2_[2740.43-0].jpg
imagenes_ventas/12132022_204521_sneaker7_[3683.43-10].jpg
imagenes_ventas/09102022_151549_sneaker7_[3085.14-22].jpg
imagenes_ventas/08242022_071449_dress3_[1985.28-10].jpg
imagenes_ventas/03032022_214742_coat4_[2267.28-0].jpg
imagenes_ventas/05142022_155420_sneaker7_[2551.63-22].jpg
imagenes_ventas/03032022_085106_dress3_[2107.14-10].jpg
imagenes_ventas/11082022_152645_sneaker7_[601.02-10].jpg
imagenes_ventas/06152022_201145_ankle_boots9_[658.6-0].jpg
imagenes_ventas/10062022_105708_bag8_[4696.25-0].jpg
imagenes_ventas/03222022_000238_trouser1_[1655.7-0].jpg
imagenes_ventas/08182022_203050_t_shirt0_[2809.4-0].jpg
imagenes_ventas/10302022_210753_t_shirt0_[3172.05-0].jpg
imagenes_ventas/10222022_002813_dress3_[4207.97-10].jpg
imagenes_ventas/04132022_170056_dress3_[722.07-22].jpg
imagenes_ventas/12052022_175300_ankle_boots9_[3012.59-10].jpg
imagenes_ventas/06292022_041834_shirt6_[4643.76-10].jpg
imagenes_ventas/03062022_222405_pullover2_[559.59-0].jpg
imagenes_ventas/09252022_162733_shirt6_[4575.07-22].jpg
imagenes_ventas/11152022_232326_coat4_[3128.22-10].jpg
imagenes_ventas/12072022_184654_ankle_boots9_[52.24-22].jpg
imagenes_ventas/02152022_151338_trouser1_[2215.11-22].jpg
imagenes_ventas/07062022_173927_coat4_[299.72-22].jpg
imagenes_ventas/11182022_171312_pullover2_[3426.95-10].jpg
imagenes_ventas/10092022_114841_sneaker7_[1366.72-10].jpg
imagenes_ventas/08132022_190001_sneaker7_[1048.87-0].jpg
imagenes_ventas/05272022_085242_sneaker7_[3687.09-10].jpg
imagenes_ventas/06182022_054321_coat4_[3940.72-0].jpg
imagenes_ventas/10142022_004209_sneaker7_[1992.18-22].jpg
imagenes_ventas/10212022_095940_coat4_[3280.4-22].jpg
imagenes_ventas/09272022_192419_sneaker7_[3872.64-10].jpg
imagenes_ventas/01272022_115057_coat4_[569.79-22].jpg
imagenes_ventas/05082022_194912_sneaker7_[4798.75-22].jpg
imagenes_ventas/06292022_122622_sneaker7_[1091.45-10].jpg
imagenes_ventas/10022022_182645_dress3_[605.99-22].jpg
imagenes_ventas/01232022_211744_trouser1_[3834.05-10].jpg
imagenes_ventas/03192022_072113_trouser1_[3794.31-22].jpg
imagenes_ventas/03112022_032415_pullover2_[860.71-22].jpg
imagenes_ventas/04282022_050819_trouser1_[4999.49-0].jpg
imagenes_ventas/06072022_181201_pullover2_[1683.92-10].jpg
imagenes_ventas/11152022_113643_t_shirt0_[2898.82-10].jpg
imagenes_ventas/10162022_211207_shirt6_[1810.22-10].jpg
imagenes_ventas/03182022_051953_coat4_[3128.22-10].jpg
imagenes_ventas/06202022_093345_bag8_[546.98-0].jpg
imagenes_ventas/03202022_035021_trouser1_[444.97-22].jpg
imagenes_ventas/07232022_121355_pullover2_[3679.54-10].jpg
imagenes_ventas/11162022_075653_sneaker7_[2734.63-22].jpg
imagenes_ventas/09152022_190853_dress3_[4239.53-10].jpg
imagenes_ventas/11052022_104228_dress3_[356.8-22].jpg
imagenes_ventas/11052022_151958_pullover2_[3774.47-10].jpg
imagenes_ventas/01202022_101430_bag8_[1596.51-0].jpg
imagenes_ventas/02202022_142512_pullover2_[233.08-22].jpg
imagenes_ventas/11132022_022939_trouser1_[704.26-0].jpg
imagenes_ventas/04102022_075803_dress3_[1991.81-0].jpg
imagenes_ventas/03012022_214841_sandal5_[2912.11-0].jpg
imagenes_ventas/11042022_031755_bag8_[4987.01-0].jpg
imagenes_ventas/01042022_012800_ankle_boots9_[1494.67-10].jpg
imagenes_ventas/04262022_032217_coat4_[2644.48-10].jpg
imagenes_ventas/05172022_214755_pullover2_[752.02-0].jpg
imagenes_ventas/02092022_015909_sneaker7_[1740.39-10].jpg
imagenes_ventas/07262022_044718_trouser1_[3823.43-10].jpg
imagenes_ventas/06272022_093854_dress3_[3054.26-0].jpg
imagenes_ventas/11032022_022956_t_shirt0_[4706.41-0].jpg
imagenes_ventas/12122022_002753_trouser1_[457.15-10].jpg
imagenes_ventas/12082022_160106_bag8_[38.42-10].jpg
imagenes_ventas/05232022_101536_t_shirt0_[1009.57-0].jpg
imagenes_ventas/12142022_031014_bag8_[767.43-10].jpg
imagenes_ventas/01282022_153956_sneaker7_[2614.2-22].jpg
imagenes_ventas/08012022_062654_sandal5_[3087.85-22].jpg
imagenes_ventas/04182022_093327_sneaker7_[1465.16-0].jpg
imagenes_ventas/03162022_061340_sandal5_[2588.88-22].jpg
imagenes_ventas/05252022_164112_coat4_[3395.07-22].jpg
imagenes_ventas/10232022_194112_sneaker7_[1443.7-22].jpg
imagenes_ventas/12212022_171051_coat4_[630.6-10].jpg
imagenes_ventas/10112022_122153_sandal5_[678.7-22].jpg
imagenes_ventas/02152022_071740_shirt6_[1344.4-10].jpg
imagenes_ventas/09282022_084919_bag8_[2024.05-22].jpg
imagenes_ventas/12242022_163250_sneaker7_[3553.61-22].jpg
imagenes_ventas/10272022_054750_trouser1_[2918.72-0].jpg
imagenes_ventas/05012022_170727_trouser1_[3935.32-0].jpg
imagenes_ventas/01252022_234033_dress3_[1598.29-10].jpg
imagenes_ventas/04182022_053508_pullover2_[3882.84-0].jpg
imagenes_ventas/09182022_224214_shirt6_[532.99-10].jpg
imagenes_ventas/11192022_180722_coat4_[4639.18-22].jpg
imagenes_ventas/05012022_015609_dress3_[2011.78-22].jpg
imagenes_ventas/01072023_121717_dress3_[1354.25-10].jpg
imagenes_ventas/12212022_171051_dress3_[3473.56-0].jpg
imagenes_ventas/11272022_222619_ankle_boots9_[4905.64-0].jpg
imagenes_ventas/03152022_111200_bag8_[2555.96-0].jpg
imagenes_ventas/04242022_065850_sneaker7_[4181.9-10].jpg
imagenes_ventas/12282022_122608_shirt6_[2349.82-0].jpg
imagenes_ventas/09302022_054555_pullover2_[1868.0-22].jpg
imagenes_ventas/07072022_220814_pullover2_[181.71-10].jpg
imagenes_ventas/11152022_041021_t_shirt0_[2544.79-10].jpg
imagenes_ventas/05202022_170834_trouser1_[1978.5-22].jpg
imagenes_ventas/04142022_103451_trouser1_[2839.95-0].jpg
imagenes_ventas/04132022_125910_t_shirt0_[3307.8-0].jpg
imagenes_ventas/10102022_002002_sandal5_[1931.14-22].jpg
imagenes_ventas/08302022_141001_shirt6_[3331.89-22].jpg
imagenes_ventas/05292022_153115_shirt6_[877.44-10].jpg
imagenes_ventas/01182022_075840_bag8_[2891.29-0].jpg
imagenes_ventas/10132022_081632_sandal5_[1598.42-0].jpg
imagenes_ventas/12082022_070845_sneaker7_[1430.33-22].jpg
imagenes_ventas/08162022_102619_dress3_[557.99-0].jpg
imagenes_ventas/05232022_194132_ankle_boots9_[1536.41-22].jpg
imagenes_ventas/03072022_132536_ankle_boots9_[4681.57-0].jpg
imagenes_ventas/10192022_173626_ankle_boots9_[3748.95-0].jpg
imagenes_ventas/10122022_105328_bag8_[898.85-10].jpg
imagenes_ventas/04182022_071611_pullover2_[4868.26-10].jpg
imagenes_ventas/01132022_174045_coat4_[2094.44-0].jpg
imagenes_ventas/08282022_122039_pullover2_[3313.99-0].jpg
imagenes_ventas/11132022_081809_coat4_[2827.86-10].jpg
imagenes_ventas/01132022_122614_pullover2_[1413.19-10].jpg
imagenes_ventas/11302022_221303_bag8_[1441.81-0].jpg
imagenes_ventas/07292022_051937_shirt6_[1716.3-22].jpg
imagenes_ventas/10202022_234802_sneaker7_[3861.9-0].jpg
imagenes_ventas/11142022_220420_dress3_[3002.61-22].jpg
imagenes_ventas/01042022_075620_ankle_boots9_[3751.57-0].jpg
imagenes_ventas/02122022_120638_sneaker7_[3662.26-0].jpg
imagenes_ventas/01012023_085839_t_shirt0_[2696.38-0].jpg
imagenes_ventas/02162022_205306_sneaker7_[4195.06-22].jpg
imagenes_ventas/12312022_230528_bag8_[1998.51-22].jpg
imagenes_ventas/08282022_101128_sandal5_[1055.89-10].jpg
imagenes_ventas/06022022_164754_bag8_[3180.6-0].jpg
imagenes_ventas/08162022_063105_t_shirt0_[4510.39-22].jpg
imagenes_ventas/09192022_220647_dress3_[3685.97-0].jpg
imagenes_ventas/10242022_004716_sneaker7_[29.89-0].jpg
imagenes_ventas/03212022_011512_pullover2_[1259.97-10].jpg
imagenes_ventas/11252022_031910_shirt6_[4322.44-10].jpg
imagenes_ventas/02252022_010336_sandal5_[1568.83-0].jpg
imagenes_ventas/11252022_051435_dress3_[1568.52-10].jpg
imagenes_ventas/02082022_224844_t_shirt0_[4644.18-22].jpg
imagenes_ventas/10302022_150723_pullover2_[1876.57-22].jpg
imagenes_ventas/11212022_153049_sandal5_[1551.34-10].jpg
imagenes_ventas/12242022_160625_sandal5_[3096.2-10].jpg
imagenes_ventas/03052022_153158_t_shirt0_[1520.95-10].jpg
imagenes_ventas/03262022_195138_pullover2_[3656.72-22].jpg
imagenes_ventas/01052023_232851_dress3_[1277.39-0].jpg
imagenes_ventas/01042023_140236_dress3_[266.36-0].jpg
imagenes_ventas/05052022_165352_shirt6_[1050.65-10].jpg
imagenes_ventas/07072022_075932_dress3_[40.0-22].jpg
imagenes_ventas/05152022_082558_shirt6_[3970.7-10].jpg
imagenes_ventas/04162022_162524_sandal5_[2602.45-22].jpg
imagenes_ventas/10152022_020407_sneaker7_[2953.21-22].jpg
imagenes_ventas/08212022_041612_bag8_[2186.28-22].jpg
imagenes_ventas/05312022_053859_pullover2_[4317.94-0].jpg
imagenes_ventas/01162022_162534_sneaker7_[293.16-22].jpg
imagenes_ventas/08312022_065504_bag8_[1802.03-10].jpg
imagenes_ventas/03192022_214257_bag8_[2579.18-10].jpg
imagenes_ventas/06172022_105006_shirt6_[1404.55-22].jpg
imagenes_ventas/01042023_024105_shirt6_[1971.35-22].jpg
imagenes_ventas/09052022_174952_sneaker7_[4383.47-22].jpg
imagenes_ventas/06232022_042457_trouser1_[3623.91-22].jpg
imagenes_ventas/01042022_135930_bag8_[3489.33-22].jpg
imagenes_ventas/07262022_022557_shirt6_[603.4-10].jpg
imagenes_ventas/08082022_182222_shirt6_[1260.83-22].jpg
imagenes_ventas/11222022_093025_sneaker7_[2526.82-10].jpg
imagenes_ventas/03042022_023838_sneaker7_[4105.48-10].jpg
imagenes_ventas/12252022_131318_sneaker7_[3170.9-0].jpg
imagenes_ventas/04242022_225555_sandal5_[180.66-10].jpg
imagenes_ventas/08262022_110120_sandal5_[3698.23-0].jpg
imagenes_ventas/05122022_060746_sneaker7_[4728.82-10].jpg
imagenes_ventas/06282022_014906_dress3_[3936.0-0].jpg
imagenes_ventas/03022022_155515_sandal5_[145.51-0].jpg
imagenes_ventas/04192022_105317_bag8_[2891.58-22].jpg
imagenes_ventas/08082022_215716_bag8_[3253.89-10].jpg
imagenes_ventas/01032022_133656_shirt6_[2447.67-10].jpg
imagenes_ventas/01102023_094833_sandal5_[3061.63-22].jpg
imagenes_ventas/03122022_100855_trouser1_[1793.69-22].jpg
imagenes_ventas/07222022_112847_sneaker7_[665.0-0].jpg
imagenes_ventas/08192022_112418_sandal5_[4002.17-22].jpg
imagenes_ventas/07222022_090726_pullover2_[2423.83-22].jpg
imagenes_ventas/04242022_220415_dress3_[68.01-22].jpg
imagenes_ventas/10212022_055126_dress3_[2175.88-22].jpg
imagenes_ventas/12062022_053607_ankle_boots9_[3763.45-22].jpg
imagenes_ventas/05182022_024946_pullover2_[2271.58-10].jpg
imagenes_ventas/01042022_192819_pullover2_[531.4-10].jpg
imagenes_ventas/10312022_011346_pullover2_[1919.58-22].jpg
imagenes_ventas/07072022_210806_coat4_[521.99-0].jpg
imagenes_ventas/04212022_023723_bag8_[2974.49-0].jpg
imagenes_ventas/05132022_235114_sandal5_[1321.5-10].jpg
imagenes_ventas/08242022_084201_sandal5_[1138.98-0].jpg
imagenes_ventas/10222022_060921_bag8_[3149.47-0].jpg
imagenes_ventas/09022022_042421_pullover2_[3581.32-10].jpg
imagenes_ventas/01262022_034834_pullover2_[4739.62-10].jpg
imagenes_ventas/07222022_130108_bag8_[2404.87-10].jpg
imagenes_ventas/11102022_190052_dress3_[2291.41-10].jpg
imagenes_ventas/10052022_135054_bag8_[2377.32-22].jpg
imagenes_ventas/12302022_164721_sneaker7_[3131.87-0].jpg
imagenes_ventas/10302022_195632_bag8_[1736.97-0].jpg
imagenes_ventas/07012022_052205_ankle_boots9_[3954.31-10].jpg
imagenes_ventas/01132022_232555_ankle_boots9_[591.0-0].jpg
imagenes_ventas/04292022_093249_sandal5_[794.97-0].jpg
imagenes_ventas/03262022_090959_sandal5_[1598.73-22].jpg
imagenes_ventas/08312022_083555_shirt6_[575.51-10].jpg
imagenes_ventas/02132022_192626_coat4_[447.22-0].jpg
imagenes_ventas/05152022_061744_sneaker7_[4441.79-10].jpg
imagenes_ventas/01112022_185442_trouser1_[3651.72-0].jpg
imagenes_ventas/08312022_081555_trouser1_[1264.41-10].jpg
imagenes_ventas/01242022_232445_dress3_[3256.89-0].jpg
imagenes_ventas/01152022_025230_sneaker7_[2511.72-0].jpg
imagenes_ventas/05012022_032849_coat4_[1237.81-0].jpg
imagenes_ventas/07022022_203924_dress3_[84.9-10].jpg
imagenes_ventas/11232022_214335_t_shirt0_[2021.28-10].jpg
imagenes_ventas/11202022_231259_bag8_[396.91-10].jpg
imagenes_ventas/01052023_094033_t_shirt0_[3025.35-0].jpg
imagenes_ventas/12042022_132355_sneaker7_[4278.66-22].jpg
imagenes_ventas/12162022_053459_pullover2_[789.94-0].jpg
imagenes_ventas/03182022_233039_dress3_[3214.36-10].jpg
imagenes_ventas/10172022_083941_bag8_[939.32-0].jpg
imagenes_ventas/08242022_004833_bag8_[3138.13-10].jpg
imagenes_ventas/12052022_083701_sandal5_[4922.72-0].jpg
imagenes_ventas/01102022_035700_shirt6_[514.56-22].jpg
imagenes_ventas/09072022_011452_bag8_[3780.61-22].jpg
imagenes_ventas/09252022_151642_trouser1_[1006.7-22].jpg
imagenes_ventas/10152022_060002_t_shirt0_[3450.65-22].jpg
imagenes_ventas/03072022_101605_pullover2_[2596.17-22].jpg
imagenes_ventas/05172022_192356_bag8_[3813.28-22].jpg
imagenes_ventas/06112022_110846_dress3_[4593.32-0].jpg
imagenes_ventas/01032022_083029_trouser1_[4009.1-10].jpg
imagenes_ventas/11242022_022953_trouser1_[749.75-0].jpg
imagenes_ventas/04102022_121247_t_shirt0_[1841.04-0].jpg
imagenes_ventas/06272022_114625_bag8_[4279.37-22].jpg
imagenes_ventas/10242022_034832_coat4_[3384.54-22].jpg
imagenes_ventas/09192022_025153_sneaker7_[4643.5-10].jpg
imagenes_ventas/10062022_074946_sneaker7_[4287.0-0].jpg
imagenes_ventas/06272022_232133_sandal5_[4913.49-22].jpg
imagenes_ventas/01262022_045855_sneaker7_[3078.64-0].jpg
imagenes_ventas/07082022_173955_shirt6_[3881.89-22].jpg
imagenes_ventas/10302022_172436_trouser1_[2495.0-10].jpg
imagenes_ventas/05152022_100006_shirt6_[3226.44-10].jpg
imagenes_ventas/02242022_111017_sandal5_[2476.84-10].jpg
imagenes_ventas/06142022_230941_dress3_[4315.69-0].jpg
imagenes_ventas/10032022_212905_coat4_[4701.1-0].jpg
imagenes_ventas/04262022_113603_sandal5_[3365.37-0].jpg
imagenes_ventas/03162022_013023_t_shirt0_[2951.76-10].jpg
imagenes_ventas/01032023_173700_pullover2_[2208.25-10].jpg
imagenes_ventas/07192022_154913_dress3_[999.95-10].jpg
imagenes_ventas/07052022_091916_shirt6_[3869.88-0].jpg
imagenes_ventas/10072022_093812_sandal5_[4799.63-22].jpg
imagenes_ventas/04082022_040400_trouser1_[4035.88-0].jpg
imagenes_ventas/05012022_180700_sandal5_[666.99-22].jpg
imagenes_ventas/11212022_072737_ankle_boots9_[1434.81-10].jpg
imagenes_ventas/05072022_122714_pullover2_[2232.1-0].jpg
imagenes_ventas/01142022_065427_pullover2_[3824.72-22].jpg
imagenes_ventas/12262022_081136_ankle_boots9_[4920.3-10].jpg
imagenes_ventas/10142022_091444_coat4_[1158.92-0].jpg
imagenes_ventas/01252022_072905_ankle_boots9_[4932.48-10].jpg
imagenes_ventas/10262022_231850_sneaker7_[4792.67-10].jpg
imagenes_ventas/01252022_073450_shirt6_[1207.66-10].jpg
imagenes_ventas/01262022_230326_coat4_[1583.14-10].jpg
imagenes_ventas/10032022_223035_sandal5_[1564.81-22].jpg
imagenes_ventas/11032022_133033_bag8_[951.2-22].jpg
imagenes_ventas/07082022_224713_shirt6_[4329.25-22].jpg
imagenes_ventas/07012022_200514_sandal5_[797.81-10].jpg
imagenes_ventas/11292022_162243_coat4_[4219.69-10].jpg
imagenes_ventas/04152022_052938_trouser1_[1654.62-10].jpg
imagenes_ventas/11012022_083315_shirt6_[309.24-0].jpg
imagenes_ventas/10252022_090945_shirt6_[662.79-0].jpg
imagenes_ventas/09052022_141220_t_shirt0_[2622.16-22].jpg
imagenes_ventas/01122022_055310_shirt6_[3998.49-22].jpg
imagenes_ventas/03292022_065336_dress3_[1137.29-22].jpg
imagenes_ventas/03202022_025815_t_shirt0_[767.54-0].jpg
imagenes_ventas/12252022_151111_sandal5_[3591.68-0].jpg
imagenes_ventas/03262022_155615_shirt6_[642.1-0].jpg
imagenes_ventas/09302022_175512_bag8_[964.93-22].jpg
imagenes_ventas/06202022_174257_pullover2_[2285.21-10].jpg
imagenes_ventas/07052022_083359_sandal5_[1524.0-22].jpg
imagenes_ventas/08022022_093243_sandal5_[2958.44-0].jpg
imagenes_ventas/08262022_021907_dress3_[4187.07-10].jpg
imagenes_ventas/09052022_041802_bag8_[4850.3-10].jpg
imagenes_ventas/05122022_131823_bag8_[790.91-0].jpg
imagenes_ventas/06242022_050050_pullover2_[571.54-22].jpg
imagenes_ventas/05302022_114336_ankle_boots9_[34.84-0].jpg
imagenes_ventas/08262022_062842_coat4_[4646.99-10].jpg
imagenes_ventas/07022022_175406_sandal5_[2569.13-22].jpg
imagenes_ventas/11032022_113533_dress3_[781.66-10].jpg
imagenes_ventas/07202022_225717_trouser1_[215.37-22].jpg
imagenes_ventas/11262022_085637_ankle_boots9_[2997.17-0].jpg
imagenes_ventas/10262022_044335_t_shirt0_[4665.19-22].jpg
imagenes_ventas/05072022_052416_sandal5_[621.3-10].jpg
imagenes_ventas/08182022_131053_sandal5_[2114.41-22].jpg
imagenes_ventas/06222022_234845_pullover2_[433.44-22].jpg
imagenes_ventas/11142022_235520_sneaker7_[1788.43-0].jpg
imagenes_ventas/11202022_023541_coat4_[1416.08-0].jpg
imagenes_ventas/10012022_124837_trouser1_[2451.2-22].jpg
imagenes_ventas/11072022_194713_coat4_[4831.64-10].jpg
imagenes_ventas/09052022_031103_pullover2_[3559.24-0].jpg
imagenes_ventas/08172022_054756_t_shirt0_[4273.58-22].jpg
imagenes_ventas/01272022_174212_sneaker7_[2390.48-22].jpg
imagenes_ventas/11062022_172843_t_shirt0_[2439.23-22].jpg
imagenes_ventas/10112022_093346_sneaker7_[2017.5-10].jpg
imagenes_ventas/08102022_170058_t_shirt0_[2659.11-22].jpg
imagenes_ventas/05212022_202350_trouser1_[1896.31-10].jpg
imagenes_ventas/05172022_222751_bag8_[1168.68-0].jpg
imagenes_ventas/08012022_054524_trouser1_[2274.73-10].jpg
imagenes_ventas/01202022_151937_sandal5_[2625.97-0].jpg
imagenes_ventas/10082022_135750_shirt6_[1789.12-10].jpg
imagenes_ventas/03022022_122957_ankle_boots9_[4365.05-22].jpg
imagenes_ventas/12252022_084220_t_shirt0_[4851.5-22].jpg
imagenes_ventas/09012022_143529_shirt6_[4619.96-22].jpg
imagenes_ventas/02242022_235841_shirt6_[3173.89-10].jpg
imagenes_ventas/05132022_052527_trouser1_[254.68-22].jpg
imagenes_ventas/12052022_130737_bag8_[1227.15-22].jpg
imagenes_ventas/04192022_045013_bag8_[3023.87-0].jpg
imagenes_ventas/10112022_182928_trouser1_[148.5-10].jpg
imagenes_ventas/12152022_021956_shirt6_[138.11-10].jpg
imagenes_ventas/02172022_194922_trouser1_[39.63-22].jpg
imagenes_ventas/02122022_065352_trouser1_[2368.51-0].jpg
imagenes_ventas/03042022_233153_ankle_boots9_[4452.42-10].jpg
imagenes_ventas/05242022_210123_shirt6_[3304.14-10].jpg
imagenes_ventas/07152022_190625_coat4_[2477.87-0].jpg
imagenes_ventas/05222022_201923_shirt6_[1171.04-22].jpg
imagenes_ventas/08262022_161957_shirt6_[2020.5-10].jpg
imagenes_ventas/03052022_060255_sandal5_[3819.2-10].jpg
imagenes_ventas/07282022_110809_ankle_boots9_[3564.29-10].jpg
imagenes_ventas/05292022_023211_shirt6_[1962.35-0].jpg
imagenes_ventas/06172022_004122_trouser1_[1016.21-10].jpg
imagenes_ventas/07222022_030913_bag8_[26.6-22].jpg
imagenes_ventas/09262022_144134_shirt6_[2497.78-0].jpg
imagenes_ventas/12252022_031818_dress3_[1487.51-10].jpg
imagenes_ventas/01012023_095602_trouser1_[129.07-10].jpg
imagenes_ventas/04022022_030003_bag8_[4749.41-22].jpg
imagenes_ventas/06172022_200226_dress3_[1378.86-10].jpg
imagenes_ventas/12092022_141744_sneaker7_[2019.24-10].jpg
imagenes_ventas/09182022_094800_shirt6_[322.28-22].jpg
imagenes_ventas/07102022_113225_sandal5_[3513.42-0].jpg
imagenes_ventas/01082022_112131_t_shirt0_[4437.15-22].jpg
imagenes_ventas/06052022_014039_coat4_[4920.7-0].jpg
imagenes_ventas/09152022_035347_sneaker7_[2398.11-0].jpg
imagenes_ventas/08182022_172230_sneaker7_[3514.36-0].jpg
imagenes_ventas/07252022_180425_t_shirt0_[1871.81-22].jpg
imagenes_ventas/07192022_064107_t_shirt0_[1760.62-0].jpg
imagenes_ventas/03162022_145851_dress3_[4375.63-10].jpg
imagenes_ventas/01162022_093713_pullover2_[2436.95-22].jpg
imagenes_ventas/01012023_025748_trouser1_[2604.95-0].jpg
imagenes_ventas/11292022_163019_ankle_boots9_[4746.83-0].jpg
imagenes_ventas/12152022_123611_t_shirt0_[1781.66-22].jpg
imagenes_ventas/01082023_134431_coat4_[3357.75-0].jpg
imagenes_ventas/03302022_075642_coat4_[4821.94-22].jpg
imagenes_ventas/11272022_120645_trouser1_[338.7-10].jpg
imagenes_ventas/09132022_145253_pullover2_[2455.5-22].jpg
imagenes_ventas/01202022_104238_coat4_[1688.66-22].jpg
imagenes_ventas/04152022_024719_dress3_[2729.99-22].jpg
imagenes_ventas/10122022_073341_sneaker7_[4226.49-22].jpg
imagenes_ventas/07292022_162847_sandal5_[1339.69-10].jpg
imagenes_ventas/02232022_194340_dress3_[1221.03-22].jpg
imagenes_ventas/03282022_200244_ankle_boots9_[1413.84-0].jpg
imagenes_ventas/04212022_074425_pullover2_[3096.78-22].jpg
imagenes_ventas/04302022_181431_bag8_[308.82-0].jpg
imagenes_ventas/04172022_195230_coat4_[3386.3-10].jpg
imagenes_ventas/04242022_085319_dress3_[1307.59-22].jpg
imagenes_ventas/05242022_034136_dress3_[1574.77-10].jpg
imagenes_ventas/10152022_232705_pullover2_[1034.19-22].jpg
imagenes_ventas/07152022_204915_dress3_[134.3-22].jpg
imagenes_ventas/01082022_152235_sandal5_[1599.88-22].jpg
imagenes_ventas/01062022_235305_sandal5_[253.11-22].jpg
imagenes_ventas/10032022_012040_dress3_[3667.25-10].jpg
imagenes_ventas/05112022_112434_dress3_[2571.96-22].jpg
imagenes_ventas/07222022_235740_sneaker7_[44.57-0].jpg
imagenes_ventas/02272022_123248_coat4_[4372.15-0].jpg
imagenes_ventas/10012022_120531_bag8_[655.43-10].jpg
imagenes_ventas/03152022_230306_t_shirt0_[3577.2-0].jpg
imagenes_ventas/06272022_035410_t_shirt0_[3746.62-22].jpg
imagenes_ventas/11152022_214803_shirt6_[1754.89-10].jpg
imagenes_ventas/01132022_163539_sandal5_[2459.47-22].jpg
imagenes_ventas/06232022_155616_ankle_boots9_[3404.88-10].jpg
imagenes_ventas/06032022_064751_sneaker7_[4350.39-10].jpg
imagenes_ventas/10052022_233052_coat4_[3637.2-0].jpg
imagenes_ventas/10252022_060705_bag8_[4629.78-0].jpg
imagenes_ventas/05152022_194745_sandal5_[2556.81-0].jpg
imagenes_ventas/03292022_152012_coat4_[3767.72-0].jpg
imagenes_ventas/05042022_080052_sneaker7_[279.2-22].jpg
imagenes_ventas/01032022_173050_sneaker7_[4533.63-0].jpg
imagenes_ventas/07072022_162524_pullover2_[3225.36-10].jpg
imagenes_ventas/08232022_170941_shirt6_[4330.88-10].jpg
imagenes_ventas/10312022_165715_sneaker7_[1890.62-0].jpg
imagenes_ventas/10312022_094143_t_shirt0_[905.83-10].jpg
imagenes_ventas/11062022_015106_coat4_[1483.89-10].jpg
imagenes_ventas/01262022_230754_pullover2_[4128.14-10].jpg
imagenes_ventas/03282022_182441_pullover2_[3671.46-10].jpg
imagenes_ventas/03102022_123115_bag8_[4972.32-10].jpg
imagenes_ventas/01052023_092240_trouser1_[1814.99-0].jpg
imagenes_ventas/10252022_190145_ankle_boots9_[799.48-10].jpg
imagenes_ventas/02262022_120437_sneaker7_[687.18-0].jpg
imagenes_ventas/10192022_103219_sneaker7_[3015.86-22].jpg
imagenes_ventas/04122022_035906_coat4_[3751.47-0].jpg
imagenes_ventas/08152022_201519_ankle_boots9_[2699.1-0].jpg
imagenes_ventas/05022022_181828_t_shirt0_[1128.18-0].jpg
imagenes_ventas/06232022_202349_trouser1_[4481.16-10].jpg
imagenes_ventas/11302022_014102_sneaker7_[3419.09-0].jpg
imagenes_ventas/03132022_231533_trouser1_[1554.5-10].jpg
imagenes_ventas/06222022_010210_t_shirt0_[834.31-10].jpg
imagenes_ventas/03012022_220600_sneaker7_[4836.64-22].jpg
imagenes_ventas/06252022_140922_pullover2_[4784.34-10].jpg
imagenes_ventas/02182022_082127_shirt6_[1197.85-22].jpg
imagenes_ventas/12242022_210757_sandal5_[1819.25-0].jpg
imagenes_ventas/01172022_132323_shirt6_[972.63-0].jpg
imagenes_ventas/07022022_023523_bag8_[1484.16-0].jpg
imagenes_ventas/05072022_235725_ankle_boots9_[3529.09-0].jpg
imagenes_ventas/11072022_130354_coat4_[534.66-10].jpg
imagenes_ventas/09222022_091437_sneaker7_[867.75-22].jpg
imagenes_ventas/01012022_124422_t_shirt0_[416.3-10].jpg
imagenes_ventas/06092022_004940_ankle_boots9_[3389.26-0].jpg
imagenes_ventas/01092022_133445_dress3_[2786.05-22].jpg
imagenes_ventas/01272022_033901_shirt6_[1181.38-10].jpg
imagenes_ventas/06062022_235525_shirt6_[3895.09-10].jpg
imagenes_ventas/10302022_214617_t_shirt0_[1883.67-22].jpg
imagenes_ventas/08232022_012928_ankle_boots9_[3717.69-10].jpg
imagenes_ventas/08242022_003313_shirt6_[3306.76-22].jpg
imagenes_ventas/09302022_131924_coat4_[3108.79-22].jpg
imagenes_ventas/02142022_055356_pullover2_[1334.8-10].jpg
imagenes_ventas/02012022_114852_trouser1_[4070.47-10].jpg
imagenes_ventas/10082022_125206_t_shirt0_[1821.54-0].jpg
imagenes_ventas/04022022_171608_ankle_boots9_[3345.55-0].jpg
imagenes_ventas/03182022_222246_bag8_[2060.84-22].jpg
imagenes_ventas/03182022_024644_pullover2_[639.7-0].jpg
imagenes_ventas/02142022_130644_pullover2_[4531.82-0].jpg
imagenes_ventas/01052022_013350_dress3_[1806.74-10].jpg
imagenes_ventas/02112022_194908_bag8_[4378.46-22].jpg
imagenes_ventas/12302022_135335_shirt6_[3764.07-10].jpg
imagenes_ventas/12242022_030105_pullover2_[3390.82-0].jpg
imagenes_ventas/04292022_130139_pullover2_[2864.96-10].jpg
imagenes_ventas/12252022_234936_shirt6_[1110.45-0].jpg
imagenes_ventas/08192022_034432_coat4_[4060.3-22].jpg
imagenes_ventas/07022022_072855_sneaker7_[1347.98-0].jpg
imagenes_ventas/10302022_035741_coat4_[2998.39-10].jpg
imagenes_ventas/08292022_162124_coat4_[1965.81-10].jpg
imagenes_ventas/09052022_104521_pullover2_[397.0-10].jpg
imagenes_ventas/11052022_092042_bag8_[2027.07-0].jpg
imagenes_ventas/10242022_161618_pullover2_[3391.79-0].jpg
imagenes_ventas/07152022_084333_shirt6_[3202.2-0].jpg
imagenes_ventas/10182022_153029_sandal5_[4415.25-0].jpg
imagenes_ventas/03122022_115430_t_shirt0_[1619.18-0].jpg
imagenes_ventas/01202022_032432_bag8_[579.41-0].jpg
imagenes_ventas/11162022_050531_pullover2_[3291.87-10].jpg
imagenes_ventas/10292022_143623_bag8_[229.03-22].jpg
imagenes_ventas/12222022_023419_sandal5_[1136.84-22].jpg
imagenes_ventas/05082022_225314_bag8_[2478.2-10].jpg
imagenes_ventas/03182022_022501_ankle_boots9_[1750.56-10].jpg
imagenes_ventas/02072022_063329_ankle_boots9_[4267.41-22].jpg
imagenes_ventas/03302022_214739_dress3_[1787.06-22].jpg
imagenes_ventas/06212022_111130_sandal5_[1347.84-10].jpg
imagenes_ventas/07162022_111613_sneaker7_[3762.29-0].jpg
imagenes_ventas/08152022_115919_trouser1_[3834.83-0].jpg
imagenes_ventas/01062022_092214_pullover2_[3074.13-0].jpg
imagenes_ventas/11052022_020917_coat4_[396.86-22].jpg
imagenes_ventas/07302022_111909_ankle_boots9_[740.65-0].jpg
imagenes_ventas/04052022_203309_shirt6_[4874.51-22].jpg
imagenes_ventas/02022022_040942_pullover2_[4119.79-10].jpg
imagenes_ventas/11192022_165513_coat4_[965.66-22].jpg
imagenes_ventas/11082022_114043_ankle_boots9_[2573.52-0].jpg
imagenes_ventas/04032022_091321_sandal5_[2411.58-0].jpg
imagenes_ventas/03182022_105405_coat4_[4045.54-22].jpg
imagenes_ventas/03302022_202859_t_shirt0_[524.13-0].jpg
imagenes_ventas/10092022_150806_coat4_[188.43-22].jpg
imagenes_ventas/07242022_133148_sandal5_[2759.91-10].jpg
imagenes_ventas/07202022_041621_bag8_[1141.45-10].jpg
imagenes_ventas/10072022_022611_bag8_[1762.6-0].jpg
imagenes_ventas/03222022_111636_coat4_[3374.62-22].jpg
imagenes_ventas/12282022_072515_sandal5_[3808.74-0].jpg
imagenes_ventas/06242022_194555_bag8_[4947.54-0].jpg
imagenes_ventas/01052023_031222_t_shirt0_[4669.57-0].jpg
imagenes_ventas/05072022_003636_shirt6_[4373.14-22].jpg
imagenes_ventas/05212022_004131_ankle_boots9_[2360.23-0].jpg
imagenes_ventas/07302022_064109_t_shirt0_[2312.8-22].jpg
imagenes_ventas/04052022_144243_pullover2_[4601.33-10].jpg
imagenes_ventas/07262022_082539_ankle_boots9_[4968.3-0].jpg
imagenes_ventas/07302022_225118_trouser1_[2277.93-10].jpg
imagenes_ventas/03012022_141810_t_shirt0_[1655.85-22].jpg
imagenes_ventas/03312022_232628_pullover2_[2713.0-22].jpg
imagenes_ventas/08222022_160530_trouser1_[775.44-0].jpg
imagenes_ventas/04262022_121725_ankle_boots9_[4768.94-22].jpg
imagenes_ventas/04162022_230317_t_shirt0_[191.01-10].jpg
imagenes_ventas/07302022_012850_dress3_[1416.08-10].jpg
imagenes_ventas/09082022_215657_sandal5_[2379.46-0].jpg
imagenes_ventas/05162022_025346_coat4_[3982.03-0].jpg
imagenes_ventas/02032022_170613_shirt6_[1178.78-22].jpg
imagenes_ventas/09222022_121837_pullover2_[3456.27-0].jpg
imagenes_ventas/05142022_010534_dress3_[2642.12-22].jpg
imagenes_ventas/08012022_082608_shirt6_[505.87-10].jpg
imagenes_ventas/04272022_195808_sneaker7_[2302.43-0].jpg
imagenes_ventas/11132022_001044_sneaker7_[1066.39-10].jpg
imagenes_ventas/10152022_050035_pullover2_[1565.8-22].jpg
imagenes_ventas/09202022_104243_sneaker7_[411.03-10].jpg
imagenes_ventas/08132022_202214_t_shirt0_[921.62-0].jpg
imagenes_ventas/04062022_224311_sneaker7_[596.71-22].jpg
imagenes_ventas/12042022_154621_sneaker7_[4883.27-0].jpg
imagenes_ventas/04162022_074501_dress3_[4821.85-10].jpg
imagenes_ventas/12252022_060111_bag8_[4742.91-10].jpg
imagenes_ventas/04042022_070720_ankle_boots9_[4030.44-22].jpg
imagenes_ventas/12232022_160804_t_shirt0_[3360.95-10].jpg
imagenes_ventas/03242022_222227_ankle_boots9_[4256.55-22].jpg
imagenes_ventas/07302022_075902_sneaker7_[2669.82-22].jpg
imagenes_ventas/06102022_215747_coat4_[3893.86-0].jpg
imagenes_ventas/01252022_103420_trouser1_[1090.33-10].jpg
imagenes_ventas/10242022_154718_trouser1_[3036.76-22].jpg
imagenes_ventas/02012022_130007_coat4_[3580.98-10].jpg
imagenes_ventas/06202022_201804_trouser1_[639.65-10].jpg
imagenes_ventas/05172022_020403_dress3_[1498.16-0].jpg
imagenes_ventas/07152022_145514_t_shirt0_[4150.51-0].jpg
imagenes_ventas/12122022_071421_sneaker7_[3566.33-22].jpg
imagenes_ventas/12292022_093510_pullover2_[2921.6-0].jpg
imagenes_ventas/05192022_023722_t_shirt0_[3939.68-10].jpg
imagenes_ventas/01272022_102240_coat4_[3816.4-22].jpg
imagenes_ventas/04292022_203302_sneaker7_[4555.55-22].jpg
imagenes_ventas/12192022_032818_t_shirt0_[445.21-0].jpg
imagenes_ventas/01042023_023009_coat4_[4973.57-22].jpg
imagenes_ventas/08102022_071814_shirt6_[1413.78-0].jpg
imagenes_ventas/01112022_192655_trouser1_[3954.13-10].jpg
imagenes_ventas/11072022_054151_coat4_[2499.54-0].jpg
imagenes_ventas/11092022_012658_ankle_boots9_[4700.85-0].jpg
imagenes_ventas/04042022_003737_bag8_[1902.61-0].jpg
imagenes_ventas/05022022_111439_pullover2_[3709.96-10].jpg
imagenes_ventas/12162022_031927_bag8_[4035.25-22].jpg
imagenes_ventas/08292022_121328_trouser1_[3171.38-10].jpg
imagenes_ventas/01112022_210540_sneaker7_[3083.67-0].jpg
imagenes_ventas/12292022_072057_sneaker7_[3305.04-0].jpg
imagenes_ventas/08192022_050008_trouser1_[4347.69-22].jpg
imagenes_ventas/01082022_144342_ankle_boots9_[1421.74-0].jpg
imagenes_ventas/06092022_004720_t_shirt0_[4992.05-22].jpg
imagenes_ventas/06062022_071449_pullover2_[996.93-0].jpg
imagenes_ventas/01012023_214958_trouser1_[2138.03-22].jpg
imagenes_ventas/09282022_101822_pullover2_[3856.38-0].jpg
imagenes_ventas/11182022_234224_t_shirt0_[902.99-22].jpg
imagenes_ventas/12272022_014657_pullover2_[3436.29-0].jpg
imagenes_ventas/02072022_043815_sandal5_[3574.57-0].jpg
imagenes_ventas/04092022_030320_bag8_[3546.43-10].jpg
imagenes_ventas/10032022_050519_shirt6_[3089.62-0].jpg
imagenes_ventas/08072022_084432_t_shirt0_[3386.68-10].jpg
imagenes_ventas/03132022_163146_shirt6_[4171.31-22].jpg
imagenes_ventas/09272022_170657_ankle_boots9_[2209.15-10].jpg
imagenes_ventas/02082022_043447_pullover2_[4777.23-0].jpg
imagenes_ventas/02032022_094755_dress3_[3958.54-10].jpg
imagenes_ventas/05162022_014636_t_shirt0_[3436.97-0].jpg
imagenes_ventas/11102022_200654_t_shirt0_[55.84-22].jpg
imagenes_ventas/01052023_065532_bag8_[3401.86-10].jpg
imagenes_ventas/05242022_050307_dress3_[3825.57-0].jpg
imagenes_ventas/07122022_215943_t_shirt0_[2989.72-22].jpg
imagenes_ventas/02242022_230344_shirt6_[3864.89-10].jpg
imagenes_ventas/11122022_101810_t_shirt0_[613.57-22].jpg
imagenes_ventas/12302022_141008_t_shirt0_[972.85-0].jpg
imagenes_ventas/09052022_174431_trouser1_[3486.54-22].jpg
imagenes_ventas/06302022_090716_trouser1_[1032.51-0].jpg
imagenes_ventas/06222022_183821_coat4_[4212.35-0].jpg
imagenes_ventas/08102022_041200_pullover2_[1245.72-10].jpg
imagenes_ventas/03172022_062436_bag8_[36.42-0].jpg
imagenes_ventas/08042022_224351_dress3_[62.53-22].jpg
imagenes_ventas/10162022_100956_trouser1_[1022.02-22].jpg
imagenes_ventas/11152022_061915_sandal5_[3878.3-10].jpg
imagenes_ventas/01112022_052153_bag8_[3304.12-0].jpg
imagenes_ventas/03132022_052906_shirt6_[2998.67-10].jpg
imagenes_ventas/05012022_040512_ankle_boots9_[4690.42-10].jpg
imagenes_ventas/11202022_171933_trouser1_[147.03-0].jpg
imagenes_ventas/09172022_073208_dress3_[922.83-0].jpg
imagenes_ventas/01162022_203700_dress3_[4928.64-22].jpg
imagenes_ventas/07302022_233100_trouser1_[2417.56-22].jpg
imagenes_ventas/01042022_182043_bag8_[2578.14-0].jpg
imagenes_ventas/08062022_112940_pullover2_[191.75-0].jpg
imagenes_ventas/08112022_064228_shirt6_[2482.8-22].jpg
imagenes_ventas/09262022_223649_dress3_[1448.12-22].jpg
imagenes_ventas/09132022_030812_dress3_[1109.78-10].jpg
imagenes_ventas/10192022_163519_ankle_boots9_[3304.58-10].jpg
imagenes_ventas/07292022_204108_pullover2_[1767.46-22].jpg
imagenes_ventas/03102022_015559_sandal5_[809.68-10].jpg
imagenes_ventas/01142022_220953_dress3_[3899.09-10].jpg
imagenes_ventas/06202022_071453_dress3_[2785.18-10].jpg
imagenes_ventas/02132022_215234_t_shirt0_[609.58-10].jpg
imagenes_ventas/12222022_141641_shirt6_[2116.37-22].jpg
imagenes_ventas/05152022_122013_coat4_[1823.11-10].jpg
imagenes_ventas/02262022_023558_dress3_[827.11-10].jpg
imagenes_ventas/01012022_131139_t_shirt0_[2918.06-10].jpg
imagenes_ventas/08302022_180125_dress3_[2118.24-10].jpg
imagenes_ventas/08112022_021843_trouser1_[2699.65-22].jpg
imagenes_ventas/11062022_120735_t_shirt0_[2915.1-0].jpg
imagenes_ventas/04082022_195313_shirt6_[4389.8-0].jpg
imagenes_ventas/01252022_002806_sneaker7_[2582.77-0].jpg
imagenes_ventas/02192022_201310_pullover2_[1589.02-0].jpg
imagenes_ventas/11222022_231159_shirt6_[1775.37-22].jpg
imagenes_ventas/04142022_222641_bag8_[3812.92-10].jpg
imagenes_ventas/03132022_213543_trouser1_[836.07-22].jpg
imagenes_ventas/12072022_112755_trouser1_[1731.07-0].jpg
imagenes_ventas/06052022_061019_sneaker7_[3509.3-0].jpg
imagenes_ventas/04162022_215542_dress3_[2289.02-22].jpg
imagenes_ventas/08302022_180109_sandal5_[1703.13-0].jpg
imagenes_ventas/04302022_014007_t_shirt0_[1782.21-22].jpg
imagenes_ventas/11292022_032525_sandal5_[2117.69-22].jpg
imagenes_ventas/11282022_191629_sandal5_[3354.28-22].jpg
imagenes_ventas/08052022_224504_bag8_[309.26-10].jpg
imagenes_ventas/03132022_051503_pullover2_[2503.33-10].jpg
imagenes_ventas/08112022_225003_t_shirt0_[1698.76-10].jpg
imagenes_ventas/04132022_113829_bag8_[3310.6-22].jpg
imagenes_ventas/04182022_140523_bag8_[1888.06-10].jpg
imagenes_ventas/07282022_144050_sandal5_[3034.3-10].jpg
imagenes_ventas/10042022_174059_pullover2_[2851.68-10].jpg
imagenes_ventas/03072022_230252_t_shirt0_[4752.25-10].jpg
imagenes_ventas/08172022_003556_sandal5_[3255.2-0].jpg
imagenes_ventas/08232022_183926_t_shirt0_[4535.81-0].jpg
imagenes_ventas/01202022_001041_pullover2_[4828.3-22].jpg
imagenes_ventas/02252022_144458_dress3_[887.55-22].jpg
imagenes_ventas/03042022_103927_coat4_[3002.82-0].jpg
imagenes_ventas/10282022_171734_bag8_[590.29-10].jpg
imagenes_ventas/05082022_172354_ankle_boots9_[3084.7-10].jpg
imagenes_ventas/07092022_111425_ankle_boots9_[3396.89-10].jpg
imagenes_ventas/01162022_203311_shirt6_[343.43-22].jpg
imagenes_ventas/06052022_222730_sneaker7_[109.67-0].jpg
imagenes_ventas/05292022_030703_trouser1_[2692.22-10].jpg
imagenes_ventas/04172022_210345_sneaker7_[4935.44-22].jpg
imagenes_ventas/12122022_002323_pullover2_[3974.45-10].jpg
imagenes_ventas/10132022_040613_shirt6_[895.58-0].jpg
imagenes_ventas/08132022_190539_coat4_[4396.26-10].jpg
imagenes_ventas/04012022_140702_bag8_[4005.43-0].jpg
imagenes_ventas/11172022_212500_sneaker7_[1235.36-22].jpg
imagenes_ventas/11262022_211219_pullover2_[721.36-10].jpg
imagenes_ventas/07022022_005143_sandal5_[4970.68-0].jpg
imagenes_ventas/06022022_041122_trouser1_[252.0-22].jpg
imagenes_ventas/03292022_184341_bag8_[3627.42-0].jpg
imagenes_ventas/07252022_031256_bag8_[3049.31-10].jpg
imagenes_ventas/07182022_194837_pullover2_[1919.35-0].jpg
imagenes_ventas/12032022_033737_ankle_boots9_[4635.84-10].jpg
imagenes_ventas/07302022_030418_pullover2_[376.29-22].jpg
imagenes_ventas/08182022_100644_sandal5_[577.72-0].jpg
imagenes_ventas/07222022_190049_sneaker7_[2210.48-22].jpg
imagenes_ventas/03202022_010605_shirt6_[444.22-10].jpg
imagenes_ventas/01062022_035709_pullover2_[3225.61-10].jpg
imagenes_ventas/06272022_100913_shirt6_[3629.62-22].jpg
imagenes_ventas/01032022_081343_sandal5_[3224.06-22].jpg
imagenes_ventas/01042022_004820_bag8_[578.86-10].jpg
imagenes_ventas/04262022_014610_coat4_[4080.58-22].jpg
imagenes_ventas/12142022_163101_trouser1_[4574.71-10].jpg
imagenes_ventas/10202022_063713_dress3_[2811.55-0].jpg
imagenes_ventas/08112022_212901_dress3_[2344.85-22].jpg
imagenes_ventas/06092022_172604_sneaker7_[2762.41-22].jpg
imagenes_ventas/11202022_184431_shirt6_[4056.31-10].jpg
imagenes_ventas/03242022_124522_ankle_boots9_[2219.91-10].jpg
imagenes_ventas/06132022_220818_shirt6_[3371.33-22].jpg
imagenes_ventas/05302022_205529_t_shirt0_[119.36-10].jpg
imagenes_ventas/08112022_171942_ankle_boots9_[864.53-22].jpg
imagenes_ventas/11162022_163811_coat4_[3481.86-0].jpg
imagenes_ventas/03032022_030851_sneaker7_[4110.47-22].jpg
imagenes_ventas/12172022_172646_shirt6_[4952.08-10].jpg
imagenes_ventas/12272022_142619_shirt6_[358.39-22].jpg
imagenes_ventas/10062022_162727_pullover2_[1186.76-0].jpg
imagenes_ventas/07122022_050754_shirt6_[3572.3-10].jpg
imagenes_ventas/06042022_031321_shirt6_[3648.34-22].jpg
imagenes_ventas/02182022_114611_dress3_[858.01-0].jpg
imagenes_ventas/04302022_030505_trouser1_[1321.65-10].jpg
imagenes_ventas/06122022_130632_t_shirt0_[3089.46-0].jpg
imagenes_ventas/12052022_011313_bag8_[3614.28-0].jpg
imagenes_ventas/03302022_155802_pullover2_[434.62-22].jpg
imagenes_ventas/05312022_051254_t_shirt0_[4286.26-10].jpg
imagenes_ventas/11022022_065028_t_shirt0_[96.72-10].jpg
imagenes_ventas/10312022_033407_shirt6_[2110.51-10].jpg
imagenes_ventas/08272022_101206_t_shirt0_[53.22-0].jpg
imagenes_ventas/07252022_112018_dress3_[1740.47-0].jpg
imagenes_ventas/01282022_161857_bag8_[4473.76-10].jpg
imagenes_ventas/06212022_121441_dress3_[1968.09-22].jpg
imagenes_ventas/11272022_021552_shirt6_[2839.58-10].jpg
imagenes_ventas/10252022_031138_shirt6_[4214.28-10].jpg
imagenes_ventas/07032022_191243_t_shirt0_[645.58-22].jpg
imagenes_ventas/06052022_153733_ankle_boots9_[4623.59-22].jpg
imagenes_ventas/09122022_171425_coat4_[1800.99-10].jpg
imagenes_ventas/11222022_051055_trouser1_[618.58-10].jpg
imagenes_ventas/10062022_023118_shirt6_[3272.9-22].jpg
imagenes_ventas/12192022_165142_pullover2_[1910.95-10].jpg
imagenes_ventas/12162022_164405_trouser1_[531.46-22].jpg
imagenes_ventas/08052022_080103_sandal5_[917.57-22].jpg
imagenes_ventas/06132022_000531_pullover2_[4539.91-22].jpg
imagenes_ventas/07132022_004756_sneaker7_[1253.89-22].jpg
imagenes_ventas/09232022_034404_bag8_[1711.54-22].jpg
imagenes_ventas/08092022_141059_pullover2_[385.57-10].jpg
imagenes_ventas/01022023_223707_coat4_[272.91-0].jpg
imagenes_ventas/03152022_061131_bag8_[4917.07-10].jpg
imagenes_ventas/08232022_020811_dress3_[4817.66-0].jpg
imagenes_ventas/03232022_001055_coat4_[2647.98-0].jpg
imagenes_ventas/04122022_223836_t_shirt0_[692.55-0].jpg
imagenes_ventas/12132022_221733_dress3_[2716.48-10].jpg
imagenes_ventas/09242022_032517_t_shirt0_[4895.28-0].jpg
imagenes_ventas/09302022_051743_sneaker7_[2919.71-10].jpg
imagenes_ventas/10112022_043850_sandal5_[1530.27-22].jpg
imagenes_ventas/05242022_135453_dress3_[616.19-0].jpg
imagenes_ventas/01222022_090531_shirt6_[1912.23-10].jpg
imagenes_ventas/03192022_045408_shirt6_[2328.34-0].jpg
imagenes_ventas/11012022_202315_shirt6_[3530.28-0].jpg
imagenes_ventas/11172022_061308_sandal5_[2118.04-22].jpg
imagenes_ventas/11112022_054014_trouser1_[2645.31-0].jpg
imagenes_ventas/02092022_054129_dress3_[4868.71-10].jpg
imagenes_ventas/11152022_193840_sandal5_[4182.84-22].jpg
imagenes_ventas/11012022_204224_trouser1_[4732.33-22].jpg
imagenes_ventas/09252022_110108_bag8_[3846.82-0].jpg
imagenes_ventas/01102023_022310_coat4_[128.23-22].jpg
imagenes_ventas/04202022_190541_ankle_boots9_[4657.76-22].jpg
imagenes_ventas/01062023_152410_shirt6_[1907.27-22].jpg
imagenes_ventas/06022022_160517_sandal5_[3901.34-22].jpg
imagenes_ventas/06212022_090502_pullover2_[4410.63-0].jpg
imagenes_ventas/03142022_090950_t_shirt0_[1011.41-10].jpg
imagenes_ventas/04062022_201544_sandal5_[2242.83-10].jpg
imagenes_ventas/11142022_070046_ankle_boots9_[4066.02-22].jpg
imagenes_ventas/06182022_074806_sneaker7_[1790.69-10].jpg
imagenes_ventas/07112022_042448_sneaker7_[2856.74-22].jpg
imagenes_ventas/06162022_165259_coat4_[3417.63-22].jpg
imagenes_ventas/09292022_133843_trouser1_[3014.76-22].jpg
imagenes_ventas/06102022_105359_sandal5_[3464.2-0].jpg
imagenes_ventas/08282022_060919_bag8_[3348.92-0].jpg
imagenes_ventas/02032022_030915_dress3_[3973.44-22].jpg
imagenes_ventas/10272022_130540_trouser1_[1284.15-10].jpg
imagenes_ventas/12072022_191855_pullover2_[1147.66-10].jpg
imagenes_ventas/02232022_233043_ankle_boots9_[3136.62-10].jpg
imagenes_ventas/01192022_075836_sneaker7_[191.37-10].jpg
imagenes_ventas/05262022_091617_coat4_[2264.15-10].jpg
imagenes_ventas/07122022_143644_shirt6_[757.52-0].jpg
imagenes_ventas/02152022_162058_t_shirt0_[4507.88-22].jpg
imagenes_ventas/01252022_032945_shirt6_[4097.18-22].jpg
imagenes_ventas/09202022_072414_trouser1_[4540.02-10].jpg
imagenes_ventas/03262022_014344_t_shirt0_[2636.84-22].jpg
imagenes_ventas/02282022_054715_ankle_boots9_[2476.44-10].jpg
imagenes_ventas/12232022_124430_shirt6_[4062.09-0].jpg
imagenes_ventas/06072022_120228_coat4_[1398.98-0].jpg
imagenes_ventas/11072022_214050_bag8_[2307.4-0].jpg
imagenes_ventas/02212022_042415_coat4_[2044.3-0].jpg
imagenes_ventas/03212022_223517_ankle_boots9_[3819.03-10].jpg
imagenes_ventas/05082022_024938_t_shirt0_[3206.51-0].jpg
imagenes_ventas/09102022_035025_ankle_boots9_[4733.03-10].jpg
imagenes_ventas/08142022_172302_pullover2_[4019.28-0].jpg
imagenes_ventas/09302022_215635_pullover2_[3821.36-22].jpg
imagenes_ventas/03072022_194943_coat4_[3471.36-22].jpg
imagenes_ventas/10062022_052447_bag8_[4799.43-0].jpg
imagenes_ventas/03302022_000755_bag8_[3600.07-10].jpg
imagenes_ventas/06132022_065513_bag8_[1721.1-10].jpg
imagenes_ventas/02202022_170435_shirt6_[2199.43-22].jpg
imagenes_ventas/11082022_235843_shirt6_[1557.77-0].jpg
imagenes_ventas/04102022_174638_bag8_[3200.4-22].jpg
imagenes_ventas/01182022_175153_t_shirt0_[939.43-0].jpg
imagenes_ventas/02072022_105507_coat4_[4795.16-10].jpg
imagenes_ventas/01192022_200816_pullover2_[865.6-22].jpg
imagenes_ventas/08312022_235546_pullover2_[737.96-22].jpg
imagenes_ventas/01012022_213158_coat4_[4514.33-0].jpg
imagenes_ventas/10272022_203554_sneaker7_[210.66-22].jpg
imagenes_ventas/07022022_194401_trouser1_[326.92-0].jpg
imagenes_ventas/08162022_073432_t_shirt0_[4330.26-10].jpg
imagenes_ventas/04112022_071535_sneaker7_[4247.87-0].jpg
imagenes_ventas/11012022_083750_dress3_[220.79-10].jpg
imagenes_ventas/10212022_151207_coat4_[810.56-0].jpg
imagenes_ventas/03282022_103332_t_shirt0_[4829.09-22].jpg
imagenes_ventas/11302022_005823_t_shirt0_[3566.16-10].jpg
imagenes_ventas/09232022_152801_sneaker7_[3547.16-0].jpg
imagenes_ventas/06252022_225534_t_shirt0_[1515.68-22].jpg
imagenes_ventas/08242022_162204_t_shirt0_[26.11-0].jpg
imagenes_ventas/07012022_180400_bag8_[1298.93-10].jpg
imagenes_ventas/08082022_074153_pullover2_[4617.49-22].jpg
imagenes_ventas/01312022_203429_sandal5_[4038.84-10].jpg
imagenes_ventas/08272022_001633_shirt6_[169.84-0].jpg
imagenes_ventas/09122022_032615_bag8_[2358.17-0].jpg
imagenes_ventas/03262022_211647_sandal5_[1838.18-10].jpg
imagenes_ventas/05292022_183517_ankle_boots9_[3497.66-0].jpg
imagenes_ventas/11262022_095034_t_shirt0_[753.45-22].jpg
imagenes_ventas/10202022_223109_t_shirt0_[1650.81-10].jpg
imagenes_ventas/04172022_194409_sandal5_[2651.83-22].jpg
imagenes_ventas/05182022_231615_t_shirt0_[3370.63-10].jpg
imagenes_ventas/08072022_215015_shirt6_[4907.05-10].jpg
imagenes_ventas/02262022_050837_t_shirt0_[1880.35-22].jpg
imagenes_ventas/01162022_163236_shirt6_[4717.34-0].jpg
imagenes_ventas/01012022_125241_dress3_[4949.82-0].jpg
imagenes_ventas/04192022_120652_shirt6_[1140.91-22].jpg
imagenes_ventas/11172022_235850_dress3_[1243.59-0].jpg
imagenes_ventas/05292022_070310_bag8_[1657.3-10].jpg
imagenes_ventas/08022022_033533_sandal5_[2735.72-0].jpg
imagenes_ventas/02222022_034912_ankle_boots9_[3409.91-22].jpg
imagenes_ventas/12122022_101923_pullover2_[4647.67-22].jpg
imagenes_ventas/06162022_094455_bag8_[4584.31-22].jpg
imagenes_ventas/06232022_061452_trouser1_[4008.98-0].jpg
imagenes_ventas/11272022_145115_t_shirt0_[4193.7-22].jpg
imagenes_ventas/02222022_095456_ankle_boots9_[3375.95-0].jpg
imagenes_ventas/05222022_142805_ankle_boots9_[4073.57-10].jpg
imagenes_ventas/10302022_053014_sandal5_[684.45-0].jpg
imagenes_ventas/07142022_145404_t_shirt0_[4874.13-22].jpg
imagenes_ventas/02202022_164806_coat4_[3071.97-10].jpg
imagenes_ventas/08312022_002952_t_shirt0_[4148.89-0].jpg
imagenes_ventas/08082022_060211_pullover2_[3607.0-0].jpg
imagenes_ventas/08202022_222302_sandal5_[3387.65-10].jpg
imagenes_ventas/11272022_203730_sandal5_[4484.59-0].jpg
imagenes_ventas/04102022_154306_sneaker7_[132.48-10].jpg
imagenes_ventas/01172022_075107_bag8_[339.7-0].jpg
imagenes_ventas/01092023_095917_dress3_[3646.83-0].jpg
imagenes_ventas/12292022_105542_t_shirt0_[3023.36-22].jpg
imagenes_ventas/07082022_011231_shirt6_[1610.12-0].jpg
imagenes_ventas/09022022_131419_trouser1_[763.25-10].jpg
imagenes_ventas/05092022_150123_bag8_[4151.07-22].jpg
imagenes_ventas/07102022_121311_shirt6_[1198.32-22].jpg
imagenes_ventas/02232022_040407_sneaker7_[2820.53-10].jpg
imagenes_ventas/08092022_183401_coat4_[3872.04-22].jpg
imagenes_ventas/02202022_032653_trouser1_[1323.14-10].jpg
imagenes_ventas/06192022_112514_bag8_[95.8-10].jpg
imagenes_ventas/10192022_203304_dress3_[1301.17-22].jpg
imagenes_ventas/11292022_203630_ankle_boots9_[2814.94-0].jpg
imagenes_ventas/07082022_033941_pullover2_[3771.85-10].jpg
imagenes_ventas/11152022_184351_dress3_[3684.79-22].jpg
imagenes_ventas/03272022_062659_pullover2_[221.65-0].jpg
imagenes_ventas/07182022_125411_dress3_[4449.94-22].jpg
imagenes_ventas/01042023_142825_sneaker7_[3289.36-0].jpg
imagenes_ventas/05302022_082454_sneaker7_[2822.45-10].jpg
imagenes_ventas/11292022_135853_sandal5_[4748.03-0].jpg
imagenes_ventas/12112022_130358_ankle_boots9_[1076.17-10].jpg
imagenes_ventas/05142022_061806_bag8_[2357.38-22].jpg
imagenes_ventas/08282022_213137_t_shirt0_[4867.4-10].jpg
imagenes_ventas/01152022_082401_sneaker7_[3479.18-22].jpg
imagenes_ventas/09232022_161619_bag8_[1053.32-10].jpg
imagenes_ventas/04112022_121905_trouser1_[4984.28-10].jpg
imagenes_ventas/09222022_025749_shirt6_[1570.55-22].jpg
imagenes_ventas/07282022_195207_ankle_boots9_[4028.26-10].jpg
imagenes_ventas/10022022_183726_shirt6_[2202.8-10].jpg
imagenes_ventas/12272022_140047_sandal5_[1311.08-0].jpg
imagenes_ventas/08142022_090017_bag8_[2857.14-10].jpg
imagenes_ventas/08122022_192111_pullover2_[2041.7-0].jpg
imagenes_ventas/03022022_064712_bag8_[4025.51-0].jpg
imagenes_ventas/12272022_111309_shirt6_[4123.23-0].jpg
imagenes_ventas/06182022_121057_coat4_[1739.19-22].jpg
imagenes_ventas/05212022_115214_shirt6_[4455.56-22].jpg
imagenes_ventas/10132022_182558_trouser1_[120.11-10].jpg
imagenes_ventas/04122022_181248_coat4_[3094.36-0].jpg
imagenes_ventas/02272022_231921_shirt6_[1734.03-22].jpg
imagenes_ventas/10232022_041257_dress3_[295.35-22].jpg
imagenes_ventas/09072022_122432_coat4_[2965.82-0].jpg
imagenes_ventas/12092022_141922_sneaker7_[1483.37-0].jpg
imagenes_ventas/10112022_064405_bag8_[750.08-10].jpg
imagenes_ventas/01202022_051045_sneaker7_[185.13-22].jpg
imagenes_ventas/03272022_233609_sneaker7_[3653.0-22].jpg
imagenes_ventas/03072022_221613_bag8_[1839.43-10].jpg
imagenes_ventas/09082022_113343_sandal5_[3099.01-10].jpg
imagenes_ventas/09292022_162703_t_shirt0_[1315.74-10].jpg
imagenes_ventas/01282022_221914_dress3_[1474.75-0].jpg
imagenes_ventas/03042022_183402_ankle_boots9_[2587.47-0].jpg
imagenes_ventas/04062022_183007_t_shirt0_[3158.42-10].jpg
imagenes_ventas/04142022_195334_coat4_[722.87-0].jpg
imagenes_ventas/02202022_193233_coat4_[4666.54-22].jpg
imagenes_ventas/09222022_204035_trouser1_[1901.18-0].jpg
imagenes_ventas/01072022_210304_coat4_[1161.53-22].jpg
imagenes_ventas/01152022_045849_trouser1_[2395.53-22].jpg
imagenes_ventas/06172022_145831_shirt6_[3701.01-10].jpg
imagenes_ventas/12262022_170615_bag8_[2385.02-10].jpg
imagenes_ventas/02062022_111910_coat4_[2389.87-10].jpg
imagenes_ventas/08182022_145048_bag8_[1624.07-0].jpg
imagenes_ventas/07112022_001716_bag8_[339.61-0].jpg
imagenes_ventas/09092022_044447_ankle_boots9_[2583.15-10].jpg
imagenes_ventas/11242022_231000_sneaker7_[235.43-0].jpg
imagenes_ventas/08142022_162452_pullover2_[924.44-22].jpg
imagenes_ventas/11162022_052816_coat4_[388.98-22].jpg
imagenes_ventas/04242022_064832_bag8_[4515.51-0].jpg
imagenes_ventas/05142022_203441_ankle_boots9_[921.36-22].jpg
imagenes_ventas/11222022_110716_sneaker7_[3268.95-22].jpg
imagenes_ventas/06142022_013705_pullover2_[3341.21-22].jpg
imagenes_ventas/08122022_092523_ankle_boots9_[4077.87-10].jpg
imagenes_ventas/11182022_093909_sneaker7_[1669.94-0].jpg
imagenes_ventas/09062022_011120_trouser1_[1416.23-22].jpg
imagenes_ventas/08122022_173137_bag8_[599.27-22].jpg
imagenes_ventas/10092022_021114_sneaker7_[4983.13-0].jpg
imagenes_ventas/12182022_030636_pullover2_[2647.43-0].jpg
imagenes_ventas/04302022_124145_dress3_[4552.18-10].jpg
imagenes_ventas/08072022_202241_pullover2_[4804.18-22].jpg
imagenes_ventas/12222022_183454_pullover2_[1028.02-0].jpg
imagenes_ventas/05112022_083434_sandal5_[1245.95-0].jpg
imagenes_ventas/07082022_055516_shirt6_[4302.3-0].jpg
imagenes_ventas/05312022_014939_ankle_boots9_[3182.94-0].jpg
imagenes_ventas/07132022_003546_t_shirt0_[531.49-0].jpg
imagenes_ventas/10302022_041118_t_shirt0_[4773.03-22].jpg
imagenes_ventas/02082022_225104_pullover2_[2017.84-10].jpg
imagenes_ventas/02082022_030536_bag8_[1546.04-10].jpg
imagenes_ventas/08182022_034532_dress3_[2864.62-10].jpg
imagenes_ventas/05202022_131042_coat4_[3942.04-22].jpg
imagenes_ventas/05082022_061828_sneaker7_[3254.78-22].jpg
imagenes_ventas/12252022_102540_trouser1_[3580.42-0].jpg
imagenes_ventas/08082022_024832_sneaker7_[591.12-10].jpg
imagenes_ventas/07072022_222530_trouser1_[4364.82-22].jpg
imagenes_ventas/06172022_022520_t_shirt0_[1652.25-22].jpg
imagenes_ventas/03272022_004528_sneaker7_[4621.69-10].jpg
imagenes_ventas/10232022_045239_bag8_[1662.73-0].jpg
imagenes_ventas/04292022_163742_sandal5_[3639.07-10].jpg
imagenes_ventas/01032023_161735_bag8_[2611.32-10].jpg
imagenes_ventas/04132022_144504_coat4_[1698.83-0].jpg
imagenes_ventas/07032022_160146_sneaker7_[339.84-22].jpg
imagenes_ventas/11212022_140401_dress3_[2234.49-0].jpg
imagenes_ventas/04122022_231829_bag8_[3883.16-10].jpg
imagenes_ventas/01162022_085817_shirt6_[858.54-22].jpg
imagenes_ventas/10062022_004959_trouser1_[3191.65-0].jpg
imagenes_ventas/09072022_133837_bag8_[561.77-22].jpg
imagenes_ventas/03062022_083136_ankle_boots9_[3936.17-22].jpg
imagenes_ventas/10032022_080837_trouser1_[3555.66-22].jpg
imagenes_ventas/11042022_032953_t_shirt0_[1328.77-22].jpg
imagenes_ventas/10032022_102729_t_shirt0_[811.49-22].jpg
imagenes_ventas/01272022_232633_sandal5_[2405.95-10].jpg
imagenes_ventas/04082022_203003_trouser1_[2042.29-22].jpg
imagenes_ventas/01072023_091838_coat4_[262.9-22].jpg
imagenes_ventas/10112022_141210_dress3_[3426.82-22].jpg
imagenes_ventas/03032022_162703_t_shirt0_[104.84-22].jpg
imagenes_ventas/11102022_122316_ankle_boots9_[3767.4-0].jpg
imagenes_ventas/05252022_182222_dress3_[3087.4-0].jpg
imagenes_ventas/12222022_143707_bag8_[715.32-0].jpg
imagenes_ventas/06172022_120313_ankle_boots9_[630.38-10].jpg
imagenes_ventas/06192022_223605_pullover2_[1017.73-0].jpg
imagenes_ventas/03152022_084626_pullover2_[4074.68-10].jpg
imagenes_ventas/02132022_055659_dress3_[4409.75-0].jpg
imagenes_ventas/07252022_034538_shirt6_[2278.83-0].jpg
imagenes_ventas/10022022_015026_bag8_[2450.79-10].jpg
imagenes_ventas/02072022_062951_pullover2_[845.36-0].jpg
