imagenes_ventas/02052022_074205_bag8_[781.71-22].jpg
imagenes_ventas/07042022_163354_pullover2_[111.44-22].jpg
imagenes_ventas/12222022_105412_sandal5_[4819.42-10].jpg
imagenes_ventas/03232022_024313_ankle_boots9_[853.97-0].jpg
imagenes_ventas/09152022_181516_pullover2_[571.72-0].jpg
imagenes_ventas/06242022_075535_dress3_[2421.11-0].jpg
imagenes_ventas/03112022_050515_pullover2_[3874.68-0].jpg
imagenes_ventas/08302022_004509_sandal5_[2315.28-10].jpg
imagenes_ventas/12042022_001010_sandal5_[1236.53-22].jpg
imagenes_ventas/03092022_232147_pullover2_[596.19-22].jpg
imagenes_ventas/06162022_030110_pullover2_[553.82-0].jpg
imagenes_ventas/06262022_152743_shirt6_[1914.66-10].jpg
imagenes_ventas/04252022_112708_coat4_[118.69-22].jpg
imagenes_ventas/02082022_071542_coat4_[3105.25-10].jpg
imagenes_ventas/05052022_113505_pullover2_[350.66-0].jpg
imagenes_ventas/01142022_050806_trouser1_[2055.14-22].jpg
imagenes_ventas/07242022_151911_bag8_[1548.49-0].jpg
imagenes_ventas/02262022_141926_shirt6_[3487.8-22].jpg
imagenes_ventas/02282022_213406_t_shirt0_[4725.71-0].jpg
imagenes_ventas/07312022_090713_sandal5_[3688.69-22].jpg
imagenes_ventas/08092022_161955_t_shirt0_[4929.46-10].jpg
imagenes_ventas/04072022_135429_ankle_boots9_[4003.1-22].jpg
imagenes_ventas/12292022_225554_t_shirt0_[4710.61-10].jpg
imagenes_ventas/11052022_120159_sandal5_[825.6-0].jpg
imagenes_ventas/10202022_081551_pullover2_[2381.08-10].jpg
imagenes_ventas/06122022_041617_sandal5_[602.35-22].jpg
imagenes_ventas/05212022_173435_pullover2_[3952.66-10].jpg
imagenes_ventas/07202022_155611_dress3_[3976.12-22].jpg
imagenes_ventas/04052022_063229_t_shirt0_[2692.49-0].jpg
imagenes_ventas/12062022_162811_dress3_[3301.8-22].jpg
imagenes_ventas/01012023_150836_trouser1_[3591.43-0].jpg
imagenes_ventas/03042022_160456_pullover2_[4298.25-0].jpg
imagenes_ventas/12202022_081614_sandal5_[37.78-10].jpg
imagenes_ventas/08252022_211758_ankle_boots9_[2344.45-22].jpg
imagenes_ventas/12012022_120528_coat4_[420.03-0].jpg
imagenes_ventas/01042023_044232_t_shirt0_[2964.3-0].jpg
imagenes_ventas/09152022_095850_t_shirt0_[3441.36-10].jpg
imagenes_ventas/09302022_020734_bag8_[4356.0-22].jpg
imagenes_ventas/05092022_124053_bag8_[4048.6-22].jpg
imagenes_ventas/11172022_125159_ankle_boots9_[2904.39-0].jpg
imagenes_ventas/09172022_014350_bag8_[873.08-22].jpg
imagenes_ventas/07192022_163252_pullover2_[3178.15-0].jpg
imagenes_ventas/01062022_211624_shirt6_[3968.85-0].jpg
imagenes_ventas/09212022_121641_trouser1_[4900.2-0].jpg
imagenes_ventas/08092022_213207_trouser1_[490.01-0].jpg
imagenes_ventas/11302022_171749_dress3_[2043.75-22].jpg
imagenes_ventas/09052022_223502_coat4_[2681.2-22].jpg
imagenes_ventas/03122022_130641_trouser1_[1714.45-22].jpg
imagenes_ventas/11242022_032029_dress3_[2185.17-10].jpg
imagenes_ventas/01162022_221118_sneaker7_[3028.85-0].jpg
imagenes_ventas/12152022_211934_shirt6_[2514.33-0].jpg
imagenes_ventas/11122022_164627_sneaker7_[580.36-22].jpg
imagenes_ventas/05222022_021905_bag8_[1327.54-10].jpg
imagenes_ventas/10192022_094147_trouser1_[3347.48-0].jpg
imagenes_ventas/04152022_232515_sneaker7_[734.08-22].jpg
imagenes_ventas/06032022_065232_pullover2_[1243.41-0].jpg
imagenes_ventas/04162022_144544_ankle_boots9_[3369.12-10].jpg
imagenes_ventas/04062022_042309_bag8_[4683.91-10].jpg
imagenes_ventas/08292022_175709_dress3_[1314.64-22].jpg
imagenes_ventas/06212022_003143_shirt6_[157.87-0].jpg
imagenes_ventas/05212022_140951_bag8_[3622.59-10].jpg
imagenes_ventas/02182022_020457_sandal5_[1412.24-22].jpg
imagenes_ventas/12312022_155652_bag8_[3753.81-0].jpg
imagenes_ventas/11072022_024528_dress3_[3931.77-0].jpg
imagenes_ventas/08222022_072112_trouser1_[4324.92-10].jpg
imagenes_ventas/03042022_234348_sandal5_[841.05-10].jpg
imagenes_ventas/12142022_092500_sneaker7_[3584.71-0].jpg
imagenes_ventas/11292022_073314_t_shirt0_[3680.05-0].jpg
imagenes_ventas/12052022_103801_shirt6_[2292.69-22].jpg
imagenes_ventas/06102022_020645_trouser1_[382.75-0].jpg
imagenes_ventas/01102023_193333_sneaker7_[279.19-22].jpg
imagenes_ventas/07302022_151605_trouser1_[1836.85-10].jpg
imagenes_ventas/01052022_114551_trouser1_[3930.56-0].jpg
imagenes_ventas/07212022_111822_ankle_boots9_[4208.72-10].jpg
imagenes_ventas/02232022_195042_trouser1_[1442.13-0].jpg
imagenes_ventas/02082022_211416_bag8_[3060.54-0].jpg
imagenes_ventas/07212022_065739_t_shirt0_[1574.59-0].jpg
imagenes_ventas/02092022_020202_pullover2_[4057.22-10].jpg
imagenes_ventas/08272022_055130_trouser1_[673.2-22].jpg
imagenes_ventas/11132022_001516_trouser1_[373.04-10].jpg
imagenes_ventas/10272022_133809_pullover2_[3697.61-0].jpg
imagenes_ventas/02152022_000107_t_shirt0_[2072.53-22].jpg
imagenes_ventas/06172022_123816_ankle_boots9_[3460.77-10].jpg
imagenes_ventas/08152022_234215_sneaker7_[1454.99-10].jpg
imagenes_ventas/04132022_150410_ankle_boots9_[2498.78-22].jpg
imagenes_ventas/12052022_212216_coat4_[1059.2-0].jpg
imagenes_ventas/06112022_200458_trouser1_[1769.42-22].jpg
imagenes_ventas/11152022_035339_trouser1_[2092.46-0].jpg
imagenes_ventas/02222022_130339_dress3_[282.74-10].jpg
imagenes_ventas/01072022_060314_sandal5_[2258.23-22].jpg
imagenes_ventas/03082022_011352_t_shirt0_[1075.37-22].jpg
imagenes_ventas/03152022_003105_dress3_[4192.85-10].jpg
imagenes_ventas/04052022_152004_pullover2_[3661.57-22].jpg
imagenes_ventas/02232022_025858_sneaker7_[356.06-22].jpg
imagenes_ventas/03112022_234056_bag8_[264.97-10].jpg
imagenes_ventas/01242022_035514_bag8_[3278.68-22].jpg
imagenes_ventas/08212022_211806_dress3_[2776.53-0].jpg
imagenes_ventas/01042022_142543_sneaker7_[361.84-22].jpg
imagenes_ventas/01202022_153232_trouser1_[4482.07-22].jpg
imagenes_ventas/08042022_122337_t_shirt0_[3963.5-0].jpg
imagenes_ventas/02052022_063556_trouser1_[3684.51-22].jpg
imagenes_ventas/05132022_020032_pullover2_[2015.64-10].jpg
imagenes_ventas/06012022_103339_bag8_[2135.67-22].jpg
imagenes_ventas/06122022_175530_sandal5_[4718.04-10].jpg
imagenes_ventas/09232022_111037_sandal5_[3570.36-0].jpg
imagenes_ventas/05212022_141548_pullover2_[4678.88-22].jpg
imagenes_ventas/12112022_062629_ankle_boots9_[4511.25-10].jpg
imagenes_ventas/10292022_125051_trouser1_[534.45-22].jpg
imagenes_ventas/04082022_205228_trouser1_[733.6-10].jpg
imagenes_ventas/05272022_233257_coat4_[3313.35-22].jpg
imagenes_ventas/08062022_233250_sandal5_[2742.63-0].jpg
imagenes_ventas/10222022_022218_pullover2_[4277.62-22].jpg
imagenes_ventas/01092022_012841_trouser1_[57.78-10].jpg
imagenes_ventas/09252022_115109_sneaker7_[2254.14-0].jpg
imagenes_ventas/09262022_025203_sneaker7_[2634.77-0].jpg
imagenes_ventas/10192022_061029_sneaker7_[3274.16-10].jpg
imagenes_ventas/03252022_175749_sandal5_[1881.45-22].jpg
imagenes_ventas/08032022_101438_t_shirt0_[1625.0-0].jpg
imagenes_ventas/05192022_063735_sneaker7_[1304.48-22].jpg
imagenes_ventas/10072022_164319_dress3_[2953.18-0].jpg
imagenes_ventas/08062022_000504_shirt6_[3824.87-10].jpg
imagenes_ventas/02202022_211328_ankle_boots9_[3754.56-10].jpg
imagenes_ventas/01072023_105345_sneaker7_[1941.09-10].jpg
imagenes_ventas/06192022_062637_sandal5_[2384.66-22].jpg
imagenes_ventas/07072022_103629_coat4_[3863.44-22].jpg
imagenes_ventas/12022022_150133_pullover2_[3140.95-10].jpg
imagenes_ventas/05212022_132856_coat4_[3444.42-10].jpg
imagenes_ventas/04062022_130845_sandal5_[1389.83-0].jpg
imagenes_ventas/09292022_223740_sneaker7_[3484.89-22].jpg
imagenes_ventas/02212022_192830_sneaker7_[2022.48-22].jpg
imagenes_ventas/01032022_154113_trouser1_[4558.38-0].jpg
imagenes_ventas/05272022_064318_bag8_[2391.38-22].jpg
imagenes_ventas/05082022_123458_sneaker7_[4575.79-0].jpg
imagenes_ventas/12062022_000317_dress3_[54.56-10].jpg
imagenes_ventas/12292022_035248_coat4_[4314.79-22].jpg
imagenes_ventas/04262022_164416_dress3_[1848.87-10].jpg
imagenes_ventas/03232022_000222_trouser1_[4482.63-22].jpg
imagenes_ventas/05292022_095455_shirt6_[1656.29-22].jpg
imagenes_ventas/10042022_040137_coat4_[4754.64-0].jpg
imagenes_ventas/05162022_223851_bag8_[3170.21-22].jpg
imagenes_ventas/05262022_053426_dress3_[58.36-22].jpg
imagenes_ventas/05052022_171543_dress3_[924.68-10].jpg
imagenes_ventas/09072022_162333_sneaker7_[2537.81-10].jpg
imagenes_ventas/11282022_195636_shirt6_[4436.22-10].jpg
imagenes_ventas/03052022_002032_sneaker7_[1405.52-22].jpg
imagenes_ventas/02072022_044530_sneaker7_[593.08-10].jpg
imagenes_ventas/08262022_225521_t_shirt0_[3954.89-0].jpg
imagenes_ventas/04302022_162651_t_shirt0_[863.47-0].jpg
imagenes_ventas/08082022_035231_shirt6_[2534.14-0].jpg
imagenes_ventas/08052022_115038_sandal5_[2422.81-22].jpg
imagenes_ventas/06242022_124743_shirt6_[1323.24-10].jpg
imagenes_ventas/02012022_135822_sneaker7_[3172.41-22].jpg
imagenes_ventas/03022022_022310_coat4_[349.3-22].jpg
imagenes_ventas/05022022_045706_ankle_boots9_[4278.75-10].jpg
imagenes_ventas/10132022_175510_ankle_boots9_[2389.36-0].jpg
imagenes_ventas/07192022_184036_bag8_[1948.01-0].jpg
imagenes_ventas/12232022_184930_bag8_[4864.34-0].jpg
imagenes_ventas/10302022_015624_sandal5_[2098.89-10].jpg
imagenes_ventas/03172022_063352_t_shirt0_[3768.19-10].jpg
imagenes_ventas/01072022_234614_pullover2_[1027.42-10].jpg
imagenes_ventas/09182022_154252_sneaker7_[2836.89-10].jpg
imagenes_ventas/06272022_051504_sneaker7_[3905.76-22].jpg
imagenes_ventas/06272022_013023_coat4_[474.58-0].jpg
imagenes_ventas/08312022_015258_coat4_[1719.58-22].jpg
imagenes_ventas/01132022_224853_dress3_[4337.99-22].jpg
imagenes_ventas/01232022_224231_pullover2_[3016.31-22].jpg
imagenes_ventas/06202022_100158_trouser1_[4798.19-22].jpg
imagenes_ventas/12282022_130653_trouser1_[2446.19-0].jpg
imagenes_ventas/10142022_234310_t_shirt0_[1097.37-22].jpg
imagenes_ventas/11112022_010345_trouser1_[70.84-22].jpg
imagenes_ventas/11282022_201736_trouser1_[1296.97-22].jpg
imagenes_ventas/10162022_130044_pullover2_[342.5-22].jpg
imagenes_ventas/04262022_192409_coat4_[3970.35-10].jpg
imagenes_ventas/12302022_150140_dress3_[3713.29-10].jpg
imagenes_ventas/01282022_074620_sandal5_[1673.3-0].jpg
imagenes_ventas/07262022_162841_ankle_boots9_[4684.45-22].jpg
imagenes_ventas/09202022_203050_sandal5_[1594.27-22].jpg
imagenes_ventas/03312022_054134_coat4_[4760.02-22].jpg
imagenes_ventas/08282022_035733_t_shirt0_[4224.61-0].jpg
imagenes_ventas/06252022_082108_t_shirt0_[4288.86-0].jpg
imagenes_ventas/02142022_092251_dress3_[63.38-10].jpg
imagenes_ventas/10122022_014105_bag8_[1384.36-0].jpg
imagenes_ventas/09052022_065616_ankle_boots9_[3287.69-0].jpg
imagenes_ventas/02082022_224255_shirt6_[1921.65-0].jpg
imagenes_ventas/07182022_011339_bag8_[3188.07-0].jpg
imagenes_ventas/12182022_024237_trouser1_[4860.83-0].jpg
imagenes_ventas/09192022_200556_bag8_[1072.42-10].jpg
imagenes_ventas/09212022_043810_sandal5_[579.31-22].jpg
imagenes_ventas/09292022_214311_bag8_[3245.72-22].jpg
imagenes_ventas/10022022_055114_coat4_[3021.62-22].jpg
imagenes_ventas/09242022_090133_sneaker7_[4323.88-22].jpg
imagenes_ventas/12072022_084814_sneaker7_[1114.12-10].jpg
imagenes_ventas/11252022_115520_shirt6_[283.25-10].jpg
imagenes_ventas/07212022_071235_ankle_boots9_[4300.44-22].jpg
imagenes_ventas/05202022_085356_sneaker7_[647.02-22].jpg
imagenes_ventas/12022022_180619_pullover2_[1332.74-10].jpg
imagenes_ventas/08042022_023552_t_shirt0_[3294.76-10].jpg
imagenes_ventas/09012022_072231_coat4_[4274.42-22].jpg
imagenes_ventas/07042022_185149_dress3_[3116.94-10].jpg
imagenes_ventas/01012023_135015_sneaker7_[2985.33-10].jpg
imagenes_ventas/08122022_105000_pullover2_[4007.88-10].jpg
imagenes_ventas/08282022_062001_shirt6_[1958.36-22].jpg
imagenes_ventas/09122022_153100_bag8_[492.08-0].jpg
imagenes_ventas/03012022_102626_sandal5_[2934.76-10].jpg
imagenes_ventas/09122022_063215_shirt6_[2562.7-22].jpg
imagenes_ventas/05102022_215144_dress3_[3550.03-22].jpg
imagenes_ventas/01162022_145544_sneaker7_[3281.63-10].jpg
imagenes_ventas/06232022_153711_coat4_[4442.92-22].jpg
imagenes_ventas/05152022_211451_sandal5_[2282.83-22].jpg
imagenes_ventas/07232022_092628_trouser1_[3046.29-0].jpg
imagenes_ventas/06272022_074131_trouser1_[900.25-22].jpg
imagenes_ventas/10272022_013133_ankle_boots9_[2647.54-22].jpg
imagenes_ventas/06232022_083038_t_shirt0_[4358.59-10].jpg
imagenes_ventas/05152022_003403_shirt6_[1172.35-0].jpg
imagenes_ventas/07222022_202027_coat4_[4023.91-22].jpg
imagenes_ventas/05142022_041916_dress3_[664.28-0].jpg
imagenes_ventas/12102022_112221_coat4_[2542.54-22].jpg
imagenes_ventas/12232022_031017_t_shirt0_[1180.84-22].jpg
imagenes_ventas/01012022_204302_ankle_boots9_[922.41-0].jpg
imagenes_ventas/10272022_110329_dress3_[917.98-0].jpg
imagenes_ventas/06202022_043747_dress3_[70.59-0].jpg
imagenes_ventas/05222022_111558_shirt6_[2802.3-0].jpg
imagenes_ventas/12102022_170126_shirt6_[3247.25-22].jpg
imagenes_ventas/10052022_071631_trouser1_[417.79-22].jpg
imagenes_ventas/06152022_145813_coat4_[2149.07-0].jpg
imagenes_ventas/10152022_072713_trouser1_[2378.62-0].jpg
imagenes_ventas/01282022_223332_shirt6_[3722.33-0].jpg
imagenes_ventas/09162022_032649_shirt6_[1628.38-10].jpg
imagenes_ventas/09122022_104141_shirt6_[2546.06-0].jpg
imagenes_ventas/04292022_164033_trouser1_[1411.51-22].jpg
imagenes_ventas/11162022_211628_dress3_[2042.08-22].jpg
imagenes_ventas/06122022_092359_sandal5_[958.55-22].jpg
imagenes_ventas/08062022_105729_sneaker7_[4380.86-0].jpg
imagenes_ventas/03262022_031240_pullover2_[3658.12-10].jpg
imagenes_ventas/09202022_230414_shirt6_[1335.13-0].jpg
imagenes_ventas/09212022_233707_sandal5_[3602.44-22].jpg
imagenes_ventas/06152022_105840_shirt6_[4381.21-22].jpg
imagenes_ventas/12272022_145815_sandal5_[4128.6-22].jpg
imagenes_ventas/08282022_063524_trouser1_[2845.41-0].jpg
imagenes_ventas/08282022_132241_t_shirt0_[4935.21-0].jpg
imagenes_ventas/11092022_102013_trouser1_[2502.68-10].jpg
imagenes_ventas/12162022_080032_bag8_[451.35-10].jpg
imagenes_ventas/09052022_003226_sneaker7_[1576.64-22].jpg
imagenes_ventas/05302022_100711_t_shirt0_[4509.42-0].jpg
imagenes_ventas/11082022_091320_bag8_[961.36-10].jpg
imagenes_ventas/05032022_003700_trouser1_[2553.84-0].jpg
imagenes_ventas/02132022_172244_ankle_boots9_[1631.85-10].jpg
imagenes_ventas/04162022_072332_coat4_[3225.08-0].jpg
imagenes_ventas/12042022_124222_bag8_[425.24-10].jpg
imagenes_ventas/01062023_215237_sneaker7_[611.28-10].jpg
imagenes_ventas/02172022_045929_t_shirt0_[3970.17-10].jpg
imagenes_ventas/10302022_053150_pullover2_[54.55-10].jpg
imagenes_ventas/11032022_225642_t_shirt0_[703.85-22].jpg
imagenes_ventas/01142022_220553_sneaker7_[4618.62-10].jpg
imagenes_ventas/04272022_124000_sneaker7_[3690.43-0].jpg
imagenes_ventas/08232022_235710_dress3_[1668.05-22].jpg
imagenes_ventas/02062022_044147_sandal5_[2616.95-22].jpg
imagenes_ventas/11172022_030329_trouser1_[976.47-10].jpg
imagenes_ventas/01242022_124813_coat4_[4306.89-0].jpg
imagenes_ventas/07042022_071911_t_shirt0_[2202.85-10].jpg
imagenes_ventas/10252022_235623_ankle_boots9_[2865.54-22].jpg
imagenes_ventas/11232022_030916_shirt6_[2052.2-10].jpg
imagenes_ventas/02032022_060358_pullover2_[686.44-0].jpg
imagenes_ventas/12242022_141458_shirt6_[114.37-0].jpg
imagenes_ventas/05082022_012851_t_shirt0_[4803.2-0].jpg
imagenes_ventas/12272022_215928_t_shirt0_[2892.93-0].jpg
imagenes_ventas/10122022_175312_t_shirt0_[1873.86-22].jpg
imagenes_ventas/12072022_182350_coat4_[1249.64-22].jpg
imagenes_ventas/06252022_045435_sneaker7_[3263.63-0].jpg
imagenes_ventas/12202022_051954_dress3_[4079.96-10].jpg
imagenes_ventas/03062022_081008_coat4_[1602.47-10].jpg
imagenes_ventas/01162022_192728_t_shirt0_[4490.86-22].jpg
imagenes_ventas/06052022_103353_sneaker7_[2724.03-22].jpg
imagenes_ventas/11082022_120708_sandal5_[2030.23-0].jpg
imagenes_ventas/03272022_104957_trouser1_[3087.69-0].jpg
imagenes_ventas/09052022_132612_bag8_[4620.07-22].jpg
imagenes_ventas/04042022_175632_sandal5_[2419.81-10].jpg
imagenes_ventas/03142022_140043_pullover2_[2071.22-22].jpg
imagenes_ventas/01112023_030713_sneaker7_[4459.54-0].jpg
imagenes_ventas/03162022_111016_shirt6_[4653.86-0].jpg
imagenes_ventas/02192022_125252_bag8_[1982.38-22].jpg
imagenes_ventas/06292022_091126_sandal5_[4679.22-10].jpg
imagenes_ventas/08252022_190910_pullover2_[4081.34-0].jpg
imagenes_ventas/04172022_043328_t_shirt0_[941.59-22].jpg
imagenes_ventas/05272022_031903_shirt6_[1085.05-10].jpg
imagenes_ventas/11072022_151947_sandal5_[1682.46-0].jpg
imagenes_ventas/06102022_053033_pullover2_[3343.47-10].jpg
imagenes_ventas/11222022_033026_sneaker7_[4790.83-22].jpg
imagenes_ventas/07282022_163626_dress3_[1932.16-0].jpg
imagenes_ventas/01062023_183857_pullover2_[1554.91-10].jpg
imagenes_ventas/01152022_045640_dress3_[2235.2-10].jpg
imagenes_ventas/05312022_233907_sneaker7_[4412.2-0].jpg
imagenes_ventas/11192022_091150_bag8_[2979.16-10].jpg
imagenes_ventas/05272022_220636_pullover2_[1884.09-0].jpg
imagenes_ventas/03112022_050143_trouser1_[3816.03-10].jpg
imagenes_ventas/12052022_082738_t_shirt0_[206.0-0].jpg
imagenes_ventas/02042022_045138_shirt6_[2844.27-0].jpg
imagenes_ventas/11132022_002448_coat4_[2573.41-10].jpg
imagenes_ventas/10182022_211052_pullover2_[4890.76-22].jpg
imagenes_ventas/08012022_225859_ankle_boots9_[3837.29-22].jpg
imagenes_ventas/09032022_102732_coat4_[1168.33-22].jpg
imagenes_ventas/04172022_090412_dress3_[2356.07-22].jpg
imagenes_ventas/03202022_151202_dress3_[3531.48-0].jpg
imagenes_ventas/05172022_220414_dress3_[2747.41-10].jpg
imagenes_ventas/11072022_153833_sneaker7_[2706.54-10].jpg
imagenes_ventas/09282022_003703_coat4_[3305.35-10].jpg
imagenes_ventas/09122022_021132_bag8_[4425.87-10].jpg
imagenes_ventas/04162022_130718_sneaker7_[2182.19-22].jpg
imagenes_ventas/06192022_021138_shirt6_[4474.8-0].jpg
imagenes_ventas/10152022_144313_coat4_[2099.06-10].jpg
imagenes_ventas/06192022_203429_shirt6_[1320.62-22].jpg
imagenes_ventas/10122022_140851_t_shirt0_[3162.48-0].jpg
imagenes_ventas/11072022_051636_dress3_[2056.78-22].jpg
imagenes_ventas/08292022_054421_t_shirt0_[3185.71-10].jpg
imagenes_ventas/02062022_151736_ankle_boots9_[378.08-22].jpg
imagenes_ventas/11092022_015655_dress3_[2353.17-10].jpg
imagenes_ventas/08282022_001742_ankle_boots9_[4457.02-22].jpg
imagenes_ventas/02182022_103017_bag8_[280.21-22].jpg
imagenes_ventas/07112022_012351_bag8_[4538.84-22].jpg
imagenes_ventas/07072022_045010_trouser1_[1606.55-22].jpg
imagenes_ventas/07042022_145329_sneaker7_[3335.82-22].jpg
imagenes_ventas/03222022_201224_shirt6_[2909.49-10].jpg
imagenes_ventas/08272022_202711_coat4_[1554.08-0].jpg
imagenes_ventas/01272022_215154_coat4_[4112.96-0].jpg
imagenes_ventas/02182022_210706_sandal5_[2851.37-10].jpg
imagenes_ventas/04152022_111627_ankle_boots9_[1537.57-22].jpg
imagenes_ventas/01042022_055007_trouser1_[3623.48-0].jpg
imagenes_ventas/11152022_202934_pullover2_[540.19-10].jpg
imagenes_ventas/10062022_192217_t_shirt0_[4823.77-10].jpg
imagenes_ventas/03142022_232158_bag8_[2601.72-22].jpg
imagenes_ventas/08012022_052337_shirt6_[2619.13-22].jpg
imagenes_ventas/12282022_021109_bag8_[4070.55-0].jpg
imagenes_ventas/09242022_064359_trouser1_[4477.79-0].jpg
imagenes_ventas/07142022_195500_ankle_boots9_[1706.54-0].jpg
imagenes_ventas/02072022_115735_coat4_[1427.45-22].jpg
imagenes_ventas/11212022_171051_trouser1_[4230.37-22].jpg
imagenes_ventas/01062023_015524_sandal5_[191.62-22].jpg
imagenes_ventas/10312022_130937_pullover2_[3233.64-10].jpg
imagenes_ventas/11122022_152536_trouser1_[797.95-10].jpg
imagenes_ventas/08062022_012133_pullover2_[3300.35-10].jpg
imagenes_ventas/03052022_094451_dress3_[3997.49-22].jpg
imagenes_ventas/01072022_164149_sneaker7_[725.35-22].jpg
imagenes_ventas/11082022_141325_pullover2_[1988.19-0].jpg
imagenes_ventas/06232022_144248_coat4_[606.74-0].jpg
imagenes_ventas/07042022_084022_shirt6_[4028.65-10].jpg
imagenes_ventas/01142022_012241_sandal5_[4950.4-0].jpg
imagenes_ventas/01052023_023014_pullover2_[1520.94-0].jpg
imagenes_ventas/05042022_160608_ankle_boots9_[4693.64-22].jpg
imagenes_ventas/06022022_030444_pullover2_[3489.12-0].jpg
imagenes_ventas/06272022_183815_shirt6_[219.37-10].jpg
imagenes_ventas/01012023_132525_trouser1_[4012.83-10].jpg
imagenes_ventas/08292022_062240_sneaker7_[2622.01-0].jpg
imagenes_ventas/10112022_144039_coat4_[1348.92-22].jpg
imagenes_ventas/05112022_204246_sneaker7_[4225.39-0].jpg
imagenes_ventas/03112022_232059_ankle_boots9_[3612.33-0].jpg
imagenes_ventas/01012022_232323_ankle_boots9_[1577.04-22].jpg
imagenes_ventas/12112022_184737_sneaker7_[490.07-10].jpg
imagenes_ventas/08142022_004922_sneaker7_[687.86-10].jpg
imagenes_ventas/06202022_233516_dress3_[4780.72-0].jpg
imagenes_ventas/04072022_024429_coat4_[2124.86-10].jpg
imagenes_ventas/09282022_120440_t_shirt0_[3775.37-10].jpg
imagenes_ventas/05082022_172437_bag8_[643.89-0].jpg
imagenes_ventas/01222022_100821_bag8_[3537.81-22].jpg
imagenes_ventas/04192022_130712_t_shirt0_[3985.88-10].jpg
imagenes_ventas/10152022_021448_dress3_[2008.82-22].jpg
imagenes_ventas/01032023_032811_ankle_boots9_[927.77-0].jpg
imagenes_ventas/01122022_143521_ankle_boots9_[1264.89-10].jpg
imagenes_ventas/01202022_030608_bag8_[504.86-22].jpg
imagenes_ventas/03022022_025909_pullover2_[1403.79-0].jpg
imagenes_ventas/06202022_124302_ankle_boots9_[425.61-0].jpg
imagenes_ventas/10122022_203926_trouser1_[1387.27-22].jpg
imagenes_ventas/01252022_082959_trouser1_[3802.3-0].jpg
imagenes_ventas/08312022_153658_bag8_[574.01-10].jpg
imagenes_ventas/11062022_084236_pullover2_[1008.0-10].jpg
imagenes_ventas/11262022_090435_shirt6_[4571.09-0].jpg
imagenes_ventas/12142022_235547_coat4_[4040.43-0].jpg
imagenes_ventas/04032022_020302_ankle_boots9_[407.54-0].jpg
imagenes_ventas/05102022_080208_t_shirt0_[2319.01-10].jpg
imagenes_ventas/04262022_054148_pullover2_[1982.76-0].jpg
imagenes_ventas/12142022_203319_t_shirt0_[672.48-0].jpg
imagenes_ventas/07292022_161628_bag8_[89.82-0].jpg
imagenes_ventas/07182022_093347_dress3_[1840.73-0].jpg
imagenes_ventas/11162022_094234_bag8_[573.61-22].jpg
imagenes_ventas/04292022_183841_sandal5_[2401.04-10].jpg
imagenes_ventas/07252022_023402_shirt6_[3500.89-0].jpg
imagenes_ventas/03222022_124931_ankle_boots9_[3207.54-22].jpg
imagenes_ventas/08122022_160027_sandal5_[299.37-0].jpg
imagenes_ventas/12102022_174047_trouser1_[3877.77-22].jpg
imagenes_ventas/03212022_041252_ankle_boots9_[3886.16-10].jpg
imagenes_ventas/04112022_094941_coat4_[4724.94-10].jpg
imagenes_ventas/08202022_205356_sneaker7_[1418.77-10].jpg
imagenes_ventas/06202022_153451_pullover2_[238.08-0].jpg
imagenes_ventas/01112022_222344_coat4_[3456.75-10].jpg
imagenes_ventas/10162022_115021_coat4_[47.29-0].jpg
imagenes_ventas/12082022_051703_pullover2_[4665.11-10].jpg
imagenes_ventas/08102022_233329_sneaker7_[4542.91-10].jpg
imagenes_ventas/08272022_033526_sneaker7_[4080.96-10].jpg
imagenes_ventas/01242022_175406_trouser1_[2383.77-0].jpg
imagenes_ventas/07222022_180650_t_shirt0_[1034.5-22].jpg
imagenes_ventas/01152022_222311_sneaker7_[1549.49-0].jpg
imagenes_ventas/08132022_070211_dress3_[149.6-10].jpg
imagenes_ventas/01232022_085447_sneaker7_[2320.68-10].jpg
imagenes_ventas/08272022_193951_shirt6_[246.86-0].jpg
imagenes_ventas/11012022_100144_trouser1_[3474.02-22].jpg
imagenes_ventas/08052022_004347_sandal5_[3922.33-0].jpg
imagenes_ventas/05232022_034142_t_shirt0_[3827.52-0].jpg
imagenes_ventas/09232022_231925_sneaker7_[3819.71-22].jpg
imagenes_ventas/07282022_173553_trouser1_[955.7-0].jpg
imagenes_ventas/02232022_131548_pullover2_[1072.54-10].jpg
imagenes_ventas/10022022_082222_ankle_boots9_[1833.3-10].jpg
imagenes_ventas/08192022_004435_coat4_[679.61-0].jpg
imagenes_ventas/06062022_091211_dress3_[3899.19-0].jpg
imagenes_ventas/11172022_201148_pullover2_[4435.66-10].jpg
imagenes_ventas/11092022_151404_shirt6_[112.95-22].jpg
imagenes_ventas/12282022_094728_shirt6_[2295.04-0].jpg
imagenes_ventas/01062022_130946_shirt6_[326.91-22].jpg
imagenes_ventas/09242022_225649_pullover2_[2265.35-10].jpg
imagenes_ventas/07052022_144929_sneaker7_[1359.49-10].jpg
imagenes_ventas/04082022_173533_trouser1_[4301.72-22].jpg
imagenes_ventas/05222022_080106_sandal5_[675.28-22].jpg
imagenes_ventas/06192022_051841_sneaker7_[4654.36-22].jpg
imagenes_ventas/04212022_190707_t_shirt0_[2373.83-0].jpg
imagenes_ventas/04242022_110148_trouser1_[2705.49-10].jpg
imagenes_ventas/07032022_183610_pullover2_[4913.25-22].jpg
imagenes_ventas/05172022_205817_dress3_[1328.38-10].jpg
imagenes_ventas/05192022_054150_sneaker7_[839.59-0].jpg
imagenes_ventas/07302022_093813_ankle_boots9_[1730.0-0].jpg
imagenes_ventas/11172022_153916_pullover2_[2781.55-10].jpg
imagenes_ventas/11292022_052221_ankle_boots9_[3995.06-22].jpg
imagenes_ventas/06062022_065458_bag8_[697.46-10].jpg
imagenes_ventas/09012022_132557_ankle_boots9_[1745.46-22].jpg
imagenes_ventas/01062022_021124_shirt6_[1696.13-22].jpg
imagenes_ventas/06052022_001537_coat4_[4522.98-10].jpg
imagenes_ventas/01082022_040150_dress3_[968.84-0].jpg
imagenes_ventas/05102022_104739_shirt6_[1684.08-0].jpg
imagenes_ventas/12232022_215030_pullover2_[3737.14-0].jpg
imagenes_ventas/08212022_210542_bag8_[4841.91-0].jpg
imagenes_ventas/10082022_035020_pullover2_[1725.36-10].jpg
imagenes_ventas/10232022_054604_sneaker7_[279.17-0].jpg
imagenes_ventas/12292022_061015_sneaker7_[1521.07-0].jpg
imagenes_ventas/05112022_052914_sneaker7_[545.44-10].jpg
imagenes_ventas/07292022_085346_pullover2_[2864.43-0].jpg
imagenes_ventas/07122022_184614_ankle_boots9_[3283.64-22].jpg
imagenes_ventas/12172022_164252_sneaker7_[3475.61-0].jpg
imagenes_ventas/07102022_102312_t_shirt0_[2587.0-10].jpg
imagenes_ventas/11082022_162124_ankle_boots9_[1574.22-10].jpg
imagenes_ventas/09282022_122352_trouser1_[597.42-0].jpg
imagenes_ventas/01032022_093058_sandal5_[1400.86-0].jpg
imagenes_ventas/05132022_103706_pullover2_[1904.58-22].jpg
imagenes_ventas/01202022_082311_t_shirt0_[1512.36-0].jpg
imagenes_ventas/11022022_022157_bag8_[4089.45-0].jpg
imagenes_ventas/02072022_162512_coat4_[1233.51-0].jpg
imagenes_ventas/07202022_095447_coat4_[1515.37-22].jpg
imagenes_ventas/04052022_141454_ankle_boots9_[3947.55-0].jpg
imagenes_ventas/12292022_112132_pullover2_[4906.42-10].jpg
imagenes_ventas/10042022_161058_shirt6_[3244.08-10].jpg
imagenes_ventas/04202022_045235_ankle_boots9_[2044.82-22].jpg
imagenes_ventas/09142022_150649_bag8_[1820.16-22].jpg
imagenes_ventas/03242022_220947_sneaker7_[4530.14-10].jpg
imagenes_ventas/04222022_010000_dress3_[1735.18-0].jpg
imagenes_ventas/08252022_195658_dress3_[1717.07-0].jpg
imagenes_ventas/12252022_001545_t_shirt0_[3620.61-10].jpg
imagenes_ventas/01112022_233334_ankle_boots9_[1359.95-10].jpg
imagenes_ventas/07042022_110852_sandal5_[631.65-22].jpg
imagenes_ventas/11092022_143851_coat4_[3601.2-22].jpg
imagenes_ventas/08022022_041450_t_shirt0_[114.24-10].jpg
imagenes_ventas/05312022_105241_bag8_[3447.43-22].jpg
imagenes_ventas/07052022_171944_bag8_[2771.9-0].jpg
imagenes_ventas/06182022_161403_shirt6_[2310.76-0].jpg
imagenes_ventas/02042022_020427_t_shirt0_[1341.07-22].jpg
imagenes_ventas/04012022_012928_sandal5_[4959.97-0].jpg
imagenes_ventas/12252022_190135_dress3_[2089.8-10].jpg
imagenes_ventas/06202022_181515_trouser1_[3710.62-0].jpg
imagenes_ventas/02202022_025220_trouser1_[1623.26-0].jpg
imagenes_ventas/10292022_215622_ankle_boots9_[4011.08-10].jpg
imagenes_ventas/11032022_111938_sandal5_[2215.51-0].jpg
imagenes_ventas/02132022_000329_sandal5_[4332.92-0].jpg
imagenes_ventas/08192022_161457_t_shirt0_[3923.3-22].jpg
imagenes_ventas/09112022_054409_bag8_[4523.26-10].jpg
imagenes_ventas/06122022_020018_sneaker7_[2021.71-22].jpg
imagenes_ventas/01102023_220058_shirt6_[4523.66-22].jpg
imagenes_ventas/11132022_000742_dress3_[4217.06-0].jpg
imagenes_ventas/01062023_083302_shirt6_[888.99-0].jpg
imagenes_ventas/08102022_004643_shirt6_[4034.77-0].jpg
imagenes_ventas/07202022_024021_trouser1_[2957.15-0].jpg
imagenes_ventas/04212022_082533_sneaker7_[4623.07-0].jpg
imagenes_ventas/01062023_064047_t_shirt0_[4887.21-10].jpg
imagenes_ventas/07222022_055804_trouser1_[4455.57-0].jpg
imagenes_ventas/06202022_061743_ankle_boots9_[1004.09-0].jpg
imagenes_ventas/01232022_225434_sandal5_[3466.04-10].jpg
imagenes_ventas/04172022_193953_pullover2_[1912.15-0].jpg
imagenes_ventas/09052022_130925_sneaker7_[3239.96-22].jpg
imagenes_ventas/01052022_170039_ankle_boots9_[2643.0-0].jpg
imagenes_ventas/02142022_161721_sandal5_[3260.15-0].jpg
imagenes_ventas/11162022_134827_pullover2_[4001.61-0].jpg
imagenes_ventas/04252022_154402_sandal5_[1658.38-10].jpg
imagenes_ventas/04232022_035644_sneaker7_[678.62-10].jpg
imagenes_ventas/11042022_052701_ankle_boots9_[2393.6-22].jpg
imagenes_ventas/01192022_042840_shirt6_[1985.22-10].jpg
imagenes_ventas/03202022_154611_sandal5_[3792.19-22].jpg
imagenes_ventas/08202022_111932_dress3_[4193.82-10].jpg
imagenes_ventas/06252022_185424_dress3_[4506.07-10].jpg
imagenes_ventas/08312022_141228_dress3_[755.94-10].jpg
imagenes_ventas/04062022_234253_pullover2_[879.57-0].jpg
imagenes_ventas/06092022_225501_shirt6_[510.08-22].jpg
imagenes_ventas/01132022_130056_coat4_[1873.36-22].jpg
imagenes_ventas/04232022_065705_coat4_[4792.43-0].jpg
imagenes_ventas/07272022_070220_trouser1_[1154.71-10].jpg
imagenes_ventas/07242022_124033_dress3_[2709.53-0].jpg
imagenes_ventas/08162022_015249_trouser1_[3534.4-0].jpg
imagenes_ventas/02172022_065018_dress3_[744.67-22].jpg
imagenes_ventas/10062022_183707_shirt6_[4288.78-10].jpg
imagenes_ventas/01062022_223446_t_shirt0_[3461.46-22].jpg
imagenes_ventas/01132022_190047_sandal5_[1175.35-22].jpg
imagenes_ventas/11082022_123319_shirt6_[3841.01-10].jpg
imagenes_ventas/07172022_174034_bag8_[2393.73-10].jpg
imagenes_ventas/04262022_110307_sandal5_[4633.76-0].jpg
imagenes_ventas/02282022_140047_sandal5_[4715.03-10].jpg
imagenes_ventas/04212022_005121_dress3_[2849.2-10].jpg
imagenes_ventas/10072022_000850_shirt6_[1990.04-10].jpg
imagenes_ventas/05112022_141723_sneaker7_[2357.0-0].jpg
imagenes_ventas/01072022_224741_pullover2_[3295.5-10].jpg
imagenes_ventas/11132022_102117_t_shirt0_[1984.93-0].jpg
imagenes_ventas/12152022_031437_shirt6_[3726.29-22].jpg
imagenes_ventas/04102022_222810_ankle_boots9_[1994.81-10].jpg
imagenes_ventas/03172022_213733_dress3_[815.04-0].jpg
imagenes_ventas/08152022_145717_t_shirt0_[2719.31-22].jpg
imagenes_ventas/08272022_010410_trouser1_[4761.42-10].jpg
imagenes_ventas/10282022_005444_trouser1_[1400.58-10].jpg
imagenes_ventas/06282022_025138_bag8_[131.88-22].jpg
imagenes_ventas/07282022_113147_pullover2_[1483.05-10].jpg
imagenes_ventas/08042022_054450_t_shirt0_[1475.64-10].jpg
imagenes_ventas/09132022_174448_dress3_[1397.05-10].jpg
imagenes_ventas/04252022_160342_shirt6_[4505.76-22].jpg
imagenes_ventas/09142022_170327_t_shirt0_[3868.17-0].jpg
imagenes_ventas/02142022_062112_ankle_boots9_[239.55-0].jpg
imagenes_ventas/05102022_195003_sandal5_[2966.43-22].jpg
imagenes_ventas/11112022_062503_sandal5_[3032.57-22].jpg
imagenes_ventas/04232022_040541_ankle_boots9_[2720.45-0].jpg
imagenes_ventas/01052022_221553_ankle_boots9_[2816.53-22].jpg
imagenes_ventas/10262022_223104_sneaker7_[138.97-22].jpg
imagenes_ventas/08292022_204501_trouser1_[3813.64-22].jpg
imagenes_ventas/09042022_025440_coat4_[4149.17-10].jpg
imagenes_ventas/04182022_054745_sandal5_[2507.55-0].jpg
imagenes_ventas/03252022_185956_bag8_[4936.11-0].jpg
imagenes_ventas/11232022_035911_sneaker7_[4083.94-22].jpg
imagenes_ventas/07042022_074121_trouser1_[1243.85-10].jpg
imagenes_ventas/09032022_230324_pullover2_[2338.56-22].jpg
imagenes_ventas/12012022_094402_coat4_[2967.7-22].jpg
imagenes_ventas/03312022_104623_shirt6_[4911.97-0].jpg
imagenes_ventas/04032022_052216_pullover2_[2321.78-10].jpg
imagenes_ventas/03272022_201124_pullover2_[3052.4-0].jpg
imagenes_ventas/09072022_065803_bag8_[3611.95-0].jpg
imagenes_ventas/01312022_105601_sneaker7_[4598.36-10].jpg
imagenes_ventas/05162022_192158_ankle_boots9_[2825.78-0].jpg
imagenes_ventas/06162022_042309_sandal5_[1630.52-0].jpg
imagenes_ventas/06112022_013050_ankle_boots9_[2962.31-0].jpg
imagenes_ventas/05032022_054124_t_shirt0_[3803.38-0].jpg
imagenes_ventas/03012022_034150_dress3_[2615.81-0].jpg
imagenes_ventas/02242022_210152_trouser1_[1544.88-22].jpg
imagenes_ventas/09202022_191511_shirt6_[203.99-0].jpg
imagenes_ventas/10212022_094236_sneaker7_[1991.36-22].jpg
imagenes_ventas/03302022_131418_sandal5_[205.4-22].jpg
imagenes_ventas/06252022_142809_trouser1_[2710.02-10].jpg
imagenes_ventas/07012022_044839_sneaker7_[1561.85-10].jpg
imagenes_ventas/06072022_154948_sneaker7_[4227.97-22].jpg
imagenes_ventas/10092022_022337_shirt6_[3247.91-22].jpg
imagenes_ventas/09112022_174807_shirt6_[3940.21-10].jpg
imagenes_ventas/07122022_020518_ankle_boots9_[672.25-10].jpg
imagenes_ventas/09142022_233320_pullover2_[1660.18-0].jpg
imagenes_ventas/06212022_182843_t_shirt0_[88.71-0].jpg
imagenes_ventas/11032022_112947_sneaker7_[4987.7-0].jpg
imagenes_ventas/08082022_163215_ankle_boots9_[3999.74-0].jpg
imagenes_ventas/04032022_020437_bag8_[1637.66-10].jpg
imagenes_ventas/03172022_034429_pullover2_[905.41-22].jpg
imagenes_ventas/12032022_085154_ankle_boots9_[3300.46-22].jpg
imagenes_ventas/07262022_072501_shirt6_[4074.18-22].jpg
imagenes_ventas/08152022_211822_bag8_[4282.95-22].jpg
imagenes_ventas/01142022_213119_sandal5_[2461.81-10].jpg
imagenes_ventas/07012022_224955_pullover2_[1472.52-22].jpg
imagenes_ventas/12152022_190241_bag8_[2360.13-0].jpg
imagenes_ventas/03082022_071407_bag8_[1621.92-0].jpg
imagenes_ventas/10082022_074112_sneaker7_[3778.29-22].jpg
imagenes_ventas/04032022_112942_t_shirt0_[3063.98-10].jpg
imagenes_ventas/01032023_120112_ankle_boots9_[3387.05-22].jpg
imagenes_ventas/02152022_171444_bag8_[3792.28-10].jpg
imagenes_ventas/08172022_134758_dress3_[3703.97-22].jpg
imagenes_ventas/11082022_091237_bag8_[2727.06-10].jpg
imagenes_ventas/03292022_074827_sandal5_[1515.24-10].jpg
imagenes_ventas/11102022_120752_trouser1_[4289.76-22].jpg
imagenes_ventas/07072022_120755_coat4_[3881.36-10].jpg
imagenes_ventas/05132022_221042_sandal5_[2136.8-22].jpg
imagenes_ventas/07202022_020750_sandal5_[3665.08-22].jpg
imagenes_ventas/08092022_035635_sneaker7_[3349.26-22].jpg
imagenes_ventas/10012022_171339_trouser1_[1763.0-22].jpg
imagenes_ventas/09092022_062100_pullover2_[3364.28-22].jpg
imagenes_ventas/08252022_050502_trouser1_[3611.47-10].jpg
imagenes_ventas/09142022_021507_sneaker7_[4324.51-0].jpg
imagenes_ventas/04292022_035505_sandal5_[803.93-22].jpg
imagenes_ventas/01052022_150033_sandal5_[3453.07-0].jpg
imagenes_ventas/05102022_080151_ankle_boots9_[4241.57-10].jpg
imagenes_ventas/01132022_153804_trouser1_[1079.33-0].jpg
imagenes_ventas/03102022_060639_dress3_[2487.93-0].jpg
imagenes_ventas/07222022_144639_pullover2_[912.6-10].jpg
imagenes_ventas/01172022_024502_dress3_[4144.18-10].jpg
imagenes_ventas/09272022_022125_ankle_boots9_[4107.77-0].jpg
imagenes_ventas/04302022_113924_shirt6_[1202.25-10].jpg
imagenes_ventas/01192022_170952_t_shirt0_[524.47-10].jpg
imagenes_ventas/06192022_204430_shirt6_[1255.55-0].jpg
imagenes_ventas/05192022_115552_dress3_[4288.41-0].jpg
imagenes_ventas/08012022_150826_ankle_boots9_[3836.67-0].jpg
imagenes_ventas/07292022_064854_t_shirt0_[3363.1-0].jpg
imagenes_ventas/11162022_073053_pullover2_[3923.41-0].jpg
imagenes_ventas/12072022_055854_trouser1_[4601.53-10].jpg
imagenes_ventas/06132022_032137_shirt6_[874.22-10].jpg
imagenes_ventas/09032022_192923_t_shirt0_[4861.57-10].jpg
imagenes_ventas/10112022_070313_dress3_[4360.94-10].jpg
imagenes_ventas/06242022_205336_shirt6_[3262.86-0].jpg
imagenes_ventas/02072022_040532_sandal5_[2906.94-22].jpg
imagenes_ventas/09012022_022909_t_shirt0_[4673.7-0].jpg
imagenes_ventas/09282022_172830_dress3_[2153.71-10].jpg
imagenes_ventas/05112022_122923_sneaker7_[2891.04-0].jpg
imagenes_ventas/09172022_212707_coat4_[4001.43-0].jpg
imagenes_ventas/11042022_043010_ankle_boots9_[407.79-10].jpg
imagenes_ventas/02192022_143048_coat4_[3179.35-0].jpg
imagenes_ventas/09152022_074649_coat4_[808.16-22].jpg
imagenes_ventas/04122022_072243_shirt6_[2096.25-10].jpg
imagenes_ventas/04082022_103233_pullover2_[4809.23-10].jpg
imagenes_ventas/02102022_161358_bag8_[2241.78-0].jpg
imagenes_ventas/10012022_081719_dress3_[3919.8-10].jpg
imagenes_ventas/01022023_062617_shirt6_[2853.51-0].jpg
imagenes_ventas/11092022_121138_dress3_[998.02-22].jpg
imagenes_ventas/07052022_234838_t_shirt0_[1062.97-22].jpg
imagenes_ventas/05162022_134445_coat4_[2907.43-22].jpg
imagenes_ventas/12062022_125409_sneaker7_[254.31-10].jpg
imagenes_ventas/05032022_203822_coat4_[4150.39-22].jpg
imagenes_ventas/11292022_035753_ankle_boots9_[1632.46-22].jpg
imagenes_ventas/05312022_122836_pullover2_[124.28-22].jpg
imagenes_ventas/01082023_024735_t_shirt0_[364.29-10].jpg
imagenes_ventas/10152022_111112_t_shirt0_[4876.81-10].jpg
imagenes_ventas/08092022_095133_dress3_[1187.05-0].jpg
imagenes_ventas/06182022_183525_dress3_[3666.86-0].jpg
imagenes_ventas/05112022_141310_ankle_boots9_[4351.77-10].jpg
imagenes_ventas/08112022_150807_coat4_[552.89-22].jpg
imagenes_ventas/04252022_123936_sneaker7_[3714.49-0].jpg
imagenes_ventas/07292022_051002_sandal5_[94.06-10].jpg
imagenes_ventas/02092022_073337_sandal5_[1836.01-22].jpg
imagenes_ventas/06222022_204730_sandal5_[4770.98-22].jpg
imagenes_ventas/07272022_124850_sandal5_[2602.05-0].jpg
imagenes_ventas/01112022_175401_t_shirt0_[3713.9-22].jpg
imagenes_ventas/01142022_154846_coat4_[721.11-10].jpg
imagenes_ventas/10092022_061109_pullover2_[1696.96-22].jpg
imagenes_ventas/07042022_055707_t_shirt0_[3389.79-22].jpg
imagenes_ventas/02212022_084854_ankle_boots9_[453.73-10].jpg
imagenes_ventas/01252022_102350_t_shirt0_[3947.64-0].jpg
imagenes_ventas/05262022_101902_shirt6_[3499.67-0].jpg
imagenes_ventas/01112023_103045_shirt6_[1331.5-22].jpg
imagenes_ventas/04222022_082927_sandal5_[2678.51-0].jpg
imagenes_ventas/01032023_115917_trouser1_[1159.9-22].jpg
imagenes_ventas/12032022_161352_sneaker7_[4428.08-22].jpg
imagenes_ventas/10022022_171816_t_shirt0_[3746.23-10].jpg
imagenes_ventas/01292022_043246_pullover2_[2169.67-22].jpg
imagenes_ventas/08272022_005216_t_shirt0_[3876.11-22].jpg
imagenes_ventas/11062022_141618_shirt6_[4461.02-10].jpg
imagenes_ventas/01282022_173027_coat4_[807.72-10].jpg
imagenes_ventas/05132022_065614_pullover2_[997.15-22].jpg
imagenes_ventas/05282022_021409_pullover2_[1488.33-0].jpg
imagenes_ventas/01192022_001352_coat4_[4561.17-10].jpg
imagenes_ventas/11292022_144118_trouser1_[3159.7-10].jpg
imagenes_ventas/01082022_045707_bag8_[4091.73-0].jpg
imagenes_ventas/01212022_214436_bag8_[2677.85-0].jpg
imagenes_ventas/08102022_204420_pullover2_[2576.88-0].jpg
imagenes_ventas/04112022_171421_trouser1_[3528.08-22].jpg
imagenes_ventas/06132022_234512_coat4_[2665.26-22].jpg
imagenes_ventas/10062022_054356_sandal5_[762.17-0].jpg
imagenes_ventas/09142022_082213_t_shirt0_[537.0-0].jpg
imagenes_ventas/02032022_212412_pullover2_[1358.71-22].jpg
imagenes_ventas/03222022_160955_coat4_[1157.85-0].jpg
imagenes_ventas/07122022_231701_ankle_boots9_[78.9-10].jpg
imagenes_ventas/11182022_225747_trouser1_[4131.49-10].jpg
imagenes_ventas/09172022_035147_sneaker7_[609.82-10].jpg
imagenes_ventas/01282022_144121_sandal5_[2344.54-0].jpg
imagenes_ventas/01052022_044950_pullover2_[242.81-22].jpg
imagenes_ventas/07202022_001322_pullover2_[1460.29-0].jpg
imagenes_ventas/10182022_213222_t_shirt0_[202.17-22].jpg
imagenes_ventas/03292022_010134_sandal5_[4258.79-10].jpg
imagenes_ventas/07302022_204351_bag8_[3578.53-10].jpg
imagenes_ventas/02082022_052825_dress3_[1534.22-0].jpg
imagenes_ventas/01272022_021117_shirt6_[1737.17-22].jpg
imagenes_ventas/08112022_002606_pullover2_[1123.37-0].jpg
imagenes_ventas/12312022_000525_bag8_[3463.09-22].jpg
imagenes_ventas/11272022_221910_sandal5_[3167.21-10].jpg
imagenes_ventas/07122022_033820_coat4_[1714.37-22].jpg
imagenes_ventas/07272022_034205_coat4_[1521.04-10].jpg
imagenes_ventas/08262022_114420_sandal5_[1687.0-10].jpg
imagenes_ventas/04272022_084617_bag8_[2743.8-0].jpg
imagenes_ventas/07292022_131142_ankle_boots9_[1153.68-0].jpg
imagenes_ventas/12072022_084000_coat4_[1488.69-0].jpg
imagenes_ventas/01042022_073222_bag8_[899.58-0].jpg
imagenes_ventas/04292022_030256_shirt6_[4373.14-10].jpg
imagenes_ventas/11192022_230418_trouser1_[1962.36-0].jpg
imagenes_ventas/07292022_095017_t_shirt0_[3865.26-22].jpg
imagenes_ventas/03292022_130639_t_shirt0_[181.12-0].jpg
imagenes_ventas/07182022_030215_shirt6_[2574.15-10].jpg
imagenes_ventas/06062022_211044_bag8_[4788.69-0].jpg
imagenes_ventas/07202022_155706_sneaker7_[2141.6-0].jpg
imagenes_ventas/04222022_230610_ankle_boots9_[3956.59-0].jpg
imagenes_ventas/01192022_185203_trouser1_[3746.48-10].jpg
imagenes_ventas/05032022_234630_t_shirt0_[791.67-10].jpg
imagenes_ventas/10072022_064629_t_shirt0_[3796.5-22].jpg
imagenes_ventas/05212022_034518_sneaker7_[1378.89-10].jpg
imagenes_ventas/10012022_004816_coat4_[3992.3-10].jpg
imagenes_ventas/03302022_155036_trouser1_[1675.95-22].jpg
imagenes_ventas/03082022_094606_t_shirt0_[3499.34-0].jpg
imagenes_ventas/02212022_082954_t_shirt0_[1379.42-0].jpg
imagenes_ventas/04052022_212808_coat4_[1183.78-0].jpg
imagenes_ventas/03242022_000351_dress3_[4881.43-22].jpg
imagenes_ventas/12142022_024156_coat4_[3913.45-0].jpg
imagenes_ventas/06012022_013435_dress3_[1282.84-10].jpg
imagenes_ventas/09052022_070706_sandal5_[2379.38-0].jpg
imagenes_ventas/05312022_114438_ankle_boots9_[4928.71-10].jpg
imagenes_ventas/12182022_102823_dress3_[2911.2-22].jpg
imagenes_ventas/01092022_063547_shirt6_[2555.41-10].jpg
imagenes_ventas/10102022_152325_sandal5_[373.15-22].jpg
imagenes_ventas/12132022_130902_dress3_[596.8-10].jpg
imagenes_ventas/05222022_163201_sneaker7_[1859.64-22].jpg
imagenes_ventas/08262022_165551_ankle_boots9_[3881.53-22].jpg
imagenes_ventas/06302022_063412_t_shirt0_[1972.46-22].jpg
imagenes_ventas/04172022_080510_trouser1_[898.73-0].jpg
imagenes_ventas/04292022_190019_ankle_boots9_[914.35-0].jpg
imagenes_ventas/04092022_092313_ankle_boots9_[4662.95-10].jpg
imagenes_ventas/08312022_200055_ankle_boots9_[4949.56-10].jpg
imagenes_ventas/09212022_142633_sandal5_[3619.0-0].jpg
imagenes_ventas/01042022_030156_sneaker7_[4297.93-10].jpg
imagenes_ventas/07282022_020035_sandal5_[954.02-10].jpg
imagenes_ventas/01152022_033421_trouser1_[327.54-10].jpg
imagenes_ventas/09262022_164425_dress3_[2900.9-10].jpg
imagenes_ventas/08062022_142444_sandal5_[894.17-10].jpg
imagenes_ventas/11162022_084127_bag8_[3059.82-22].jpg
imagenes_ventas/08182022_082814_dress3_[2036.5-10].jpg
imagenes_ventas/09282022_073542_pullover2_[1314.41-22].jpg
imagenes_ventas/11232022_173057_shirt6_[1151.36-10].jpg
imagenes_ventas/12232022_194102_sneaker7_[2069.37-10].jpg
imagenes_ventas/01012023_000736_bag8_[1971.72-22].jpg
imagenes_ventas/09292022_014542_trouser1_[4549.14-22].jpg
imagenes_ventas/06092022_150052_pullover2_[1396.76-22].jpg
imagenes_ventas/09202022_132215_pullover2_[4838.7-10].jpg
imagenes_ventas/02152022_072254_trouser1_[3182.29-0].jpg
imagenes_ventas/03042022_004114_bag8_[3937.83-22].jpg
imagenes_ventas/03042022_043737_t_shirt0_[4250.68-22].jpg
imagenes_ventas/01102023_114842_trouser1_[3169.12-10].jpg
imagenes_ventas/05202022_034523_dress3_[2900.88-22].jpg
imagenes_ventas/09032022_125530_dress3_[3334.75-0].jpg
imagenes_ventas/07012022_160053_trouser1_[4514.87-0].jpg
imagenes_ventas/04252022_170806_ankle_boots9_[480.06-10].jpg
imagenes_ventas/12032022_225103_dress3_[1773.16-0].jpg
imagenes_ventas/08082022_093058_sneaker7_[2394.61-22].jpg
imagenes_ventas/10272022_204903_sneaker7_[4052.36-22].jpg
imagenes_ventas/04082022_214753_ankle_boots9_[4471.34-22].jpg
imagenes_ventas/04092022_134914_sneaker7_[1463.66-10].jpg
imagenes_ventas/10202022_204756_trouser1_[4387.36-22].jpg
imagenes_ventas/01172022_230319_trouser1_[1777.39-10].jpg
imagenes_ventas/12122022_050350_t_shirt0_[2117.38-0].jpg
imagenes_ventas/05282022_234355_trouser1_[648.85-22].jpg
imagenes_ventas/10052022_203806_ankle_boots9_[4691.22-10].jpg
imagenes_ventas/05262022_051645_bag8_[2900.79-22].jpg
imagenes_ventas/11222022_162107_sandal5_[4782.6-22].jpg
imagenes_ventas/05042022_132918_dress3_[3173.29-10].jpg
imagenes_ventas/08172022_105256_sneaker7_[2425.19-10].jpg
imagenes_ventas/09202022_124643_sneaker7_[215.13-0].jpg
imagenes_ventas/08022022_052400_trouser1_[2774.41-22].jpg
imagenes_ventas/01072022_010159_dress3_[1101.56-22].jpg
imagenes_ventas/03272022_131528_dress3_[2177.99-0].jpg
imagenes_ventas/10152022_224136_coat4_[2458.24-10].jpg
imagenes_ventas/02022022_013552_sneaker7_[4713.53-0].jpg
imagenes_ventas/12032022_055023_sandal5_[27.27-10].jpg
imagenes_ventas/01312022_000025_coat4_[4521.57-10].jpg
imagenes_ventas/03242022_072010_shirt6_[3302.62-10].jpg
imagenes_ventas/01152022_221854_trouser1_[3821.16-22].jpg
imagenes_ventas/11102022_221905_pullover2_[3876.27-22].jpg
imagenes_ventas/04092022_192437_ankle_boots9_[4006.83-0].jpg
imagenes_ventas/08312022_102642_pullover2_[4120.08-0].jpg
imagenes_ventas/08272022_140120_coat4_[1228.41-10].jpg
imagenes_ventas/02192022_195309_sandal5_[1511.99-10].jpg
imagenes_ventas/07082022_022929_pullover2_[4719.43-10].jpg
imagenes_ventas/03272022_022201_t_shirt0_[3071.53-10].jpg
imagenes_ventas/03302022_100733_bag8_[1540.59-10].jpg
imagenes_ventas/04062022_194005_sandal5_[708.54-0].jpg
imagenes_ventas/08122022_143346_bag8_[887.18-0].jpg
imagenes_ventas/12242022_071826_pullover2_[1361.37-0].jpg
imagenes_ventas/10172022_071235_ankle_boots9_[4664.23-0].jpg
imagenes_ventas/03082022_004724_bag8_[3268.79-0].jpg
imagenes_ventas/01072022_154114_sandal5_[3064.9-22].jpg
imagenes_ventas/09282022_175158_sneaker7_[4117.68-0].jpg
imagenes_ventas/12052022_082735_t_shirt0_[3304.68-0].jpg
imagenes_ventas/12052022_145812_coat4_[2849.93-22].jpg
imagenes_ventas/10282022_094815_shirt6_[3499.71-10].jpg
imagenes_ventas/01172022_104501_t_shirt0_[3924.26-10].jpg
imagenes_ventas/07042022_232724_pullover2_[4664.65-22].jpg
imagenes_ventas/01212022_185959_pullover2_[1406.78-10].jpg
imagenes_ventas/12152022_031818_t_shirt0_[919.09-10].jpg
imagenes_ventas/02012022_140619_shirt6_[2602.0-22].jpg
imagenes_ventas/03032022_162116_sandal5_[1369.99-22].jpg
imagenes_ventas/11112022_164359_sandal5_[2862.59-10].jpg
imagenes_ventas/02262022_131335_shirt6_[4267.5-10].jpg
imagenes_ventas/12162022_173755_sneaker7_[4807.6-0].jpg
imagenes_ventas/12142022_062213_ankle_boots9_[613.49-22].jpg
imagenes_ventas/03302022_213729_ankle_boots9_[3427.38-10].jpg
imagenes_ventas/10022022_194941_trouser1_[1826.21-22].jpg
imagenes_ventas/01142022_080213_t_shirt0_[990.64-22].jpg
imagenes_ventas/06072022_094919_coat4_[2238.12-10].jpg
imagenes_ventas/09272022_164151_ankle_boots9_[3889.01-0].jpg
imagenes_ventas/12122022_062433_sandal5_[2406.11-22].jpg
imagenes_ventas/01222022_130351_trouser1_[3659.34-22].jpg
imagenes_ventas/12042022_222132_bag8_[3858.5-22].jpg
imagenes_ventas/07242022_180252_pullover2_[1540.14-22].jpg
imagenes_ventas/07082022_102031_sandal5_[1675.12-10].jpg
imagenes_ventas/07162022_045840_shirt6_[1212.34-10].jpg
imagenes_ventas/02272022_215840_sneaker7_[2850.16-0].jpg
imagenes_ventas/04082022_232739_coat4_[1960.03-22].jpg
imagenes_ventas/04142022_161129_sandal5_[4945.76-22].jpg
imagenes_ventas/06062022_094120_coat4_[2681.33-10].jpg
imagenes_ventas/02082022_232055_sandal5_[4901.69-10].jpg
imagenes_ventas/05312022_070332_pullover2_[430.87-10].jpg
imagenes_ventas/02032022_201028_sneaker7_[476.34-10].jpg
imagenes_ventas/06082022_201240_bag8_[1143.54-0].jpg
imagenes_ventas/12152022_071940_ankle_boots9_[679.96-10].jpg
imagenes_ventas/07092022_052023_coat4_[3508.83-10].jpg
imagenes_ventas/10292022_143813_ankle_boots9_[276.14-22].jpg
imagenes_ventas/01012022_125403_pullover2_[4576.56-0].jpg
imagenes_ventas/07242022_061133_pullover2_[1306.44-22].jpg
imagenes_ventas/01152022_164930_bag8_[2739.01-10].jpg
imagenes_ventas/03052022_061700_bag8_[504.46-10].jpg
imagenes_ventas/03152022_100653_bag8_[4666.66-10].jpg
imagenes_ventas/02102022_174002_trouser1_[620.48-10].jpg
imagenes_ventas/03272022_071215_bag8_[1908.74-10].jpg
imagenes_ventas/11092022_095102_sneaker7_[4499.73-10].jpg
imagenes_ventas/06132022_025638_ankle_boots9_[2423.27-22].jpg
imagenes_ventas/09252022_082911_pullover2_[1163.92-22].jpg
imagenes_ventas/07032022_131709_sandal5_[4748.68-0].jpg
imagenes_ventas/05312022_042310_coat4_[4472.39-0].jpg
imagenes_ventas/05112022_070404_bag8_[54.13-10].jpg
imagenes_ventas/11112022_105849_bag8_[4285.68-10].jpg
imagenes_ventas/04072022_135318_bag8_[4400.79-10].jpg
imagenes_ventas/04022022_073802_pullover2_[169.5-0].jpg
imagenes_ventas/12222022_220652_coat4_[4993.32-0].jpg
imagenes_ventas/02162022_111744_coat4_[3798.09-22].jpg
imagenes_ventas/12232022_134654_pullover2_[2339.18-10].jpg
imagenes_ventas/01082022_221818_coat4_[1112.33-10].jpg
imagenes_ventas/11242022_004114_bag8_[1275.77-0].jpg
imagenes_ventas/01232022_080356_sneaker7_[3036.96-10].jpg
imagenes_ventas/02062022_103453_coat4_[246.97-22].jpg
imagenes_ventas/02052022_121523_t_shirt0_[818.23-22].jpg
imagenes_ventas/04082022_212532_t_shirt0_[1540.35-22].jpg
imagenes_ventas/07222022_210929_dress3_[3350.01-10].jpg
imagenes_ventas/09062022_144834_trouser1_[2984.5-10].jpg
imagenes_ventas/10262022_032117_dress3_[2974.16-10].jpg
imagenes_ventas/01072023_071411_ankle_boots9_[3632.02-10].jpg
imagenes_ventas/09152022_044927_sneaker7_[4559.67-0].jpg
imagenes_ventas/06152022_123303_dress3_[556.73-10].jpg
imagenes_ventas/08042022_134715_t_shirt0_[3641.23-0].jpg
imagenes_ventas/10262022_022319_bag8_[1525.22-0].jpg
imagenes_ventas/09102022_010713_t_shirt0_[1657.75-0].jpg
imagenes_ventas/11232022_190743_sandal5_[2674.53-22].jpg
imagenes_ventas/07202022_124439_ankle_boots9_[1553.84-10].jpg
imagenes_ventas/02042022_034854_sandal5_[4983.81-10].jpg
imagenes_ventas/04202022_114654_pullover2_[2867.44-0].jpg
imagenes_ventas/08282022_233434_trouser1_[2192.63-0].jpg
imagenes_ventas/06302022_071202_pullover2_[3991.34-10].jpg
imagenes_ventas/10142022_221943_trouser1_[558.85-0].jpg
imagenes_ventas/03202022_013029_shirt6_[625.91-10].jpg
imagenes_ventas/05082022_011603_sandal5_[1227.18-22].jpg
imagenes_ventas/08252022_094628_ankle_boots9_[2372.64-10].jpg
imagenes_ventas/11112022_211945_shirt6_[2417.5-0].jpg
imagenes_ventas/08142022_060135_sneaker7_[4180.37-0].jpg
imagenes_ventas/03232022_034035_coat4_[4304.63-22].jpg
imagenes_ventas/01012022_110105_coat4_[4106.13-0].jpg
imagenes_ventas/12142022_023746_sneaker7_[1585.95-22].jpg
imagenes_ventas/09012022_052542_sandal5_[1966.5-22].jpg
imagenes_ventas/02282022_195558_sneaker7_[4783.77-0].jpg
imagenes_ventas/09162022_222420_shirt6_[901.05-0].jpg
imagenes_ventas/08242022_092913_ankle_boots9_[259.59-22].jpg
imagenes_ventas/01212022_142904_coat4_[522.4-10].jpg
imagenes_ventas/08172022_035102_shirt6_[2798.46-22].jpg
imagenes_ventas/05232022_195941_dress3_[4340.74-0].jpg
imagenes_ventas/12062022_031545_ankle_boots9_[1064.25-22].jpg
imagenes_ventas/05282022_013602_sandal5_[4262.03-0].jpg
imagenes_ventas/01022023_042928_sandal5_[551.06-10].jpg
imagenes_ventas/04122022_004223_shirt6_[4793.15-22].jpg
imagenes_ventas/08052022_153308_sneaker7_[3206.44-22].jpg
imagenes_ventas/01092022_182322_shirt6_[3999.24-10].jpg
imagenes_ventas/05212022_175436_trouser1_[1791.14-0].jpg
imagenes_ventas/06222022_115612_dress3_[747.11-0].jpg
imagenes_ventas/05032022_185030_trouser1_[4500.39-0].jpg
imagenes_ventas/04012022_062755_trouser1_[4756.41-22].jpg
imagenes_ventas/12052022_071258_ankle_boots9_[1381.18-10].jpg
imagenes_ventas/09022022_123251_shirt6_[394.79-22].jpg
imagenes_ventas/01102023_094845_sneaker7_[2000.01-10].jpg
imagenes_ventas/01072022_062145_trouser1_[1614.51-10].jpg
imagenes_ventas/05272022_114718_sandal5_[2310.99-22].jpg
imagenes_ventas/03112022_192735_bag8_[1574.04-0].jpg
imagenes_ventas/04242022_164403_dress3_[4790.64-10].jpg
imagenes_ventas/12172022_002810_sneaker7_[324.97-22].jpg
imagenes_ventas/08162022_115056_t_shirt0_[2238.7-10].jpg
imagenes_ventas/05072022_160025_t_shirt0_[3603.04-10].jpg
imagenes_ventas/04062022_095201_sneaker7_[1304.42-10].jpg
imagenes_ventas/07022022_221653_t_shirt0_[1340.08-0].jpg
imagenes_ventas/07282022_032707_trouser1_[767.43-0].jpg
imagenes_ventas/06162022_134645_t_shirt0_[850.74-10].jpg
imagenes_ventas/08062022_034946_ankle_boots9_[493.38-10].jpg
imagenes_ventas/04242022_081829_ankle_boots9_[1313.83-22].jpg
imagenes_ventas/09062022_140245_ankle_boots9_[4278.84-0].jpg
imagenes_ventas/09172022_221450_ankle_boots9_[1955.43-0].jpg
imagenes_ventas/05092022_093850_pullover2_[2589.9-0].jpg
imagenes_ventas/06292022_232309_sandal5_[3611.77-0].jpg
imagenes_ventas/01062023_182112_pullover2_[4668.83-10].jpg
imagenes_ventas/12182022_212926_shirt6_[853.69-0].jpg
imagenes_ventas/07062022_071235_dress3_[2691.53-0].jpg
imagenes_ventas/01252022_025348_coat4_[4967.56-22].jpg
imagenes_ventas/08092022_211400_t_shirt0_[2275.73-0].jpg
imagenes_ventas/08252022_080134_sneaker7_[476.51-22].jpg
imagenes_ventas/03242022_102208_pullover2_[1055.67-0].jpg
imagenes_ventas/01032023_140441_dress3_[493.61-22].jpg
imagenes_ventas/03022022_125626_t_shirt0_[2758.71-22].jpg
imagenes_ventas/11222022_000242_sandal5_[2981.8-22].jpg
imagenes_ventas/06172022_210226_sandal5_[1539.27-0].jpg
imagenes_ventas/12312022_061620_ankle_boots9_[806.6-22].jpg
imagenes_ventas/12282022_110803_sandal5_[1640.33-22].jpg
imagenes_ventas/08172022_064154_pullover2_[3199.25-10].jpg
imagenes_ventas/05292022_023406_bag8_[4037.82-0].jpg
imagenes_ventas/03172022_185815_sneaker7_[751.59-0].jpg
imagenes_ventas/10312022_082024_coat4_[1813.58-22].jpg
imagenes_ventas/09292022_062434_ankle_boots9_[1982.9-0].jpg
imagenes_ventas/07302022_210126_ankle_boots9_[4739.8-0].jpg
imagenes_ventas/09262022_074842_pullover2_[381.17-22].jpg
imagenes_ventas/02052022_024240_pullover2_[440.2-22].jpg
imagenes_ventas/08312022_052229_trouser1_[1321.2-22].jpg
imagenes_ventas/04272022_121435_pullover2_[476.87-22].jpg
imagenes_ventas/11282022_104221_ankle_boots9_[2882.52-10].jpg
imagenes_ventas/01312022_040010_pullover2_[976.4-0].jpg
imagenes_ventas/09082022_221427_sandal5_[3343.48-10].jpg
imagenes_ventas/01062023_035448_bag8_[4704.21-0].jpg
imagenes_ventas/02192022_092556_coat4_[2937.79-22].jpg
imagenes_ventas/01062023_052454_sandal5_[4884.33-10].jpg
imagenes_ventas/06022022_102128_trouser1_[169.13-0].jpg
imagenes_ventas/12072022_050525_sneaker7_[3657.02-0].jpg
imagenes_ventas/01272022_012041_pullover2_[3311.75-22].jpg
imagenes_ventas/11212022_134648_shirt6_[4885.81-22].jpg
imagenes_ventas/09092022_031248_sneaker7_[4105.7-0].jpg
imagenes_ventas/11182022_014709_ankle_boots9_[4454.64-22].jpg
imagenes_ventas/01292022_052138_shirt6_[3163.14-0].jpg
imagenes_ventas/03132022_212422_t_shirt0_[3542.82-0].jpg
imagenes_ventas/09152022_081801_sneaker7_[2415.45-10].jpg
imagenes_ventas/10042022_133444_pullover2_[1335.99-10].jpg
imagenes_ventas/07262022_142356_bag8_[2139.14-22].jpg
imagenes_ventas/01232022_130235_bag8_[4400.61-22].jpg
imagenes_ventas/07232022_144225_shirt6_[2805.56-22].jpg
imagenes_ventas/10142022_043530_sandal5_[1428.2-22].jpg
imagenes_ventas/09122022_070600_sneaker7_[2047.92-10].jpg
imagenes_ventas/05272022_170624_sneaker7_[4816.42-0].jpg
imagenes_ventas/05242022_043056_sneaker7_[4853.11-10].jpg
imagenes_ventas/01072022_164300_shirt6_[3851.06-10].jpg
imagenes_ventas/07112022_063721_trouser1_[4329.03-0].jpg
imagenes_ventas/08072022_015731_sandal5_[3996.12-22].jpg
imagenes_ventas/11152022_124150_ankle_boots9_[3971.06-10].jpg
imagenes_ventas/04252022_084800_t_shirt0_[2694.7-10].jpg
imagenes_ventas/05102022_222446_dress3_[2659.93-0].jpg
imagenes_ventas/07052022_122154_sneaker7_[4425.88-10].jpg
imagenes_ventas/04132022_094246_sneaker7_[2871.56-10].jpg
imagenes_ventas/06092022_102154_sandal5_[1318.39-0].jpg
imagenes_ventas/08262022_110107_coat4_[1474.68-0].jpg
imagenes_ventas/07232022_211713_t_shirt0_[3626.32-0].jpg
imagenes_ventas/01042022_210405_bag8_[2391.0-10].jpg
imagenes_ventas/01012022_134601_coat4_[2557.25-0].jpg
imagenes_ventas/02152022_204657_bag8_[3136.68-10].jpg
imagenes_ventas/09052022_171429_t_shirt0_[1172.16-10].jpg
imagenes_ventas/12012022_003910_shirt6_[2164.16-0].jpg
imagenes_ventas/12132022_040209_bag8_[3735.88-0].jpg
imagenes_ventas/01112023_161144_coat4_[376.2-22].jpg
imagenes_ventas/02152022_070932_ankle_boots9_[4037.82-0].jpg
imagenes_ventas/09222022_151551_sandal5_[913.28-10].jpg
imagenes_ventas/03312022_035507_sandal5_[2882.59-0].jpg
imagenes_ventas/06092022_082139_pullover2_[3910.16-22].jpg
imagenes_ventas/01242022_062642_coat4_[4577.89-0].jpg
imagenes_ventas/08102022_145139_pullover2_[3517.36-10].jpg
imagenes_ventas/01012023_215042_shirt6_[878.63-0].jpg
imagenes_ventas/07102022_150312_coat4_[4762.61-22].jpg
imagenes_ventas/12112022_232524_shirt6_[929.74-0].jpg
imagenes_ventas/08122022_114537_bag8_[3975.09-10].jpg
imagenes_ventas/08082022_154205_trouser1_[3704.33-0].jpg
imagenes_ventas/09142022_223812_coat4_[3444.88-10].jpg
imagenes_ventas/07192022_173205_bag8_[2072.15-0].jpg
imagenes_ventas/10132022_074927_t_shirt0_[4058.27-10].jpg
imagenes_ventas/10022022_120947_pullover2_[3783.06-10].jpg
imagenes_ventas/01092023_151344_coat4_[2375.1-22].jpg
imagenes_ventas/03252022_003116_sneaker7_[892.06-10].jpg
imagenes_ventas/01262022_100529_bag8_[4411.68-10].jpg
imagenes_ventas/12112022_134423_coat4_[3418.42-22].jpg
imagenes_ventas/03232022_060843_dress3_[4343.45-10].jpg
imagenes_ventas/12312022_142626_bag8_[4973.42-0].jpg
